mode: set
github.com/scttfrdmn/cloudworkstation/pkg/aws/manager.go:50.59,52.19 2 0
github.com/scttfrdmn/cloudworkstation/pkg/aws/manager.go:52.19,54.3 1 0
github.com/scttfrdmn/cloudworkstation/pkg/aws/manager.go:57.2,60.23 2 0
github.com/scttfrdmn/cloudworkstation/pkg/aws/manager.go:60.23,62.3 1 0
github.com/scttfrdmn/cloudworkstation/pkg/aws/manager.go:65.2,65.22 1 0
github.com/scttfrdmn/cloudworkstation/pkg/aws/manager.go:65.22,67.3 1 0
github.com/scttfrdmn/cloudworkstation/pkg/aws/manager.go:69.2,70.16 2 0
github.com/scttfrdmn/cloudworkstation/pkg/aws/manager.go:70.16,72.3 1 0
github.com/scttfrdmn/cloudworkstation/pkg/aws/manager.go:75.2,76.16 2 0
github.com/scttfrdmn/cloudworkstation/pkg/aws/manager.go:76.16,78.3 1 0
github.com/scttfrdmn/cloudworkstation/pkg/aws/manager.go:81.2,88.18 6 0
github.com/scttfrdmn/cloudworkstation/pkg/aws/manager.go:88.18,90.3 1 0
github.com/scttfrdmn/cloudworkstation/pkg/aws/manager.go:92.2,106.21 2 0
github.com/scttfrdmn/cloudworkstation/pkg/aws/manager.go:110.45,112.2 1 1
github.com/scttfrdmn/cloudworkstation/pkg/aws/manager.go:115.61,117.2 1 1
github.com/scttfrdmn/cloudworkstation/pkg/aws/manager.go:120.70,122.13 2 1
github.com/scttfrdmn/cloudworkstation/pkg/aws/manager.go:122.13,124.3 1 1
github.com/scttfrdmn/cloudworkstation/pkg/aws/manager.go:125.2,125.23 1 1
github.com/scttfrdmn/cloudworkstation/pkg/aws/manager.go:129.86,135.2 2 1
github.com/scttfrdmn/cloudworkstation/pkg/aws/manager.go:138.116,142.26 2 1
github.com/scttfrdmn/cloudworkstation/pkg/aws/manager.go:142.26,144.3 1 1
github.com/scttfrdmn/cloudworkstation/pkg/aws/manager.go:146.2,147.16 2 1
github.com/scttfrdmn/cloudworkstation/pkg/aws/manager.go:147.16,149.3 1 1
github.com/scttfrdmn/cloudworkstation/pkg/aws/manager.go:152.2,153.13 2 0
github.com/scttfrdmn/cloudworkstation/pkg/aws/manager.go:153.13,155.3 1 0
github.com/scttfrdmn/cloudworkstation/pkg/aws/manager.go:157.2,158.13 2 0
github.com/scttfrdmn/cloudworkstation/pkg/aws/manager.go:158.13,160.3 1 0
github.com/scttfrdmn/cloudworkstation/pkg/aws/manager.go:163.2,172.26 4 0
github.com/scttfrdmn/cloudworkstation/pkg/aws/manager.go:172.26,173.42 1 0
github.com/scttfrdmn/cloudworkstation/pkg/aws/manager.go:173.42,175.4 1 0
github.com/scttfrdmn/cloudworkstation/pkg/aws/manager.go:179.2,185.21 3 0
github.com/scttfrdmn/cloudworkstation/pkg/aws/manager.go:185.21,188.3 1 0
github.com/scttfrdmn/cloudworkstation/pkg/aws/manager.go:188.8,191.17 2 0
github.com/scttfrdmn/cloudworkstation/pkg/aws/manager.go:191.17,193.4 1 0
github.com/scttfrdmn/cloudworkstation/pkg/aws/manager.go:194.3,194.24 1 0
github.com/scttfrdmn/cloudworkstation/pkg/aws/manager.go:197.2,197.24 1 0
github.com/scttfrdmn/cloudworkstation/pkg/aws/manager.go:197.24,200.3 1 0
github.com/scttfrdmn/cloudworkstation/pkg/aws/manager.go:200.8,203.17 2 0
github.com/scttfrdmn/cloudworkstation/pkg/aws/manager.go:203.17,205.4 1 0
github.com/scttfrdmn/cloudworkstation/pkg/aws/manager.go:206.3,206.30 1 0
github.com/scttfrdmn/cloudworkstation/pkg/aws/manager.go:210.2,211.16 2 0
github.com/scttfrdmn/cloudworkstation/pkg/aws/manager.go:211.16,213.3 1 0
github.com/scttfrdmn/cloudworkstation/pkg/aws/manager.go:214.2,245.26 5 0
github.com/scttfrdmn/cloudworkstation/pkg/aws/manager.go:245.26,247.3 1 0
github.com/scttfrdmn/cloudworkstation/pkg/aws/manager.go:250.2,250.33 1 0
github.com/scttfrdmn/cloudworkstation/pkg/aws/manager.go:250.33,252.3 1 0
github.com/scttfrdmn/cloudworkstation/pkg/aws/manager.go:255.2,255.21 1 0
github.com/scttfrdmn/cloudworkstation/pkg/aws/manager.go:255.21,257.43 1 0
github.com/scttfrdmn/cloudworkstation/pkg/aws/manager.go:257.43,259.4 1 0
github.com/scttfrdmn/cloudworkstation/pkg/aws/manager.go:261.3,268.105 3 0
github.com/scttfrdmn/cloudworkstation/pkg/aws/manager.go:268.105,270.4 1 0
github.com/scttfrdmn/cloudworkstation/pkg/aws/manager.go:272.3,282.4 1 0
github.com/scttfrdmn/cloudworkstation/pkg/aws/manager.go:286.2,286.14 1 0
github.com/scttfrdmn/cloudworkstation/pkg/aws/manager.go:286.14,293.3 1 0
github.com/scttfrdmn/cloudworkstation/pkg/aws/manager.go:296.2,296.16 1 0
github.com/scttfrdmn/cloudworkstation/pkg/aws/manager.go:296.16,303.3 1 0
github.com/scttfrdmn/cloudworkstation/pkg/aws/manager.go:306.2,307.16 2 0
github.com/scttfrdmn/cloudworkstation/pkg/aws/manager.go:307.16,309.3 1 0
github.com/scttfrdmn/cloudworkstation/pkg/aws/manager.go:311.2,321.8 2 0
github.com/scttfrdmn/cloudworkstation/pkg/aws/manager.go:325.53,328.16 2 1
github.com/scttfrdmn/cloudworkstation/pkg/aws/manager.go:328.16,330.3 1 1
github.com/scttfrdmn/cloudworkstation/pkg/aws/manager.go:333.2,336.16 2 0
github.com/scttfrdmn/cloudworkstation/pkg/aws/manager.go:336.16,338.3 1 0
github.com/scttfrdmn/cloudworkstation/pkg/aws/manager.go:340.2,340.12 1 0
github.com/scttfrdmn/cloudworkstation/pkg/aws/manager.go:344.52,347.16 2 1
github.com/scttfrdmn/cloudworkstation/pkg/aws/manager.go:347.16,349.3 1 1
github.com/scttfrdmn/cloudworkstation/pkg/aws/manager.go:352.2,355.16 2 0
github.com/scttfrdmn/cloudworkstation/pkg/aws/manager.go:355.16,357.3 1 0
github.com/scttfrdmn/cloudworkstation/pkg/aws/manager.go:359.2,359.12 1 0
github.com/scttfrdmn/cloudworkstation/pkg/aws/manager.go:363.51,366.16 2 1
github.com/scttfrdmn/cloudworkstation/pkg/aws/manager.go:366.16,368.3 1 1
github.com/scttfrdmn/cloudworkstation/pkg/aws/manager.go:371.2,374.16 2 0
github.com/scttfrdmn/cloudworkstation/pkg/aws/manager.go:374.16,376.3 1 0
github.com/scttfrdmn/cloudworkstation/pkg/aws/manager.go:378.2,378.12 1 0
github.com/scttfrdmn/cloudworkstation/pkg/aws/manager.go:383.56,386.16 2 0
github.com/scttfrdmn/cloudworkstation/pkg/aws/manager.go:386.16,388.3 1 0
github.com/scttfrdmn/cloudworkstation/pkg/aws/manager.go:391.2,394.16 2 0
github.com/scttfrdmn/cloudworkstation/pkg/aws/manager.go:394.16,396.3 1 0
github.com/scttfrdmn/cloudworkstation/pkg/aws/manager.go:398.2,398.81 1 0
github.com/scttfrdmn/cloudworkstation/pkg/aws/manager.go:398.81,400.3 1 0
github.com/scttfrdmn/cloudworkstation/pkg/aws/manager.go:402.2,405.40 2 0
github.com/scttfrdmn/cloudworkstation/pkg/aws/manager.go:405.40,409.3 3 0
github.com/scttfrdmn/cloudworkstation/pkg/aws/manager.go:411.2,411.46 1 0
github.com/scttfrdmn/cloudworkstation/pkg/aws/manager.go:411.46,415.3 3 0
github.com/scttfrdmn/cloudworkstation/pkg/aws/manager.go:418.2,418.27 1 0
github.com/scttfrdmn/cloudworkstation/pkg/aws/manager.go:418.27,420.3 1 0
github.com/scttfrdmn/cloudworkstation/pkg/aws/manager.go:422.2,423.32 2 0
github.com/scttfrdmn/cloudworkstation/pkg/aws/manager.go:423.32,425.3 1 0
github.com/scttfrdmn/cloudworkstation/pkg/aws/manager.go:429.2,429.32 1 0
github.com/scttfrdmn/cloudworkstation/pkg/aws/manager.go:429.32,433.37 3 0
github.com/scttfrdmn/cloudworkstation/pkg/aws/manager.go:433.37,439.4 2 0
github.com/scttfrdmn/cloudworkstation/pkg/aws/manager.go:443.2,447.16 2 0
github.com/scttfrdmn/cloudworkstation/pkg/aws/manager.go:447.16,449.3 1 0
github.com/scttfrdmn/cloudworkstation/pkg/aws/manager.go:451.2,451.12 1 0
github.com/scttfrdmn/cloudworkstation/pkg/aws/manager.go:455.53,458.2 1 0
github.com/scttfrdmn/cloudworkstation/pkg/aws/manager.go:461.81,464.16 2 0
github.com/scttfrdmn/cloudworkstation/pkg/aws/manager.go:464.16,466.3 1 0
github.com/scttfrdmn/cloudworkstation/pkg/aws/manager.go:469.2,472.16 2 0
github.com/scttfrdmn/cloudworkstation/pkg/aws/manager.go:472.16,474.3 1 0
github.com/scttfrdmn/cloudworkstation/pkg/aws/manager.go:476.2,476.81 1 0
github.com/scttfrdmn/cloudworkstation/pkg/aws/manager.go:476.81,478.3 1 0
github.com/scttfrdmn/cloudworkstation/pkg/aws/manager.go:480.2,487.95 4 0
github.com/scttfrdmn/cloudworkstation/pkg/aws/manager.go:487.95,491.3 1 0
github.com/scttfrdmn/cloudworkstation/pkg/aws/manager.go:493.2,493.48 1 0
github.com/scttfrdmn/cloudworkstation/pkg/aws/manager.go:497.66,500.16 2 1
github.com/scttfrdmn/cloudworkstation/pkg/aws/manager.go:500.16,502.3 1 1
github.com/scttfrdmn/cloudworkstation/pkg/aws/manager.go:505.2,508.16 2 0
github.com/scttfrdmn/cloudworkstation/pkg/aws/manager.go:508.16,510.3 1 0
github.com/scttfrdmn/cloudworkstation/pkg/aws/manager.go:512.2,512.81 1 0
github.com/scttfrdmn/cloudworkstation/pkg/aws/manager.go:512.81,514.3 1 0
github.com/scttfrdmn/cloudworkstation/pkg/aws/manager.go:516.2,518.37 2 0
github.com/scttfrdmn/cloudworkstation/pkg/aws/manager.go:518.37,520.3 1 0
github.com/scttfrdmn/cloudworkstation/pkg/aws/manager.go:523.2,524.29 2 0
github.com/scttfrdmn/cloudworkstation/pkg/aws/manager.go:524.29,526.17 2 0
github.com/scttfrdmn/cloudworkstation/pkg/aws/manager.go:526.17,528.4 1 0
github.com/scttfrdmn/cloudworkstation/pkg/aws/manager.go:531.2,531.83 1 0
github.com/scttfrdmn/cloudworkstation/pkg/aws/manager.go:535.91,538.31 2 0
github.com/scttfrdmn/cloudworkstation/pkg/aws/manager.go:538.31,540.3 1 0
github.com/scttfrdmn/cloudworkstation/pkg/aws/manager.go:542.2,543.30 2 0
github.com/scttfrdmn/cloudworkstation/pkg/aws/manager.go:543.30,545.3 1 0
github.com/scttfrdmn/cloudworkstation/pkg/aws/manager.go:548.2,564.16 3 0
github.com/scttfrdmn/cloudworkstation/pkg/aws/manager.go:564.16,566.3 1 0
github.com/scttfrdmn/cloudworkstation/pkg/aws/manager.go:568.2,580.20 2 0
github.com/scttfrdmn/cloudworkstation/pkg/aws/manager.go:584.51,587.16 2 1
github.com/scttfrdmn/cloudworkstation/pkg/aws/manager.go:587.16,589.3 1 1
github.com/scttfrdmn/cloudworkstation/pkg/aws/manager.go:591.2,592.13 2 1
github.com/scttfrdmn/cloudworkstation/pkg/aws/manager.go:592.13,594.3 1 1
github.com/scttfrdmn/cloudworkstation/pkg/aws/manager.go:597.2,598.16 2 1
github.com/scttfrdmn/cloudworkstation/pkg/aws/manager.go:598.16,600.3 1 0
github.com/scttfrdmn/cloudworkstation/pkg/aws/manager.go:602.2,609.16 3 1
github.com/scttfrdmn/cloudworkstation/pkg/aws/manager.go:609.16,611.3 1 1
github.com/scttfrdmn/cloudworkstation/pkg/aws/manager.go:614.2,614.41 1 1
github.com/scttfrdmn/cloudworkstation/pkg/aws/manager.go:614.41,621.17 4 1
github.com/scttfrdmn/cloudworkstation/pkg/aws/manager.go:621.17,623.4 1 1
github.com/scttfrdmn/cloudworkstation/pkg/aws/manager.go:628.2,628.34 1 1
github.com/scttfrdmn/cloudworkstation/pkg/aws/manager.go:628.34,632.27 2 1
github.com/scttfrdmn/cloudworkstation/pkg/aws/manager.go:632.27,637.18 2 1
github.com/scttfrdmn/cloudworkstation/pkg/aws/manager.go:637.18,639.60 1 0
github.com/scttfrdmn/cloudworkstation/pkg/aws/manager.go:639.60,640.11 1 0
github.com/scttfrdmn/cloudworkstation/pkg/aws/manager.go:642.5,642.63 1 0
github.com/scttfrdmn/cloudworkstation/pkg/aws/manager.go:646.4,646.38 1 1
github.com/scttfrdmn/cloudworkstation/pkg/aws/manager.go:646.38,647.10 1 1
github.com/scttfrdmn/cloudworkstation/pkg/aws/manager.go:651.4,651.32 1 0
github.com/scttfrdmn/cloudworkstation/pkg/aws/manager.go:656.2,660.16 3 1
github.com/scttfrdmn/cloudworkstation/pkg/aws/manager.go:660.16,662.3 1 1
github.com/scttfrdmn/cloudworkstation/pkg/aws/manager.go:665.2,665.42 1 1
github.com/scttfrdmn/cloudworkstation/pkg/aws/manager.go:669.82,672.16 2 0
github.com/scttfrdmn/cloudworkstation/pkg/aws/manager.go:672.16,674.3 1 0
github.com/scttfrdmn/cloudworkstation/pkg/aws/manager.go:676.2,677.13 2 0
github.com/scttfrdmn/cloudworkstation/pkg/aws/manager.go:677.13,679.3 1 0
github.com/scttfrdmn/cloudworkstation/pkg/aws/manager.go:682.2,683.13 2 0
github.com/scttfrdmn/cloudworkstation/pkg/aws/manager.go:683.13,685.3 1 0
github.com/scttfrdmn/cloudworkstation/pkg/aws/manager.go:688.2,688.33 1 0
github.com/scttfrdmn/cloudworkstation/pkg/aws/manager.go:688.33,690.3 1 0
github.com/scttfrdmn/cloudworkstation/pkg/aws/manager.go:692.2,693.16 2 0
github.com/scttfrdmn/cloudworkstation/pkg/aws/manager.go:693.16,695.3 1 0
github.com/scttfrdmn/cloudworkstation/pkg/aws/manager.go:697.2,766.16 4 0
github.com/scttfrdmn/cloudworkstation/pkg/aws/manager.go:766.16,768.3 1 0
github.com/scttfrdmn/cloudworkstation/pkg/aws/manager.go:770.2,771.12 2 0
github.com/scttfrdmn/cloudworkstation/pkg/aws/manager.go:775.72,778.16 2 0
github.com/scttfrdmn/cloudworkstation/pkg/aws/manager.go:778.16,780.3 1 0
github.com/scttfrdmn/cloudworkstation/pkg/aws/manager.go:782.2,783.13 2 0
github.com/scttfrdmn/cloudworkstation/pkg/aws/manager.go:783.13,785.3 1 0
github.com/scttfrdmn/cloudworkstation/pkg/aws/manager.go:787.2,788.13 2 0
github.com/scttfrdmn/cloudworkstation/pkg/aws/manager.go:788.13,790.3 1 0
github.com/scttfrdmn/cloudworkstation/pkg/aws/manager.go:792.2,793.16 2 0
github.com/scttfrdmn/cloudworkstation/pkg/aws/manager.go:793.16,795.3 1 0
github.com/scttfrdmn/cloudworkstation/pkg/aws/manager.go:797.2,827.16 4 0
github.com/scttfrdmn/cloudworkstation/pkg/aws/manager.go:827.16,829.3 1 0
github.com/scttfrdmn/cloudworkstation/pkg/aws/manager.go:831.2,832.12 2 0
github.com/scttfrdmn/cloudworkstation/pkg/aws/manager.go:836.76,846.16 2 0
github.com/scttfrdmn/cloudworkstation/pkg/aws/manager.go:846.16,848.3 1 0
github.com/scttfrdmn/cloudworkstation/pkg/aws/manager.go:850.2,855.53 4 0
github.com/scttfrdmn/cloudworkstation/pkg/aws/manager.go:855.53,861.17 2 0
github.com/scttfrdmn/cloudworkstation/pkg/aws/manager.go:861.17,863.12 2 0
github.com/scttfrdmn/cloudworkstation/pkg/aws/manager.go:866.3,867.17 2 0
github.com/scttfrdmn/cloudworkstation/pkg/aws/manager.go:868.18,870.47 2 0
github.com/scttfrdmn/cloudworkstation/pkg/aws/manager.go:870.47,872.5 1 0
github.com/scttfrdmn/cloudworkstation/pkg/aws/manager.go:873.4,873.14 1 0
github.com/scttfrdmn/cloudworkstation/pkg/aws/manager.go:874.17,876.46 2 0
github.com/scttfrdmn/cloudworkstation/pkg/aws/manager.go:876.46,878.5 1 0
github.com/scttfrdmn/cloudworkstation/pkg/aws/manager.go:879.4,879.57 1 0
github.com/scttfrdmn/cloudworkstation/pkg/aws/manager.go:880.32,881.62 1 0
github.com/scttfrdmn/cloudworkstation/pkg/aws/manager.go:882.43,885.12 2 0
github.com/scttfrdmn/cloudworkstation/pkg/aws/manager.go:886.11,889.12 3 0
github.com/scttfrdmn/cloudworkstation/pkg/aws/manager.go:893.2,893.82 1 0
github.com/scttfrdmn/cloudworkstation/pkg/aws/manager.go:897.93,900.16 2 1
github.com/scttfrdmn/cloudworkstation/pkg/aws/manager.go:900.16,902.3 1 0
github.com/scttfrdmn/cloudworkstation/pkg/aws/manager.go:905.2,906.26 2 1
github.com/scttfrdmn/cloudworkstation/pkg/aws/manager.go:906.26,908.3 1 1
github.com/scttfrdmn/cloudworkstation/pkg/aws/manager.go:911.2,936.48 3 1
github.com/scttfrdmn/cloudworkstation/pkg/aws/manager.go:936.48,938.3 1 1
github.com/scttfrdmn/cloudworkstation/pkg/aws/manager.go:941.2,941.25 1 1
github.com/scttfrdmn/cloudworkstation/pkg/aws/manager.go:941.25,943.3 1 1
github.com/scttfrdmn/cloudworkstation/pkg/aws/manager.go:945.2,946.16 2 1
github.com/scttfrdmn/cloudworkstation/pkg/aws/manager.go:946.16,948.3 1 1
github.com/scttfrdmn/cloudworkstation/pkg/aws/manager.go:951.2,967.20 3 0
github.com/scttfrdmn/cloudworkstation/pkg/aws/manager.go:971.52,974.16 2 0
github.com/scttfrdmn/cloudworkstation/pkg/aws/manager.go:974.16,976.3 1 0
github.com/scttfrdmn/cloudworkstation/pkg/aws/manager.go:979.2,982.16 2 0
github.com/scttfrdmn/cloudworkstation/pkg/aws/manager.go:982.16,984.3 1 0
github.com/scttfrdmn/cloudworkstation/pkg/aws/manager.go:986.2,986.12 1 0
github.com/scttfrdmn/cloudworkstation/pkg/aws/manager.go:990.72,993.16 2 0
github.com/scttfrdmn/cloudworkstation/pkg/aws/manager.go:993.16,995.3 1 0
github.com/scttfrdmn/cloudworkstation/pkg/aws/manager.go:998.2,999.16 2 0
github.com/scttfrdmn/cloudworkstation/pkg/aws/manager.go:999.16,1001.3 1 0
github.com/scttfrdmn/cloudworkstation/pkg/aws/manager.go:1004.2,1012.16 3 0
github.com/scttfrdmn/cloudworkstation/pkg/aws/manager.go:1012.16,1014.3 1 0
github.com/scttfrdmn/cloudworkstation/pkg/aws/manager.go:1016.2,1016.12 1 0
github.com/scttfrdmn/cloudworkstation/pkg/aws/manager.go:1020.58,1023.16 2 0
github.com/scttfrdmn/cloudworkstation/pkg/aws/manager.go:1023.16,1025.3 1 0
github.com/scttfrdmn/cloudworkstation/pkg/aws/manager.go:1028.2,1031.16 2 0
github.com/scttfrdmn/cloudworkstation/pkg/aws/manager.go:1031.16,1033.3 1 0
github.com/scttfrdmn/cloudworkstation/pkg/aws/manager.go:1035.2,1035.12 1 0
github.com/scttfrdmn/cloudworkstation/pkg/aws/manager.go:1041.49,1043.14 2 1
github.com/scttfrdmn/cloudworkstation/pkg/aws/manager.go:1044.15,1045.18 1 0
github.com/scttfrdmn/cloudworkstation/pkg/aws/manager.go:1046.15,1047.17 1 1
github.com/scttfrdmn/cloudworkstation/pkg/aws/manager.go:1048.10,1049.18 1 0
github.com/scttfrdmn/cloudworkstation/pkg/aws/manager.go:1054.126,1057.19 2 1
github.com/scttfrdmn/cloudworkstation/pkg/aws/manager.go:1057.19,1059.3 1 1
github.com/scttfrdmn/cloudworkstation/pkg/aws/manager.go:1062.2,1063.17 2 1
github.com/scttfrdmn/cloudworkstation/pkg/aws/manager.go:1063.17,1065.3 1 1
github.com/scttfrdmn/cloudworkstation/pkg/aws/manager.go:1068.2,1069.17 2 1
github.com/scttfrdmn/cloudworkstation/pkg/aws/manager.go:1069.17,1071.3 1 0
github.com/scttfrdmn/cloudworkstation/pkg/aws/manager.go:1074.2,1075.17 2 1
github.com/scttfrdmn/cloudworkstation/pkg/aws/manager.go:1075.17,1077.3 1 0
github.com/scttfrdmn/cloudworkstation/pkg/aws/manager.go:1079.2,1079.44 1 1
github.com/scttfrdmn/cloudworkstation/pkg/aws/manager.go:1083.104,1085.35 1 0
github.com/scttfrdmn/cloudworkstation/pkg/aws/manager.go:1085.35,1087.3 1 0
github.com/scttfrdmn/cloudworkstation/pkg/aws/manager.go:1090.2,1094.17 4 0
github.com/scttfrdmn/cloudworkstation/pkg/aws/manager.go:1098.93,1112.2 2 1
github.com/scttfrdmn/cloudworkstation/pkg/aws/manager.go:1115.67,1132.16 2 1
github.com/scttfrdmn/cloudworkstation/pkg/aws/manager.go:1132.16,1134.3 1 1
github.com/scttfrdmn/cloudworkstation/pkg/aws/manager.go:1136.2,1136.50 1 0
github.com/scttfrdmn/cloudworkstation/pkg/aws/manager.go:1136.50,1137.50 1 0
github.com/scttfrdmn/cloudworkstation/pkg/aws/manager.go:1137.50,1139.4 1 0
github.com/scttfrdmn/cloudworkstation/pkg/aws/manager.go:1142.2,1142.56 1 0
github.com/scttfrdmn/cloudworkstation/pkg/aws/manager.go:1146.62,1149.16 2 0
github.com/scttfrdmn/cloudworkstation/pkg/aws/manager.go:1149.16,1152.3 1 0
github.com/scttfrdmn/cloudworkstation/pkg/aws/manager.go:1154.2,1155.25 2 0
github.com/scttfrdmn/cloudworkstation/pkg/aws/manager.go:1155.25,1157.3 1 0
github.com/scttfrdmn/cloudworkstation/pkg/aws/manager.go:1158.2,1170.16 2 0
github.com/scttfrdmn/cloudworkstation/pkg/aws/manager.go:1170.16,1172.3 1 0
github.com/scttfrdmn/cloudworkstation/pkg/aws/manager.go:1174.2,1175.50 2 0
github.com/scttfrdmn/cloudworkstation/pkg/aws/manager.go:1175.50,1176.53 1 0
github.com/scttfrdmn/cloudworkstation/pkg/aws/manager.go:1176.53,1181.41 4 0
github.com/scttfrdmn/cloudworkstation/pkg/aws/manager.go:1181.41,1182.43 1 0
github.com/scttfrdmn/cloudworkstation/pkg/aws/manager.go:1182.43,1183.22 1 0
github.com/scttfrdmn/cloudworkstation/pkg/aws/manager.go:1184.18,1185.24 1 0
github.com/scttfrdmn/cloudworkstation/pkg/aws/manager.go:1186.22,1187.28 1 0
github.com/scttfrdmn/cloudworkstation/pkg/aws/manager.go:1188.21,1189.27 1 0
github.com/scttfrdmn/cloudworkstation/pkg/aws/manager.go:1195.4,1195.18 1 0
github.com/scttfrdmn/cloudworkstation/pkg/aws/manager.go:1195.18,1196.13 1 0
github.com/scttfrdmn/cloudworkstation/pkg/aws/manager.go:1200.4,1201.32 2 0
github.com/scttfrdmn/cloudworkstation/pkg/aws/manager.go:1201.32,1206.49 2 0
github.com/scttfrdmn/cloudworkstation/pkg/aws/manager.go:1206.49,1208.6 1 0
github.com/scttfrdmn/cloudworkstation/pkg/aws/manager.go:1208.11,1209.49 1 0
github.com/scttfrdmn/cloudworkstation/pkg/aws/manager.go:1209.49,1212.6 1 0
github.com/scttfrdmn/cloudworkstation/pkg/aws/manager.go:1216.4,1217.42 2 0
github.com/scttfrdmn/cloudworkstation/pkg/aws/manager.go:1217.42,1219.5 1 0
github.com/scttfrdmn/cloudworkstation/pkg/aws/manager.go:1222.4,1223.55 2 0
github.com/scttfrdmn/cloudworkstation/pkg/aws/manager.go:1223.55,1225.5 1 0
github.com/scttfrdmn/cloudworkstation/pkg/aws/manager.go:1228.4,1241.25 2 0
github.com/scttfrdmn/cloudworkstation/pkg/aws/manager.go:1241.25,1242.68 1 0
github.com/scttfrdmn/cloudworkstation/pkg/aws/manager.go:1242.68,1244.6 1 0
github.com/scttfrdmn/cloudworkstation/pkg/aws/manager.go:1247.4,1247.43 1 0
github.com/scttfrdmn/cloudworkstation/pkg/aws/manager.go:1251.2,1251.23 1 0
github.com/scttfrdmn/cloudworkstation/pkg/aws/manager.go:1255.59,1256.14 1 1
github.com/scttfrdmn/cloudworkstation/pkg/aws/manager.go:1257.18,1258.18 1 1
github.com/scttfrdmn/cloudworkstation/pkg/aws/manager.go:1259.16,1260.18 1 1
github.com/scttfrdmn/cloudworkstation/pkg/aws/manager.go:1261.16,1262.19 1 1
github.com/scttfrdmn/cloudworkstation/pkg/aws/manager.go:1263.16,1264.19 1 1
github.com/scttfrdmn/cloudworkstation/pkg/aws/manager.go:1265.18,1266.19 1 1
github.com/scttfrdmn/cloudworkstation/pkg/aws/manager.go:1267.10,1270.66 2 1
github.com/scttfrdmn/cloudworkstation/pkg/aws/manager.go:1270.66,1272.4 1 1
github.com/scttfrdmn/cloudworkstation/pkg/aws/manager.go:1273.3,1273.79 1 1
github.com/scttfrdmn/cloudworkstation/pkg/aws/manager.go:1278.88,1279.20 1 1
github.com/scttfrdmn/cloudworkstation/pkg/aws/manager.go:1280.13,1284.19 2 1
github.com/scttfrdmn/cloudworkstation/pkg/aws/manager.go:1284.19,1286.4 1 1
github.com/scttfrdmn/cloudworkstation/pkg/aws/manager.go:1287.3,1287.18 1 1
github.com/scttfrdmn/cloudworkstation/pkg/aws/manager.go:1287.18,1289.4 1 1
github.com/scttfrdmn/cloudworkstation/pkg/aws/manager.go:1291.3,1292.24 2 1
github.com/scttfrdmn/cloudworkstation/pkg/aws/manager.go:1292.24,1294.4 1 1
github.com/scttfrdmn/cloudworkstation/pkg/aws/manager.go:1295.3,1295.23 1 1
github.com/scttfrdmn/cloudworkstation/pkg/aws/manager.go:1295.23,1297.4 1 1
github.com/scttfrdmn/cloudworkstation/pkg/aws/manager.go:1299.3,1299.26 1 1
github.com/scttfrdmn/cloudworkstation/pkg/aws/manager.go:1301.13,1304.19 2 1
github.com/scttfrdmn/cloudworkstation/pkg/aws/manager.go:1304.19,1306.4 1 1
github.com/scttfrdmn/cloudworkstation/pkg/aws/manager.go:1307.3,1307.17 1 1
github.com/scttfrdmn/cloudworkstation/pkg/aws/manager.go:1307.17,1309.4 1 0
github.com/scttfrdmn/cloudworkstation/pkg/aws/manager.go:1310.3,1310.17 1 1
github.com/scttfrdmn/cloudworkstation/pkg/aws/manager.go:1312.10,1313.14 1 1
github.com/scttfrdmn/cloudworkstation/pkg/aws/manager.go:1318.62,1321.2 2 1
github.com/scttfrdmn/cloudworkstation/pkg/aws/manager.go:1324.66,1327.61 2 1
github.com/scttfrdmn/cloudworkstation/pkg/aws/manager.go:1327.61,1328.51 1 1
github.com/scttfrdmn/cloudworkstation/pkg/aws/manager.go:1328.51,1330.4 1 1
github.com/scttfrdmn/cloudworkstation/pkg/aws/manager.go:1334.2,1338.20 3 1
github.com/scttfrdmn/cloudworkstation/pkg/aws/manager.go:1339.13,1340.19 1 1
github.com/scttfrdmn/cloudworkstation/pkg/aws/manager.go:1341.13,1342.19 1 1
github.com/scttfrdmn/cloudworkstation/pkg/aws/manager.go:1343.13,1344.20 1 1
github.com/scttfrdmn/cloudworkstation/pkg/aws/manager.go:1345.13,1346.20 1 1
github.com/scttfrdmn/cloudworkstation/pkg/aws/manager.go:1347.13,1348.20 1 1
github.com/scttfrdmn/cloudworkstation/pkg/aws/manager.go:1349.10,1350.19 1 1
github.com/scttfrdmn/cloudworkstation/pkg/aws/manager.go:1353.2,1359.22 4 1
github.com/scttfrdmn/cloudworkstation/pkg/aws/manager.go:1363.56,1365.9 1 1
github.com/scttfrdmn/cloudworkstation/pkg/aws/manager.go:1366.48,1367.13 1 1
github.com/scttfrdmn/cloudworkstation/pkg/aws/manager.go:1368.48,1369.14 1 1
github.com/scttfrdmn/cloudworkstation/pkg/aws/manager.go:1370.47,1371.14 1 1
github.com/scttfrdmn/cloudworkstation/pkg/aws/manager.go:1372.48,1373.14 1 1
github.com/scttfrdmn/cloudworkstation/pkg/aws/manager.go:1374.48,1375.14 1 1
github.com/scttfrdmn/cloudworkstation/pkg/aws/manager.go:1376.48,1377.14 1 0
github.com/scttfrdmn/cloudworkstation/pkg/aws/manager.go:1378.51,1379.14 1 1
github.com/scttfrdmn/cloudworkstation/pkg/aws/manager.go:1380.53,1381.14 1 1
github.com/scttfrdmn/cloudworkstation/pkg/aws/manager.go:1382.53,1383.14 1 1
github.com/scttfrdmn/cloudworkstation/pkg/aws/manager.go:1384.53,1385.14 1 1
github.com/scttfrdmn/cloudworkstation/pkg/aws/manager.go:1386.53,1387.14 1 0
github.com/scttfrdmn/cloudworkstation/pkg/aws/manager.go:1388.49,1389.14 1 1
github.com/scttfrdmn/cloudworkstation/pkg/aws/manager.go:1390.51,1391.14 1 1
github.com/scttfrdmn/cloudworkstation/pkg/aws/manager.go:1392.48,1393.14 1 1
github.com/scttfrdmn/cloudworkstation/pkg/aws/manager.go:1394.10,1395.14 1 1
github.com/scttfrdmn/cloudworkstation/pkg/aws/manager.go:1400.68,1403.61 2 1
github.com/scttfrdmn/cloudworkstation/pkg/aws/manager.go:1403.61,1404.51 1 1
github.com/scttfrdmn/cloudworkstation/pkg/aws/manager.go:1404.51,1406.4 1 1
github.com/scttfrdmn/cloudworkstation/pkg/aws/manager.go:1410.2,1414.22 3 1
github.com/scttfrdmn/cloudworkstation/pkg/aws/manager.go:1416.18,1417.21 1 0
github.com/scttfrdmn/cloudworkstation/pkg/aws/manager.go:1418.18,1419.21 1 1
github.com/scttfrdmn/cloudworkstation/pkg/aws/manager.go:1420.19,1421.21 1 1
github.com/scttfrdmn/cloudworkstation/pkg/aws/manager.go:1422.18,1423.21 1 0
github.com/scttfrdmn/cloudworkstation/pkg/aws/manager.go:1424.19,1425.21 1 0
github.com/scttfrdmn/cloudworkstation/pkg/aws/manager.go:1426.20,1427.21 1 0
github.com/scttfrdmn/cloudworkstation/pkg/aws/manager.go:1430.18,1431.20 1 0
github.com/scttfrdmn/cloudworkstation/pkg/aws/manager.go:1432.19,1433.19 1 0
github.com/scttfrdmn/cloudworkstation/pkg/aws/manager.go:1434.20,1435.19 1 0
github.com/scttfrdmn/cloudworkstation/pkg/aws/manager.go:1436.20,1437.19 1 0
github.com/scttfrdmn/cloudworkstation/pkg/aws/manager.go:1440.18,1441.20 1 0
github.com/scttfrdmn/cloudworkstation/pkg/aws/manager.go:1442.19,1443.20 1 0
github.com/scttfrdmn/cloudworkstation/pkg/aws/manager.go:1444.20,1445.20 1 0
github.com/scttfrdmn/cloudworkstation/pkg/aws/manager.go:1446.20,1447.20 1 0
github.com/scttfrdmn/cloudworkstation/pkg/aws/manager.go:1450.21,1451.20 1 0
github.com/scttfrdmn/cloudworkstation/pkg/aws/manager.go:1452.22,1453.20 1 0
github.com/scttfrdmn/cloudworkstation/pkg/aws/manager.go:1454.22,1455.20 1 0
github.com/scttfrdmn/cloudworkstation/pkg/aws/manager.go:1457.10,1459.52 1 0
github.com/scttfrdmn/cloudworkstation/pkg/aws/manager.go:1462.2,1471.19 5 1
github.com/scttfrdmn/cloudworkstation/pkg/aws/manager.go:1475.70,1478.21 2 1
github.com/scttfrdmn/cloudworkstation/pkg/aws/manager.go:1478.21,1480.3 1 1
github.com/scttfrdmn/cloudworkstation/pkg/aws/manager.go:1482.2,1487.9 4 1
github.com/scttfrdmn/cloudworkstation/pkg/aws/manager.go:1488.39,1489.22 1 1
github.com/scttfrdmn/cloudworkstation/pkg/aws/manager.go:1490.40,1491.22 1 0
github.com/scttfrdmn/cloudworkstation/pkg/aws/manager.go:1492.39,1493.21 1 1
github.com/scttfrdmn/cloudworkstation/pkg/aws/manager.go:1494.39,1495.21 1 1
github.com/scttfrdmn/cloudworkstation/pkg/aws/manager.go:1496.39,1497.21 1 0
github.com/scttfrdmn/cloudworkstation/pkg/aws/manager.go:1498.10,1499.20 1 1
github.com/scttfrdmn/cloudworkstation/pkg/aws/manager.go:1503.2,1504.14 2 1
github.com/scttfrdmn/cloudworkstation/pkg/aws/manager.go:1505.14,1506.24 1 0
github.com/scttfrdmn/cloudworkstation/pkg/aws/manager.go:1507.15,1508.23 1 1
github.com/scttfrdmn/cloudworkstation/pkg/aws/manager.go:1509.15,1510.23 1 1
github.com/scttfrdmn/cloudworkstation/pkg/aws/manager.go:1511.16,1512.23 1 1
github.com/scttfrdmn/cloudworkstation/pkg/aws/manager.go:1513.15,1514.23 1 1
github.com/scttfrdmn/cloudworkstation/pkg/aws/manager.go:1515.16,1516.23 1 1
github.com/scttfrdmn/cloudworkstation/pkg/aws/manager.go:1517.17,1518.24 1 1
github.com/scttfrdmn/cloudworkstation/pkg/aws/manager.go:1519.17,1520.24 1 0
github.com/scttfrdmn/cloudworkstation/pkg/aws/manager.go:1521.17,1522.24 1 0
github.com/scttfrdmn/cloudworkstation/pkg/aws/manager.go:1523.18,1524.24 1 0
github.com/scttfrdmn/cloudworkstation/pkg/aws/manager.go:1525.18,1526.25 1 0
github.com/scttfrdmn/cloudworkstation/pkg/aws/manager.go:1527.18,1528.25 1 0
github.com/scttfrdmn/cloudworkstation/pkg/aws/manager.go:1529.10,1530.23 1 0
github.com/scttfrdmn/cloudworkstation/pkg/aws/manager.go:1533.2,1533.36 1 1
github.com/scttfrdmn/cloudworkstation/pkg/aws/manager.go:1537.49,1540.61 2 1
github.com/scttfrdmn/cloudworkstation/pkg/aws/manager.go:1540.61,1541.51 1 1
github.com/scttfrdmn/cloudworkstation/pkg/aws/manager.go:1541.51,1543.4 1 1
github.com/scttfrdmn/cloudworkstation/pkg/aws/manager.go:1547.2,1560.19 7 1
github.com/scttfrdmn/cloudworkstation/pkg/aws/manager.go:1564.65,1581.2 4 1
github.com/scttfrdmn/cloudworkstation/pkg/aws/manager.go:1584.64,1603.2 3 1
github.com/scttfrdmn/cloudworkstation/pkg/aws/manager.go:1606.67,1611.2 3 1
github.com/scttfrdmn/cloudworkstation/pkg/aws/manager.go:1614.61,1616.2 1 1
github.com/scttfrdmn/cloudworkstation/pkg/aws/manager.go:1619.64,1623.38 2 1
github.com/scttfrdmn/cloudworkstation/pkg/aws/manager.go:1623.38,1625.3 1 1
github.com/scttfrdmn/cloudworkstation/pkg/aws/manager.go:1627.2,1627.47 1 1
github.com/scttfrdmn/cloudworkstation/pkg/aws/manager.go:1627.47,1629.3 1 1
github.com/scttfrdmn/cloudworkstation/pkg/aws/manager.go:1631.2,1631.51 1 1
github.com/scttfrdmn/cloudworkstation/pkg/aws/manager.go:1631.51,1633.3 1 0
github.com/scttfrdmn/cloudworkstation/pkg/aws/manager.go:1635.2,1635.46 1 1
github.com/scttfrdmn/cloudworkstation/pkg/aws/manager.go:1635.46,1637.3 1 1
github.com/scttfrdmn/cloudworkstation/pkg/aws/manager.go:1639.2,1639.42 1 1
github.com/scttfrdmn/cloudworkstation/pkg/aws/manager.go:1639.42,1641.3 1 0
github.com/scttfrdmn/cloudworkstation/pkg/aws/manager.go:1643.2,1643.45 1 1
github.com/scttfrdmn/cloudworkstation/pkg/aws/manager.go:1643.45,1645.3 1 0
github.com/scttfrdmn/cloudworkstation/pkg/aws/manager.go:1647.2,1647.14 1 1
github.com/scttfrdmn/cloudworkstation/pkg/aws/manager.go:1651.64,1654.38 2 1
github.com/scttfrdmn/cloudworkstation/pkg/aws/manager.go:1654.38,1656.3 1 1
github.com/scttfrdmn/cloudworkstation/pkg/aws/manager.go:1658.2,1658.41 1 1
github.com/scttfrdmn/cloudworkstation/pkg/aws/manager.go:1658.41,1660.3 1 1
github.com/scttfrdmn/cloudworkstation/pkg/aws/manager.go:1662.2,1662.45 1 1
github.com/scttfrdmn/cloudworkstation/pkg/aws/manager.go:1662.45,1664.3 1 0
github.com/scttfrdmn/cloudworkstation/pkg/aws/manager.go:1666.2,1666.14 1 1
github.com/scttfrdmn/cloudworkstation/pkg/aws/manager.go:1670.64,1673.38 2 1
github.com/scttfrdmn/cloudworkstation/pkg/aws/manager.go:1673.38,1675.3 1 1
github.com/scttfrdmn/cloudworkstation/pkg/aws/manager.go:1677.2,1677.45 1 1
github.com/scttfrdmn/cloudworkstation/pkg/aws/manager.go:1677.45,1679.3 1 1
github.com/scttfrdmn/cloudworkstation/pkg/aws/manager.go:1681.2,1681.14 1 1
github.com/scttfrdmn/cloudworkstation/pkg/aws/manager.go:1685.65,1698.16 2 0
github.com/scttfrdmn/cloudworkstation/pkg/aws/manager.go:1698.16,1700.3 1 0
github.com/scttfrdmn/cloudworkstation/pkg/aws/manager.go:1702.2,1702.30 1 0
github.com/scttfrdmn/cloudworkstation/pkg/aws/manager.go:1702.30,1704.3 1 0
github.com/scttfrdmn/cloudworkstation/pkg/aws/manager.go:1706.2,1706.41 1 0
github.com/scttfrdmn/cloudworkstation/pkg/aws/manager.go:1710.79,1716.16 2 0
github.com/scttfrdmn/cloudworkstation/pkg/aws/manager.go:1716.16,1719.3 1 0
github.com/scttfrdmn/cloudworkstation/pkg/aws/manager.go:1722.2,1741.16 2 0
github.com/scttfrdmn/cloudworkstation/pkg/aws/manager.go:1741.16,1743.3 1 0
github.com/scttfrdmn/cloudworkstation/pkg/aws/manager.go:1745.2,1745.12 1 0
github.com/scttfrdmn/cloudworkstation/pkg/aws/manager.go:1749.55,1753.16 2 0
github.com/scttfrdmn/cloudworkstation/pkg/aws/manager.go:1753.16,1755.3 1 0
github.com/scttfrdmn/cloudworkstation/pkg/aws/manager.go:1757.2,1757.12 1 0
github.com/scttfrdmn/cloudworkstation/pkg/aws/manager.go:1761.68,1770.16 2 0
github.com/scttfrdmn/cloudworkstation/pkg/aws/manager.go:1770.16,1772.3 1 0
github.com/scttfrdmn/cloudworkstation/pkg/aws/manager.go:1774.2,1775.42 2 0
github.com/scttfrdmn/cloudworkstation/pkg/aws/manager.go:1775.42,1776.29 1 0
github.com/scttfrdmn/cloudworkstation/pkg/aws/manager.go:1776.29,1778.4 1 0
github.com/scttfrdmn/cloudworkstation/pkg/aws/manager.go:1781.2,1781.22 1 0
github.com/scttfrdmn/cloudworkstation/pkg/aws/manager.go:1785.76,1787.78 1 0
github.com/scttfrdmn/cloudworkstation/pkg/aws/manager.go:1787.78,1794.17 4 0
github.com/scttfrdmn/cloudworkstation/pkg/aws/manager.go:1794.17,1796.4 1 0
github.com/scttfrdmn/cloudworkstation/pkg/aws/manager.go:1799.3,1802.53 2 0
github.com/scttfrdmn/cloudworkstation/pkg/aws/manager.go:1802.53,1804.4 1 0
github.com/scttfrdmn/cloudworkstation/pkg/aws/manager.go:1806.3,1806.22 1 0
github.com/scttfrdmn/cloudworkstation/pkg/aws/manager.go:1810.2,1811.16 2 0
github.com/scttfrdmn/cloudworkstation/pkg/aws/manager.go:1811.16,1813.3 1 0
github.com/scttfrdmn/cloudworkstation/pkg/aws/manager.go:1816.2,1817.37 2 0
github.com/scttfrdmn/cloudworkstation/pkg/aws/manager.go:1817.37,1819.45 2 0
github.com/scttfrdmn/cloudworkstation/pkg/aws/manager.go:1819.45,1821.4 1 0
github.com/scttfrdmn/cloudworkstation/pkg/aws/manager.go:1824.2,1824.69 1 0
github.com/scttfrdmn/cloudworkstation/pkg/aws/manager.go:1830.56,1839.16 2 0
github.com/scttfrdmn/cloudworkstation/pkg/aws/manager.go:1839.16,1841.3 1 0
github.com/scttfrdmn/cloudworkstation/pkg/aws/manager.go:1843.2,1843.27 1 0
github.com/scttfrdmn/cloudworkstation/pkg/aws/manager.go:1843.27,1845.3 1 0
github.com/scttfrdmn/cloudworkstation/pkg/aws/manager.go:1847.2,1847.35 1 0
github.com/scttfrdmn/cloudworkstation/pkg/aws/manager.go:1851.70,1861.16 2 0
github.com/scttfrdmn/cloudworkstation/pkg/aws/manager.go:1861.16,1863.3 1 0
github.com/scttfrdmn/cloudworkstation/pkg/aws/manager.go:1865.2,1865.30 1 0
github.com/scttfrdmn/cloudworkstation/pkg/aws/manager.go:1865.30,1867.3 1 0
github.com/scttfrdmn/cloudworkstation/pkg/aws/manager.go:1870.2,1870.40 1 0
github.com/scttfrdmn/cloudworkstation/pkg/aws/manager.go:1870.40,1872.17 2 0
github.com/scttfrdmn/cloudworkstation/pkg/aws/manager.go:1872.17,1873.12 1 0
github.com/scttfrdmn/cloudworkstation/pkg/aws/manager.go:1875.3,1875.15 1 0
github.com/scttfrdmn/cloudworkstation/pkg/aws/manager.go:1875.15,1877.4 1 0
github.com/scttfrdmn/cloudworkstation/pkg/aws/manager.go:1882.2,1882.41 1 0
github.com/scttfrdmn/cloudworkstation/pkg/aws/manager.go:1886.65,1896.16 2 0
github.com/scttfrdmn/cloudworkstation/pkg/aws/manager.go:1896.16,1898.3 1 0
github.com/scttfrdmn/cloudworkstation/pkg/aws/manager.go:1901.2,1901.48 1 0
github.com/scttfrdmn/cloudworkstation/pkg/aws/manager.go:1901.48,1902.43 1 0
github.com/scttfrdmn/cloudworkstation/pkg/aws/manager.go:1902.43,1904.87 1 0
github.com/scttfrdmn/cloudworkstation/pkg/aws/manager.go:1904.87,1905.78 1 0
github.com/scttfrdmn/cloudworkstation/pkg/aws/manager.go:1905.78,1907.6 1 0
github.com/scttfrdmn/cloudworkstation/pkg/aws/manager.go:1912.2,1912.19 1 0
github.com/scttfrdmn/cloudworkstation/pkg/aws/manager.go:1916.90,1932.16 3 0
github.com/scttfrdmn/cloudworkstation/pkg/aws/manager.go:1932.16,1934.3 1 0
github.com/scttfrdmn/cloudworkstation/pkg/aws/manager.go:1937.2,1937.36 1 0
github.com/scttfrdmn/cloudworkstation/pkg/aws/manager.go:1937.36,1939.3 1 0
github.com/scttfrdmn/cloudworkstation/pkg/aws/manager.go:1942.2,1957.16 2 0
github.com/scttfrdmn/cloudworkstation/pkg/aws/manager.go:1957.16,1959.3 1 0
github.com/scttfrdmn/cloudworkstation/pkg/aws/manager.go:1961.2,1980.16 3 0
github.com/scttfrdmn/cloudworkstation/pkg/aws/manager.go:1980.16,1982.3 1 0
github.com/scttfrdmn/cloudworkstation/pkg/aws/manager.go:1985.2,2001.16 2 0
github.com/scttfrdmn/cloudworkstation/pkg/aws/manager.go:2001.16,2003.3 1 0
github.com/scttfrdmn/cloudworkstation/pkg/aws/manager.go:2006.2,2022.16 2 0
github.com/scttfrdmn/cloudworkstation/pkg/aws/manager.go:2022.16,2024.3 1 0
github.com/scttfrdmn/cloudworkstation/pkg/aws/manager.go:2027.2,2043.16 2 0
github.com/scttfrdmn/cloudworkstation/pkg/aws/manager.go:2043.16,2045.3 1 0
github.com/scttfrdmn/cloudworkstation/pkg/aws/manager.go:2048.2,2064.16 2 0
github.com/scttfrdmn/cloudworkstation/pkg/aws/manager.go:2064.16,2066.3 1 0
github.com/scttfrdmn/cloudworkstation/pkg/aws/manager.go:2069.2,2085.16 2 0
github.com/scttfrdmn/cloudworkstation/pkg/aws/manager.go:2085.16,2087.3 1 0
github.com/scttfrdmn/cloudworkstation/pkg/aws/manager.go:2089.2,2089.29 1 0
github.com/scttfrdmn/cloudworkstation/pkg/aws/manager.go:2093.65,2118.20 3 0
github.com/scttfrdmn/cloudworkstation/pkg/aws/manager.go:2118.20,2121.3 1 0
github.com/scttfrdmn/cloudworkstation/pkg/aws/manager.go:2123.2,2124.34 2 0
github.com/scttfrdmn/cloudworkstation/pkg/aws/templates.go:6.47,148.2 1 1
