mode: set
github.com/scttfrdmn/cloudworkstation/cmd/cws/main.go:40.13,49.18 4 0
github.com/scttfrdmn/cloudworkstation/cmd/cws/main.go:49.18,52.3 2 0
github.com/scttfrdmn/cloudworkstation/cmd/cws/main.go:54.2,54.15 1 0
github.com/scttfrdmn/cloudworkstation/cmd/cws/main.go:54.15,57.3 2 0
github.com/scttfrdmn/cloudworkstation/cmd/cws/main.go:60.2,64.16 3 0
github.com/scttfrdmn/cloudworkstation/cmd/cws/main.go:64.16,67.3 2 0
github.com/scttfrdmn/cloudworkstation/cmd/cws/main.go:70.19,221.2 149 0
github.com/scttfrdmn/cloudworkstation/cmd/cws-gui/main.go:133.13,144.41 3 0
github.com/scttfrdmn/cloudworkstation/cmd/cws-gui/main.go:144.41,146.3 1 0
github.com/scttfrdmn/cloudworkstation/cmd/cws-gui/main.go:148.2,148.11 1 0
github.com/scttfrdmn/cloudworkstation/cmd/cws-gui/main.go:152.50,175.16 13 0
github.com/scttfrdmn/cloudworkstation/cmd/cws-gui/main.go:175.16,177.3 1 0
github.com/scttfrdmn/cloudworkstation/cmd/cws-gui/main.go:180.2,181.16 2 0
github.com/scttfrdmn/cloudworkstation/cmd/cws-gui/main.go:181.16,183.3 1 0
github.com/scttfrdmn/cloudworkstation/cmd/cws-gui/main.go:187.2,188.16 2 0
github.com/scttfrdmn/cloudworkstation/cmd/cws-gui/main.go:188.16,191.3 1 0
github.com/scttfrdmn/cloudworkstation/cmd/cws-gui/main.go:191.8,199.3 2 0
github.com/scttfrdmn/cloudworkstation/cmd/cws-gui/main.go:203.2,209.28 3 0
github.com/scttfrdmn/cloudworkstation/cmd/cws-gui/main.go:209.28,212.3 1 0
github.com/scttfrdmn/cloudworkstation/cmd/cws-gui/main.go:215.2,218.43 3 0
github.com/scttfrdmn/cloudworkstation/cmd/cws-gui/main.go:218.43,223.3 2 0
github.com/scttfrdmn/cloudworkstation/cmd/cws-gui/main.go:223.8,225.3 1 0
github.com/scttfrdmn/cloudworkstation/cmd/cws-gui/main.go:228.2,228.41 1 0
github.com/scttfrdmn/cloudworkstation/cmd/cws-gui/main.go:228.41,233.55 2 0
github.com/scttfrdmn/cloudworkstation/cmd/cws-gui/main.go:233.55,235.19 1 0
github.com/scttfrdmn/cloudworkstation/cmd/cws-gui/main.go:235.19,237.44 1 0
github.com/scttfrdmn/cloudworkstation/cmd/cws-gui/main.go:237.44,240.6 1 0
github.com/scttfrdmn/cloudworkstation/cmd/cws-gui/main.go:245.3,245.39 1 0
github.com/scttfrdmn/cloudworkstation/cmd/cws-gui/main.go:245.39,254.35 4 0
github.com/scttfrdmn/cloudworkstation/cmd/cws-gui/main.go:254.35,257.5 2 0
github.com/scttfrdmn/cloudworkstation/cmd/cws-gui/main.go:257.10,259.5 1 0
github.com/scttfrdmn/cloudworkstation/cmd/cws-gui/main.go:262.4,265.30 2 0
github.com/scttfrdmn/cloudworkstation/cmd/cws-gui/main.go:265.30,267.5 1 0
github.com/scttfrdmn/cloudworkstation/cmd/cws-gui/main.go:271.3,272.23 2 0
github.com/scttfrdmn/cloudworkstation/cmd/cws-gui/main.go:275.2,275.12 1 0
github.com/scttfrdmn/cloudworkstation/cmd/cws-gui/main.go:279.49,299.2 7 0
github.com/scttfrdmn/cloudworkstation/cmd/cws-gui/main.go:302.46,328.28 6 0
github.com/scttfrdmn/cloudworkstation/cmd/cws-gui/main.go:328.28,330.43 2 0
github.com/scttfrdmn/cloudworkstation/cmd/cws-gui/main.go:330.43,334.35 2 0
github.com/scttfrdmn/cloudworkstation/cmd/cws-gui/main.go:334.35,337.5 2 0
github.com/scttfrdmn/cloudworkstation/cmd/cws-gui/main.go:337.10,340.5 2 0
github.com/scttfrdmn/cloudworkstation/cmd/cws-gui/main.go:345.2,347.24 2 0
github.com/scttfrdmn/cloudworkstation/cmd/cws-gui/main.go:347.24,359.46 1 0
github.com/scttfrdmn/cloudworkstation/cmd/cws-gui/main.go:359.46,362.5 1 0
github.com/scttfrdmn/cloudworkstation/cmd/cws-gui/main.go:364.8,375.46 1 0
github.com/scttfrdmn/cloudworkstation/cmd/cws-gui/main.go:375.46,378.5 1 0
github.com/scttfrdmn/cloudworkstation/cmd/cws-gui/main.go:383.2,398.50 3 0
github.com/scttfrdmn/cloudworkstation/cmd/cws-gui/main.go:398.50,400.5 1 0
github.com/scttfrdmn/cloudworkstation/cmd/cws-gui/main.go:401.46,403.5 1 0
github.com/scttfrdmn/cloudworkstation/cmd/cws-gui/main.go:404.53,406.5 1 0
github.com/scttfrdmn/cloudworkstation/cmd/cws-gui/main.go:411.2,417.46 5 0
github.com/scttfrdmn/cloudworkstation/cmd/cws-gui/main.go:417.46,420.3 2 0
github.com/scttfrdmn/cloudworkstation/cmd/cws-gui/main.go:422.2,440.3 2 0
github.com/scttfrdmn/cloudworkstation/cmd/cws-gui/main.go:444.103,445.40 1 0
github.com/scttfrdmn/cloudworkstation/cmd/cws-gui/main.go:445.40,447.3 1 0
github.com/scttfrdmn/cloudworkstation/cmd/cws-gui/main.go:450.2,453.33 2 0
github.com/scttfrdmn/cloudworkstation/cmd/cws-gui/main.go:453.33,455.3 1 0
github.com/scttfrdmn/cloudworkstation/cmd/cws-gui/main.go:457.2,457.12 1 0
github.com/scttfrdmn/cloudworkstation/cmd/cws-gui/main.go:461.59,463.41 1 0
github.com/scttfrdmn/cloudworkstation/cmd/cws-gui/main.go:463.41,464.34 1 0
github.com/scttfrdmn/cloudworkstation/cmd/cws-gui/main.go:464.34,466.4 1 0
github.com/scttfrdmn/cloudworkstation/cmd/cws-gui/main.go:466.9,468.4 1 0
github.com/scttfrdmn/cloudworkstation/cmd/cws-gui/main.go:469.3,469.16 1 0
github.com/scttfrdmn/cloudworkstation/cmd/cws-gui/main.go:474.47,477.2 0 0
github.com/scttfrdmn/cloudworkstation/cmd/cws-gui/main.go:480.51,484.2 1 0
github.com/scttfrdmn/cloudworkstation/cmd/cws-gui/main.go:487.76,498.17 6 0
github.com/scttfrdmn/cloudworkstation/cmd/cws-gui/main.go:499.24,502.22 3 0
github.com/scttfrdmn/cloudworkstation/cmd/cws-gui/main.go:503.24,506.22 3 0
github.com/scttfrdmn/cloudworkstation/cmd/cws-gui/main.go:507.24,510.22 3 0
github.com/scttfrdmn/cloudworkstation/cmd/cws-gui/main.go:511.22,514.22 3 0
github.com/scttfrdmn/cloudworkstation/cmd/cws-gui/main.go:515.22,518.22 3 0
github.com/scttfrdmn/cloudworkstation/cmd/cws-gui/main.go:519.23,522.22 3 0
github.com/scttfrdmn/cloudworkstation/cmd/cws-gui/main.go:525.2,528.47 3 0
github.com/scttfrdmn/cloudworkstation/cmd/cws-gui/main.go:532.52,535.16 2 0
github.com/scttfrdmn/cloudworkstation/cmd/cws-gui/main.go:535.16,537.3 1 0
github.com/scttfrdmn/cloudworkstation/cmd/cws-gui/main.go:540.2,542.12 2 0
github.com/scttfrdmn/cloudworkstation/cmd/cws-gui/main.go:546.71,553.38 2 0
github.com/scttfrdmn/cloudworkstation/cmd/cws-gui/main.go:553.38,556.4 2 0
github.com/scttfrdmn/cloudworkstation/cmd/cws-gui/main.go:560.2,611.24 10 0
github.com/scttfrdmn/cloudworkstation/cmd/cws-gui/main.go:615.71,634.71 4 0
github.com/scttfrdmn/cloudworkstation/cmd/cws-gui/main.go:634.71,636.3 1 0
github.com/scttfrdmn/cloudworkstation/cmd/cws-gui/main.go:639.2,657.13 4 0
github.com/scttfrdmn/cloudworkstation/cmd/cws-gui/main.go:661.62,689.66 12 0
github.com/scttfrdmn/cloudworkstation/cmd/cws-gui/main.go:689.66,691.3 1 0
github.com/scttfrdmn/cloudworkstation/cmd/cws-gui/main.go:694.2,718.78 14 0
github.com/scttfrdmn/cloudworkstation/cmd/cws-gui/main.go:718.78,720.3 1 0
github.com/scttfrdmn/cloudworkstation/cmd/cws-gui/main.go:721.2,721.59 1 0
github.com/scttfrdmn/cloudworkstation/cmd/cws-gui/main.go:725.80,763.35 6 0
github.com/scttfrdmn/cloudworkstation/cmd/cws-gui/main.go:763.35,765.3 1 0
github.com/scttfrdmn/cloudworkstation/cmd/cws-gui/main.go:767.2,767.26 1 0
github.com/scttfrdmn/cloudworkstation/cmd/cws-gui/main.go:771.55,776.2 2 0
github.com/scttfrdmn/cloudworkstation/cmd/cws-gui/main.go:779.54,781.12 1 0
github.com/scttfrdmn/cloudworkstation/cmd/cws-gui/main.go:781.12,788.18 4 0
github.com/scttfrdmn/cloudworkstation/cmd/cws-gui/main.go:788.18,789.18 1 0
github.com/scttfrdmn/cloudworkstation/cmd/cws-gui/main.go:789.18,791.36 2 0
github.com/scttfrdmn/cloudworkstation/cmd/cws-gui/main.go:791.36,793.6 1 0
github.com/scttfrdmn/cloudworkstation/cmd/cws-gui/main.go:794.5,797.42 2 0
github.com/scttfrdmn/cloudworkstation/cmd/cws-gui/main.go:797.42,800.6 2 0
github.com/scttfrdmn/cloudworkstation/cmd/cws-gui/main.go:801.10,803.5 1 0
github.com/scttfrdmn/cloudworkstation/cmd/cws-gui/main.go:808.2,808.12 1 0
github.com/scttfrdmn/cloudworkstation/cmd/cws-gui/main.go:808.12,815.18 4 0
github.com/scttfrdmn/cloudworkstation/cmd/cws-gui/main.go:815.18,816.18 1 0
github.com/scttfrdmn/cloudworkstation/cmd/cws-gui/main.go:816.18,818.36 2 0
github.com/scttfrdmn/cloudworkstation/cmd/cws-gui/main.go:818.36,819.37 1 0
github.com/scttfrdmn/cloudworkstation/cmd/cws-gui/main.go:819.37,821.7 1 0
github.com/scttfrdmn/cloudworkstation/cmd/cws-gui/main.go:823.5,826.45 2 0
github.com/scttfrdmn/cloudworkstation/cmd/cws-gui/main.go:826.45,829.6 2 0
github.com/scttfrdmn/cloudworkstation/cmd/cws-gui/main.go:830.10,832.5 1 0
github.com/scttfrdmn/cloudworkstation/cmd/cws-gui/main.go:838.73,841.18 2 0
github.com/scttfrdmn/cloudworkstation/cmd/cws-gui/main.go:842.15,843.92 1 0
github.com/scttfrdmn/cloudworkstation/cmd/cws-gui/main.go:844.13,845.76 1 0
github.com/scttfrdmn/cloudworkstation/cmd/cws-gui/main.go:846.13,847.74 1 0
github.com/scttfrdmn/cloudworkstation/cmd/cws-gui/main.go:848.15,849.72 1 0
github.com/scttfrdmn/cloudworkstation/cmd/cws-gui/main.go:850.13,851.66 1 0
github.com/scttfrdmn/cloudworkstation/cmd/cws-gui/main.go:852.17,853.77 1 0
github.com/scttfrdmn/cloudworkstation/cmd/cws-gui/main.go:854.10,855.70 1 0
github.com/scttfrdmn/cloudworkstation/cmd/cws-gui/main.go:858.2,858.40 1 0
github.com/scttfrdmn/cloudworkstation/cmd/cws-gui/main.go:858.40,860.3 1 0
github.com/scttfrdmn/cloudworkstation/cmd/cws-gui/main.go:864.75,865.27 1 0
github.com/scttfrdmn/cloudworkstation/cmd/cws-gui/main.go:865.27,870.3 1 0
github.com/scttfrdmn/cloudworkstation/cmd/cws-gui/main.go:873.2,875.39 3 0
github.com/scttfrdmn/cloudworkstation/cmd/cws-gui/main.go:875.39,876.17 1 0
github.com/scttfrdmn/cloudworkstation/cmd/cws-gui/main.go:876.17,877.9 1 0
github.com/scttfrdmn/cloudworkstation/cmd/cws-gui/main.go:880.3,889.38 2 0
github.com/scttfrdmn/cloudworkstation/cmd/cws-gui/main.go:889.38,891.5 1 0
github.com/scttfrdmn/cloudworkstation/cmd/cws-gui/main.go:894.3,895.10 2 0
github.com/scttfrdmn/cloudworkstation/cmd/cws-gui/main.go:898.2,898.40 1 0
github.com/scttfrdmn/cloudworkstation/cmd/cws-gui/main.go:902.71,906.41 1 0
github.com/scttfrdmn/cloudworkstation/cmd/cws-gui/main.go:906.41,908.4 1 0
github.com/scttfrdmn/cloudworkstation/cmd/cws-gui/main.go:909.38,911.4 1 0
github.com/scttfrdmn/cloudworkstation/cmd/cws-gui/main.go:915.2,929.24 6 0
github.com/scttfrdmn/cloudworkstation/cmd/cws-gui/main.go:933.62,934.33 1 0
github.com/scttfrdmn/cloudworkstation/cmd/cws-gui/main.go:934.33,936.3 1 0
github.com/scttfrdmn/cloudworkstation/cmd/cws-gui/main.go:940.50,941.33 1 0
github.com/scttfrdmn/cloudworkstation/cmd/cws-gui/main.go:941.33,943.3 1 0
github.com/scttfrdmn/cloudworkstation/cmd/cws-gui/main.go:946.2,954.12 5 0
github.com/scttfrdmn/cloudworkstation/cmd/cws-gui/main.go:954.12,961.18 4 0
github.com/scttfrdmn/cloudworkstation/cmd/cws-gui/main.go:961.18,962.18 1 0
github.com/scttfrdmn/cloudworkstation/cmd/cws-gui/main.go:962.18,967.5 4 0
github.com/scttfrdmn/cloudworkstation/cmd/cws-gui/main.go:969.4,969.42 1 0
github.com/scttfrdmn/cloudworkstation/cmd/cws-gui/main.go:975.76,979.25 3 0
github.com/scttfrdmn/cloudworkstation/cmd/cws-gui/main.go:979.25,983.59 1 0
github.com/scttfrdmn/cloudworkstation/cmd/cws-gui/main.go:983.59,985.6 1 0
github.com/scttfrdmn/cloudworkstation/cmd/cws-gui/main.go:988.3,990.9 3 0
github.com/scttfrdmn/cloudworkstation/cmd/cws-gui/main.go:994.2,994.37 1 0
github.com/scttfrdmn/cloudworkstation/cmd/cws-gui/main.go:994.37,998.3 3 0
github.com/scttfrdmn/cloudworkstation/cmd/cws-gui/main.go:1000.2,1000.32 1 0
github.com/scttfrdmn/cloudworkstation/cmd/cws-gui/main.go:1004.96,1018.42 8 0
github.com/scttfrdmn/cloudworkstation/cmd/cws-gui/main.go:1018.42,1020.3 1 0
github.com/scttfrdmn/cloudworkstation/cmd/cws-gui/main.go:1021.2,1026.29 3 0
github.com/scttfrdmn/cloudworkstation/cmd/cws-gui/main.go:1026.29,1028.3 1 0
github.com/scttfrdmn/cloudworkstation/cmd/cws-gui/main.go:1029.2,1029.30 1 0
github.com/scttfrdmn/cloudworkstation/cmd/cws-gui/main.go:1029.30,1031.3 1 0
github.com/scttfrdmn/cloudworkstation/cmd/cws-gui/main.go:1034.2,1034.39 1 0
github.com/scttfrdmn/cloudworkstation/cmd/cws-gui/main.go:1034.39,1036.3 1 0
github.com/scttfrdmn/cloudworkstation/cmd/cws-gui/main.go:1037.2,1037.42 1 0
github.com/scttfrdmn/cloudworkstation/cmd/cws-gui/main.go:1037.42,1039.3 1 0
github.com/scttfrdmn/cloudworkstation/cmd/cws-gui/main.go:1042.2,1056.69 6 0
github.com/scttfrdmn/cloudworkstation/cmd/cws-gui/main.go:1056.69,1058.43 2 0
github.com/scttfrdmn/cloudworkstation/cmd/cws-gui/main.go:1058.43,1060.4 1 0
github.com/scttfrdmn/cloudworkstation/cmd/cws-gui/main.go:1061.3,1061.51 1 0
github.com/scttfrdmn/cloudworkstation/cmd/cws-gui/main.go:1065.2,1065.61 1 0
github.com/scttfrdmn/cloudworkstation/cmd/cws-gui/main.go:1065.61,1070.28 3 0
github.com/scttfrdmn/cloudworkstation/cmd/cws-gui/main.go:1071.21,1073.67 2 0
github.com/scttfrdmn/cloudworkstation/cmd/cws-gui/main.go:1074.26,1076.63 2 0
github.com/scttfrdmn/cloudworkstation/cmd/cws-gui/main.go:1077.27,1079.64 2 0
github.com/scttfrdmn/cloudworkstation/cmd/cws-gui/main.go:1082.3,1082.19 1 0
github.com/scttfrdmn/cloudworkstation/cmd/cws-gui/main.go:1082.19,1084.4 1 0
github.com/scttfrdmn/cloudworkstation/cmd/cws-gui/main.go:1087.3,1091.43 4 0
github.com/scttfrdmn/cloudworkstation/cmd/cws-gui/main.go:1095.2,1098.33 2 0
github.com/scttfrdmn/cloudworkstation/cmd/cws-gui/main.go:1098.33,1099.52 1 0
github.com/scttfrdmn/cloudworkstation/cmd/cws-gui/main.go:1099.52,1101.4 1 0
github.com/scttfrdmn/cloudworkstation/cmd/cws-gui/main.go:1102.3,1105.46 3 0
github.com/scttfrdmn/cloudworkstation/cmd/cws-gui/main.go:1105.46,1107.4 1 0
github.com/scttfrdmn/cloudworkstation/cmd/cws-gui/main.go:1108.3,1110.56 2 0
github.com/scttfrdmn/cloudworkstation/cmd/cws-gui/main.go:1110.56,1112.4 1 0
github.com/scttfrdmn/cloudworkstation/cmd/cws-gui/main.go:1113.3,1113.37 1 0
github.com/scttfrdmn/cloudworkstation/cmd/cws-gui/main.go:1114.8,1114.40 1 0
github.com/scttfrdmn/cloudworkstation/cmd/cws-gui/main.go:1114.40,1115.48 1 0
github.com/scttfrdmn/cloudworkstation/cmd/cws-gui/main.go:1115.48,1117.4 1 0
github.com/scttfrdmn/cloudworkstation/cmd/cws-gui/main.go:1118.3,1122.50 3 0
github.com/scttfrdmn/cloudworkstation/cmd/cws-gui/main.go:1122.50,1124.4 1 0
github.com/scttfrdmn/cloudworkstation/cmd/cws-gui/main.go:1125.3,1126.34 2 0
github.com/scttfrdmn/cloudworkstation/cmd/cws-gui/main.go:1130.2,1130.33 1 0
github.com/scttfrdmn/cloudworkstation/cmd/cws-gui/main.go:1130.33,1131.65 1 0
github.com/scttfrdmn/cloudworkstation/cmd/cws-gui/main.go:1131.65,1133.4 1 0
github.com/scttfrdmn/cloudworkstation/cmd/cws-gui/main.go:1134.3,1136.68 2 0
github.com/scttfrdmn/cloudworkstation/cmd/cws-gui/main.go:1136.68,1138.4 1 0
github.com/scttfrdmn/cloudworkstation/cmd/cws-gui/main.go:1139.3,1139.42 1 0
github.com/scttfrdmn/cloudworkstation/cmd/cws-gui/main.go:1142.2,1142.48 1 0
github.com/scttfrdmn/cloudworkstation/cmd/cws-gui/main.go:1142.48,1144.3 1 0
github.com/scttfrdmn/cloudworkstation/cmd/cws-gui/main.go:1145.2,1149.49 3 0
github.com/scttfrdmn/cloudworkstation/cmd/cws-gui/main.go:1149.49,1151.3 1 0
github.com/scttfrdmn/cloudworkstation/cmd/cws-gui/main.go:1152.2,1164.44 4 0
github.com/scttfrdmn/cloudworkstation/cmd/cws-gui/main.go:1168.71,1173.38 1 0
github.com/scttfrdmn/cloudworkstation/cmd/cws-gui/main.go:1173.38,1175.4 1 0
github.com/scttfrdmn/cloudworkstation/cmd/cws-gui/main.go:1179.2,1191.24 6 0
github.com/scttfrdmn/cloudworkstation/cmd/cws-gui/main.go:1195.50,1205.12 5 0
github.com/scttfrdmn/cloudworkstation/cmd/cws-gui/main.go:1205.12,1212.17 4 0
github.com/scttfrdmn/cloudworkstation/cmd/cws-gui/main.go:1212.17,1213.26 1 0
github.com/scttfrdmn/cloudworkstation/cmd/cws-gui/main.go:1213.26,1217.5 3 0
github.com/scttfrdmn/cloudworkstation/cmd/cws-gui/main.go:1218.4,1218.10 1 0
github.com/scttfrdmn/cloudworkstation/cmd/cws-gui/main.go:1221.3,1221.25 1 0
github.com/scttfrdmn/cloudworkstation/cmd/cws-gui/main.go:1221.25,1223.4 1 0
github.com/scttfrdmn/cloudworkstation/cmd/cws-gui/main.go:1228.85,1231.25 2 0
github.com/scttfrdmn/cloudworkstation/cmd/cws-gui/main.go:1231.25,1235.3 3 0
github.com/scttfrdmn/cloudworkstation/cmd/cws-gui/main.go:1238.2,1241.38 2 0
github.com/scttfrdmn/cloudworkstation/cmd/cws-gui/main.go:1241.38,1248.3 4 0
github.com/scttfrdmn/cloudworkstation/cmd/cws-gui/main.go:1250.2,1251.32 2 0
github.com/scttfrdmn/cloudworkstation/cmd/cws-gui/main.go:1255.107,1260.36 2 0
github.com/scttfrdmn/cloudworkstation/cmd/cws-gui/main.go:1260.36,1261.64 1 0
github.com/scttfrdmn/cloudworkstation/cmd/cws-gui/main.go:1261.64,1263.4 1 0
github.com/scttfrdmn/cloudworkstation/cmd/cws-gui/main.go:1264.3,1264.65 1 0
github.com/scttfrdmn/cloudworkstation/cmd/cws-gui/main.go:1264.65,1266.4 1 0
github.com/scttfrdmn/cloudworkstation/cmd/cws-gui/main.go:1270.2,1270.44 1 0
github.com/scttfrdmn/cloudworkstation/cmd/cws-gui/main.go:1270.44,1271.72 1 0
github.com/scttfrdmn/cloudworkstation/cmd/cws-gui/main.go:1271.72,1273.4 1 0
github.com/scttfrdmn/cloudworkstation/cmd/cws-gui/main.go:1274.3,1274.73 1 0
github.com/scttfrdmn/cloudworkstation/cmd/cws-gui/main.go:1274.73,1276.4 1 0
github.com/scttfrdmn/cloudworkstation/cmd/cws-gui/main.go:1280.2,1280.29 1 0
github.com/scttfrdmn/cloudworkstation/cmd/cws-gui/main.go:1280.29,1282.39 2 0
github.com/scttfrdmn/cloudworkstation/cmd/cws-gui/main.go:1282.39,1283.13 1 0
github.com/scttfrdmn/cloudworkstation/cmd/cws-gui/main.go:1283.13,1285.5 1 0
github.com/scttfrdmn/cloudworkstation/cmd/cws-gui/main.go:1286.4,1286.39 1 0
github.com/scttfrdmn/cloudworkstation/cmd/cws-gui/main.go:1288.3,1288.66 1 0
github.com/scttfrdmn/cloudworkstation/cmd/cws-gui/main.go:1292.2,1292.67 1 0
github.com/scttfrdmn/cloudworkstation/cmd/cws-gui/main.go:1292.67,1294.3 1 0
github.com/scttfrdmn/cloudworkstation/cmd/cws-gui/main.go:1295.2,1300.78 4 0
github.com/scttfrdmn/cloudworkstation/cmd/cws-gui/main.go:1304.92,1311.36 4 0
github.com/scttfrdmn/cloudworkstation/cmd/cws-gui/main.go:1311.36,1313.68 1 0
github.com/scttfrdmn/cloudworkstation/cmd/cws-gui/main.go:1313.68,1315.4 1 0
github.com/scttfrdmn/cloudworkstation/cmd/cws-gui/main.go:1317.2,1332.58 4 0
github.com/scttfrdmn/cloudworkstation/cmd/cws-gui/main.go:1332.58,1336.25 3 0
github.com/scttfrdmn/cloudworkstation/cmd/cws-gui/main.go:1336.25,1339.4 2 0
github.com/scttfrdmn/cloudworkstation/cmd/cws-gui/main.go:1342.3,1343.59 2 0
github.com/scttfrdmn/cloudworkstation/cmd/cws-gui/main.go:1345.2,1347.49 2 0
github.com/scttfrdmn/cloudworkstation/cmd/cws-gui/main.go:1347.49,1349.3 1 0
github.com/scttfrdmn/cloudworkstation/cmd/cws-gui/main.go:1351.2,1362.15 5 0
github.com/scttfrdmn/cloudworkstation/cmd/cws-gui/main.go:1366.93,1371.12 2 0
github.com/scttfrdmn/cloudworkstation/cmd/cws-gui/main.go:1371.12,1386.18 5 0
github.com/scttfrdmn/cloudworkstation/cmd/cws-gui/main.go:1386.18,1387.18 1 0
github.com/scttfrdmn/cloudworkstation/cmd/cws-gui/main.go:1387.18,1390.5 2 0
github.com/scttfrdmn/cloudworkstation/cmd/cws-gui/main.go:1392.4,1393.19 2 0
github.com/scttfrdmn/cloudworkstation/cmd/cws-gui/main.go:1399.67,1404.38 1 0
github.com/scttfrdmn/cloudworkstation/cmd/cws-gui/main.go:1404.38,1406.4 1 0
github.com/scttfrdmn/cloudworkstation/cmd/cws-gui/main.go:1410.2,1425.16 7 0
github.com/scttfrdmn/cloudworkstation/cmd/cws-gui/main.go:1429.61,1430.27 1 0
github.com/scttfrdmn/cloudworkstation/cmd/cws-gui/main.go:1430.27,1432.3 1 0
github.com/scttfrdmn/cloudworkstation/cmd/cws-gui/main.go:1433.2,1433.27 1 0
github.com/scttfrdmn/cloudworkstation/cmd/cws-gui/main.go:1433.27,1435.3 1 0
github.com/scttfrdmn/cloudworkstation/cmd/cws-gui/main.go:1439.72,1441.27 1 0
github.com/scttfrdmn/cloudworkstation/cmd/cws-gui/main.go:1441.27,1443.3 1 0
github.com/scttfrdmn/cloudworkstation/cmd/cws-gui/main.go:1446.2,1446.60 1 0
github.com/scttfrdmn/cloudworkstation/cmd/cws-gui/main.go:1446.60,1448.3 1 0
github.com/scttfrdmn/cloudworkstation/cmd/cws-gui/main.go:1449.2,1464.24 5 0
github.com/scttfrdmn/cloudworkstation/cmd/cws-gui/main.go:1468.72,1470.27 1 0
github.com/scttfrdmn/cloudworkstation/cmd/cws-gui/main.go:1470.27,1472.3 1 0
github.com/scttfrdmn/cloudworkstation/cmd/cws-gui/main.go:1475.2,1475.60 1 0
github.com/scttfrdmn/cloudworkstation/cmd/cws-gui/main.go:1475.60,1477.3 1 0
github.com/scttfrdmn/cloudworkstation/cmd/cws-gui/main.go:1478.2,1493.24 5 0
github.com/scttfrdmn/cloudworkstation/cmd/cws-gui/main.go:1497.48,1500.2 2 0
github.com/scttfrdmn/cloudworkstation/cmd/cws-gui/main.go:1503.51,1504.27 1 0
github.com/scttfrdmn/cloudworkstation/cmd/cws-gui/main.go:1504.27,1506.3 1 0
github.com/scttfrdmn/cloudworkstation/cmd/cws-gui/main.go:1509.2,1517.12 5 0
github.com/scttfrdmn/cloudworkstation/cmd/cws-gui/main.go:1517.12,1524.18 4 0
github.com/scttfrdmn/cloudworkstation/cmd/cws-gui/main.go:1524.18,1525.18 1 0
github.com/scttfrdmn/cloudworkstation/cmd/cws-gui/main.go:1525.18,1530.5 4 0
github.com/scttfrdmn/cloudworkstation/cmd/cws-gui/main.go:1532.4,1532.32 1 0
github.com/scttfrdmn/cloudworkstation/cmd/cws-gui/main.go:1538.51,1539.27 1 0
github.com/scttfrdmn/cloudworkstation/cmd/cws-gui/main.go:1539.27,1541.3 1 0
github.com/scttfrdmn/cloudworkstation/cmd/cws-gui/main.go:1544.2,1552.12 5 0
github.com/scttfrdmn/cloudworkstation/cmd/cws-gui/main.go:1552.12,1559.18 4 0
github.com/scttfrdmn/cloudworkstation/cmd/cws-gui/main.go:1559.18,1560.18 1 0
github.com/scttfrdmn/cloudworkstation/cmd/cws-gui/main.go:1560.18,1565.5 4 0
github.com/scttfrdmn/cloudworkstation/cmd/cws-gui/main.go:1567.4,1567.32 1 0
github.com/scttfrdmn/cloudworkstation/cmd/cws-gui/main.go:1573.76,1576.23 2 0
github.com/scttfrdmn/cloudworkstation/cmd/cws-gui/main.go:1576.23,1580.3 3 0
github.com/scttfrdmn/cloudworkstation/cmd/cws-gui/main.go:1583.2,1583.33 1 0
github.com/scttfrdmn/cloudworkstation/cmd/cws-gui/main.go:1583.33,1587.3 3 0
github.com/scttfrdmn/cloudworkstation/cmd/cws-gui/main.go:1589.2,1589.26 1 0
github.com/scttfrdmn/cloudworkstation/cmd/cws-gui/main.go:1593.76,1596.23 2 0
github.com/scttfrdmn/cloudworkstation/cmd/cws-gui/main.go:1596.23,1600.3 3 0
github.com/scttfrdmn/cloudworkstation/cmd/cws-gui/main.go:1603.2,1603.33 1 0
github.com/scttfrdmn/cloudworkstation/cmd/cws-gui/main.go:1603.33,1607.3 3 0
github.com/scttfrdmn/cloudworkstation/cmd/cws-gui/main.go:1609.2,1609.26 1 0
github.com/scttfrdmn/cloudworkstation/cmd/cws-gui/main.go:1613.88,1621.24 5 0
github.com/scttfrdmn/cloudworkstation/cmd/cws-gui/main.go:1621.24,1623.3 1 0
github.com/scttfrdmn/cloudworkstation/cmd/cws-gui/main.go:1625.2,1625.34 1 0
github.com/scttfrdmn/cloudworkstation/cmd/cws-gui/main.go:1625.34,1627.3 1 0
github.com/scttfrdmn/cloudworkstation/cmd/cws-gui/main.go:1630.2,1632.45 2 0
github.com/scttfrdmn/cloudworkstation/cmd/cws-gui/main.go:1632.45,1634.3 1 0
github.com/scttfrdmn/cloudworkstation/cmd/cws-gui/main.go:1636.2,1636.49 1 0
github.com/scttfrdmn/cloudworkstation/cmd/cws-gui/main.go:1636.49,1638.3 1 0
github.com/scttfrdmn/cloudworkstation/cmd/cws-gui/main.go:1639.2,1647.68 6 0
github.com/scttfrdmn/cloudworkstation/cmd/cws-gui/main.go:1651.88,1662.29 8 0
github.com/scttfrdmn/cloudworkstation/cmd/cws-gui/main.go:1662.29,1664.3 1 0
github.com/scttfrdmn/cloudworkstation/cmd/cws-gui/main.go:1667.2,1669.45 2 0
github.com/scttfrdmn/cloudworkstation/cmd/cws-gui/main.go:1669.45,1671.3 1 0
github.com/scttfrdmn/cloudworkstation/cmd/cws-gui/main.go:1674.2,1674.60 1 0
github.com/scttfrdmn/cloudworkstation/cmd/cws-gui/main.go:1674.60,1675.50 1 0
github.com/scttfrdmn/cloudworkstation/cmd/cws-gui/main.go:1675.50,1677.4 1 0
github.com/scttfrdmn/cloudworkstation/cmd/cws-gui/main.go:1678.3,1679.33 2 0
github.com/scttfrdmn/cloudworkstation/cmd/cws-gui/main.go:1680.8,1680.36 1 0
github.com/scttfrdmn/cloudworkstation/cmd/cws-gui/main.go:1680.36,1681.50 1 0
github.com/scttfrdmn/cloudworkstation/cmd/cws-gui/main.go:1681.50,1683.4 1 0
github.com/scttfrdmn/cloudworkstation/cmd/cws-gui/main.go:1684.3,1684.33 1 0
github.com/scttfrdmn/cloudworkstation/cmd/cws-gui/main.go:1687.2,1687.49 1 0
github.com/scttfrdmn/cloudworkstation/cmd/cws-gui/main.go:1687.49,1689.3 1 0
github.com/scttfrdmn/cloudworkstation/cmd/cws-gui/main.go:1690.2,1698.105 6 0
github.com/scttfrdmn/cloudworkstation/cmd/cws-gui/main.go:1704.53,1727.56 8 0
github.com/scttfrdmn/cloudworkstation/cmd/cws-gui/main.go:1727.56,1729.23 2 0
github.com/scttfrdmn/cloudworkstation/cmd/cws-gui/main.go:1729.23,1732.4 2 0
github.com/scttfrdmn/cloudworkstation/cmd/cws-gui/main.go:1735.3,1741.29 2 0
github.com/scttfrdmn/cloudworkstation/cmd/cws-gui/main.go:1743.2,1745.49 2 0
github.com/scttfrdmn/cloudworkstation/cmd/cws-gui/main.go:1745.50,1747.3 0 0
github.com/scttfrdmn/cloudworkstation/cmd/cws-gui/main.go:1749.2,1754.15 5 0
github.com/scttfrdmn/cloudworkstation/cmd/cws-gui/main.go:1758.53,1781.56 8 0
github.com/scttfrdmn/cloudworkstation/cmd/cws-gui/main.go:1781.56,1783.23 2 0
github.com/scttfrdmn/cloudworkstation/cmd/cws-gui/main.go:1783.23,1786.4 2 0
github.com/scttfrdmn/cloudworkstation/cmd/cws-gui/main.go:1789.3,1790.30 2 0
github.com/scttfrdmn/cloudworkstation/cmd/cws-gui/main.go:1791.21,1792.15 1 0
github.com/scttfrdmn/cloudworkstation/cmd/cws-gui/main.go:1793.20,1794.14 1 0
github.com/scttfrdmn/cloudworkstation/cmd/cws-gui/main.go:1795.18,1796.14 1 0
github.com/scttfrdmn/cloudworkstation/cmd/cws-gui/main.go:1797.18,1798.14 1 0
github.com/scttfrdmn/cloudworkstation/cmd/cws-gui/main.go:1799.19,1800.15 1 0
github.com/scttfrdmn/cloudworkstation/cmd/cws-gui/main.go:1804.3,1810.29 2 0
github.com/scttfrdmn/cloudworkstation/cmd/cws-gui/main.go:1812.2,1814.49 2 0
github.com/scttfrdmn/cloudworkstation/cmd/cws-gui/main.go:1814.50,1816.3 0 0
github.com/scttfrdmn/cloudworkstation/cmd/cws-gui/main.go:1818.2,1823.15 5 0
github.com/scttfrdmn/cloudworkstation/cmd/cws-gui/main.go:1827.77,1840.2 5 0
github.com/scttfrdmn/cloudworkstation/cmd/cws-gui/main.go:1843.85,1847.67 3 0
github.com/scttfrdmn/cloudworkstation/cmd/cws-gui/main.go:1847.67,1848.16 1 0
github.com/scttfrdmn/cloudworkstation/cmd/cws-gui/main.go:1848.16,1850.4 1 0
github.com/scttfrdmn/cloudworkstation/cmd/cws-gui/main.go:1853.2,1853.15 1 0
github.com/scttfrdmn/cloudworkstation/cmd/cws-gui/main.go:1857.67,1860.39 2 0
github.com/scttfrdmn/cloudworkstation/cmd/cws-gui/main.go:1860.39,1861.34 1 0
github.com/scttfrdmn/cloudworkstation/cmd/cws-gui/main.go:1861.34,1863.4 1 0
github.com/scttfrdmn/cloudworkstation/cmd/cws-gui/main.go:1866.2,1866.29 1 0
github.com/scttfrdmn/cloudworkstation/cmd/cws-gui/main.go:1866.29,1869.3 2 0
github.com/scttfrdmn/cloudworkstation/cmd/cws-gui/main.go:1871.2,1872.28 2 0
github.com/scttfrdmn/cloudworkstation/cmd/cws-gui/main.go:1872.28,1874.3 1 0
github.com/scttfrdmn/cloudworkstation/cmd/cws-gui/main.go:1876.2,1883.49 2 0
github.com/scttfrdmn/cloudworkstation/cmd/cws-gui/main.go:1883.49,1884.36 1 0
github.com/scttfrdmn/cloudworkstation/cmd/cws-gui/main.go:1884.36,1887.4 2 0
github.com/scttfrdmn/cloudworkstation/cmd/cws-gui/main.go:1889.3,1889.54 1 0
github.com/scttfrdmn/cloudworkstation/cmd/cws-gui/main.go:1891.2,1893.49 2 0
github.com/scttfrdmn/cloudworkstation/cmd/cws-gui/main.go:1893.50,1895.3 0 0
github.com/scttfrdmn/cloudworkstation/cmd/cws-gui/main.go:1897.2,1902.15 5 0
github.com/scttfrdmn/cloudworkstation/cmd/cws-gui/main.go:1906.73,1910.67 3 0
github.com/scttfrdmn/cloudworkstation/cmd/cws-gui/main.go:1910.67,1911.16 1 0
github.com/scttfrdmn/cloudworkstation/cmd/cws-gui/main.go:1911.16,1913.4 1 0
github.com/scttfrdmn/cloudworkstation/cmd/cws-gui/main.go:1916.2,1916.15 1 0
github.com/scttfrdmn/cloudworkstation/cmd/cws-gui/main.go:1922.82,1925.12 2 0
github.com/scttfrdmn/cloudworkstation/cmd/cws-gui/main.go:1925.12,1930.17 4 0
github.com/scttfrdmn/cloudworkstation/cmd/cws-gui/main.go:1930.17,1933.4 2 0
github.com/scttfrdmn/cloudworkstation/cmd/cws-gui/main.go:1935.3,1936.24 2 0
github.com/scttfrdmn/cloudworkstation/cmd/cws-gui/main.go:1941.83,1944.12 2 0
github.com/scttfrdmn/cloudworkstation/cmd/cws-gui/main.go:1944.12,1949.17 4 0
github.com/scttfrdmn/cloudworkstation/cmd/cws-gui/main.go:1949.17,1952.4 2 0
github.com/scttfrdmn/cloudworkstation/cmd/cws-gui/main.go:1954.3,1955.24 2 0
github.com/scttfrdmn/cloudworkstation/cmd/cws-gui/main.go:1960.75,1963.12 2 0
github.com/scttfrdmn/cloudworkstation/cmd/cws-gui/main.go:1963.12,1968.26 4 0
github.com/scttfrdmn/cloudworkstation/cmd/cws-gui/main.go:1968.26,1970.4 1 0
github.com/scttfrdmn/cloudworkstation/cmd/cws-gui/main.go:1970.9,1972.4 1 0
github.com/scttfrdmn/cloudworkstation/cmd/cws-gui/main.go:1974.3,1974.17 1 0
github.com/scttfrdmn/cloudworkstation/cmd/cws-gui/main.go:1974.17,1977.4 2 0
github.com/scttfrdmn/cloudworkstation/cmd/cws-gui/main.go:1979.3,1980.21 2 0
github.com/scttfrdmn/cloudworkstation/cmd/cws-gui/main.go:1985.77,1988.12 2 0
github.com/scttfrdmn/cloudworkstation/cmd/cws-gui/main.go:1988.12,1993.17 4 0
github.com/scttfrdmn/cloudworkstation/cmd/cws-gui/main.go:1993.17,1996.4 2 0
github.com/scttfrdmn/cloudworkstation/cmd/cws-gui/main.go:1998.3,1999.24 2 0
github.com/scttfrdmn/cloudworkstation/cmd/cws-gui/main.go:2004.63,2007.12 2 0
github.com/scttfrdmn/cloudworkstation/cmd/cws-gui/main.go:2007.12,2012.17 4 0
github.com/scttfrdmn/cloudworkstation/cmd/cws-gui/main.go:2012.17,2015.4 2 0
github.com/scttfrdmn/cloudworkstation/cmd/cws-gui/main.go:2017.3,2018.24 2 0
github.com/scttfrdmn/cloudworkstation/cmd/cws-gui/main.go:2023.67,2055.2 4 0
github.com/scttfrdmn/cloudworkstation/cmd/cws-gui/main.go:2058.68,2062.38 1 0
github.com/scttfrdmn/cloudworkstation/cmd/cws-gui/main.go:2062.38,2064.4 1 0
github.com/scttfrdmn/cloudworkstation/cmd/cws-gui/main.go:2068.2,2110.16 8 0
github.com/scttfrdmn/cloudworkstation/cmd/cws-gui/main.go:2116.62,2118.55 1 0
github.com/scttfrdmn/cloudworkstation/cmd/cws-gui/main.go:2118.55,2121.3 2 0
github.com/scttfrdmn/cloudworkstation/cmd/cws-gui/main.go:2124.2,2127.43 3 0
github.com/scttfrdmn/cloudworkstation/cmd/cws-gui/main.go:2127.43,2130.3 2 0
github.com/scttfrdmn/cloudworkstation/cmd/cws-gui/main.go:2133.2,2137.16 3 0
github.com/scttfrdmn/cloudworkstation/cmd/cws-gui/main.go:2137.16,2139.3 1 0
github.com/scttfrdmn/cloudworkstation/cmd/cws-gui/main.go:2142.2,2146.12 3 0
github.com/scttfrdmn/cloudworkstation/cmd/cws-gui/main.go:2146.12,2155.18 4 0
github.com/scttfrdmn/cloudworkstation/cmd/cws-gui/main.go:2155.18,2160.18 3 0
github.com/scttfrdmn/cloudworkstation/cmd/cws-gui/main.go:2160.18,2163.5 2 0
github.com/scttfrdmn/cloudworkstation/cmd/cws-gui/main.go:2166.4,2166.18 1 0
github.com/scttfrdmn/cloudworkstation/cmd/cws-gui/main.go:2166.18,2168.5 1 0
github.com/scttfrdmn/cloudworkstation/cmd/cws-gui/main.go:2168.10,2172.5 3 0
github.com/scttfrdmn/cloudworkstation/cmd/cws-gui/main.go:2178.80,2181.44 2 0
github.com/scttfrdmn/cloudworkstation/cmd/cws-gui/main.go:2181.44,2183.21 2 0
github.com/scttfrdmn/cloudworkstation/cmd/cws-gui/main.go:2183.21,2185.4 1 0
github.com/scttfrdmn/cloudworkstation/cmd/cws-gui/main.go:2188.2,2196.105 2 0
github.com/scttfrdmn/cloudworkstation/cmd/cws-gui/main.go:2196.105,2198.3 1 0
github.com/scttfrdmn/cloudworkstation/cmd/cws-gui/main.go:2201.2,2201.47 1 0
github.com/scttfrdmn/cloudworkstation/cmd/cws-gui/main.go:2201.47,2203.3 1 0
github.com/scttfrdmn/cloudworkstation/cmd/cws-gui/main.go:2205.2,2205.50 1 0
github.com/scttfrdmn/cloudworkstation/cmd/cws-gui/main.go:2205.50,2207.3 1 0
github.com/scttfrdmn/cloudworkstation/cmd/cws-gui/main.go:2210.2,2210.41 1 0
github.com/scttfrdmn/cloudworkstation/cmd/cws-gui/main.go:2210.41,2212.3 1 0
github.com/scttfrdmn/cloudworkstation/cmd/cws-gui/main.go:2214.2,2214.41 1 0
github.com/scttfrdmn/cloudworkstation/cmd/cws-gui/main.go:2214.41,2216.3 1 0
github.com/scttfrdmn/cloudworkstation/cmd/cws-gui/main.go:2218.2,2218.38 1 0
github.com/scttfrdmn/cloudworkstation/cmd/cws-gui/main.go:2218.38,2220.3 1 0
github.com/scttfrdmn/cloudworkstation/cmd/cws-gui/main.go:2223.2,2225.12 2 0
github.com/scttfrdmn/cloudworkstation/cmd/cws-gui/main.go:2229.66,2230.48 1 0
github.com/scttfrdmn/cloudworkstation/cmd/cws-gui/main.go:2230.48,2232.3 1 0
github.com/scttfrdmn/cloudworkstation/cmd/cws-gui/main.go:2234.2,2235.24 2 0
github.com/scttfrdmn/cloudworkstation/cmd/cws-gui/main.go:2235.24,2237.3 1 0
github.com/scttfrdmn/cloudworkstation/cmd/cws-gui/main.go:2240.2,2240.27 1 0
github.com/scttfrdmn/cloudworkstation/cmd/cws-gui/main.go:2240.27,2242.3 1 0
github.com/scttfrdmn/cloudworkstation/cmd/cws-gui/main.go:2244.2,2244.28 1 0
github.com/scttfrdmn/cloudworkstation/cmd/cws-gui/main.go:2244.28,2246.3 1 0
github.com/scttfrdmn/cloudworkstation/cmd/cws-gui/main.go:2249.2,2249.39 1 0
github.com/scttfrdmn/cloudworkstation/cmd/cws-gui/main.go:2249.39,2250.36 1 0
github.com/scttfrdmn/cloudworkstation/cmd/cws-gui/main.go:2250.36,2252.4 1 0
github.com/scttfrdmn/cloudworkstation/cmd/cws-gui/main.go:2255.2,2255.44 1 0
github.com/scttfrdmn/cloudworkstation/cmd/cws-gui/main.go:2255.44,2257.3 1 0
github.com/scttfrdmn/cloudworkstation/cmd/cws-gui/main.go:2260.2,2260.41 1 0
github.com/scttfrdmn/cloudworkstation/cmd/cws-gui/main.go:2260.41,2262.46 2 0
github.com/scttfrdmn/cloudworkstation/cmd/cws-gui/main.go:2262.46,2264.4 1 0
github.com/scttfrdmn/cloudworkstation/cmd/cws-gui/main.go:2267.2,2267.38 1 0
github.com/scttfrdmn/cloudworkstation/cmd/cws-gui/main.go:2267.38,2269.40 2 0
github.com/scttfrdmn/cloudworkstation/cmd/cws-gui/main.go:2269.40,2271.4 1 0
github.com/scttfrdmn/cloudworkstation/cmd/cws-gui/main.go:2274.2,2274.12 1 0
github.com/scttfrdmn/cloudworkstation/cmd/cws-gui/main.go:2278.81,2293.48 9 0
github.com/scttfrdmn/cloudworkstation/cmd/cws-gui/main.go:2293.48,2295.3 1 0
github.com/scttfrdmn/cloudworkstation/cmd/cws-gui/main.go:2297.2,2297.51 1 0
github.com/scttfrdmn/cloudworkstation/cmd/cws-gui/main.go:2297.51,2299.3 1 0
github.com/scttfrdmn/cloudworkstation/cmd/cws-gui/main.go:2301.2,2314.53 7 0
github.com/scttfrdmn/cloudworkstation/cmd/cws-gui/main.go:2314.53,2318.3 2 0
github.com/scttfrdmn/cloudworkstation/cmd/cws-gui/main.go:2319.2,2321.59 2 0
github.com/scttfrdmn/cloudworkstation/cmd/cws-gui/main.go:2321.60,2323.3 0 0
github.com/scttfrdmn/cloudworkstation/cmd/cws-gui/main.go:2325.2,2336.15 6 0
github.com/scttfrdmn/cloudworkstation/cmd/cws-gui/main.go:2342.77,2358.30 9 0
github.com/scttfrdmn/cloudworkstation/cmd/cws-gui/main.go:2358.30,2360.28 2 0
github.com/scttfrdmn/cloudworkstation/cmd/cws-gui/main.go:2361.21,2363.85 2 0
github.com/scttfrdmn/cloudworkstation/cmd/cws-gui/main.go:2364.26,2366.59 2 0
github.com/scttfrdmn/cloudworkstation/cmd/cws-gui/main.go:2367.27,2369.86 2 0
github.com/scttfrdmn/cloudworkstation/cmd/cws-gui/main.go:2372.3,2372.19 1 0
github.com/scttfrdmn/cloudworkstation/cmd/cws-gui/main.go:2372.19,2374.85 2 0
github.com/scttfrdmn/cloudworkstation/cmd/cws-gui/main.go:2374.85,2377.5 1 0
github.com/scttfrdmn/cloudworkstation/cmd/cws-gui/main.go:2378.4,2379.32 2 0
github.com/scttfrdmn/cloudworkstation/cmd/cws-gui/main.go:2384.2,2388.56 4 0
github.com/scttfrdmn/cloudworkstation/cmd/cws-gui/main.go:2388.56,2390.3 1 0
github.com/scttfrdmn/cloudworkstation/cmd/cws-gui/main.go:2391.2,2394.79 2 0
github.com/scttfrdmn/cloudworkstation/cmd/cws-gui/main.go:2394.79,2397.40 3 0
github.com/scttfrdmn/cloudworkstation/cmd/cws-gui/main.go:2397.40,2399.4 1 0
github.com/scttfrdmn/cloudworkstation/cmd/cws-gui/main.go:2400.3,2400.43 1 0
github.com/scttfrdmn/cloudworkstation/cmd/cws-gui/main.go:2400.43,2402.4 1 0
github.com/scttfrdmn/cloudworkstation/cmd/cws-gui/main.go:2405.2,2407.15 3 0
github.com/scttfrdmn/cloudworkstation/cmd/cws-gui/main.go:2411.76,2431.30 15 0
github.com/scttfrdmn/cloudworkstation/cmd/cws-gui/main.go:2431.30,2433.3 1 0
github.com/scttfrdmn/cloudworkstation/cmd/cws-gui/main.go:2434.2,2445.79 8 0
github.com/scttfrdmn/cloudworkstation/cmd/cws-gui/main.go:2445.79,2448.40 2 0
github.com/scttfrdmn/cloudworkstation/cmd/cws-gui/main.go:2448.40,2450.52 2 0
github.com/scttfrdmn/cloudworkstation/cmd/cws-gui/main.go:2450.52,2452.5 1 0
github.com/scttfrdmn/cloudworkstation/cmd/cws-gui/main.go:2455.3,2455.43 1 0
github.com/scttfrdmn/cloudworkstation/cmd/cws-gui/main.go:2455.43,2457.55 2 0
github.com/scttfrdmn/cloudworkstation/cmd/cws-gui/main.go:2457.55,2459.5 1 0
github.com/scttfrdmn/cloudworkstation/cmd/cws-gui/main.go:2461.3,2461.46 1 0
github.com/scttfrdmn/cloudworkstation/cmd/cws-gui/main.go:2465.2,2465.69 1 0
github.com/scttfrdmn/cloudworkstation/cmd/cws-gui/main.go:2465.69,2470.43 5 0
github.com/scttfrdmn/cloudworkstation/cmd/cws-gui/main.go:2470.43,2472.4 1 0
github.com/scttfrdmn/cloudworkstation/cmd/cws-gui/main.go:2475.2,2477.15 3 0
github.com/scttfrdmn/cloudworkstation/cmd/cws-gui/main.go:2481.74,2485.67 3 0
github.com/scttfrdmn/cloudworkstation/cmd/cws-gui/main.go:2485.67,2486.16 1 0
github.com/scttfrdmn/cloudworkstation/cmd/cws-gui/main.go:2486.16,2487.14 1 0
github.com/scttfrdmn/cloudworkstation/cmd/cws-gui/main.go:2487.14,2491.72 3 0
github.com/scttfrdmn/cloudworkstation/cmd/cws-gui/main.go:2491.72,2494.6 2 0
github.com/scttfrdmn/cloudworkstation/cmd/cws-gui/main.go:2496.5,2497.25 2 0
github.com/scttfrdmn/cloudworkstation/cmd/cws-gui/main.go:2502.2,2502.15 1 0
github.com/scttfrdmn/cloudworkstation/cmd/cws-gui/main.go:2506.73,2510.67 3 0
github.com/scttfrdmn/cloudworkstation/cmd/cws-gui/main.go:2510.67,2511.16 1 0
github.com/scttfrdmn/cloudworkstation/cmd/cws-gui/main.go:2511.16,2512.14 1 0
github.com/scttfrdmn/cloudworkstation/cmd/cws-gui/main.go:2512.14,2516.71 3 0
github.com/scttfrdmn/cloudworkstation/cmd/cws-gui/main.go:2516.71,2519.6 2 0
github.com/scttfrdmn/cloudworkstation/cmd/cws-gui/main.go:2521.5,2522.25 2 0
github.com/scttfrdmn/cloudworkstation/cmd/cws-gui/main.go:2527.2,2527.15 1 0
github.com/scttfrdmn/cloudworkstation/cmd/cws-gui/main.go:2531.82,2537.16 4 0
github.com/scttfrdmn/cloudworkstation/cmd/cws-gui/main.go:2537.16,2540.3 2 0
github.com/scttfrdmn/cloudworkstation/cmd/cws-gui/main.go:2542.2,2543.44 2 0
github.com/scttfrdmn/cloudworkstation/cmd/cws-gui/main.go:2543.44,2546.3 2 0
github.com/scttfrdmn/cloudworkstation/cmd/cws-gui/main.go:2546.8,2549.3 2 0
github.com/scttfrdmn/cloudworkstation/cmd/cws-gui/main.go:2551.2,2551.67 1 0
github.com/scttfrdmn/cloudworkstation/cmd/cws-gui/main.go:2551.67,2552.16 1 0
github.com/scttfrdmn/cloudworkstation/cmd/cws-gui/main.go:2552.16,2553.14 1 0
github.com/scttfrdmn/cloudworkstation/cmd/cws-gui/main.go:2553.14,2557.77 3 0
github.com/scttfrdmn/cloudworkstation/cmd/cws-gui/main.go:2557.77,2560.6 2 0
github.com/scttfrdmn/cloudworkstation/cmd/cws-gui/main.go:2562.5,2562.47 1 0
github.com/scttfrdmn/cloudworkstation/cmd/cws-gui/main.go:2562.47,2564.6 1 0
github.com/scttfrdmn/cloudworkstation/cmd/cws-gui/main.go:2564.11,2566.6 1 0
github.com/scttfrdmn/cloudworkstation/cmd/cws-gui/main.go:2567.5,2567.25 1 0
github.com/scttfrdmn/cloudworkstation/cmd/cws-gui/main.go:2572.2,2572.15 1 0
github.com/scttfrdmn/cloudworkstation/cmd/cws-gui/main.go:2576.75,2582.16 4 0
github.com/scttfrdmn/cloudworkstation/cmd/cws-gui/main.go:2582.16,2586.3 2 0
github.com/scttfrdmn/cloudworkstation/cmd/cws-gui/main.go:2588.2,2589.36 2 0
github.com/scttfrdmn/cloudworkstation/cmd/cws-gui/main.go:2589.36,2592.3 2 0
github.com/scttfrdmn/cloudworkstation/cmd/cws-gui/main.go:2592.8,2595.3 2 0
github.com/scttfrdmn/cloudworkstation/cmd/cws-gui/main.go:2597.2,2597.67 1 0
github.com/scttfrdmn/cloudworkstation/cmd/cws-gui/main.go:2597.67,2598.16 1 0
github.com/scttfrdmn/cloudworkstation/cmd/cws-gui/main.go:2598.16,2599.14 1 0
github.com/scttfrdmn/cloudworkstation/cmd/cws-gui/main.go:2599.14,2603.73 3 0
github.com/scttfrdmn/cloudworkstation/cmd/cws-gui/main.go:2603.73,2606.6 2 0
github.com/scttfrdmn/cloudworkstation/cmd/cws-gui/main.go:2608.5,2608.39 1 0
github.com/scttfrdmn/cloudworkstation/cmd/cws-gui/main.go:2608.39,2610.6 1 0
github.com/scttfrdmn/cloudworkstation/cmd/cws-gui/main.go:2610.11,2612.6 1 0
github.com/scttfrdmn/cloudworkstation/cmd/cws-gui/main.go:2613.5,2613.25 1 0
github.com/scttfrdmn/cloudworkstation/cmd/cws-gui/main.go:2618.2,2618.15 1 0
github.com/scttfrdmn/cloudworkstation/cmd/cws-gui/main.go:2622.83,2626.67 3 0
github.com/scttfrdmn/cloudworkstation/cmd/cws-gui/main.go:2626.67,2627.16 1 0
github.com/scttfrdmn/cloudworkstation/cmd/cws-gui/main.go:2627.16,2628.14 1 0
github.com/scttfrdmn/cloudworkstation/cmd/cws-gui/main.go:2628.14,2632.73 3 0
github.com/scttfrdmn/cloudworkstation/cmd/cws-gui/main.go:2632.73,2635.6 2 0
github.com/scttfrdmn/cloudworkstation/cmd/cws-gui/main.go:2637.5,2638.25 2 0
github.com/scttfrdmn/cloudworkstation/cmd/cws-gui/main.go:2643.2,2643.15 1 0
github.com/scttfrdmn/cloudworkstation/cmd/cws-gui/main.go:2649.65,2650.36 1 0
github.com/scttfrdmn/cloudworkstation/cmd/cws-gui/main.go:2650.36,2652.3 1 0
github.com/scttfrdmn/cloudworkstation/cmd/cws-gui/main.go:2656.53,2657.36 1 0
github.com/scttfrdmn/cloudworkstation/cmd/cws-gui/main.go:2657.36,2659.3 1 0
github.com/scttfrdmn/cloudworkstation/cmd/cws-gui/main.go:2662.2,2670.12 5 0
github.com/scttfrdmn/cloudworkstation/cmd/cws-gui/main.go:2670.12,2677.18 4 0
github.com/scttfrdmn/cloudworkstation/cmd/cws-gui/main.go:2677.18,2678.18 1 0
github.com/scttfrdmn/cloudworkstation/cmd/cws-gui/main.go:2678.18,2683.5 4 0
github.com/scttfrdmn/cloudworkstation/cmd/cws-gui/main.go:2685.4,2686.37 2 0
github.com/scttfrdmn/cloudworkstation/cmd/cws-gui/main.go:2692.79,2698.32 4 0
github.com/scttfrdmn/cloudworkstation/cmd/cws-gui/main.go:2698.32,2701.3 2 0
github.com/scttfrdmn/cloudworkstation/cmd/cws-gui/main.go:2703.2,2720.25 8 0
github.com/scttfrdmn/cloudworkstation/cmd/cws-gui/main.go:2720.25,2722.3 1 0
github.com/scttfrdmn/cloudworkstation/cmd/cws-gui/main.go:2722.8,2726.3 2 0
github.com/scttfrdmn/cloudworkstation/cmd/cws-gui/main.go:2728.2,2730.33 2 0
github.com/scttfrdmn/cloudworkstation/cmd/cws-gui/main.go:2730.33,2732.3 1 0
github.com/scttfrdmn/cloudworkstation/cmd/cws-gui/main.go:2732.8,2734.3 1 0
github.com/scttfrdmn/cloudworkstation/cmd/cws-gui/main.go:2737.2,2741.34 4 0
github.com/scttfrdmn/cloudworkstation/cmd/cws-gui/main.go:2741.34,2743.3 1 0
github.com/scttfrdmn/cloudworkstation/cmd/cws-gui/main.go:2743.8,2745.3 1 0
github.com/scttfrdmn/cloudworkstation/cmd/cws-gui/main.go:2748.2,2762.42 7 0
github.com/scttfrdmn/cloudworkstation/cmd/cws-gui/main.go:2766.69,2804.2 22 0
github.com/scttfrdmn/cloudworkstation/cmd/cws-gui/main.go:2807.80,2809.56 1 0
github.com/scttfrdmn/cloudworkstation/cmd/cws-gui/main.go:2809.56,2810.13 1 0
github.com/scttfrdmn/cloudworkstation/cmd/cws-gui/main.go:2810.13,2814.48 3 0
github.com/scttfrdmn/cloudworkstation/cmd/cws-gui/main.go:2814.48,2816.5 1 0
github.com/scttfrdmn/cloudworkstation/cmd/cws-gui/main.go:2816.10,2819.5 2 0
github.com/scttfrdmn/cloudworkstation/cmd/cws-gui/main.go:2822.2,2825.54 2 0
github.com/scttfrdmn/cloudworkstation/cmd/cws-gui/main.go:2825.54,2827.3 1 0
github.com/scttfrdmn/cloudworkstation/cmd/cws-gui/main.go:2830.2,2830.52 1 0
github.com/scttfrdmn/cloudworkstation/cmd/cws-gui/main.go:2830.52,2832.3 1 0
github.com/scttfrdmn/cloudworkstation/cmd/cws-gui/main.go:2833.2,2852.3 4 0
github.com/scttfrdmn/cloudworkstation/cmd/cws-gui/main.go:2856.55,2860.67 3 0
github.com/scttfrdmn/cloudworkstation/cmd/cws-gui/main.go:2860.67,2861.16 1 0
github.com/scttfrdmn/cloudworkstation/cmd/cws-gui/main.go:2861.16,2864.14 2 0
github.com/scttfrdmn/cloudworkstation/cmd/cws-gui/main.go:2864.14,2868.46 3 0
github.com/scttfrdmn/cloudworkstation/cmd/cws-gui/main.go:2868.46,2870.6 1 0
github.com/scttfrdmn/cloudworkstation/cmd/cws-gui/main.go:2870.11,2872.6 1 0
github.com/scttfrdmn/cloudworkstation/cmd/cws-gui/main.go:2875.5,2876.28 2 0
github.com/scttfrdmn/cloudworkstation/cmd/cws-gui/main.go:2881.2,2881.15 1 0
github.com/scttfrdmn/cloudworkstation/cmd/cws-gui/main.go:2885.60,2889.67 3 0
github.com/scttfrdmn/cloudworkstation/cmd/cws-gui/main.go:2889.67,2890.16 1 0
github.com/scttfrdmn/cloudworkstation/cmd/cws-gui/main.go:2890.16,2891.14 1 0
github.com/scttfrdmn/cloudworkstation/cmd/cws-gui/main.go:2891.14,2895.53 3 0
github.com/scttfrdmn/cloudworkstation/cmd/cws-gui/main.go:2895.53,2897.6 1 0
github.com/scttfrdmn/cloudworkstation/cmd/cws-gui/main.go:2897.11,2903.6 3 0
github.com/scttfrdmn/cloudworkstation/cmd/cws-gui/main.go:2908.2,2908.15 1 0
github.com/scttfrdmn/cloudworkstation/cmd/cws-gui/main.go:2912.45,2913.21 1 0
github.com/scttfrdmn/cloudworkstation/cmd/cws-gui/main.go:2913.21,2915.3 1 0
github.com/scttfrdmn/cloudworkstation/cmd/cws-gui/main.go:2915.8,2915.26 1 0
github.com/scttfrdmn/cloudworkstation/cmd/cws-gui/main.go:2915.26,2917.3 1 0
github.com/scttfrdmn/cloudworkstation/cmd/cws-gui/main.go:2917.8,2917.29 1 0
github.com/scttfrdmn/cloudworkstation/cmd/cws-gui/main.go:2917.29,2919.3 1 0
github.com/scttfrdmn/cloudworkstation/cmd/cws-gui/main.go:2919.8,2923.3 3 0
github.com/scttfrdmn/cloudworkstation/cmd/cws-gui/main.go:2928.60,2932.2 3 0
github.com/scttfrdmn/cloudworkstation/cmd/cws-gui/main.go:2934.70,2936.39 2 0
github.com/scttfrdmn/cloudworkstation/cmd/cws-gui/main.go:2936.39,2937.34 1 0
github.com/scttfrdmn/cloudworkstation/cmd/cws-gui/main.go:2937.34,2939.4 1 0
github.com/scttfrdmn/cloudworkstation/cmd/cws-gui/main.go:2941.2,2941.16 1 0
github.com/scttfrdmn/cloudworkstation/cmd/cws-gui/main.go:2944.66,2945.15 1 0
github.com/scttfrdmn/cloudworkstation/cmd/cws-gui/main.go:2946.17,2947.16 1 0
github.com/scttfrdmn/cloudworkstation/cmd/cws-gui/main.go:2948.17,2949.16 1 0
github.com/scttfrdmn/cloudworkstation/cmd/cws-gui/main.go:2950.17,2951.16 1 0
github.com/scttfrdmn/cloudworkstation/cmd/cws-gui/main.go:2952.18,2953.16 1 0
github.com/scttfrdmn/cloudworkstation/cmd/cws-gui/main.go:2954.20,2955.16 1 0
github.com/scttfrdmn/cloudworkstation/cmd/cws-gui/main.go:2956.10,2957.15 1 0
github.com/scttfrdmn/cloudworkstation/cmd/cws-gui/main.go:2961.89,2966.26 3 0
github.com/scttfrdmn/cloudworkstation/cmd/cws-gui/main.go:2967.17,2968.29 1 0
github.com/scttfrdmn/cloudworkstation/cmd/cws-gui/main.go:2969.15,2970.27 1 0
github.com/scttfrdmn/cloudworkstation/cmd/cws-gui/main.go:2971.14,2972.26 1 0
github.com/scttfrdmn/cloudworkstation/cmd/cws-gui/main.go:2973.10,2974.26 1 0
github.com/scttfrdmn/cloudworkstation/cmd/cws-gui/main.go:2978.2,2979.19 2 0
github.com/scttfrdmn/cloudworkstation/cmd/cws-gui/main.go:2979.19,2987.34 1 0
github.com/scttfrdmn/cloudworkstation/cmd/cws-gui/main.go:2987.34,2989.5 1 0
github.com/scttfrdmn/cloudworkstation/cmd/cws-gui/main.go:2991.8,2996.34 1 0
github.com/scttfrdmn/cloudworkstation/cmd/cws-gui/main.go:2996.34,2998.5 1 0
github.com/scttfrdmn/cloudworkstation/cmd/cws-gui/main.go:3002.2,3007.39 4 0
github.com/scttfrdmn/cloudworkstation/cmd/cws-gui/main.go:3007.39,3008.31 1 0
github.com/scttfrdmn/cloudworkstation/cmd/cws-gui/main.go:3008.31,3010.4 1 0
github.com/scttfrdmn/cloudworkstation/cmd/cws-gui/main.go:3015.80,3019.34 3 0
github.com/scttfrdmn/cloudworkstation/cmd/cws-gui/main.go:3019.34,3020.47 1 0
github.com/scttfrdmn/cloudworkstation/cmd/cws-gui/main.go:3020.47,3022.4 1 0
github.com/scttfrdmn/cloudworkstation/cmd/cws-gui/main.go:3024.3,3024.23 1 0
github.com/scttfrdmn/cloudworkstation/cmd/cws-gui/main.go:3024.23,3027.4 2 0
github.com/scttfrdmn/cloudworkstation/cmd/cws-gui/main.go:3030.2,3030.71 1 0
github.com/scttfrdmn/cloudworkstation/cmd/cws-gui/main.go:3035.70,3037.46 1 0
github.com/scttfrdmn/cloudworkstation/cmd/cws-gui/main.go:3037.46,3040.17 2 0
github.com/scttfrdmn/cloudworkstation/cmd/cws-gui/main.go:3040.17,3043.44 3 0
github.com/scttfrdmn/cloudworkstation/cmd/cws-gui/main.go:3043.44,3045.5 1 0
github.com/scttfrdmn/cloudworkstation/cmd/cws-gui/main.go:3047.9,3047.52 1 0
github.com/scttfrdmn/cloudworkstation/cmd/cws-gui/main.go:3047.52,3050.44 3 0
github.com/scttfrdmn/cloudworkstation/cmd/cws-gui/main.go:3050.44,3052.5 1 0
github.com/scttfrdmn/cloudworkstation/cmd/cws-gui/main.go:3054.9,3057.4 2 0
github.com/scttfrdmn/cloudworkstation/cmd/cws-gui/main.go:3060.2,3064.20 3 0
github.com/scttfrdmn/cloudworkstation/cmd/cws-gui/main.go:3064.20,3067.54 2 0
github.com/scttfrdmn/cloudworkstation/cmd/cws-gui/main.go:3067.54,3069.55 2 0
github.com/scttfrdmn/cloudworkstation/cmd/cws-gui/main.go:3069.55,3071.5 1 0
github.com/scttfrdmn/cloudworkstation/cmd/cws-gui/main.go:3076.2,3086.36 4 0
github.com/scttfrdmn/cloudworkstation/cmd/cws-gui/main.go:3086.36,3088.3 1 0
github.com/scttfrdmn/cloudworkstation/cmd/cws-gui/main.go:3090.2,3100.34 6 0
github.com/scttfrdmn/cloudworkstation/cmd/cws-gui/main.go:3100.34,3101.47 1 0
github.com/scttfrdmn/cloudworkstation/cmd/cws-gui/main.go:3101.47,3104.4 2 0
github.com/scttfrdmn/cloudworkstation/cmd/cws-gui/main.go:3106.3,3106.23 1 0
github.com/scttfrdmn/cloudworkstation/cmd/cws-gui/main.go:3106.23,3109.4 2 0
github.com/scttfrdmn/cloudworkstation/cmd/cws-gui/main.go:3112.2,3112.86 1 0
github.com/scttfrdmn/cloudworkstation/cmd/cws-gui/main.go:3116.69,3117.50 1 0
github.com/scttfrdmn/cloudworkstation/cmd/cws-gui/main.go:3117.50,3119.3 1 0
github.com/scttfrdmn/cloudworkstation/cmd/cws-gui/main.go:3122.2,3123.12 2 0
github.com/scttfrdmn/cloudworkstation/cmd/cws-gui/main.go:3126.45,3133.16 4 0
github.com/scttfrdmn/cloudworkstation/cmd/cws-gui/main.go:3133.16,3137.47 2 0
github.com/scttfrdmn/cloudworkstation/cmd/cws-gui/main.go:3137.47,3140.4 1 0
github.com/scttfrdmn/cloudworkstation/cmd/cws-gui/main.go:3143.3,3143.9 1 0
github.com/scttfrdmn/cloudworkstation/cmd/cws-gui/main.go:3146.2,3148.27 3 0
github.com/scttfrdmn/cloudworkstation/cmd/cws-gui/main.go:3153.56,3159.12 2 0
github.com/scttfrdmn/cloudworkstation/cmd/cws-gui/main.go:3159.12,3163.31 3 0
github.com/scttfrdmn/cloudworkstation/cmd/cws-gui/main.go:3163.31,3169.43 3 0
github.com/scttfrdmn/cloudworkstation/cmd/cws-gui/main.go:3169.43,3172.5 1 0
github.com/scttfrdmn/cloudworkstation/cmd/cws-gui/main.go:3175.4,3175.68 1 0
github.com/scttfrdmn/cloudworkstation/cmd/cws-gui/main.go:3175.68,3178.5 1 0
github.com/scttfrdmn/cloudworkstation/cmd/cws-gui/main.go:3178.10,3181.5 1 0
github.com/scttfrdmn/cloudworkstation/cmd/cws-gui/main.go:3184.4,3184.42 1 0
github.com/scttfrdmn/cloudworkstation/cmd/cws-gui/main.go:3184.42,3186.73 2 0
github.com/scttfrdmn/cloudworkstation/cmd/cws-gui/main.go:3186.73,3189.6 1 0
github.com/scttfrdmn/cloudworkstation/cmd/cws-gui/main.go:3189.11,3193.6 2 0
github.com/scttfrdmn/cloudworkstation/cmd/cws-gui/main.go:3197.4,3197.34 1 0
github.com/scttfrdmn/cloudworkstation/cmd/cws-gui/main.go:3203.60,3206.28 1 0
github.com/scttfrdmn/cloudworkstation/cmd/cws-gui/main.go:3206.28,3208.3 1 0
github.com/scttfrdmn/cloudworkstation/cmd/cws-gui/main.go:3213.74,3219.14 2 0
github.com/scttfrdmn/cloudworkstation/cmd/cws-gui/main.go:3219.14,3221.4 1 0
github.com/scttfrdmn/cloudworkstation/cmd/cws-gui/main.go:3222.28,3238.4 1 0
github.com/scttfrdmn/cloudworkstation/cmd/cws-gui/main.go:3239.54,3260.36 12 0
github.com/scttfrdmn/cloudworkstation/cmd/cws-gui/main.go:3260.36,3262.5 1 0
github.com/scttfrdmn/cloudworkstation/cmd/cws-gui/main.go:3263.4,3270.36 4 0
github.com/scttfrdmn/cloudworkstation/cmd/cws-gui/main.go:3270.36,3271.28 1 0
github.com/scttfrdmn/cloudworkstation/cmd/cws-gui/main.go:3271.28,3273.6 1 0
github.com/scttfrdmn/cloudworkstation/cmd/cws-gui/main.go:3273.11,3275.6 1 0
github.com/scttfrdmn/cloudworkstation/cmd/cws-gui/main.go:3277.4,3287.30 7 0
github.com/scttfrdmn/cloudworkstation/cmd/cws-gui/main.go:3287.30,3291.5 1 0
github.com/scttfrdmn/cloudworkstation/cmd/cws-gui/main.go:3293.4,3293.24 1 0
github.com/scttfrdmn/cloudworkstation/cmd/cws-gui/main.go:3293.24,3296.5 2 0
github.com/scttfrdmn/cloudworkstation/cmd/cws-gui/main.go:3296.10,3299.33 3 0
github.com/scttfrdmn/cloudworkstation/cmd/cws-gui/main.go:3299.33,3301.6 1 0
github.com/scttfrdmn/cloudworkstation/cmd/cws-gui/main.go:3305.4,3305.37 1 0
github.com/scttfrdmn/cloudworkstation/cmd/cws-gui/main.go:3305.37,3306.28 1 0
github.com/scttfrdmn/cloudworkstation/cmd/cws-gui/main.go:3306.28,3308.6 1 0
github.com/scttfrdmn/cloudworkstation/cmd/cws-gui/main.go:3308.11,3310.6 1 0
github.com/scttfrdmn/cloudworkstation/cmd/cws-gui/main.go:3314.4,3314.35 1 0
github.com/scttfrdmn/cloudworkstation/cmd/cws-gui/main.go:3314.35,3316.5 1 0
github.com/scttfrdmn/cloudworkstation/cmd/cws-gui/main.go:3319.4,3319.24 1 0
github.com/scttfrdmn/cloudworkstation/cmd/cws-gui/main.go:3319.24,3321.5 1 0
github.com/scttfrdmn/cloudworkstation/cmd/cws-gui/main.go:3321.10,3323.5 1 0
github.com/scttfrdmn/cloudworkstation/cmd/cws-gui/main.go:3328.2,3328.70 1 0
github.com/scttfrdmn/cloudworkstation/cmd/cws-gui/main.go:3328.70,3330.3 1 0
github.com/scttfrdmn/cloudworkstation/cmd/cws-gui/main.go:3332.2,3332.67 1 0
github.com/scttfrdmn/cloudworkstation/cmd/cws-gui/main.go:3332.67,3334.3 1 0
github.com/scttfrdmn/cloudworkstation/cmd/cws-gui/main.go:3337.2,3337.67 1 0
github.com/scttfrdmn/cloudworkstation/cmd/cws-gui/main.go:3337.67,3339.3 1 0
github.com/scttfrdmn/cloudworkstation/cmd/cws-gui/main.go:3342.2,3366.3 3 0
github.com/scttfrdmn/cloudworkstation/cmd/cws-gui/main.go:3370.63,3373.16 2 0
github.com/scttfrdmn/cloudworkstation/cmd/cws-gui/main.go:3373.16,3376.3 2 0
github.com/scttfrdmn/cloudworkstation/cmd/cws-gui/main.go:3379.2,3379.11 1 0
github.com/scttfrdmn/cloudworkstation/cmd/cws-gui/main.go:3379.11,3382.17 1 0
github.com/scttfrdmn/cloudworkstation/cmd/cws-gui/main.go:3382.17,3386.4 2 0
github.com/scttfrdmn/cloudworkstation/cmd/cws-gui/main.go:3389.3,3390.65 1 0
github.com/scttfrdmn/cloudworkstation/cmd/cws-gui/main.go:3401.2,3402.16 2 0
github.com/scttfrdmn/cloudworkstation/cmd/cws-gui/main.go:3402.16,3405.3 2 0
github.com/scttfrdmn/cloudworkstation/cmd/cws-gui/main.go:3408.2,3416.11 3 0
github.com/scttfrdmn/cloudworkstation/cmd/cws-gui/main.go:3416.11,3417.26 1 0
github.com/scttfrdmn/cloudworkstation/cmd/cws-gui/main.go:3417.26,3420.4 1 0
github.com/scttfrdmn/cloudworkstation/cmd/cws-gui/main.go:3420.9,3423.4 1 0
github.com/scttfrdmn/cloudworkstation/cmd/cws-gui/main.go:3424.8,3427.3 1 0
github.com/scttfrdmn/cloudworkstation/cmd/cws-gui/main.go:3430.2,3430.17 1 0
github.com/scttfrdmn/cloudworkstation/cmd/cws-gui/main.go:3434.62,3452.20 7 0
github.com/scttfrdmn/cloudworkstation/cmd/cws-gui/main.go:3452.20,3463.66 2 0
github.com/scttfrdmn/cloudworkstation/cmd/cws-gui/main.go:3463.66,3466.5 2 0
github.com/scttfrdmn/cloudworkstation/cmd/cws-gui/main.go:3469.4,3471.40 3 0
github.com/scttfrdmn/cloudworkstation/cmd/cws-gui/main.go:3476.2,3477.15 2 0
github.com/scttfrdmn/cloudworkstation/cmd/cws-gui/main.go:3481.57,3511.20 9 0
github.com/scttfrdmn/cloudworkstation/cmd/cws-gui/main.go:3511.20,3513.28 1 0
github.com/scttfrdmn/cloudworkstation/cmd/cws-gui/main.go:3513.28,3516.5 2 0
github.com/scttfrdmn/cloudworkstation/cmd/cws-gui/main.go:3518.4,3518.29 1 0
github.com/scttfrdmn/cloudworkstation/cmd/cws-gui/main.go:3518.29,3521.5 2 0
github.com/scttfrdmn/cloudworkstation/cmd/cws-gui/main.go:3525.4,3526.19 2 0
github.com/scttfrdmn/cloudworkstation/cmd/cws-gui/main.go:3526.19,3529.5 2 0
github.com/scttfrdmn/cloudworkstation/cmd/cws-gui/main.go:3532.4,3533.18 2 0
github.com/scttfrdmn/cloudworkstation/cmd/cws-gui/main.go:3533.18,3536.5 2 0
github.com/scttfrdmn/cloudworkstation/cmd/cws-gui/main.go:3539.4,3539.29 1 0
github.com/scttfrdmn/cloudworkstation/cmd/cws-gui/main.go:3539.29,3542.5 2 0
github.com/scttfrdmn/cloudworkstation/cmd/cws-gui/main.go:3545.4,3557.34 2 0
github.com/scttfrdmn/cloudworkstation/cmd/cws-gui/main.go:3557.34,3562.27 1 0
github.com/scttfrdmn/cloudworkstation/cmd/cws-gui/main.go:3562.27,3563.21 1 0
github.com/scttfrdmn/cloudworkstation/cmd/cws-gui/main.go:3563.21,3565.8 1 0
github.com/scttfrdmn/cloudworkstation/cmd/cws-gui/main.go:3568.7,3569.21 2 0
github.com/scttfrdmn/cloudworkstation/cmd/cws-gui/main.go:3569.21,3573.8 2 0
github.com/scttfrdmn/cloudworkstation/cmd/cws-gui/main.go:3576.7,3577.21 2 0
github.com/scttfrdmn/cloudworkstation/cmd/cws-gui/main.go:3577.21,3581.8 2 0
github.com/scttfrdmn/cloudworkstation/cmd/cws-gui/main.go:3583.7,3588.43 3 0
github.com/scttfrdmn/cloudworkstation/cmd/cws-gui/main.go:3592.5,3597.11 4 0
github.com/scttfrdmn/cloudworkstation/cmd/cws-gui/main.go:3598.10,3600.67 1 0
github.com/scttfrdmn/cloudworkstation/cmd/cws-gui/main.go:3600.67,3603.6 2 0
github.com/scttfrdmn/cloudworkstation/cmd/cws-gui/main.go:3605.5,3610.41 3 0
github.com/scttfrdmn/cloudworkstation/cmd/cws-gui/main.go:3616.2,3617.15 2 0
github.com/scttfrdmn/cloudworkstation/cmd/cws-gui/main.go:3621.65,3631.16 5 0
github.com/scttfrdmn/cloudworkstation/cmd/cws-gui/main.go:3631.16,3634.3 2 0
github.com/scttfrdmn/cloudworkstation/cmd/cws-gui/main.go:3637.2,3637.34 1 0
github.com/scttfrdmn/cloudworkstation/cmd/cws-gui/main.go:3637.34,3639.36 1 0
github.com/scttfrdmn/cloudworkstation/cmd/cws-gui/main.go:3639.36,3641.59 1 0
github.com/scttfrdmn/cloudworkstation/cmd/cws-gui/main.go:3641.59,3645.5 2 0
github.com/scttfrdmn/cloudworkstation/cmd/cws-gui/main.go:3651.2,3655.16 3 0
github.com/scttfrdmn/cloudworkstation/cmd/cws-gui/main.go:3655.16,3658.3 2 0
github.com/scttfrdmn/cloudworkstation/cmd/cws-gui/main.go:3661.2,3661.34 1 0
github.com/scttfrdmn/cloudworkstation/cmd/cws-gui/main.go:3661.34,3664.3 1 0
github.com/scttfrdmn/cloudworkstation/cmd/cws-gui/main.go:3664.8,3667.3 1 0
github.com/scttfrdmn/cloudworkstation/cmd/cws-gui/main.go:3671.71,3681.16 5 0
github.com/scttfrdmn/cloudworkstation/cmd/cws-gui/main.go:3681.16,3684.3 2 0
github.com/scttfrdmn/cloudworkstation/cmd/cws-gui/main.go:3693.2,3694.16 2 0
github.com/scttfrdmn/cloudworkstation/cmd/cws-gui/main.go:3694.16,3698.3 2 0
github.com/scttfrdmn/cloudworkstation/cmd/cws-gui/main.go:3700.2,3701.16 2 0
github.com/scttfrdmn/cloudworkstation/cmd/cws-gui/main.go:3701.16,3705.3 2 0
github.com/scttfrdmn/cloudworkstation/cmd/cws-gui/main.go:3708.2,3712.12 2 0
github.com/scttfrdmn/cloudworkstation/cmd/cws-gui/main.go:3712.12,3713.31 1 0
github.com/scttfrdmn/cloudworkstation/cmd/cws-gui/main.go:3713.31,3716.13 1 0
github.com/scttfrdmn/cloudworkstation/cmd/cws-gui/main.go:3716.13,3733.5 1 0
github.com/scttfrdmn/cloudworkstation/cmd/cws-gui/main.go:3739.60,3742.31 2 0
github.com/scttfrdmn/cloudworkstation/cmd/cws-gui/main.go:3742.31,3743.12 1 0
github.com/scttfrdmn/cloudworkstation/cmd/cws-gui/main.go:3743.12,3745.4 1 0
github.com/scttfrdmn/cloudworkstation/cmd/cws-gui/main.go:3748.2,3748.35 1 0
github.com/scttfrdmn/cloudworkstation/cmd/cws-gui/main.go:3748.35,3752.3 2 0
github.com/scttfrdmn/cloudworkstation/cmd/cws-gui/main.go:3755.2,3756.16 2 0
github.com/scttfrdmn/cloudworkstation/cmd/cws-gui/main.go:3756.16,3760.3 2 0
github.com/scttfrdmn/cloudworkstation/cmd/cws-gui/main.go:3763.2,3765.40 2 0
github.com/scttfrdmn/cloudworkstation/cmd/cws-gui/main.go:3765.40,3776.63 4 0
github.com/scttfrdmn/cloudworkstation/cmd/cws-gui/main.go:3776.63,3779.37 2 0
github.com/scttfrdmn/cloudworkstation/cmd/cws-gui/main.go:3779.37,3781.5 1 0
github.com/scttfrdmn/cloudworkstation/cmd/cws-gui/main.go:3784.4,3785.32 2 0
github.com/scttfrdmn/cloudworkstation/cmd/cws-gui/main.go:3785.32,3788.14 1 0
github.com/scttfrdmn/cloudworkstation/cmd/cws-gui/main.go:3788.14,3791.6 1 0
github.com/scttfrdmn/cloudworkstation/cmd/cws-gui/main.go:3791.11,3793.6 1 0
github.com/scttfrdmn/cloudworkstation/cmd/cws-gui/main.go:3797.4,3797.19 1 0
github.com/scttfrdmn/cloudworkstation/cmd/cws-gui/main.go:3797.19,3802.30 2 0
github.com/scttfrdmn/cloudworkstation/cmd/cws-gui/main.go:3802.30,3805.6 1 0
github.com/scttfrdmn/cloudworkstation/cmd/cws-gui/main.go:3808.5,3812.26 2 0
github.com/scttfrdmn/cloudworkstation/cmd/cws-gui/main.go:3812.26,3816.6 1 0
github.com/scttfrdmn/cloudworkstation/cmd/cws-gui/main.go:3816.11,3818.37 1 0
github.com/scttfrdmn/cloudworkstation/cmd/cws-gui/main.go:3818.37,3825.25 5 0
github.com/scttfrdmn/cloudworkstation/cmd/cws-gui/main.go:3825.25,3827.8 1 0
github.com/scttfrdmn/cloudworkstation/cmd/cws-gui/main.go:3830.7,3831.25 2 0
github.com/scttfrdmn/cloudworkstation/cmd/cws-gui/main.go:3831.25,3833.8 1 0
github.com/scttfrdmn/cloudworkstation/cmd/cws-gui/main.go:3834.7,3834.25 1 0
github.com/scttfrdmn/cloudworkstation/cmd/cws-gui/main.go:3834.25,3836.8 1 0
github.com/scttfrdmn/cloudworkstation/cmd/cws-gui/main.go:3837.7,3837.26 1 0
github.com/scttfrdmn/cloudworkstation/cmd/cws-gui/main.go:3837.26,3839.8 1 0
github.com/scttfrdmn/cloudworkstation/cmd/cws-gui/main.go:3841.7,3844.50 1 0
github.com/scttfrdmn/cloudworkstation/cmd/cws-gui/main.go:3844.50,3846.10 1 0
github.com/scttfrdmn/cloudworkstation/cmd/cws-gui/main.go:3849.7,3849.32 1 0
github.com/scttfrdmn/cloudworkstation/cmd/cws-gui/main.go:3854.5,3855.65 2 0
github.com/scttfrdmn/cloudworkstation/cmd/cws-gui/main.go:3855.65,3857.6 1 0
github.com/scttfrdmn/cloudworkstation/cmd/cws-gui/main.go:3863.2,3871.15 3 0
github.com/scttfrdmn/cloudworkstation/cmd/cws-gui/main.go:3875.78,3880.24 1 0
github.com/scttfrdmn/cloudworkstation/cmd/cws-gui/main.go:3880.24,3881.18 1 0
github.com/scttfrdmn/cloudworkstation/cmd/cws-gui/main.go:3881.18,3883.5 1 0
github.com/scttfrdmn/cloudworkstation/cmd/cws-gui/main.go:3888.4,3889.75 1 0
github.com/scttfrdmn/cloudworkstation/cmd/cws-gui/main.go:3894.2,3896.22 3 0
github.com/scttfrdmn/cloudworkstation/cmd/cws-gui/main.go:3900.72,3905.24 1 0
github.com/scttfrdmn/cloudworkstation/cmd/cws-gui/main.go:3905.24,3906.18 1 0
github.com/scttfrdmn/cloudworkstation/cmd/cws-gui/main.go:3906.18,3908.5 1 0
github.com/scttfrdmn/cloudworkstation/cmd/cws-gui/main.go:3913.4,3914.75 1 0
github.com/scttfrdmn/cloudworkstation/cmd/cws-gui/main.go:3919.2,3921.22 3 0
github.com/scttfrdmn/cloudworkstation/cmd/cws-gui/main.go:3925.63,3928.51 2 0
github.com/scttfrdmn/cloudworkstation/cmd/cws-gui/main.go:3928.51,3931.3 2 0
github.com/scttfrdmn/cloudworkstation/cmd/cws-gui/main.go:3934.2,3937.24 1 0
github.com/scttfrdmn/cloudworkstation/cmd/cws-gui/main.go:3937.24,3938.17 1 0
github.com/scttfrdmn/cloudworkstation/cmd/cws-gui/main.go:3938.17,3941.19 2 0
github.com/scttfrdmn/cloudworkstation/cmd/cws-gui/main.go:3941.19,3944.6 2 0
github.com/scttfrdmn/cloudworkstation/cmd/cws-gui/main.go:3947.5,3949.41 3 0
github.com/scttfrdmn/cloudworkstation/cmd/cws-gui/main.go:3955.2,3957.16 3 0
github.com/scttfrdmn/cloudworkstation/cmd/cws-gui/main.go:3960.37,3962.36 1 0
github.com/scttfrdmn/cloudworkstation/cmd/cws-gui/main.go:3962.36,3964.3 1 0
github.com/scttfrdmn/cloudworkstation/cmd/cws-gui/main.go:3968.2,3968.13 1 0
github.com/scttfrdmn/cloudworkstation/cmd/cws-gui/main.go:3972.80,3976.16 3 0
github.com/scttfrdmn/cloudworkstation/cmd/cws-gui/main.go:3976.16,3979.3 2 0
github.com/scttfrdmn/cloudworkstation/cmd/cws-gui/main.go:3982.2,3984.37 3 0
github.com/scttfrdmn/cloudworkstation/cmd/cws-gui/main.go:3984.37,3987.3 2 0
github.com/scttfrdmn/cloudworkstation/cmd/cws-gui/main.go:3989.2,3989.31 1 0
github.com/scttfrdmn/cloudworkstation/cmd/cws-gui/main.go:3989.31,3992.3 2 0
github.com/scttfrdmn/cloudworkstation/cmd/cws-gui/main.go:3994.2,4043.59 19 0
github.com/scttfrdmn/cloudworkstation/cmd/cws-gui/main.go:4043.59,4057.3 7 0
github.com/scttfrdmn/cloudworkstation/cmd/cws-gui/main.go:4058.2,4061.62 2 0
github.com/scttfrdmn/cloudworkstation/cmd/cws-gui/main.go:4061.62,4062.36 1 0
github.com/scttfrdmn/cloudworkstation/cmd/cws-gui/main.go:4062.36,4065.4 2 0
github.com/scttfrdmn/cloudworkstation/cmd/cws-gui/main.go:4066.3,4067.55 2 0
github.com/scttfrdmn/cloudworkstation/cmd/cws-gui/main.go:4071.2,4080.20 4 0
github.com/scttfrdmn/cloudworkstation/cmd/cws-gui/main.go:4084.104,4102.12 5 0
github.com/scttfrdmn/cloudworkstation/cmd/cws-gui/main.go:4102.12,4127.17 5 0
github.com/scttfrdmn/cloudworkstation/cmd/cws-gui/main.go:4127.17,4132.4 3 0
github.com/scttfrdmn/cloudworkstation/cmd/cws-gui/main.go:4135.3,4145.38 2 0
github.com/scttfrdmn/cloudworkstation/cmd/cws-gui/main.go:4145.38,4147.47 2 0
github.com/scttfrdmn/cloudworkstation/cmd/cws-gui/main.go:4147.47,4149.32 2 0
github.com/scttfrdmn/cloudworkstation/cmd/cws-gui/main.go:4149.32,4151.6 1 0
github.com/scttfrdmn/cloudworkstation/cmd/cws-gui/main.go:4152.5,4153.50 2 0
github.com/scttfrdmn/cloudworkstation/cmd/cws-gui/main.go:4155.4,4155.45 1 0
github.com/scttfrdmn/cloudworkstation/cmd/cws-gui/main.go:4159.3,4159.40 1 0
github.com/scttfrdmn/cloudworkstation/cmd/cws-gui/main.go:4159.40,4161.49 2 0
github.com/scttfrdmn/cloudworkstation/cmd/cws-gui/main.go:4161.49,4163.5 1 0
github.com/scttfrdmn/cloudworkstation/cmd/cws-gui/main.go:4164.4,4164.45 1 0
github.com/scttfrdmn/cloudworkstation/cmd/cws-gui/main.go:4168.3,4168.34 1 0
github.com/scttfrdmn/cloudworkstation/cmd/cws-gui/main.go:4168.34,4170.44 2 0
github.com/scttfrdmn/cloudworkstation/cmd/cws-gui/main.go:4170.44,4173.5 2 0
github.com/scttfrdmn/cloudworkstation/cmd/cws-gui/main.go:4174.4,4174.45 1 0
github.com/scttfrdmn/cloudworkstation/cmd/cws-gui/main.go:4178.3,4178.35 1 0
github.com/scttfrdmn/cloudworkstation/cmd/cws-gui/main.go:4178.35,4180.49 2 0
github.com/scttfrdmn/cloudworkstation/cmd/cws-gui/main.go:4180.49,4182.5 1 0
github.com/scttfrdmn/cloudworkstation/cmd/cws-gui/main.go:4183.4,4183.45 1 0
github.com/scttfrdmn/cloudworkstation/cmd/cws-gui/main.go:4187.3,4187.109 1 0
github.com/scttfrdmn/cloudworkstation/cmd/cws-gui/main.go:4187.109,4189.4 1 0
github.com/scttfrdmn/cloudworkstation/cmd/cws-gui/main.go:4192.3,4196.23 4 0
github.com/scttfrdmn/cloudworkstation/cmd/cws-gui/main.go:4201.81,4219.12 5 0
github.com/scttfrdmn/cloudworkstation/cmd/cws-gui/main.go:4219.12,4224.17 3 0
github.com/scttfrdmn/cloudworkstation/cmd/cws-gui/main.go:4224.17,4229.54 2 0
github.com/scttfrdmn/cloudworkstation/cmd/cws-gui/main.go:4229.54,4239.5 1 0
github.com/scttfrdmn/cloudworkstation/cmd/cws-gui/main.go:4243.3,4254.33 2 0
github.com/scttfrdmn/cloudworkstation/cmd/cws-gui/main.go:4254.33,4257.4 2 0
github.com/scttfrdmn/cloudworkstation/cmd/cws-gui/main.go:4257.9,4260.45 2 0
github.com/scttfrdmn/cloudworkstation/cmd/cws-gui/main.go:4260.45,4272.5 2 0
github.com/scttfrdmn/cloudworkstation/cmd/cws-gui/main.go:4275.4,4275.33 1 0
github.com/scttfrdmn/cloudworkstation/cmd/cws-gui/main.go:4275.33,4277.68 2 0
github.com/scttfrdmn/cloudworkstation/cmd/cws-gui/main.go:4277.68,4281.47 3 0
github.com/scttfrdmn/cloudworkstation/cmd/cws-gui/main.go:4281.47,4291.7 1 0
github.com/scttfrdmn/cloudworkstation/cmd/cws-gui/main.go:4292.6,4292.43 1 0
github.com/scttfrdmn/cloudworkstation/cmd/cws-gui/main.go:4294.5,4295.29 2 0
github.com/scttfrdmn/cloudworkstation/cmd/cws-gui/main.go:4300.3,4304.23 4 0
github.com/scttfrdmn/cloudworkstation/cmd/cws-gui/main.go:4309.75,4310.41 1 0
github.com/scttfrdmn/cloudworkstation/cmd/cws-gui/main.go:4310.41,4313.3 2 0
github.com/scttfrdmn/cloudworkstation/cmd/cws-gui/main.go:4316.2,4319.52 3 0
github.com/scttfrdmn/cloudworkstation/cmd/cws-gui/main.go:4319.52,4323.3 3 0
github.com/scttfrdmn/cloudworkstation/cmd/cws-gui/main.go:4325.2,4326.32 2 0
github.com/scttfrdmn/cloudworkstation/cmd/cws-gui/main.go:4326.32,4328.3 1 0
github.com/scttfrdmn/cloudworkstation/cmd/cws-gui/main.go:4330.2,4346.60 4 0
github.com/scttfrdmn/cloudworkstation/cmd/cws-gui/main.go:4346.60,4347.38 1 0
github.com/scttfrdmn/cloudworkstation/cmd/cws-gui/main.go:4347.38,4350.4 2 0
github.com/scttfrdmn/cloudworkstation/cmd/cws-gui/main.go:4352.3,4358.25 2 0
github.com/scttfrdmn/cloudworkstation/cmd/cws-gui/main.go:4358.25,4359.18 1 0
github.com/scttfrdmn/cloudworkstation/cmd/cws-gui/main.go:4359.18,4362.6 2 0
github.com/scttfrdmn/cloudworkstation/cmd/cws-gui/main.go:4366.3,4366.23 1 0
github.com/scttfrdmn/cloudworkstation/cmd/cws-gui/main.go:4368.2,4373.23 4 0
github.com/scttfrdmn/cloudworkstation/cmd/cws-gui/main.go:4377.242,4415.16 11 0
github.com/scttfrdmn/cloudworkstation/cmd/cws-gui/main.go:4415.16,4424.3 6 0
github.com/scttfrdmn/cloudworkstation/cmd/cws-gui/main.go:4427.2,4430.22 3 0
github.com/scttfrdmn/cloudworkstation/cmd/cws-gui/main.go:4430.22,4431.13 1 0
github.com/scttfrdmn/cloudworkstation/cmd/cws-gui/main.go:4431.13,4437.4 5 0
github.com/scttfrdmn/cloudworkstation/cmd/cws-gui/main.go:4437.9,4445.34 7 0
github.com/scttfrdmn/cloudworkstation/cmd/cws-gui/main.go:4445.34,4447.47 2 0
github.com/scttfrdmn/cloudworkstation/cmd/cws-gui/main.go:4447.47,4449.6 1 0
github.com/scttfrdmn/cloudworkstation/cmd/cws-gui/main.go:4453.4,4453.27 1 0
github.com/scttfrdmn/cloudworkstation/cmd/cws-gui/main.go:4455.8,4458.3 2 0
github.com/scttfrdmn/cloudworkstation/cmd/cws-gui/main.go:4460.2,4461.35 2 0
github.com/scttfrdmn/cloudworkstation/cmd/cws-gui/main.go:4465.89,4479.12 4 0
github.com/scttfrdmn/cloudworkstation/cmd/cws-gui/main.go:4479.12,4497.17 7 0
github.com/scttfrdmn/cloudworkstation/cmd/cws-gui/main.go:4497.17,4501.4 2 0
github.com/scttfrdmn/cloudworkstation/cmd/cws-gui/main.go:4504.3,4509.23 2 0
github.com/scttfrdmn/cloudworkstation/cmd/cwsd/main.go:46.13,54.11 3 0
github.com/scttfrdmn/cloudworkstation/cmd/cwsd/main.go:54.11,57.3 2 0
github.com/scttfrdmn/cloudworkstation/cmd/cwsd/main.go:59.2,59.14 1 0
github.com/scttfrdmn/cloudworkstation/cmd/cwsd/main.go:59.14,62.3 2 0
github.com/scttfrdmn/cloudworkstation/cmd/cwsd/main.go:64.2,72.16 5 0
github.com/scttfrdmn/cloudworkstation/cmd/cwsd/main.go:72.16,74.3 1 0
github.com/scttfrdmn/cloudworkstation/cmd/cwsd/main.go:77.2,78.12 2 0
github.com/scttfrdmn/cloudworkstation/cmd/cwsd/main.go:78.12,79.40 1 0
github.com/scttfrdmn/cloudworkstation/cmd/cwsd/main.go:79.40,81.4 1 0
github.com/scttfrdmn/cloudworkstation/cmd/cwsd/main.go:85.2,85.9 1 0
github.com/scttfrdmn/cloudworkstation/cmd/cwsd/main.go:86.26,87.39 1 0
github.com/scttfrdmn/cloudworkstation/cmd/cwsd/main.go:88.24,91.14 2 0
github.com/scttfrdmn/cloudworkstation/cmd/cwsd/main.go:92.23,93.53 1 0
github.com/scttfrdmn/cloudworkstation/cmd/cwsd/main.go:96.40,101.40 3 0
github.com/scttfrdmn/cloudworkstation/cmd/cwsd/main.go:101.40,103.5 1 0
github.com/scttfrdmn/cloudworkstation/cmd/cwsd/main.go:103.10,105.5 1 0
github.com/scttfrdmn/cloudworkstation/cmd/cwsd/main.go:107.4,108.14 2 0
github.com/scttfrdmn/cloudworkstation/cmd/cwsd/main.go:113.19,161.2 47 0
github.com/scttfrdmn/cloudworkstation/cmd/cws-gui/theme/colors.go:69.59,71.16 2 0
github.com/scttfrdmn/cloudworkstation/cmd/cws-gui/theme/colors.go:71.16,73.3 1 0
github.com/scttfrdmn/cloudworkstation/cmd/cws-gui/theme/colors.go:73.8,75.3 1 0
github.com/scttfrdmn/cloudworkstation/cmd/cws-gui/theme/colors.go:77.2,79.3 1 0
github.com/scttfrdmn/cloudworkstation/cmd/cws-gui/theme/colors.go:83.104,85.14 1 0
github.com/scttfrdmn/cloudworkstation/cmd/cws-gui/theme/colors.go:86.30,87.44 1 0
github.com/scttfrdmn/cloudworkstation/cmd/cws-gui/theme/colors.go:88.33,89.35 1 0
github.com/scttfrdmn/cloudworkstation/cmd/cws-gui/theme/colors.go:89.35,91.4 1 0
github.com/scttfrdmn/cloudworkstation/cmd/cws-gui/theme/colors.go:92.3,92.41 1 0
github.com/scttfrdmn/cloudworkstation/cmd/cws-gui/theme/colors.go:93.31,94.35 1 0
github.com/scttfrdmn/cloudworkstation/cmd/cws-gui/theme/colors.go:94.35,96.4 1 0
github.com/scttfrdmn/cloudworkstation/cmd/cws-gui/theme/colors.go:97.3,97.42 1 0
github.com/scttfrdmn/cloudworkstation/cmd/cws-gui/theme/colors.go:98.10,99.42 1 0
github.com/scttfrdmn/cloudworkstation/cmd/cws-gui/theme/colors.go:104.77,106.2 1 0
github.com/scttfrdmn/cloudworkstation/cmd/cws-gui/theme/colors.go:109.74,111.2 1 0
github.com/scttfrdmn/cloudworkstation/cmd/cws-gui/theme/colors.go:114.71,116.14 1 0
github.com/scttfrdmn/cloudworkstation/cmd/cws-gui/theme/colors.go:117.26,118.12 1 0
github.com/scttfrdmn/cloudworkstation/cmd/cws-gui/theme/colors.go:119.33,120.12 1 0
github.com/scttfrdmn/cloudworkstation/cmd/cws-gui/theme/colors.go:121.33,122.12 1 0
github.com/scttfrdmn/cloudworkstation/cmd/cws-gui/theme/colors.go:123.32,124.12 1 0
github.com/scttfrdmn/cloudworkstation/cmd/cws-gui/theme/colors.go:125.29,126.11 1 0
github.com/scttfrdmn/cloudworkstation/cmd/cws-gui/theme/colors.go:127.31,128.12 1 0
github.com/scttfrdmn/cloudworkstation/cmd/cws-gui/theme/colors.go:129.36,130.11 1 0
github.com/scttfrdmn/cloudworkstation/cmd/cws-gui/theme/colors.go:131.40,132.11 1 0
github.com/scttfrdmn/cloudworkstation/cmd/cws-gui/theme/colors.go:133.33,134.11 1 0
github.com/scttfrdmn/cloudworkstation/cmd/cws-gui/theme/colors.go:135.10,136.32 1 0
github.com/scttfrdmn/cloudworkstation/cmd/cws-gui/theme/colors.go:141.73,142.34 1 0
github.com/scttfrdmn/cloudworkstation/cmd/cws-gui/theme/colors.go:142.34,143.16 1 0
github.com/scttfrdmn/cloudworkstation/cmd/cws-gui/theme/colors.go:144.18,145.45 1 0
github.com/scttfrdmn/cloudworkstation/cmd/cws-gui/theme/colors.go:146.18,147.45 1 0
github.com/scttfrdmn/cloudworkstation/cmd/cws-gui/theme/colors.go:148.30,149.45 1 0
github.com/scttfrdmn/cloudworkstation/cmd/cws-gui/theme/colors.go:150.30,151.48 1 0
github.com/scttfrdmn/cloudworkstation/cmd/cws-gui/theme/colors.go:152.11,153.44 1 0
github.com/scttfrdmn/cloudworkstation/cmd/cws-gui/theme/colors.go:155.8,156.16 1 0
github.com/scttfrdmn/cloudworkstation/cmd/cws-gui/theme/colors.go:157.18,158.46 1 0
github.com/scttfrdmn/cloudworkstation/cmd/cws-gui/theme/colors.go:159.18,160.46 1 0
github.com/scttfrdmn/cloudworkstation/cmd/cws-gui/theme/colors.go:161.30,162.46 1 0
github.com/scttfrdmn/cloudworkstation/cmd/cws-gui/theme/colors.go:163.30,164.49 1 0
github.com/scttfrdmn/cloudworkstation/cmd/cws-gui/theme/colors.go:165.11,166.44 1 0
github.com/scttfrdmn/cloudworkstation/cmd/cws-gui/theme/colors.go:172.41,173.15 1 0
github.com/scttfrdmn/cloudworkstation/cmd/cws-gui/theme/colors.go:174.17,175.16 1 0
github.com/scttfrdmn/cloudworkstation/cmd/cws-gui/theme/colors.go:176.17,177.16 1 0
github.com/scttfrdmn/cloudworkstation/cmd/cws-gui/theme/colors.go:178.29,179.16 1 0
github.com/scttfrdmn/cloudworkstation/cmd/cws-gui/theme/colors.go:180.29,181.16 1 0
github.com/scttfrdmn/cloudworkstation/cmd/cws-gui/theme/colors.go:182.10,183.15 1 0
github.com/scttfrdmn/cloudworkstation/cmd/cws-gui/systray/systray.go:33.118,41.2 1 0
github.com/scttfrdmn/cloudworkstation/cmd/cws-gui/systray/systray.go:44.37,63.45 7 0
github.com/scttfrdmn/cloudworkstation/cmd/cws-gui/systray/systray.go:63.45,65.29 1 0
github.com/scttfrdmn/cloudworkstation/cmd/cws-gui/systray/systray.go:65.29,67.5 1 0
github.com/scttfrdmn/cloudworkstation/cmd/cws-gui/systray/systray.go:68.4,69.27 2 0
github.com/scttfrdmn/cloudworkstation/cmd/cws-gui/systray/systray.go:73.41,77.4 2 0
github.com/scttfrdmn/cloudworkstation/cmd/cws-gui/systray/systray.go:78.40,82.4 2 0
github.com/scttfrdmn/cloudworkstation/cmd/cws-gui/systray/systray.go:83.43,87.4 2 0
github.com/scttfrdmn/cloudworkstation/cmd/cws-gui/systray/systray.go:89.45,91.4 1 0
github.com/scttfrdmn/cloudworkstation/cmd/cws-gui/systray/systray.go:93.35,95.4 1 0
github.com/scttfrdmn/cloudworkstation/cmd/cws-gui/systray/systray.go:99.2,103.39 3 0
github.com/scttfrdmn/cloudworkstation/cmd/cws-gui/systray/systray.go:107.37,108.17 1 0
github.com/scttfrdmn/cloudworkstation/cmd/cws-gui/systray/systray.go:108.17,110.3 1 0
github.com/scttfrdmn/cloudworkstation/cmd/cws-gui/systray/systray.go:112.2,119.12 4 0
github.com/scttfrdmn/cloudworkstation/cmd/cws-gui/systray/systray.go:119.12,120.31 1 0
github.com/scttfrdmn/cloudworkstation/cmd/cws-gui/systray/systray.go:120.31,121.20 1 0
github.com/scttfrdmn/cloudworkstation/cmd/cws-gui/systray/systray.go:121.20,123.5 1 0
github.com/scttfrdmn/cloudworkstation/cmd/cws-gui/systray/systray.go:124.4,124.21 1 0
github.com/scttfrdmn/cloudworkstation/cmd/cws-gui/systray/systray.go:130.36,131.28 1 0
github.com/scttfrdmn/cloudworkstation/cmd/cws-gui/systray/systray.go:131.28,133.3 1 0
github.com/scttfrdmn/cloudworkstation/cmd/cws-gui/systray/systray.go:134.2,134.21 1 0
github.com/scttfrdmn/cloudworkstation/cmd/cws-gui/systray/systray.go:138.78,140.2 1 0
github.com/scttfrdmn/cloudworkstation/cmd/cws-gui/systray/systray.go:143.62,145.2 1 0
github.com/scttfrdmn/cloudworkstation/cmd/cws-gui/systray/systray.go:148.45,154.16 4 0
github.com/scttfrdmn/cloudworkstation/cmd/cws-gui/systray/systray.go:154.16,157.3 2 0
github.com/scttfrdmn/cloudworkstation/cmd/cws-gui/systray/systray.go:160.2,165.28 4 0
github.com/scttfrdmn/cloudworkstation/cmd/cws-gui/systray/systray.go:169.54,170.44 1 0
github.com/scttfrdmn/cloudworkstation/cmd/cws-gui/systray/systray.go:170.44,172.3 1 0
github.com/scttfrdmn/cloudworkstation/cmd/cws-gui/systray/systray.go:175.2,176.39 2 0
github.com/scttfrdmn/cloudworkstation/cmd/cws-gui/systray/systray.go:176.39,177.34 1 0
github.com/scttfrdmn/cloudworkstation/cmd/cws-gui/systray/systray.go:177.34,179.4 1 0
github.com/scttfrdmn/cloudworkstation/cmd/cws-gui/systray/systray.go:183.2,188.22 4 0
github.com/scttfrdmn/cloudworkstation/cmd/cws-gui/systray/systray.go:188.22,190.3 1 0
github.com/scttfrdmn/cloudworkstation/cmd/cws-gui/systray/systray.go:190.8,192.3 1 0
github.com/scttfrdmn/cloudworkstation/cmd/cws-gui/systray/systray.go:195.2,198.29 2 0
github.com/scttfrdmn/cloudworkstation/cmd/cws-gui/systray/systray.go:198.29,200.3 1 0
github.com/scttfrdmn/cloudworkstation/cmd/cws-gui/systray/systray.go:203.2,203.28 1 0
github.com/scttfrdmn/cloudworkstation/cmd/cws-gui/systray/systray.go:207.57,208.44 1 0
github.com/scttfrdmn/cloudworkstation/cmd/cws-gui/systray/systray.go:208.44,210.3 1 0
github.com/scttfrdmn/cloudworkstation/cmd/cws-gui/systray/systray.go:213.2,222.29 6 0
github.com/scttfrdmn/cloudworkstation/cmd/cws-gui/systray/systray.go:222.29,224.3 1 0
github.com/scttfrdmn/cloudworkstation/cmd/cws-gui/systray/systray.go:228.54,230.36 1 0
github.com/scttfrdmn/cloudworkstation/cmd/cws-gui/systray/systray.go:230.36,231.66 1 0
github.com/scttfrdmn/cloudworkstation/cmd/cws-gui/systray/systray.go:231.66,236.41 2 0
github.com/scttfrdmn/cloudworkstation/cmd/cws-gui/systray/systray.go:236.41,237.36 1 0
github.com/scttfrdmn/cloudworkstation/cmd/cws-gui/systray/systray.go:237.36,244.14 2 0
github.com/scttfrdmn/cloudworkstation/cmd/cws-gui/systray/systray.go:244.14,248.8 2 0
github.com/scttfrdmn/cloudworkstation/cmd/cws-gui/systray/systray.go:252.6,253.42 1 0
github.com/scttfrdmn/cloudworkstation/cmd/cws-gui/systray/systray.go:253.42,255.8 1 0
github.com/scttfrdmn/cloudworkstation/cmd/cws-gui/systray/systray.go:256.39,258.8 1 0
github.com/scttfrdmn/cloudworkstation/cmd/cws-gui/systray/systray.go:260.6,262.57 2 0
github.com/scttfrdmn/cloudworkstation/cmd/cws-gui/systray/systray.go:267.4,267.41 1 0
github.com/scttfrdmn/cloudworkstation/cmd/cws-gui/systray/systray.go:267.41,268.36 1 0
github.com/scttfrdmn/cloudworkstation/cmd/cws-gui/systray/systray.go:268.36,275.14 2 0
github.com/scttfrdmn/cloudworkstation/cmd/cws-gui/systray/systray.go:275.14,279.8 2 0
github.com/scttfrdmn/cloudworkstation/cmd/cws-gui/systray/systray.go:283.6,284.40 1 0
github.com/scttfrdmn/cloudworkstation/cmd/cws-gui/systray/systray.go:284.40,286.8 1 0
github.com/scttfrdmn/cloudworkstation/cmd/cws-gui/systray/systray.go:288.6,290.57 2 0
github.com/scttfrdmn/cloudworkstation/cmd/cws-gui/systray/systray.go:295.4,295.31 1 0
github.com/scttfrdmn/cloudworkstation/cmd/cws-gui/systray/systray.go:295.31,299.5 3 0
github.com/scttfrdmn/cloudworkstation/cmd/cws-gui/systray/systray.go:302.4,302.42 1 0
github.com/scttfrdmn/cloudworkstation/cmd/cws-gui/systray/systray.go:302.42,305.5 1 0
github.com/scttfrdmn/cloudworkstation/cmd/cws-gui/systray/systray.go:305.10,308.5 1 0
github.com/scttfrdmn/cloudworkstation/cmd/cws-gui/systray/systray.go:311.4,311.9 1 0
github.com/scttfrdmn/cloudworkstation/cmd/cws-gui/systray/systray.go:318.60,324.16 4 0
github.com/scttfrdmn/cloudworkstation/cmd/cws-gui/systray/systray.go:324.16,327.3 1 0
github.com/scttfrdmn/cloudworkstation/cmd/cws-gui/systray/systray.go:330.2,330.87 1 0
github.com/scttfrdmn/cloudworkstation/cmd/cws-gui/systray/systray.go:333.56,337.61 3 0
github.com/scttfrdmn/cloudworkstation/cmd/cws-gui/systray/systray.go:337.61,340.3 1 0
github.com/scttfrdmn/cloudworkstation/cmd/cws-gui/systray/systray.go:343.2,343.19 1 0
github.com/scttfrdmn/cloudworkstation/cmd/cws-gui/systray/systray.go:346.55,350.60 3 0
github.com/scttfrdmn/cloudworkstation/cmd/cws-gui/systray/systray.go:350.60,353.3 1 0
github.com/scttfrdmn/cloudworkstation/cmd/cws-gui/systray/systray.go:356.2,356.19 1 0
github.com/scttfrdmn/cloudworkstation/cmd/cws-gui/widgets/cost_badge.go:24.73,32.2 3 0
github.com/scttfrdmn/cloudworkstation/cmd/cws-gui/widgets/cost_badge.go:35.58,42.17 4 0
github.com/scttfrdmn/cloudworkstation/cmd/cws-gui/widgets/cost_badge.go:42.17,44.20 2 0
github.com/scttfrdmn/cloudworkstation/cmd/cws-gui/widgets/cost_badge.go:44.20,46.4 1 0
github.com/scttfrdmn/cloudworkstation/cmd/cws-gui/widgets/cost_badge.go:47.8,49.20 2 0
github.com/scttfrdmn/cloudworkstation/cmd/cws-gui/widgets/cost_badge.go:49.20,51.4 1 0
github.com/scttfrdmn/cloudworkstation/cmd/cws-gui/widgets/cost_badge.go:55.2,58.17 2 0
github.com/scttfrdmn/cloudworkstation/cmd/cws-gui/widgets/cost_badge.go:58.17,60.3 1 0
github.com/scttfrdmn/cloudworkstation/cmd/cws-gui/widgets/cost_badge.go:62.2,67.3 1 0
github.com/scttfrdmn/cloudworkstation/cmd/cws-gui/widgets/cost_badge.go:79.52,90.2 4 0
github.com/scttfrdmn/cloudworkstation/cmd/cws-gui/widgets/cost_badge.go:93.49,101.2 3 0
github.com/scttfrdmn/cloudworkstation/cmd/cws-gui/widgets/cost_badge.go:104.39,110.23 3 0
[...]
github.com/scttfrdmn/cloudworkstation/pkg/daemon/user_handlers.go:298.4,298.10 1 0
github.com/scttfrdmn/cloudworkstation/pkg/daemon/user_handlers.go:302.3,306.17 3 0
github.com/scttfrdmn/cloudworkstation/pkg/daemon/user_handlers.go:306.17,309.4 2 0
github.com/scttfrdmn/cloudworkstation/pkg/daemon/user_handlers.go:311.3,311.38 1 0
github.com/scttfrdmn/cloudworkstation/pkg/daemon/user_handlers.go:312.8,314.3 1 0
github.com/scttfrdmn/cloudworkstation/pkg/daemon/user_handlers.go:318.71,319.18 1 0
github.com/scttfrdmn/cloudworkstation/pkg/daemon/user_handlers.go:320.22,321.27 1 0
github.com/scttfrdmn/cloudworkstation/pkg/daemon/user_handlers.go:322.23,323.28 1 0
github.com/scttfrdmn/cloudworkstation/pkg/daemon/user_handlers.go:324.10,325.69 1 0
github.com/scttfrdmn/cloudworkstation/pkg/daemon/user_handlers.go:330.80,334.21 3 0
github.com/scttfrdmn/cloudworkstation/pkg/daemon/user_handlers.go:334.21,337.3 2 0
github.com/scttfrdmn/cloudworkstation/pkg/daemon/user_handlers.go:339.2,341.21 2 0
github.com/scttfrdmn/cloudworkstation/pkg/daemon/user_handlers.go:341.21,343.19 1 0
github.com/scttfrdmn/cloudworkstation/pkg/daemon/user_handlers.go:344.23,345.35 1 0
github.com/scttfrdmn/cloudworkstation/pkg/daemon/user_handlers.go:346.23,347.38 1 0
github.com/scttfrdmn/cloudworkstation/pkg/daemon/user_handlers.go:348.26,349.38 1 0
github.com/scttfrdmn/cloudworkstation/pkg/daemon/user_handlers.go:350.11,351.70 1 0
github.com/scttfrdmn/cloudworkstation/pkg/daemon/user_handlers.go:353.8,353.28 1 0
github.com/scttfrdmn/cloudworkstation/pkg/daemon/user_handlers.go:353.28,356.20 2 0
github.com/scttfrdmn/cloudworkstation/pkg/daemon/user_handlers.go:357.16,358.37 1 0
github.com/scttfrdmn/cloudworkstation/pkg/daemon/user_handlers.go:359.11,360.61 1 0
github.com/scttfrdmn/cloudworkstation/pkg/daemon/user_handlers.go:362.8,364.3 1 0
github.com/scttfrdmn/cloudworkstation/pkg/daemon/user_handlers.go:368.75,372.51 2 0
github.com/scttfrdmn/cloudworkstation/pkg/daemon/user_handlers.go:372.51,374.3 1 0
github.com/scttfrdmn/cloudworkstation/pkg/daemon/user_handlers.go:376.2,376.63 1 0
github.com/scttfrdmn/cloudworkstation/pkg/daemon/user_handlers.go:376.63,378.3 1 0
github.com/scttfrdmn/cloudworkstation/pkg/daemon/user_handlers.go:381.2,386.51 2 0
github.com/scttfrdmn/cloudworkstation/pkg/daemon/user_handlers.go:386.51,387.69 1 0
github.com/scttfrdmn/cloudworkstation/pkg/daemon/user_handlers.go:387.69,390.4 2 0
github.com/scttfrdmn/cloudworkstation/pkg/daemon/user_handlers.go:393.2,393.64 1 0
github.com/scttfrdmn/cloudworkstation/pkg/daemon/user_handlers.go:393.64,394.77 1 0
github.com/scttfrdmn/cloudworkstation/pkg/daemon/user_handlers.go:394.77,397.4 2 0
github.com/scttfrdmn/cloudworkstation/pkg/daemon/user_handlers.go:400.2,400.58 1 0
github.com/scttfrdmn/cloudworkstation/pkg/daemon/user_handlers.go:400.58,402.3 1 0
github.com/scttfrdmn/cloudworkstation/pkg/daemon/user_handlers.go:404.2,404.67 1 0
github.com/scttfrdmn/cloudworkstation/pkg/daemon/user_handlers.go:404.67,406.3 1 0
github.com/scttfrdmn/cloudworkstation/pkg/daemon/user_handlers.go:409.2,410.16 2 0
github.com/scttfrdmn/cloudworkstation/pkg/daemon/user_handlers.go:410.16,413.3 2 0
github.com/scttfrdmn/cloudworkstation/pkg/daemon/user_handlers.go:415.2,415.35 1 0
github.com/scttfrdmn/cloudworkstation/pkg/daemon/user_handlers.go:419.76,422.63 2 0
github.com/scttfrdmn/cloudworkstation/pkg/daemon/user_handlers.go:422.63,425.3 2 0
github.com/scttfrdmn/cloudworkstation/pkg/daemon/user_handlers.go:428.2,429.16 2 0
github.com/scttfrdmn/cloudworkstation/pkg/daemon/user_handlers.go:429.16,430.40 1 0
github.com/scttfrdmn/cloudworkstation/pkg/daemon/user_handlers.go:430.40,432.4 1 0
github.com/scttfrdmn/cloudworkstation/pkg/daemon/user_handlers.go:432.9,434.4 1 0
github.com/scttfrdmn/cloudworkstation/pkg/daemon/user_handlers.go:435.3,435.9 1 0
github.com/scttfrdmn/cloudworkstation/pkg/daemon/user_handlers.go:438.2,439.34 2 0
github.com/scttfrdmn/cloudworkstation/pkg/daemon/user_handlers.go:443.84,446.16 2 0
github.com/scttfrdmn/cloudworkstation/pkg/daemon/user_handlers.go:446.16,447.39 1 0
github.com/scttfrdmn/cloudworkstation/pkg/daemon/user_handlers.go:447.39,449.4 1 0
github.com/scttfrdmn/cloudworkstation/pkg/daemon/user_handlers.go:449.9,451.4 1 0
github.com/scttfrdmn/cloudworkstation/pkg/daemon/user_handlers.go:452.3,452.9 1 0
github.com/scttfrdmn/cloudworkstation/pkg/daemon/user_handlers.go:455.2,455.34 1 0
github.com/scttfrdmn/cloudworkstation/pkg/daemon/user_handlers.go:459.87,462.63 2 0
github.com/scttfrdmn/cloudworkstation/pkg/daemon/user_handlers.go:462.63,465.3 2 0
github.com/scttfrdmn/cloudworkstation/pkg/daemon/user_handlers.go:468.2,468.20 1 0
github.com/scttfrdmn/cloudworkstation/pkg/daemon/user_handlers.go:468.20,471.3 2 0
github.com/scttfrdmn/cloudworkstation/pkg/daemon/user_handlers.go:474.2,475.16 2 0
github.com/scttfrdmn/cloudworkstation/pkg/daemon/user_handlers.go:475.16,476.39 1 0
github.com/scttfrdmn/cloudworkstation/pkg/daemon/user_handlers.go:476.39,478.4 1 0
github.com/scttfrdmn/cloudworkstation/pkg/daemon/user_handlers.go:478.9,478.47 1 0
github.com/scttfrdmn/cloudworkstation/pkg/daemon/user_handlers.go:478.47,480.4 1 0
github.com/scttfrdmn/cloudworkstation/pkg/daemon/user_handlers.go:480.9,482.4 1 0
github.com/scttfrdmn/cloudworkstation/pkg/daemon/user_handlers.go:483.3,483.9 1 0
github.com/scttfrdmn/cloudworkstation/pkg/daemon/user_handlers.go:486.2,486.34 1 0
github.com/scttfrdmn/cloudworkstation/pkg/daemon/user_handlers.go:490.87,493.16 2 0
github.com/scttfrdmn/cloudworkstation/pkg/daemon/user_handlers.go:493.16,494.39 1 0
github.com/scttfrdmn/cloudworkstation/pkg/daemon/user_handlers.go:494.39,496.4 1 0
github.com/scttfrdmn/cloudworkstation/pkg/daemon/user_handlers.go:496.9,498.4 1 0
github.com/scttfrdmn/cloudworkstation/pkg/daemon/user_handlers.go:499.3,499.9 1 0
github.com/scttfrdmn/cloudworkstation/pkg/daemon/user_handlers.go:502.2,502.37 1 0
github.com/scttfrdmn/cloudworkstation/pkg/daemon/user_handlers.go:506.86,507.32 1 0
github.com/scttfrdmn/cloudworkstation/pkg/daemon/user_handlers.go:507.32,514.52 2 0
github.com/scttfrdmn/cloudworkstation/pkg/daemon/user_handlers.go:514.52,515.70 1 0
github.com/scttfrdmn/cloudworkstation/pkg/daemon/user_handlers.go:515.70,518.5 2 0
github.com/scttfrdmn/cloudworkstation/pkg/daemon/user_handlers.go:521.3,521.65 1 0
github.com/scttfrdmn/cloudworkstation/pkg/daemon/user_handlers.go:521.65,522.78 1 0
github.com/scttfrdmn/cloudworkstation/pkg/daemon/user_handlers.go:522.78,525.5 2 0
github.com/scttfrdmn/cloudworkstation/pkg/daemon/user_handlers.go:529.3,530.17 2 0
github.com/scttfrdmn/cloudworkstation/pkg/daemon/user_handlers.go:530.17,531.40 1 0
github.com/scttfrdmn/cloudworkstation/pkg/daemon/user_handlers.go:531.40,533.5 1 0
github.com/scttfrdmn/cloudworkstation/pkg/daemon/user_handlers.go:533.10,535.5 1 0
github.com/scttfrdmn/cloudworkstation/pkg/daemon/user_handlers.go:536.4,536.10 1 0
github.com/scttfrdmn/cloudworkstation/pkg/daemon/user_handlers.go:539.3,539.35 1 0
github.com/scttfrdmn/cloudworkstation/pkg/daemon/user_handlers.go:540.8,540.39 1 0
github.com/scttfrdmn/cloudworkstation/pkg/daemon/user_handlers.go:540.39,543.66 2 0
github.com/scttfrdmn/cloudworkstation/pkg/daemon/user_handlers.go:543.66,546.4 2 0
github.com/scttfrdmn/cloudworkstation/pkg/daemon/user_handlers.go:550.3,551.17 2 0
github.com/scttfrdmn/cloudworkstation/pkg/daemon/user_handlers.go:551.17,552.40 1 0
github.com/scttfrdmn/cloudworkstation/pkg/daemon/user_handlers.go:552.40,554.5 1 0
github.com/scttfrdmn/cloudworkstation/pkg/daemon/user_handlers.go:554.10,556.5 1 0
github.com/scttfrdmn/cloudworkstation/pkg/daemon/user_handlers.go:557.4,557.10 1 0
github.com/scttfrdmn/cloudworkstation/pkg/daemon/user_handlers.go:561.3,562.37 2 0
github.com/scttfrdmn/cloudworkstation/pkg/daemon/user_handlers.go:562.37,564.4 1 0
github.com/scttfrdmn/cloudworkstation/pkg/daemon/user_handlers.go:566.3,567.34 2 0
github.com/scttfrdmn/cloudworkstation/pkg/daemon/user_handlers.go:567.34,569.4 1 0
github.com/scttfrdmn/cloudworkstation/pkg/daemon/user_handlers.go:572.3,572.37 1 0
github.com/scttfrdmn/cloudworkstation/pkg/daemon/user_handlers.go:572.37,573.28 1 0
github.com/scttfrdmn/cloudworkstation/pkg/daemon/user_handlers.go:573.28,575.90 2 0
github.com/scttfrdmn/cloudworkstation/pkg/daemon/user_handlers.go:575.90,578.6 2 0
github.com/scttfrdmn/cloudworkstation/pkg/daemon/user_handlers.go:583.3,583.34 1 0
github.com/scttfrdmn/cloudworkstation/pkg/daemon/user_handlers.go:583.34,584.31 1 0
github.com/scttfrdmn/cloudworkstation/pkg/daemon/user_handlers.go:584.31,586.90 2 0
github.com/scttfrdmn/cloudworkstation/pkg/daemon/user_handlers.go:586.90,589.6 2 0
github.com/scttfrdmn/cloudworkstation/pkg/daemon/user_handlers.go:593.3,593.38 1 0
github.com/scttfrdmn/cloudworkstation/pkg/daemon/user_handlers.go:594.8,596.3 1 0
github.com/scttfrdmn/cloudworkstation/pkg/daemon/user_handlers.go:600.77,601.33 1 0
github.com/scttfrdmn/cloudworkstation/pkg/daemon/user_handlers.go:601.33,604.3 2 0
github.com/scttfrdmn/cloudworkstation/pkg/daemon/user_handlers.go:607.2,612.61 2 0
github.com/scttfrdmn/cloudworkstation/pkg/daemon/user_handlers.go:612.61,615.3 2 0
github.com/scttfrdmn/cloudworkstation/pkg/daemon/user_handlers.go:618.2,619.16 2 0
github.com/scttfrdmn/cloudworkstation/pkg/daemon/user_handlers.go:619.16,622.3 2 0
github.com/scttfrdmn/cloudworkstation/pkg/daemon/user_handlers.go:624.2,624.21 1 0
github.com/scttfrdmn/cloudworkstation/pkg/daemon/user_handlers.go:624.21,627.3 2 0
github.com/scttfrdmn/cloudworkstation/pkg/daemon/user_handlers.go:630.2,640.37 2 0
github.com/scttfrdmn/cloudworkstation/pkg/daemon/user_manager.go:29.36,33.2 1 1
github.com/scttfrdmn/cloudworkstation/pkg/daemon/user_manager.go:36.42,40.19 3 1
github.com/scttfrdmn/cloudworkstation/pkg/daemon/user_manager.go:40.19,42.3 1 0
github.com/scttfrdmn/cloudworkstation/pkg/daemon/user_manager.go:46.2,55.12 6 1
github.com/scttfrdmn/cloudworkstation/pkg/daemon/user_manager.go:59.88,63.20 3 0
github.com/scttfrdmn/cloudworkstation/pkg/daemon/user_manager.go:63.20,65.3 1 0
github.com/scttfrdmn/cloudworkstation/pkg/daemon/user_manager.go:67.2,67.45 1 0
github.com/scttfrdmn/cloudworkstation/pkg/daemon/user_manager.go:71.80,75.20 3 0
github.com/scttfrdmn/cloudworkstation/pkg/daemon/user_manager.go:75.20,77.3 1 0
github.com/scttfrdmn/cloudworkstation/pkg/daemon/user_manager.go:79.2,79.51 1 0
github.com/scttfrdmn/cloudworkstation/pkg/daemon/user_manager.go:83.124,87.20 3 0
github.com/scttfrdmn/cloudworkstation/pkg/daemon/user_manager.go:87.20,89.3 1 0
github.com/scttfrdmn/cloudworkstation/pkg/daemon/user_manager.go:91.2,91.51 1 0
github.com/scttfrdmn/cloudworkstation/pkg/daemon/user_manager.go:95.87,99.20 3 0
github.com/scttfrdmn/cloudworkstation/pkg/daemon/user_manager.go:99.20,101.3 1 0
github.com/scttfrdmn/cloudworkstation/pkg/daemon/user_manager.go:103.2,103.30 1 0
github.com/scttfrdmn/cloudworkstation/pkg/daemon/user_manager.go:107.103,111.20 3 0
github.com/scttfrdmn/cloudworkstation/pkg/daemon/user_manager.go:111.20,113.3 1 0
github.com/scttfrdmn/cloudworkstation/pkg/daemon/user_manager.go:115.2,115.46 1 0
github.com/scttfrdmn/cloudworkstation/pkg/daemon/user_manager.go:119.156,123.20 3 0
github.com/scttfrdmn/cloudworkstation/pkg/daemon/user_manager.go:123.20,125.3 1 0
github.com/scttfrdmn/cloudworkstation/pkg/daemon/user_manager.go:127.2,127.48 1 0
github.com/scttfrdmn/cloudworkstation/pkg/daemon/user_manager.go:131.100,135.20 3 0
github.com/scttfrdmn/cloudworkstation/pkg/daemon/user_manager.go:135.20,137.3 1 0
github.com/scttfrdmn/cloudworkstation/pkg/daemon/user_manager.go:139.2,140.18 2 0
github.com/scttfrdmn/cloudworkstation/pkg/daemon/user_manager.go:144.100,148.20 3 0
github.com/scttfrdmn/cloudworkstation/pkg/daemon/user_manager.go:148.20,150.3 1 0
github.com/scttfrdmn/cloudworkstation/pkg/daemon/user_manager.go:152.2,153.18 2 0
github.com/scttfrdmn/cloudworkstation/pkg/daemon/user_manager.go:157.72,161.20 3 0
github.com/scttfrdmn/cloudworkstation/pkg/daemon/user_manager.go:161.20,163.3 1 0
github.com/scttfrdmn/cloudworkstation/pkg/daemon/user_manager.go:165.2,165.33 1 0
github.com/scttfrdmn/cloudworkstation/pkg/daemon/user_manager.go:169.72,173.20 3 0
github.com/scttfrdmn/cloudworkstation/pkg/daemon/user_manager.go:173.20,175.3 1 0
github.com/scttfrdmn/cloudworkstation/pkg/daemon/user_manager.go:177.2,177.33 1 0
github.com/scttfrdmn/cloudworkstation/pkg/daemon/user_manager.go:181.73,185.20 3 0
github.com/scttfrdmn/cloudworkstation/pkg/daemon/user_manager.go:185.20,187.3 1 0
github.com/scttfrdmn/cloudworkstation/pkg/daemon/user_manager.go:189.2,189.34 1 0
github.com/scttfrdmn/cloudworkstation/pkg/daemon/user_manager.go:193.122,197.20 3 0
github.com/scttfrdmn/cloudworkstation/pkg/daemon/user_manager.go:197.20,199.3 1 0
github.com/scttfrdmn/cloudworkstation/pkg/daemon/user_manager.go:201.2,201.44 1 0
github.com/scttfrdmn/cloudworkstation/pkg/daemon/user_manager.go:205.96,209.20 3 0
github.com/scttfrdmn/cloudworkstation/pkg/daemon/user_manager.go:209.20,211.3 1 0
github.com/scttfrdmn/cloudworkstation/pkg/daemon/user_manager.go:213.2,214.12 2 0
github.com/scttfrdmn/cloudworkstation/pkg/daemon/user_manager.go:218.92,222.20 3 0
github.com/scttfrdmn/cloudworkstation/pkg/daemon/user_manager.go:222.20,224.3 1 0
github.com/scttfrdmn/cloudworkstation/pkg/daemon/user_manager.go:226.2,226.47 1 0
github.com/scttfrdmn/cloudworkstation/pkg/daemon/user_manager.go:230.110,234.20 3 0
github.com/scttfrdmn/cloudworkstation/pkg/daemon/user_manager.go:234.20,236.3 1 0
github.com/scttfrdmn/cloudworkstation/pkg/daemon/user_manager.go:239.2,240.16 2 0
github.com/scttfrdmn/cloudworkstation/pkg/daemon/user_manager.go:240.16,242.3 1 0
github.com/scttfrdmn/cloudworkstation/pkg/daemon/user_manager.go:245.2,245.38 1 0
github.com/scttfrdmn/cloudworkstation/pkg/daemon/user_manager.go:245.38,246.23 1 0
github.com/scttfrdmn/cloudworkstation/pkg/daemon/user_manager.go:246.23,248.4 1 0
github.com/scttfrdmn/cloudworkstation/pkg/daemon/user_manager.go:251.2,251.19 1 0
github.com/scttfrdmn/cloudworkstation/pkg/daemon/user_manager.go:255.37,259.20 3 0
github.com/scttfrdmn/cloudworkstation/pkg/daemon/user_manager.go:259.20,261.3 1 0
github.com/scttfrdmn/cloudworkstation/pkg/daemon/user_manager.go:263.2,263.42 1 0
github.com/scttfrdmn/cloudworkstation/pkg/daemon/user_manager.go:263.42,265.3 1 0
github.com/scttfrdmn/cloudworkstation/pkg/daemon/user_manager.go:267.2,268.12 2 0
github.com/scttfrdmn/cloudworkstation/pkg/daemon/volume_handlers.go:12.72,13.18 1 0
github.com/scttfrdmn/cloudworkstation/pkg/daemon/volume_handlers.go:14.22,15.28 1 0
github.com/scttfrdmn/cloudworkstation/pkg/daemon/volume_handlers.go:16.23,17.29 1 0
github.com/scttfrdmn/cloudworkstation/pkg/daemon/volume_handlers.go:18.10,19.69 1 0
github.com/scttfrdmn/cloudworkstation/pkg/daemon/volume_handlers.go:24.76,26.16 2 0
github.com/scttfrdmn/cloudworkstation/pkg/daemon/volume_handlers.go:26.16,29.3 2 0
github.com/scttfrdmn/cloudworkstation/pkg/daemon/volume_handlers.go:32.2,33.39 2 0
github.com/scttfrdmn/cloudworkstation/pkg/daemon/volume_handlers.go:33.39,35.3 1 0
github.com/scttfrdmn/cloudworkstation/pkg/daemon/volume_handlers.go:37.2,37.36 1 0
github.com/scttfrdmn/cloudworkstation/pkg/daemon/volume_handlers.go:41.77,43.61 2 0
github.com/scttfrdmn/cloudworkstation/pkg/daemon/volume_handlers.go:43.61,46.3 2 0
github.com/scttfrdmn/cloudworkstation/pkg/daemon/volume_handlers.go:48.2,49.16 2 0
github.com/scttfrdmn/cloudworkstation/pkg/daemon/volume_handlers.go:49.16,52.3 2 0
github.com/scttfrdmn/cloudworkstation/pkg/daemon/volume_handlers.go:54.2,55.16 2 0
github.com/scttfrdmn/cloudworkstation/pkg/daemon/volume_handlers.go:55.16,58.3 2 0
github.com/scttfrdmn/cloudworkstation/pkg/daemon/volume_handlers.go:61.2,61.59 1 0
github.com/scttfrdmn/cloudworkstation/pkg/daemon/volume_handlers.go:61.59,64.3 2 0
github.com/scttfrdmn/cloudworkstation/pkg/daemon/volume_handlers.go:66.2,66.35 1 0
github.com/scttfrdmn/cloudworkstation/pkg/daemon/volume_handlers.go:70.81,73.21 3 0
github.com/scttfrdmn/cloudworkstation/pkg/daemon/volume_handlers.go:73.21,76.3 2 0
github.com/scttfrdmn/cloudworkstation/pkg/daemon/volume_handlers.go:78.2,80.21 2 0
github.com/scttfrdmn/cloudworkstation/pkg/daemon/volume_handlers.go:80.21,81.19 1 0
github.com/scttfrdmn/cloudworkstation/pkg/daemon/volume_handlers.go:82.23,83.39 1 0
github.com/scttfrdmn/cloudworkstation/pkg/daemon/volume_handlers.go:84.26,85.42 1 0
github.com/scttfrdmn/cloudworkstation/pkg/daemon/volume_handlers.go:86.11,87.70 1 0
github.com/scttfrdmn/cloudworkstation/pkg/daemon/volume_handlers.go:89.8,89.28 1 0
github.com/scttfrdmn/cloudworkstation/pkg/daemon/volume_handlers.go:89.28,91.20 2 0
github.com/scttfrdmn/cloudworkstation/pkg/daemon/volume_handlers.go:92.16,93.41 1 0
github.com/scttfrdmn/cloudworkstation/pkg/daemon/volume_handlers.go:94.18,95.43 1 0
github.com/scttfrdmn/cloudworkstation/pkg/daemon/volume_handlers.go:96.11,97.61 1 0
github.com/scttfrdmn/cloudworkstation/pkg/daemon/volume_handlers.go:103.87,105.16 2 0
github.com/scttfrdmn/cloudworkstation/pkg/daemon/volume_handlers.go:105.16,108.3 2 0
github.com/scttfrdmn/cloudworkstation/pkg/daemon/volume_handlers.go:110.2,111.13 2 0
github.com/scttfrdmn/cloudworkstation/pkg/daemon/volume_handlers.go:111.13,114.3 2 0
github.com/scttfrdmn/cloudworkstation/pkg/daemon/volume_handlers.go:116.2,116.35 1 0
github.com/scttfrdmn/cloudworkstation/pkg/daemon/volume_handlers.go:120.90,122.16 2 0
github.com/scttfrdmn/cloudworkstation/pkg/daemon/volume_handlers.go:122.16,125.3 2 0
github.com/scttfrdmn/cloudworkstation/pkg/daemon/volume_handlers.go:127.2,128.16 2 0
github.com/scttfrdmn/cloudworkstation/pkg/daemon/volume_handlers.go:128.16,131.3 2 0
github.com/scttfrdmn/cloudworkstation/pkg/daemon/volume_handlers.go:134.2,134.58 1 0
github.com/scttfrdmn/cloudworkstation/pkg/daemon/volume_handlers.go:134.58,137.3 2 0
github.com/scttfrdmn/cloudworkstation/pkg/daemon/volume_handlers.go:139.2,139.37 1 0
github.com/scttfrdmn/cloudworkstation/pkg/daemon/volume_handlers.go:143.95,144.33 1 0
github.com/scttfrdmn/cloudworkstation/pkg/daemon/volume_handlers.go:144.33,147.3 2 0
github.com/scttfrdmn/cloudworkstation/pkg/daemon/volume_handlers.go:149.2,150.61 2 0
github.com/scttfrdmn/cloudworkstation/pkg/daemon/volume_handlers.go:150.61,153.3 2 0
github.com/scttfrdmn/cloudworkstation/pkg/daemon/volume_handlers.go:155.2,156.9 2 0
github.com/scttfrdmn/cloudworkstation/pkg/daemon/volume_handlers.go:156.9,159.3 2 0
github.com/scttfrdmn/cloudworkstation/pkg/daemon/volume_handlers.go:161.2,162.9 2 0
github.com/scttfrdmn/cloudworkstation/pkg/daemon/volume_handlers.go:162.9,164.3 1 0
github.com/scttfrdmn/cloudworkstation/pkg/daemon/volume_handlers.go:166.2,167.16 2 0
github.com/scttfrdmn/cloudworkstation/pkg/daemon/volume_handlers.go:167.16,170.3 2 0
github.com/scttfrdmn/cloudworkstation/pkg/daemon/volume_handlers.go:172.2,173.16 2 0
github.com/scttfrdmn/cloudworkstation/pkg/daemon/volume_handlers.go:173.16,176.3 2 0
github.com/scttfrdmn/cloudworkstation/pkg/daemon/volume_handlers.go:178.2,178.37 1 0
github.com/scttfrdmn/cloudworkstation/pkg/daemon/volume_handlers.go:182.97,183.33 1 0
github.com/scttfrdmn/cloudworkstation/pkg/daemon/volume_handlers.go:183.33,186.3 2 0
github.com/scttfrdmn/cloudworkstation/pkg/daemon/volume_handlers.go:188.2,189.61 2 0
github.com/scttfrdmn/cloudworkstation/pkg/daemon/volume_handlers.go:189.61,192.3 2 0
github.com/scttfrdmn/cloudworkstation/pkg/daemon/volume_handlers.go:194.2,195.9 2 0
github.com/scttfrdmn/cloudworkstation/pkg/daemon/volume_handlers.go:195.9,198.3 2 0
github.com/scttfrdmn/cloudworkstation/pkg/daemon/volume_handlers.go:200.2,201.16 2 0
github.com/scttfrdmn/cloudworkstation/pkg/daemon/volume_handlers.go:201.16,204.3 2 0
github.com/scttfrdmn/cloudworkstation/pkg/daemon/volume_handlers.go:206.2,207.16 2 0
github.com/scttfrdmn/cloudworkstation/pkg/daemon/volume_handlers.go:207.16,210.3 2 0
github.com/scttfrdmn/cloudworkstation/pkg/daemon/volume_handlers.go:212.2,212.37 1 0
