mode: atomic
github.com/scttfrdmn/cloudworkstation/cmd/cwsd/main.go:45.13,53.11 3 0
github.com/scttfrdmn/cloudworkstation/cmd/cwsd/main.go:53.11,56.3 2 0
github.com/scttfrdmn/cloudworkstation/cmd/cwsd/main.go:58.2,58.14 1 0
github.com/scttfrdmn/cloudworkstation/cmd/cwsd/main.go:58.14,61.3 2 0
github.com/scttfrdmn/cloudworkstation/cmd/cwsd/main.go:63.2,66.16 3 0
github.com/scttfrdmn/cloudworkstation/cmd/cwsd/main.go:66.16,68.3 1 0
github.com/scttfrdmn/cloudworkstation/cmd/cwsd/main.go:70.2,70.39 1 0
github.com/scttfrdmn/cloudworkstation/cmd/cwsd/main.go:70.39,72.3 1 0
github.com/scttfrdmn/cloudworkstation/cmd/cwsd/main.go:75.19,103.2 27 0
github.com/scttfrdmn/cloudworkstation/cmd/cws/main.go:43.13,52.18 4 0
github.com/scttfrdmn/cloudworkstation/cmd/cws/main.go:52.18,55.3 2 0
github.com/scttfrdmn/cloudworkstation/cmd/cws/main.go:57.2,57.15 1 0
github.com/scttfrdmn/cloudworkstation/cmd/cws/main.go:57.15,60.3 2 0
github.com/scttfrdmn/cloudworkstation/cmd/cws/main.go:63.2,64.25 2 0
github.com/scttfrdmn/cloudworkstation/cmd/cws/main.go:64.25,67.3 2 0
github.com/scttfrdmn/cloudworkstation/cmd/cws/main.go:70.2,76.16 5 0
github.com/scttfrdmn/cloudworkstation/cmd/cws/main.go:76.16,79.17 2 0
github.com/scttfrdmn/cloudworkstation/cmd/cws/main.go:79.17,82.4 2 0
github.com/scttfrdmn/cloudworkstation/cmd/cws/main.go:86.2,109.23 8 0
github.com/scttfrdmn/cloudworkstation/cmd/cws/main.go:109.23,110.61 1 0
github.com/scttfrdmn/cloudworkstation/cmd/cws/main.go:110.61,112.4 1 0
github.com/scttfrdmn/cloudworkstation/cmd/cws/main.go:116.2,116.36 1 0
github.com/scttfrdmn/cloudworkstation/cmd/cws/main.go:116.36,118.3 1 0
github.com/scttfrdmn/cloudworkstation/cmd/cws/main.go:120.2,120.76 1 0
github.com/scttfrdmn/cloudworkstation/cmd/cws/main.go:120.76,122.3 1 0
github.com/scttfrdmn/cloudworkstation/cmd/cws/main.go:125.2,129.33 3 0
github.com/scttfrdmn/cloudworkstation/cmd/cws/main.go:129.33,131.3 1 0
github.com/scttfrdmn/cloudworkstation/cmd/cws/main.go:134.2,136.17 2 0
github.com/scttfrdmn/cloudworkstation/cmd/cws/main.go:137.13,139.17 2 0
github.com/scttfrdmn/cloudworkstation/cmd/cws/main.go:139.17,142.4 2 0
github.com/scttfrdmn/cloudworkstation/cmd/cws/main.go:143.16,145.17 2 0
github.com/scttfrdmn/cloudworkstation/cmd/cws/main.go:145.17,148.4 2 0
github.com/scttfrdmn/cloudworkstation/cmd/cws/main.go:149.14,151.17 2 0
github.com/scttfrdmn/cloudworkstation/cmd/cws/main.go:151.17,154.4 2 0
github.com/scttfrdmn/cloudworkstation/cmd/cws/main.go:155.17,157.17 2 0
github.com/scttfrdmn/cloudworkstation/cmd/cws/main.go:157.17,160.4 2 0
github.com/scttfrdmn/cloudworkstation/cmd/cws/main.go:161.14,163.17 2 0
github.com/scttfrdmn/cloudworkstation/cmd/cws/main.go:163.17,166.4 2 0
github.com/scttfrdmn/cloudworkstation/cmd/cws/main.go:167.15,169.17 2 0
github.com/scttfrdmn/cloudworkstation/cmd/cws/main.go:169.17,172.4 2 0
github.com/scttfrdmn/cloudworkstation/cmd/cws/main.go:173.16,175.17 2 0
github.com/scttfrdmn/cloudworkstation/cmd/cws/main.go:175.17,178.4 2 0
github.com/scttfrdmn/cloudworkstation/cmd/cws/main.go:179.19,181.17 2 0
github.com/scttfrdmn/cloudworkstation/cmd/cws/main.go:181.17,184.4 2 0
github.com/scttfrdmn/cloudworkstation/cmd/cws/main.go:185.16,187.17 2 0
github.com/scttfrdmn/cloudworkstation/cmd/cws/main.go:187.17,190.4 2 0
github.com/scttfrdmn/cloudworkstation/cmd/cws/main.go:191.16,193.17 2 0
github.com/scttfrdmn/cloudworkstation/cmd/cws/main.go:193.17,196.4 2 0
github.com/scttfrdmn/cloudworkstation/cmd/cws/main.go:197.17,199.17 2 0
github.com/scttfrdmn/cloudworkstation/cmd/cws/main.go:199.17,202.4 2 0
github.com/scttfrdmn/cloudworkstation/cmd/cws/main.go:203.19,205.17 2 0
github.com/scttfrdmn/cloudworkstation/cmd/cws/main.go:205.17,208.4 2 0
github.com/scttfrdmn/cloudworkstation/cmd/cws/main.go:209.15,211.17 2 0
github.com/scttfrdmn/cloudworkstation/cmd/cws/main.go:211.17,214.4 2 0
github.com/scttfrdmn/cloudworkstation/cmd/cws/main.go:215.14,217.17 2 0
github.com/scttfrdmn/cloudworkstation/cmd/cws/main.go:217.17,220.4 2 0
github.com/scttfrdmn/cloudworkstation/cmd/cws/main.go:221.16,223.17 2 0
github.com/scttfrdmn/cloudworkstation/cmd/cws/main.go:223.17,226.4 2 0
github.com/scttfrdmn/cloudworkstation/cmd/cws/main.go:227.18,229.17 2 0
github.com/scttfrdmn/cloudworkstation/cmd/cws/main.go:229.17,232.4 2 0
github.com/scttfrdmn/cloudworkstation/cmd/cws/main.go:233.16,235.17 2 0
github.com/scttfrdmn/cloudworkstation/cmd/cws/main.go:235.17,238.4 2 0
github.com/scttfrdmn/cloudworkstation/cmd/cws/main.go:239.13,241.17 2 0
github.com/scttfrdmn/cloudworkstation/cmd/cws/main.go:241.17,244.4 2 0
github.com/scttfrdmn/cloudworkstation/cmd/cws/main.go:245.14,249.17 3 0
github.com/scttfrdmn/cloudworkstation/cmd/cws/main.go:249.17,252.4 2 0
github.com/scttfrdmn/cloudworkstation/cmd/cws/main.go:253.17,255.17 2 0
github.com/scttfrdmn/cloudworkstation/cmd/cws/main.go:255.17,258.4 2 0
github.com/scttfrdmn/cloudworkstation/cmd/cws/main.go:259.18,261.17 2 0
github.com/scttfrdmn/cloudworkstation/cmd/cws/main.go:261.17,264.4 2 0
github.com/scttfrdmn/cloudworkstation/cmd/cws/main.go:265.14,267.17 2 0
github.com/scttfrdmn/cloudworkstation/cmd/cws/main.go:267.17,270.4 2 0
github.com/scttfrdmn/cloudworkstation/cmd/cws/main.go:271.17,273.17 2 0
github.com/scttfrdmn/cloudworkstation/cmd/cws/main.go:273.17,276.4 2 0
github.com/scttfrdmn/cloudworkstation/cmd/cws/main.go:277.17,279.17 2 0
github.com/scttfrdmn/cloudworkstation/cmd/cws/main.go:279.17,282.4 2 0
github.com/scttfrdmn/cloudworkstation/cmd/cws/main.go:283.36,284.40 1 0
github.com/scttfrdmn/cloudworkstation/cmd/cws/main.go:285.30,286.15 1 0
github.com/scttfrdmn/cloudworkstation/cmd/cws/main.go:287.10,290.13 3 0
github.com/scttfrdmn/cloudworkstation/cmd/cws/main.go:294.19,416.2 120 0
github.com/scttfrdmn/cloudworkstation/pkg/api/api.go:17.52,19.2 1 0
github.com/scttfrdmn/cloudworkstation/pkg/api/api.go:22.83,24.2 1 0
github.com/scttfrdmn/cloudworkstation/pkg/api/client/auth.go:21.47,23.2 1 0
github.com/scttfrdmn/cloudworkstation/pkg/api/client/auth.go:26.41,28.2 1 0
github.com/scttfrdmn/cloudworkstation/pkg/api/client/auth.go:31.87,33.16 2 0
github.com/scttfrdmn/cloudworkstation/pkg/api/client/auth.go:33.16,35.3 1 0
github.com/scttfrdmn/cloudworkstation/pkg/api/client/auth.go:37.2,38.56 2 0
github.com/scttfrdmn/cloudworkstation/pkg/api/client/auth.go:38.56,40.3 1 0
github.com/scttfrdmn/cloudworkstation/pkg/api/client/auth.go:43.2,44.21 2 0
github.com/scttfrdmn/cloudworkstation/pkg/api/client/auth.go:48.86,50.16 2 0
github.com/scttfrdmn/cloudworkstation/pkg/api/client/auth.go:50.16,52.3 1 0
github.com/scttfrdmn/cloudworkstation/pkg/api/client/auth.go:54.2,55.57 2 0
github.com/scttfrdmn/cloudworkstation/pkg/api/client/auth.go:55.57,57.3 1 0
github.com/scttfrdmn/cloudworkstation/pkg/api/client/auth.go:59.2,62.55 2 0
github.com/scttfrdmn/cloudworkstation/pkg/api/client/auth.go:62.55,64.3 1 0
github.com/scttfrdmn/cloudworkstation/pkg/api/client/auth.go:67.2,67.62 1 0
github.com/scttfrdmn/cloudworkstation/pkg/api/client/auth.go:67.62,69.3 1 0
github.com/scttfrdmn/cloudworkstation/pkg/api/client/auth.go:72.2,72.55 1 0
github.com/scttfrdmn/cloudworkstation/pkg/api/client/auth.go:72.55,73.62 1 0
github.com/scttfrdmn/cloudworkstation/pkg/api/client/auth.go:73.62,75.4 1 0
github.com/scttfrdmn/cloudworkstation/pkg/api/client/auth.go:78.2,78.20 1 0
github.com/scttfrdmn/cloudworkstation/pkg/api/client/auth.go:82.62,84.16 2 0
github.com/scttfrdmn/cloudworkstation/pkg/api/client/auth.go:84.16,86.3 1 0
github.com/scttfrdmn/cloudworkstation/pkg/api/client/auth.go:88.2,88.52 1 0
github.com/scttfrdmn/cloudworkstation/pkg/api/client/auth.go:88.52,90.3 1 0
github.com/scttfrdmn/cloudworkstation/pkg/api/client/auth.go:93.2,94.12 2 0
github.com/scttfrdmn/cloudworkstation/pkg/api/client/http_client.go:35.52,36.19 1 0
github.com/scttfrdmn/cloudworkstation/pkg/api/client/http_client.go:36.19,38.3 1 0
github.com/scttfrdmn/cloudworkstation/pkg/api/client/http_client.go:41.2,46.3 2 0
github.com/scttfrdmn/cloudworkstation/pkg/api/client/http_client.go:50.77,54.2 3 0
github.com/scttfrdmn/cloudworkstation/pkg/api/client/http_client.go:57.47,63.2 5 0
github.com/scttfrdmn/cloudworkstation/pkg/api/client/http_client.go:66.118,68.17 2 0
github.com/scttfrdmn/cloudworkstation/pkg/api/client/http_client.go:68.17,70.17 2 0
github.com/scttfrdmn/cloudworkstation/pkg/api/client/http_client.go:70.17,72.4 1 0
github.com/scttfrdmn/cloudworkstation/pkg/api/client/http_client.go:73.3,73.38 1 0
github.com/scttfrdmn/cloudworkstation/pkg/api/client/http_client.go:76.2,77.16 2 0
github.com/scttfrdmn/cloudworkstation/pkg/api/client/http_client.go:77.16,79.3 1 0
github.com/scttfrdmn/cloudworkstation/pkg/api/client/http_client.go:82.2,84.24 2 0
github.com/scttfrdmn/cloudworkstation/pkg/api/client/http_client.go:84.24,86.3 1 0
github.com/scttfrdmn/cloudworkstation/pkg/api/client/http_client.go:87.2,87.23 1 0
github.com/scttfrdmn/cloudworkstation/pkg/api/client/http_client.go:87.23,89.3 1 0
github.com/scttfrdmn/cloudworkstation/pkg/api/client/http_client.go:90.2,90.20 1 0
github.com/scttfrdmn/cloudworkstation/pkg/api/client/http_client.go:90.20,92.3 1 0
github.com/scttfrdmn/cloudworkstation/pkg/api/client/http_client.go:94.2,95.29 2 0
github.com/scttfrdmn/cloudworkstation/pkg/api/client/http_client.go:99.84,102.28 2 0
github.com/scttfrdmn/cloudworkstation/pkg/api/client/http_client.go:102.28,105.3 2 0
github.com/scttfrdmn/cloudworkstation/pkg/api/client/http_client.go:107.2,107.62 1 0
github.com/scttfrdmn/cloudworkstation/pkg/api/client/http_client.go:107.62,108.67 1 0
github.com/scttfrdmn/cloudworkstation/pkg/api/client/http_client.go:108.67,110.4 1 0
github.com/scttfrdmn/cloudworkstation/pkg/api/client/http_client.go:113.2,113.12 1 0
github.com/scttfrdmn/cloudworkstation/pkg/api/client/http_client.go:117.54,119.16 2 0
github.com/scttfrdmn/cloudworkstation/pkg/api/client/http_client.go:119.16,121.3 1 0
github.com/scttfrdmn/cloudworkstation/pkg/api/client/http_client.go:122.2,122.36 1 0
github.com/scttfrdmn/cloudworkstation/pkg/api/client/http_client.go:126.58,128.16 2 0
github.com/scttfrdmn/cloudworkstation/pkg/api/client/http_client.go:128.16,130.3 1 0
github.com/scttfrdmn/cloudworkstation/pkg/api/client/http_client.go:131.2,131.36 1 0
github.com/scttfrdmn/cloudworkstation/pkg/api/client/http_client.go:135.82,137.16 2 0
github.com/scttfrdmn/cloudworkstation/pkg/api/client/http_client.go:137.16,139.3 1 0
github.com/scttfrdmn/cloudworkstation/pkg/api/client/http_client.go:141.2,142.56 2 0
github.com/scttfrdmn/cloudworkstation/pkg/api/client/http_client.go:142.56,144.3 1 0
github.com/scttfrdmn/cloudworkstation/pkg/api/client/http_client.go:146.2,146.21 1 0
github.com/scttfrdmn/cloudworkstation/pkg/api/client/http_client.go:150.89,152.16 2 0
github.com/scttfrdmn/cloudworkstation/pkg/api/client/http_client.go:152.16,154.3 1 0
github.com/scttfrdmn/cloudworkstation/pkg/api/client/http_client.go:155.2,157.28 2 0
github.com/scttfrdmn/cloudworkstation/pkg/api/client/http_client.go:157.28,160.3 2 0
github.com/scttfrdmn/cloudworkstation/pkg/api/client/http_client.go:162.2,162.30 1 0
github.com/scttfrdmn/cloudworkstation/pkg/api/client/http_client.go:166.114,168.16 2 0
github.com/scttfrdmn/cloudworkstation/pkg/api/client/http_client.go:168.16,170.3 1 0
github.com/scttfrdmn/cloudworkstation/pkg/api/client/http_client.go:172.2,173.56 2 0
github.com/scttfrdmn/cloudworkstation/pkg/api/client/http_client.go:173.56,175.3 1 0
github.com/scttfrdmn/cloudworkstation/pkg/api/client/http_client.go:177.2,177.21 1 0
github.com/scttfrdmn/cloudworkstation/pkg/api/client/http_client.go:181.86,183.16 2 0
github.com/scttfrdmn/cloudworkstation/pkg/api/client/http_client.go:183.16,185.3 1 0
github.com/scttfrdmn/cloudworkstation/pkg/api/client/http_client.go:187.2,188.56 2 0
github.com/scttfrdmn/cloudworkstation/pkg/api/client/http_client.go:188.56,190.3 1 0
github.com/scttfrdmn/cloudworkstation/pkg/api/client/http_client.go:192.2,192.21 1 0
github.com/scttfrdmn/cloudworkstation/pkg/api/client/http_client.go:196.93,198.16 2 0
github.com/scttfrdmn/cloudworkstation/pkg/api/client/http_client.go:198.16,200.3 1 0
github.com/scttfrdmn/cloudworkstation/pkg/api/client/http_client.go:202.2,203.56 2 0
github.com/scttfrdmn/cloudworkstation/pkg/api/client/http_client.go:203.56,205.3 1 0
github.com/scttfrdmn/cloudworkstation/pkg/api/client/http_client.go:207.2,207.21 1 0
github.com/scttfrdmn/cloudworkstation/pkg/api/client/http_client.go:211.76,213.16 2 0
github.com/scttfrdmn/cloudworkstation/pkg/api/client/http_client.go:213.16,215.3 1 0
github.com/scttfrdmn/cloudworkstation/pkg/api/client/http_client.go:216.2,216.36 1 0
github.com/scttfrdmn/cloudworkstation/pkg/api/client/http_client.go:220.75,222.16 2 0
github.com/scttfrdmn/cloudworkstation/pkg/api/client/http_client.go:222.16,224.3 1 0
github.com/scttfrdmn/cloudworkstation/pkg/api/client/http_client.go:225.2,225.36 1 0
github.com/scttfrdmn/cloudworkstation/pkg/api/client/http_client.go:229.80,231.16 2 0
github.com/scttfrdmn/cloudworkstation/pkg/api/client/http_client.go:231.16,233.3 1 0
github.com/scttfrdmn/cloudworkstation/pkg/api/client/http_client.go:234.2,234.36 1 0
github.com/scttfrdmn/cloudworkstation/pkg/api/client/http_client.go:238.77,240.16 2 0
github.com/scttfrdmn/cloudworkstation/pkg/api/client/http_client.go:240.16,242.3 1 0
github.com/scttfrdmn/cloudworkstation/pkg/api/client/http_client.go:243.2,243.36 1 0
github.com/scttfrdmn/cloudworkstation/pkg/api/client/http_client.go:247.119,249.16 2 0
github.com/scttfrdmn/cloudworkstation/pkg/api/client/http_client.go:249.16,251.3 1 0
github.com/scttfrdmn/cloudworkstation/pkg/api/client/http_client.go:253.2,254.56 2 0
github.com/scttfrdmn/cloudworkstation/pkg/api/client/http_client.go:254.56,256.3 1 0
github.com/scttfrdmn/cloudworkstation/pkg/api/client/http_client.go:258.2,258.21 1 0
github.com/scttfrdmn/cloudworkstation/pkg/api/client/http_client.go:262.77,264.16 2 0
github.com/scttfrdmn/cloudworkstation/pkg/api/client/http_client.go:264.16,266.3 1 0
github.com/scttfrdmn/cloudworkstation/pkg/api/client/http_client.go:267.2,267.36 1 0
github.com/scttfrdmn/cloudworkstation/pkg/api/client/http_client.go:271.88,273.16 2 0
github.com/scttfrdmn/cloudworkstation/pkg/api/client/http_client.go:273.16,275.3 1 0
github.com/scttfrdmn/cloudworkstation/pkg/api/client/http_client.go:277.2,278.56 2 0
github.com/scttfrdmn/cloudworkstation/pkg/api/client/http_client.go:278.56,280.3 1 0
github.com/scttfrdmn/cloudworkstation/pkg/api/client/http_client.go:282.2,282.39 1 0
github.com/scttfrdmn/cloudworkstation/pkg/api/client/http_client.go:286.92,288.16 2 0
github.com/scttfrdmn/cloudworkstation/pkg/api/client/http_client.go:288.16,290.3 1 0
github.com/scttfrdmn/cloudworkstation/pkg/api/client/http_client.go:292.2,293.56 2 0
github.com/scttfrdmn/cloudworkstation/pkg/api/client/http_client.go:293.56,295.3 1 0
github.com/scttfrdmn/cloudworkstation/pkg/api/client/http_client.go:297.2,297.20 1 0
github.com/scttfrdmn/cloudworkstation/pkg/api/client/http_client.go:301.93,303.16 2 0
github.com/scttfrdmn/cloudworkstation/pkg/api/client/http_client.go:303.16,305.3 1 0
github.com/scttfrdmn/cloudworkstation/pkg/api/client/http_client.go:307.2,308.56 2 0
github.com/scttfrdmn/cloudworkstation/pkg/api/client/http_client.go:308.56,310.3 1 0
github.com/scttfrdmn/cloudworkstation/pkg/api/client/http_client.go:312.2,312.21 1 0
github.com/scttfrdmn/cloudworkstation/pkg/api/client/http_client.go:317.113,319.16 2 0
github.com/scttfrdmn/cloudworkstation/pkg/api/client/http_client.go:319.16,321.3 1 0
github.com/scttfrdmn/cloudworkstation/pkg/api/client/http_client.go:323.2,324.56 2 0
github.com/scttfrdmn/cloudworkstation/pkg/api/client/http_client.go:324.56,326.3 1 0
github.com/scttfrdmn/cloudworkstation/pkg/api/client/http_client.go:328.2,328.21 1 0
github.com/scttfrdmn/cloudworkstation/pkg/api/client/http_client.go:331.82,333.16 2 0
github.com/scttfrdmn/cloudworkstation/pkg/api/client/http_client.go:333.16,335.3 1 0
github.com/scttfrdmn/cloudworkstation/pkg/api/client/http_client.go:337.2,338.56 2 0
github.com/scttfrdmn/cloudworkstation/pkg/api/client/http_client.go:338.56,340.3 1 0
github.com/scttfrdmn/cloudworkstation/pkg/api/client/http_client.go:342.2,342.20 1 0
github.com/scttfrdmn/cloudworkstation/pkg/api/client/http_client.go:345.92,347.16 2 0
github.com/scttfrdmn/cloudworkstation/pkg/api/client/http_client.go:347.16,349.3 1 0
github.com/scttfrdmn/cloudworkstation/pkg/api/client/http_client.go:351.2,352.56 2 0
github.com/scttfrdmn/cloudworkstation/pkg/api/client/http_client.go:352.56,354.3 1 0
github.com/scttfrdmn/cloudworkstation/pkg/api/client/http_client.go:356.2,356.21 1 0
github.com/scttfrdmn/cloudworkstation/pkg/api/client/http_client.go:359.75,361.16 2 0
github.com/scttfrdmn/cloudworkstation/pkg/api/client/http_client.go:361.16,363.3 1 0
github.com/scttfrdmn/cloudworkstation/pkg/api/client/http_client.go:364.2,364.36 1 0
github.com/scttfrdmn/cloudworkstation/pkg/api/client/http_client.go:367.95,370.16 3 0
github.com/scttfrdmn/cloudworkstation/pkg/api/client/http_client.go:370.16,372.3 1 0
github.com/scttfrdmn/cloudworkstation/pkg/api/client/http_client.go:373.2,373.36 1 0
github.com/scttfrdmn/cloudworkstation/pkg/api/client/http_client.go:376.81,378.16 2 0
github.com/scttfrdmn/cloudworkstation/pkg/api/client/http_client.go:378.16,380.3 1 0
github.com/scttfrdmn/cloudworkstation/pkg/api/client/http_client.go:381.2,381.36 1 0
github.com/scttfrdmn/cloudworkstation/pkg/api/client/http_client.go:386.115,388.16 2 0
github.com/scttfrdmn/cloudworkstation/pkg/api/client/http_client.go:388.16,390.3 1 0
github.com/scttfrdmn/cloudworkstation/pkg/api/client/http_client.go:392.2,393.56 2 0
github.com/scttfrdmn/cloudworkstation/pkg/api/client/http_client.go:393.56,395.3 1 0
github.com/scttfrdmn/cloudworkstation/pkg/api/client/http_client.go:397.2,397.21 1 0
github.com/scttfrdmn/cloudworkstation/pkg/api/client/http_client.go:400.82,402.16 2 0
github.com/scttfrdmn/cloudworkstation/pkg/api/client/http_client.go:402.16,404.3 1 0
github.com/scttfrdmn/cloudworkstation/pkg/api/client/http_client.go:406.2,407.56 2 0
github.com/scttfrdmn/cloudworkstation/pkg/api/client/http_client.go:407.56,409.3 1 0
github.com/scttfrdmn/cloudworkstation/pkg/api/client/http_client.go:411.2,411.20 1 0
github.com/scttfrdmn/cloudworkstation/pkg/api/client/http_client.go:414.93,416.16 2 0
github.com/scttfrdmn/cloudworkstation/pkg/api/client/http_client.go:416.16,418.3 1 0
github.com/scttfrdmn/cloudworkstation/pkg/api/client/http_client.go:420.2,421.56 2 0
github.com/scttfrdmn/cloudworkstation/pkg/api/client/http_client.go:421.56,423.3 1 0
github.com/scttfrdmn/cloudworkstation/pkg/api/client/http_client.go:425.2,425.21 1 0
github.com/scttfrdmn/cloudworkstation/pkg/api/client/http_client.go:428.76,430.16 2 0
github.com/scttfrdmn/cloudworkstation/pkg/api/client/http_client.go:430.16,432.3 1 0
github.com/scttfrdmn/cloudworkstation/pkg/api/client/http_client.go:433.2,433.36 1 0
github.com/scttfrdmn/cloudworkstation/pkg/api/client/http_client.go:436.97,439.16 3 0
github.com/scttfrdmn/cloudworkstation/pkg/api/client/http_client.go:439.16,441.3 1 0
github.com/scttfrdmn/cloudworkstation/pkg/api/client/http_client.go:442.2,442.36 1 0
github.com/scttfrdmn/cloudworkstation/pkg/api/client/http_client.go:445.83,447.16 2 0
github.com/scttfrdmn/cloudworkstation/pkg/api/client/http_client.go:447.16,449.3 1 0
github.com/scttfrdmn/cloudworkstation/pkg/api/client/http_client.go:450.2,450.36 1 0
github.com/scttfrdmn/cloudworkstation/pkg/api/client/http_client.go:455.94,457.16 2 0
github.com/scttfrdmn/cloudworkstation/pkg/api/client/http_client.go:457.16,459.3 1 0
github.com/scttfrdmn/cloudworkstation/pkg/api/client/http_client.go:461.2,462.56 2 0
github.com/scttfrdmn/cloudworkstation/pkg/api/client/http_client.go:462.56,464.3 1 0
github.com/scttfrdmn/cloudworkstation/pkg/api/client/http_client.go:466.2,466.21 1 0
github.com/scttfrdmn/cloudworkstation/pkg/api/client/http_client.go:469.80,472.16 3 0
github.com/scttfrdmn/cloudworkstation/pkg/api/client/http_client.go:472.16,474.3 1 0
github.com/scttfrdmn/cloudworkstation/pkg/api/client/http_client.go:475.2,475.36 1 0
github.com/scttfrdmn/cloudworkstation/pkg/api/client/http_client.go:478.127,482.16 3 0
github.com/scttfrdmn/cloudworkstation/pkg/api/client/http_client.go:482.16,484.3 1 0
github.com/scttfrdmn/cloudworkstation/pkg/api/client/http_client.go:486.2,487.56 2 0
github.com/scttfrdmn/cloudworkstation/pkg/api/client/http_client.go:487.56,489.3 1 0
github.com/scttfrdmn/cloudworkstation/pkg/api/client/http_client.go:491.2,491.21 1 0
github.com/scttfrdmn/cloudworkstation/pkg/api/client/http_client.go:494.113,497.16 3 0
github.com/scttfrdmn/cloudworkstation/pkg/api/client/http_client.go:497.16,499.3 1 0
github.com/scttfrdmn/cloudworkstation/pkg/api/client/http_client.go:501.2,502.56 2 0
github.com/scttfrdmn/cloudworkstation/pkg/api/client/http_client.go:502.56,504.3 1 0
github.com/scttfrdmn/cloudworkstation/pkg/api/client/http_client.go:506.2,506.20 1 0
github.com/scttfrdmn/cloudworkstation/pkg/api/client/http_client.go:511.119,513.16 2 0
github.com/scttfrdmn/cloudworkstation/pkg/api/client/http_client.go:513.16,515.3 1 0
github.com/scttfrdmn/cloudworkstation/pkg/api/client/http_client.go:517.2,518.56 2 0
github.com/scttfrdmn/cloudworkstation/pkg/api/client/http_client.go:518.56,520.3 1 0
github.com/scttfrdmn/cloudworkstation/pkg/api/client/http_client.go:522.2,522.21 1 0
github.com/scttfrdmn/cloudworkstation/pkg/api/client/http_client.go:525.116,527.16 2 0
github.com/scttfrdmn/cloudworkstation/pkg/api/client/http_client.go:527.16,529.3 1 0
github.com/scttfrdmn/cloudworkstation/pkg/api/client/http_client.go:531.2,532.56 2 0
github.com/scttfrdmn/cloudworkstation/pkg/api/client/http_client.go:532.56,534.3 1 0
github.com/scttfrdmn/cloudworkstation/pkg/api/client/http_client.go:536.2,536.21 1 0
github.com/scttfrdmn/cloudworkstation/pkg/api/client/http_client.go:539.119,542.16 3 0
github.com/scttfrdmn/cloudworkstation/pkg/api/client/http_client.go:542.16,544.3 1 0
github.com/scttfrdmn/cloudworkstation/pkg/api/client/http_client.go:546.2,547.56 2 0
github.com/scttfrdmn/cloudworkstation/pkg/api/client/http_client.go:547.56,549.3 1 0
github.com/scttfrdmn/cloudworkstation/pkg/api/client/http_client.go:551.2,551.20 1 0
github.com/scttfrdmn/cloudworkstation/pkg/api/client/http_client.go:554.93,557.16 3 0
github.com/scttfrdmn/cloudworkstation/pkg/api/client/http_client.go:557.16,559.3 1 0
github.com/scttfrdmn/cloudworkstation/pkg/api/client/http_client.go:561.2,561.36 1 0
github.com/scttfrdmn/cloudworkstation/pkg/api/client/http_client.go:566.92,568.16 2 0
github.com/scttfrdmn/cloudworkstation/pkg/api/client/http_client.go:568.16,570.3 1 0
github.com/scttfrdmn/cloudworkstation/pkg/api/client/http_client.go:572.2,573.56 2 0
github.com/scttfrdmn/cloudworkstation/pkg/api/client/http_client.go:573.56,575.3 1 0
github.com/scttfrdmn/cloudworkstation/pkg/api/client/http_client.go:577.2,577.21 1 0
github.com/scttfrdmn/cloudworkstation/pkg/api/client/http_client.go:580.69,582.16 2 0
github.com/scttfrdmn/cloudworkstation/pkg/api/client/http_client.go:582.16,584.3 1 0
github.com/scttfrdmn/cloudworkstation/pkg/api/client/http_client.go:585.2,585.36 1 0
github.com/scttfrdmn/cloudworkstation/pkg/api/client/http_client.go:588.70,590.16 2 0
github.com/scttfrdmn/cloudworkstation/pkg/api/client/http_client.go:590.16,592.3 1 0
github.com/scttfrdmn/cloudworkstation/pkg/api/client/http_client.go:593.2,593.36 1 0
github.com/scttfrdmn/cloudworkstation/pkg/api/client/http_client.go:596.97,598.16 2 0
github.com/scttfrdmn/cloudworkstation/pkg/api/client/http_client.go:598.16,600.3 1 0
github.com/scttfrdmn/cloudworkstation/pkg/api/client/http_client.go:602.2,603.56 2 0
github.com/scttfrdmn/cloudworkstation/pkg/api/client/http_client.go:603.56,605.3 1 0
github.com/scttfrdmn/cloudworkstation/pkg/api/client/http_client.go:607.2,607.20 1 0
github.com/scttfrdmn/cloudworkstation/pkg/api/client/http_client.go:610.91,612.16 2 0
github.com/scttfrdmn/cloudworkstation/pkg/api/client/http_client.go:612.16,614.3 1 0
github.com/scttfrdmn/cloudworkstation/pkg/api/client/http_client.go:615.2,615.36 1 0
github.com/scttfrdmn/cloudworkstation/pkg/api/client/http_client.go:618.92,620.16 2 0
github.com/scttfrdmn/cloudworkstation/pkg/api/client/http_client.go:620.16,622.3 1 0
github.com/scttfrdmn/cloudworkstation/pkg/api/client/http_client.go:624.2,625.56 2 0
github.com/scttfrdmn/cloudworkstation/pkg/api/client/http_client.go:625.56,627.3 1 0
github.com/scttfrdmn/cloudworkstation/pkg/api/client/http_client.go:629.2,629.20 1 0
github.com/scttfrdmn/cloudworkstation/pkg/api/client/http_client.go:632.100,634.16 2 0
github.com/scttfrdmn/cloudworkstation/pkg/api/client/http_client.go:634.16,636.3 1 0
github.com/scttfrdmn/cloudworkstation/pkg/api/client/http_client.go:638.2,639.56 2 0
github.com/scttfrdmn/cloudworkstation/pkg/api/client/http_client.go:639.56,641.3 1 0
github.com/scttfrdmn/cloudworkstation/pkg/api/client/http_client.go:643.2,643.21 1 0
github.com/scttfrdmn/cloudworkstation/pkg/api/client/http_client.go:646.92,648.16 2 0
github.com/scttfrdmn/cloudworkstation/pkg/api/client/http_client.go:648.16,650.3 1 0
github.com/scttfrdmn/cloudworkstation/pkg/api/client/http_client.go:652.2,653.56 2 0
github.com/scttfrdmn/cloudworkstation/pkg/api/client/http_client.go:653.56,655.3 1 0
github.com/scttfrdmn/cloudworkstation/pkg/api/client/http_client.go:657.2,657.20 1 0
github.com/scttfrdmn/cloudworkstation/pkg/api/client/http_client.go:663.115,665.16 2 0
github.com/scttfrdmn/cloudworkstation/pkg/api/client/http_client.go:665.16,667.3 1 0
github.com/scttfrdmn/cloudworkstation/pkg/api/client/http_client.go:669.2,670.57 2 0
github.com/scttfrdmn/cloudworkstation/pkg/api/client/http_client.go:670.57,672.3 1 0
github.com/scttfrdmn/cloudworkstation/pkg/api/client/http_client.go:674.2,674.22 1 0
github.com/scttfrdmn/cloudworkstation/pkg/api/client/http_client.go:678.125,681.19 2 0
github.com/scttfrdmn/cloudworkstation/pkg/api/client/http_client.go:681.19,682.25 1 0
github.com/scttfrdmn/cloudworkstation/pkg/api/client/http_client.go:682.25,684.4 1 0
github.com/scttfrdmn/cloudworkstation/pkg/api/client/http_client.go:685.3,685.27 1 0
github.com/scttfrdmn/cloudworkstation/pkg/api/client/http_client.go:685.27,687.4 1 0
github.com/scttfrdmn/cloudworkstation/pkg/api/client/http_client.go:688.3,688.30 1 0
github.com/scttfrdmn/cloudworkstation/pkg/api/client/http_client.go:688.30,690.4 1 0
github.com/scttfrdmn/cloudworkstation/pkg/api/client/http_client.go:691.3,691.33 1 0
github.com/scttfrdmn/cloudworkstation/pkg/api/client/http_client.go:691.33,693.4 1 0
github.com/scttfrdmn/cloudworkstation/pkg/api/client/http_client.go:694.3,694.34 1 0
github.com/scttfrdmn/cloudworkstation/pkg/api/client/http_client.go:694.34,696.4 1 0
github.com/scttfrdmn/cloudworkstation/pkg/api/client/http_client.go:699.2,700.21 2 0
github.com/scttfrdmn/cloudworkstation/pkg/api/client/http_client.go:700.21,702.3 1 0
github.com/scttfrdmn/cloudworkstation/pkg/api/client/http_client.go:704.2,705.16 2 0
github.com/scttfrdmn/cloudworkstation/pkg/api/client/http_client.go:705.16,707.3 1 0
github.com/scttfrdmn/cloudworkstation/pkg/api/client/http_client.go:709.2,710.56 2 0
github.com/scttfrdmn/cloudworkstation/pkg/api/client/http_client.go:710.56,712.3 1 0
github.com/scttfrdmn/cloudworkstation/pkg/api/client/http_client.go:714.2,714.21 1 0
github.com/scttfrdmn/cloudworkstation/pkg/api/client/http_client.go:718.96,720.16 2 0
github.com/scttfrdmn/cloudworkstation/pkg/api/client/http_client.go:720.16,722.3 1 0
github.com/scttfrdmn/cloudworkstation/pkg/api/client/http_client.go:724.2,725.57 2 0
github.com/scttfrdmn/cloudworkstation/pkg/api/client/http_client.go:725.57,727.3 1 0
github.com/scttfrdmn/cloudworkstation/pkg/api/client/http_client.go:729.2,729.22 1 0
github.com/scttfrdmn/cloudworkstation/pkg/api/client/http_client.go:733.133,735.16 2 0
github.com/scttfrdmn/cloudworkstation/pkg/api/client/http_client.go:735.16,737.3 1 0
github.com/scttfrdmn/cloudworkstation/pkg/api/client/http_client.go:739.2,740.57 2 0
github.com/scttfrdmn/cloudworkstation/pkg/api/client/http_client.go:740.57,742.3 1 0
github.com/scttfrdmn/cloudworkstation/pkg/api/client/http_client.go:744.2,744.22 1 0
github.com/scttfrdmn/cloudworkstation/pkg/api/client/http_client.go:748.81,750.16 2 0
github.com/scttfrdmn/cloudworkstation/pkg/api/client/http_client.go:750.16,752.3 1 0
github.com/scttfrdmn/cloudworkstation/pkg/api/client/http_client.go:754.2,754.36 1 0
github.com/scttfrdmn/cloudworkstation/pkg/api/client/http_client.go:758.114,760.16 2 0
github.com/scttfrdmn/cloudworkstation/pkg/api/client/http_client.go:760.16,762.3 1 0
github.com/scttfrdmn/cloudworkstation/pkg/api/client/http_client.go:764.2,764.36 1 0
github.com/scttfrdmn/cloudworkstation/pkg/api/client/http_client.go:768.128,770.16 2 0
github.com/scttfrdmn/cloudworkstation/pkg/api/client/http_client.go:770.16,772.3 1 0
github.com/scttfrdmn/cloudworkstation/pkg/api/client/http_client.go:774.2,774.36 1 0
github.com/scttfrdmn/cloudworkstation/pkg/api/client/http_client.go:778.95,780.16 2 0
github.com/scttfrdmn/cloudworkstation/pkg/api/client/http_client.go:780.16,782.3 1 0
github.com/scttfrdmn/cloudworkstation/pkg/api/client/http_client.go:784.2,784.36 1 0
github.com/scttfrdmn/cloudworkstation/pkg/api/client/http_client.go:788.110,790.16 2 0
github.com/scttfrdmn/cloudworkstation/pkg/api/client/http_client.go:790.16,792.3 1 0
github.com/scttfrdmn/cloudworkstation/pkg/api/client/http_client.go:794.2,795.57 2 0
github.com/scttfrdmn/cloudworkstation/pkg/api/client/http_client.go:795.57,797.3 1 0
github.com/scttfrdmn/cloudworkstation/pkg/api/client/http_client.go:799.2,799.21 1 0
github.com/scttfrdmn/cloudworkstation/pkg/api/client/http_client.go:803.115,805.16 2 0
github.com/scttfrdmn/cloudworkstation/pkg/api/client/http_client.go:805.16,807.3 1 0
github.com/scttfrdmn/cloudworkstation/pkg/api/client/http_client.go:809.2,810.62 2 0
github.com/scttfrdmn/cloudworkstation/pkg/api/client/http_client.go:810.62,812.3 1 0
github.com/scttfrdmn/cloudworkstation/pkg/api/client/http_client.go:814.2,814.27 1 0
github.com/scttfrdmn/cloudworkstation/pkg/api/client/http_client.go:818.152,825.16 6 0
github.com/scttfrdmn/cloudworkstation/pkg/api/client/http_client.go:825.16,827.3 1 0
github.com/scttfrdmn/cloudworkstation/pkg/api/client/http_client.go:829.2,830.63 2 0
github.com/scttfrdmn/cloudworkstation/pkg/api/client/http_client.go:830.63,832.3 1 0
github.com/scttfrdmn/cloudworkstation/pkg/api/client/http_client.go:834.2,834.28 1 0
github.com/scttfrdmn/cloudworkstation/pkg/api/client/http_client.go:838.144,844.16 5 0
github.com/scttfrdmn/cloudworkstation/pkg/api/client/http_client.go:844.16,846.3 1 0
github.com/scttfrdmn/cloudworkstation/pkg/api/client/http_client.go:848.2,849.55 2 0
github.com/scttfrdmn/cloudworkstation/pkg/api/client/http_client.go:849.55,851.3 1 0
github.com/scttfrdmn/cloudworkstation/pkg/api/client/http_client.go:853.2,853.20 1 0
github.com/scttfrdmn/cloudworkstation/pkg/api/client/mock.go:28.34,40.2 1 0
github.com/scttfrdmn/cloudworkstation/pkg/api/client/mock.go:43.47,45.2 1 0
github.com/scttfrdmn/cloudworkstation/pkg/api/client/mock.go:48.114,61.2 3 0
github.com/scttfrdmn/cloudworkstation/pkg/api/client/mock.go:63.86,65.39 2 0
github.com/scttfrdmn/cloudworkstation/pkg/api/client/mock.go:65.39,67.3 1 0
github.com/scttfrdmn/cloudworkstation/pkg/api/client/mock.go:69.2,72.8 1 0
github.com/scttfrdmn/cloudworkstation/pkg/api/client/mock.go:75.93,76.51 1 0
github.com/scttfrdmn/cloudworkstation/pkg/api/client/mock.go:76.51,78.3 1 0
github.com/scttfrdmn/cloudworkstation/pkg/api/client/mock.go:79.2,79.56 1 0
github.com/scttfrdmn/cloudworkstation/pkg/api/client/mock.go:82.76,83.51 1 0
github.com/scttfrdmn/cloudworkstation/pkg/api/client/mock.go:83.51,86.3 2 0
github.com/scttfrdmn/cloudworkstation/pkg/api/client/mock.go:87.2,87.51 1 0
github.com/scttfrdmn/cloudworkstation/pkg/api/client/mock.go:90.75,91.51 1 0
github.com/scttfrdmn/cloudworkstation/pkg/api/client/mock.go:91.51,94.3 2 0
github.com/scttfrdmn/cloudworkstation/pkg/api/client/mock.go:95.2,95.51 1 0
github.com/scttfrdmn/cloudworkstation/pkg/api/client/mock.go:98.77,101.2 2 0
github.com/scttfrdmn/cloudworkstation/pkg/api/client/mock.go:103.88,105.2 1 0
github.com/scttfrdmn/cloudworkstation/pkg/api/client/mock.go:108.92,110.2 1 0
github.com/scttfrdmn/cloudworkstation/pkg/api/client/mock.go:112.93,113.51 1 0
github.com/scttfrdmn/cloudworkstation/pkg/api/client/mock.go:113.51,115.3 1 0
github.com/scttfrdmn/cloudworkstation/pkg/api/client/mock.go:116.2,116.56 1 0
github.com/scttfrdmn/cloudworkstation/pkg/api/client/mock.go:120.113,128.2 3 0
github.com/scttfrdmn/cloudworkstation/pkg/api/client/mock.go:130.82,132.2 1 0
github.com/scttfrdmn/cloudworkstation/pkg/api/client/mock.go:134.92,135.35 1 0
github.com/scttfrdmn/cloudworkstation/pkg/api/client/mock.go:135.35,136.26 1 0
github.com/scttfrdmn/cloudworkstation/pkg/api/client/mock.go:136.26,138.4 1 0
github.com/scttfrdmn/cloudworkstation/pkg/api/client/mock.go:140.2,140.54 1 0
github.com/scttfrdmn/cloudworkstation/pkg/api/client/mock.go:143.75,144.35 1 0
github.com/scttfrdmn/cloudworkstation/pkg/api/client/mock.go:144.35,145.26 1 0
github.com/scttfrdmn/cloudworkstation/pkg/api/client/mock.go:145.26,148.4 2 0
github.com/scttfrdmn/cloudworkstation/pkg/api/client/mock.go:150.2,150.49 1 0
github.com/scttfrdmn/cloudworkstation/pkg/api/client/mock.go:153.95,155.2 1 0
github.com/scttfrdmn/cloudworkstation/pkg/api/client/mock.go:157.81,159.2 1 0
github.com/scttfrdmn/cloudworkstation/pkg/api/client/mock.go:162.115,170.2 3 0
github.com/scttfrdmn/cloudworkstation/pkg/api/client/mock.go:172.82,174.2 1 0
github.com/scttfrdmn/cloudworkstation/pkg/api/client/mock.go:176.93,177.35 1 0
github.com/scttfrdmn/cloudworkstation/pkg/api/client/mock.go:177.35,178.26 1 0
github.com/scttfrdmn/cloudworkstation/pkg/api/client/mock.go:178.26,180.4 1 0
github.com/scttfrdmn/cloudworkstation/pkg/api/client/mock.go:182.2,182.55 1 0
github.com/scttfrdmn/cloudworkstation/pkg/api/client/mock.go:185.76,186.35 1 0
github.com/scttfrdmn/cloudworkstation/pkg/api/client/mock.go:186.35,187.26 1 0
github.com/scttfrdmn/cloudworkstation/pkg/api/client/mock.go:187.26,190.4 2 0
github.com/scttfrdmn/cloudworkstation/pkg/api/client/mock.go:192.2,192.50 1 0
github.com/scttfrdmn/cloudworkstation/pkg/api/client/mock.go:195.97,197.2 1 0
github.com/scttfrdmn/cloudworkstation/pkg/api/client/mock.go:199.83,201.2 1 0
github.com/scttfrdmn/cloudworkstation/pkg/api/client/mock.go:204.82,206.2 1 0
github.com/scttfrdmn/cloudworkstation/pkg/api/client/mock.go:208.54,210.2 1 0
github.com/scttfrdmn/cloudworkstation/pkg/api/client/mock.go:212.58,214.2 1 0
github.com/scttfrdmn/cloudworkstation/pkg/api/client/mock.go:217.94,223.2 1 0
github.com/scttfrdmn/cloudworkstation/pkg/api/client/mock.go:225.80,227.2 1 0
github.com/scttfrdmn/cloudworkstation/pkg/api/client/mock.go:229.127,237.2 1 0
github.com/scttfrdmn/cloudworkstation/pkg/api/client/mock.go:239.113,247.2 1 0
github.com/scttfrdmn/cloudworkstation/pkg/api/client/mock.go:251.46,253.2 1 0
github.com/scttfrdmn/cloudworkstation/pkg/api/client/mock.go:255.72,257.2 1 0
github.com/scttfrdmn/cloudworkstation/pkg/api/client/mock.go:259.73,261.2 1 0
github.com/scttfrdmn/cloudworkstation/pkg/api/client/options.go:40.53,48.2 1 0
github.com/scttfrdmn/cloudworkstation/pkg/api/client/options.go:51.90,55.2 2 0
github.com/scttfrdmn/cloudworkstation/pkg/api/client/options.go:58.106,70.2 3 0
github.com/scttfrdmn/cloudworkstation/pkg/api/client/options.go:73.61,84.2 2 0
github.com/scttfrdmn/cloudworkstation/pkg/api/client/options.go:87.64,90.2 2 0
github.com/scttfrdmn/cloudworkstation/pkg/api/client/options.go:93.81,95.2 1 0
github.com/scttfrdmn/cloudworkstation/pkg/api/errors/helpers.go:11.51,13.20 2 12
github.com/scttfrdmn/cloudworkstation/pkg/api/errors/helpers.go:13.20,15.3 1 3
github.com/scttfrdmn/cloudworkstation/pkg/api/errors/helpers.go:18.2,19.41 2 9
github.com/scttfrdmn/cloudworkstation/pkg/api/errors/helpers.go:19.41,21.3 1 7
github.com/scttfrdmn/cloudworkstation/pkg/api/errors/helpers.go:24.2,24.25 1 9
github.com/scttfrdmn/cloudworkstation/pkg/api/errors/helpers.go:24.25,26.3 1 0
github.com/scttfrdmn/cloudworkstation/pkg/api/errors/helpers.go:27.2,32.27 4 9
github.com/scttfrdmn/cloudworkstation/pkg/api/errors/helpers.go:32.27,35.3 1 2
github.com/scttfrdmn/cloudworkstation/pkg/api/errors/helpers.go:35.8,35.34 1 7
github.com/scttfrdmn/cloudworkstation/pkg/api/errors/helpers.go:35.34,38.3 1 4
github.com/scttfrdmn/cloudworkstation/pkg/api/errors/helpers.go:38.8,38.34 1 3
github.com/scttfrdmn/cloudworkstation/pkg/api/errors/helpers.go:38.34,41.3 1 2
github.com/scttfrdmn/cloudworkstation/pkg/api/errors/helpers.go:41.8,44.3 1 1
github.com/scttfrdmn/cloudworkstation/pkg/api/errors/helpers.go:47.2,50.33 2 9
github.com/scttfrdmn/cloudworkstation/pkg/api/errors/helpers.go:54.67,60.2 1 1
github.com/scttfrdmn/cloudworkstation/pkg/api/errors/helpers.go:63.79,69.2 1 0
github.com/scttfrdmn/cloudworkstation/pkg/api/errors/helpers.go:72.61,74.18 2 0
github.com/scttfrdmn/cloudworkstation/pkg/api/errors/helpers.go:74.18,76.3 1 0
github.com/scttfrdmn/cloudworkstation/pkg/api/errors/helpers.go:78.2,82.3 1 0
github.com/scttfrdmn/cloudworkstation/pkg/api/errors/helpers.go:86.80,92.2 1 1
github.com/scttfrdmn/cloudworkstation/pkg/api/errors/helpers.go:95.94,96.19 1 1
github.com/scttfrdmn/cloudworkstation/pkg/api/errors/helpers.go:96.19,98.3 1 0
github.com/scttfrdmn/cloudworkstation/pkg/api/errors/helpers.go:100.2,104.36 1 1
github.com/scttfrdmn/cloudworkstation/pkg/api/errors/helpers.go:108.77,114.2 1 0
github.com/scttfrdmn/cloudworkstation/pkg/api/errors/helpers.go:117.67,123.2 1 0
github.com/scttfrdmn/cloudworkstation/pkg/api/errors/middleware.go:16.89,17.71 1 0
github.com/scttfrdmn/cloudworkstation/pkg/api/errors/middleware.go:17.71,21.16 2 0
github.com/scttfrdmn/cloudworkstation/pkg/api/errors/middleware.go:21.16,22.50 1 0
github.com/scttfrdmn/cloudworkstation/pkg/api/errors/middleware.go:22.50,26.5 3 0
github.com/scttfrdmn/cloudworkstation/pkg/api/errors/middleware.go:30.3,37.70 4 0
github.com/scttfrdmn/cloudworkstation/pkg/api/errors/middleware.go:42.77,47.44 3 0
github.com/scttfrdmn/cloudworkstation/pkg/api/errors/middleware.go:47.44,50.3 1 0
github.com/scttfrdmn/cloudworkstation/pkg/api/errors/middleware.go:53.2,54.21 2 0
github.com/scttfrdmn/cloudworkstation/pkg/api/errors/middleware.go:54.21,57.3 1 0
github.com/scttfrdmn/cloudworkstation/pkg/api/errors/middleware.go:60.2,64.28 3 0
github.com/scttfrdmn/cloudworkstation/pkg/api/errors/middleware.go:64.28,66.3 1 0
github.com/scttfrdmn/cloudworkstation/pkg/api/errors/middleware.go:69.2,69.58 1 0
github.com/scttfrdmn/cloudworkstation/pkg/api/errors/middleware.go:69.58,73.3 2 0
github.com/scttfrdmn/cloudworkstation/pkg/api/errors/middleware.go:77.54,78.14 1 0
github.com/scttfrdmn/cloudworkstation/pkg/api/errors/middleware.go:79.25,80.29 1 0
github.com/scttfrdmn/cloudworkstation/pkg/api/errors/middleware.go:81.29,82.33 1 0
github.com/scttfrdmn/cloudworkstation/pkg/api/errors/middleware.go:83.53,84.30 1 0
github.com/scttfrdmn/cloudworkstation/pkg/api/errors/middleware.go:85.111,86.31 1 0
github.com/scttfrdmn/cloudworkstation/pkg/api/errors/middleware.go:87.50,88.29 1 0
github.com/scttfrdmn/cloudworkstation/pkg/api/errors/middleware.go:89.28,90.36 1 0
github.com/scttfrdmn/cloudworkstation/pkg/api/errors/middleware.go:91.24,92.35 1 0
github.com/scttfrdmn/cloudworkstation/pkg/api/errors/middleware.go:93.10,94.40 1 0
github.com/scttfrdmn/cloudworkstation/pkg/security/aws_compliance.go:97.92,102.16 2 0
github.com/scttfrdmn/cloudworkstation/pkg/security/aws_compliance.go:102.16,104.3 1 0
github.com/scttfrdmn/cloudworkstation/pkg/security/aws_compliance.go:106.2,112.8 1 0
github.com/scttfrdmn/cloudworkstation/pkg/security/aws_compliance.go:116.135,123.68 2 0
github.com/scttfrdmn/cloudworkstation/pkg/security/aws_compliance.go:123.68,125.3 1 0
github.com/scttfrdmn/cloudworkstation/pkg/security/aws_compliance.go:128.2,128.70 1 0
github.com/scttfrdmn/cloudworkstation/pkg/security/aws_compliance.go:128.70,130.3 1 0
github.com/scttfrdmn/cloudworkstation/pkg/security/aws_compliance.go:133.2,133.63 1 0
github.com/scttfrdmn/cloudworkstation/pkg/security/aws_compliance.go:133.63,135.3 1 0
github.com/scttfrdmn/cloudworkstation/pkg/security/aws_compliance.go:138.2,138.64 1 0
github.com/scttfrdmn/cloudworkstation/pkg/security/aws_compliance.go:138.64,140.3 1 0
github.com/scttfrdmn/cloudworkstation/pkg/security/aws_compliance.go:143.2,145.20 2 0
github.com/scttfrdmn/cloudworkstation/pkg/security/aws_compliance.go:149.139,172.13 3 0
github.com/scttfrdmn/cloudworkstation/pkg/security/aws_compliance.go:172.13,174.3 1 0
github.com/scttfrdmn/cloudworkstation/pkg/security/aws_compliance.go:177.2,177.35 1 0
github.com/scttfrdmn/cloudworkstation/pkg/security/aws_compliance.go:177.35,179.17 2 0
github.com/scttfrdmn/cloudworkstation/pkg/security/aws_compliance.go:179.17,180.12 1 0
github.com/scttfrdmn/cloudworkstation/pkg/security/aws_compliance.go:183.3,183.42 1 0
github.com/scttfrdmn/cloudworkstation/pkg/security/aws_compliance.go:183.42,184.100 1 0
github.com/scttfrdmn/cloudworkstation/pkg/security/aws_compliance.go:184.100,189.10 4 0
github.com/scttfrdmn/cloudworkstation/pkg/security/aws_compliance.go:193.3,193.36 1 0
github.com/scttfrdmn/cloudworkstation/pkg/security/aws_compliance.go:193.36,194.9 1 0
github.com/scttfrdmn/cloudworkstation/pkg/security/aws_compliance.go:198.2,198.12 1 0
github.com/scttfrdmn/cloudworkstation/pkg/security/aws_compliance.go:202.141,206.43 2 0
github.com/scttfrdmn/cloudworkstation/pkg/security/aws_compliance.go:206.43,209.3 2 0
github.com/scttfrdmn/cloudworkstation/pkg/security/aws_compliance.go:211.2,211.12 1 0
github.com/scttfrdmn/cloudworkstation/pkg/security/aws_compliance.go:215.133,282.65 2 0
github.com/scttfrdmn/cloudworkstation/pkg/security/aws_compliance.go:282.65,283.58 1 0
github.com/scttfrdmn/cloudworkstation/pkg/security/aws_compliance.go:283.58,285.4 1 0
github.com/scttfrdmn/cloudworkstation/pkg/security/aws_compliance.go:289.2,294.3 1 0
github.com/scttfrdmn/cloudworkstation/pkg/security/aws_compliance.go:298.134,331.13 3 0
github.com/scttfrdmn/cloudworkstation/pkg/security/aws_compliance.go:331.13,333.3 1 0
github.com/scttfrdmn/cloudworkstation/pkg/security/aws_compliance.go:335.2,339.16 3 0
github.com/scttfrdmn/cloudworkstation/pkg/security/aws_compliance.go:339.16,341.3 1 0
github.com/scttfrdmn/cloudworkstation/pkg/security/aws_compliance.go:344.2,348.16 2 0
github.com/scttfrdmn/cloudworkstation/pkg/security/aws_compliance.go:348.16,352.3 2 0
github.com/scttfrdmn/cloudworkstation/pkg/security/aws_compliance.go:355.2,355.43 1 0
github.com/scttfrdmn/cloudworkstation/pkg/security/aws_compliance.go:355.43,356.25 1 0
github.com/scttfrdmn/cloudworkstation/pkg/security/aws_compliance.go:356.25,357.40 1 0
github.com/scttfrdmn/cloudworkstation/pkg/security/aws_compliance.go:357.40,358.52 1 0
github.com/scttfrdmn/cloudworkstation/pkg/security/aws_compliance.go:358.52,360.6 1 0
github.com/scttfrdmn/cloudworkstation/pkg/security/aws_compliance.go:366.2,366.38 1 0
github.com/scttfrdmn/cloudworkstation/pkg/security/aws_compliance.go:366.38,368.54 2 0
github.com/scttfrdmn/cloudworkstation/pkg/security/aws_compliance.go:368.54,369.50 1 0
github.com/scttfrdmn/cloudworkstation/pkg/security/aws_compliance.go:369.50,371.10 2 0
github.com/scttfrdmn/cloudworkstation/pkg/security/aws_compliance.go:374.3,374.13 1 0
github.com/scttfrdmn/cloudworkstation/pkg/security/aws_compliance.go:374.13,382.4 1 0
github.com/scttfrdmn/cloudworkstation/pkg/security/aws_compliance.go:385.2,385.12 1 0
github.com/scttfrdmn/cloudworkstation/pkg/security/aws_compliance.go:389.119,391.19 1 0
github.com/scttfrdmn/cloudworkstation/pkg/security/aws_compliance.go:392.22,393.28 1 0
github.com/scttfrdmn/cloudworkstation/pkg/security/aws_compliance.go:394.23,397.33 2 0
github.com/scttfrdmn/cloudworkstation/pkg/security/aws_compliance.go:398.27,399.33 1 0
github.com/scttfrdmn/cloudworkstation/pkg/security/aws_compliance.go:400.25,403.33 2 0
github.com/scttfrdmn/cloudworkstation/pkg/security/aws_compliance.go:404.28,405.34 1 0
github.com/scttfrdmn/cloudworkstation/pkg/security/aws_compliance.go:406.22,407.28 1 0
github.com/scttfrdmn/cloudworkstation/pkg/security/aws_compliance.go:408.21,409.27 1 0
github.com/scttfrdmn/cloudworkstation/pkg/security/aws_compliance.go:410.26,411.32 1 0
github.com/scttfrdmn/cloudworkstation/pkg/security/aws_compliance.go:412.24,413.30 1 0
github.com/scttfrdmn/cloudworkstation/pkg/security/aws_compliance.go:414.22,417.28 2 0
github.com/scttfrdmn/cloudworkstation/pkg/security/aws_compliance.go:418.24,419.30 1 0
github.com/scttfrdmn/cloudworkstation/pkg/security/aws_compliance.go:420.24,422.30 2 0
github.com/scttfrdmn/cloudworkstation/pkg/security/aws_compliance.go:423.24,426.30 3 0
github.com/scttfrdmn/cloudworkstation/pkg/security/aws_compliance.go:427.23,429.33 1 0
github.com/scttfrdmn/cloudworkstation/pkg/security/aws_compliance.go:430.23,432.34 1 0
github.com/scttfrdmn/cloudworkstation/pkg/security/aws_compliance.go:433.23,434.29 1 0
github.com/scttfrdmn/cloudworkstation/pkg/security/aws_compliance.go:437.2,437.12 1 0
github.com/scttfrdmn/cloudworkstation/pkg/security/aws_compliance.go:441.79,460.2 2 0
github.com/scttfrdmn/cloudworkstation/pkg/security/aws_compliance.go:463.80,482.2 2 0
github.com/scttfrdmn/cloudworkstation/pkg/security/aws_compliance.go:485.82,504.2 2 0
github.com/scttfrdmn/cloudworkstation/pkg/security/aws_compliance.go:507.85,526.2 2 0
github.com/scttfrdmn/cloudworkstation/pkg/security/aws_compliance.go:529.84,555.2 2 0
github.com/scttfrdmn/cloudworkstation/pkg/security/aws_compliance.go:558.79,584.64 2 0
github.com/scttfrdmn/cloudworkstation/pkg/security/aws_compliance.go:584.64,592.3 1 0
github.com/scttfrdmn/cloudworkstation/pkg/security/aws_compliance.go:594.2,594.58 1 0
github.com/scttfrdmn/cloudworkstation/pkg/security/aws_compliance.go:598.78,617.64 2 0
github.com/scttfrdmn/cloudworkstation/pkg/security/aws_compliance.go:617.64,625.3 1 0
github.com/scttfrdmn/cloudworkstation/pkg/security/aws_compliance.go:627.2,627.58 1 0
github.com/scttfrdmn/cloudworkstation/pkg/security/aws_compliance.go:631.83,643.2 2 0
github.com/scttfrdmn/cloudworkstation/pkg/security/aws_compliance.go:646.81,658.2 2 0
github.com/scttfrdmn/cloudworkstation/pkg/security/aws_compliance.go:661.118,687.19 2 0
github.com/scttfrdmn/cloudworkstation/pkg/security/aws_compliance.go:688.23,694.5 1 0
github.com/scttfrdmn/cloudworkstation/pkg/security/aws_compliance.go:695.25,702.5 1 0
github.com/scttfrdmn/cloudworkstation/pkg/security/aws_compliance.go:705.2,705.49 1 0
github.com/scttfrdmn/cloudworkstation/pkg/security/aws_compliance.go:709.79,721.2 2 0
github.com/scttfrdmn/cloudworkstation/pkg/security/aws_compliance.go:724.81,743.2 2 0
github.com/scttfrdmn/cloudworkstation/pkg/security/aws_compliance.go:746.81,772.2 2 0
github.com/scttfrdmn/cloudworkstation/pkg/security/aws_compliance.go:775.81,801.64 2 0
github.com/scttfrdmn/cloudworkstation/pkg/security/aws_compliance.go:801.64,809.3 1 0
github.com/scttfrdmn/cloudworkstation/pkg/security/aws_compliance.go:811.2,811.58 1 0
github.com/scttfrdmn/cloudworkstation/pkg/security/aws_compliance.go:815.80,855.2 2 0
github.com/scttfrdmn/cloudworkstation/pkg/security/aws_compliance.go:858.81,872.2 1 0
github.com/scttfrdmn/cloudworkstation/pkg/security/manager.go:70.74,72.55 1 0
github.com/scttfrdmn/cloudworkstation/pkg/security/manager.go:72.55,74.3 1 0
github.com/scttfrdmn/cloudworkstation/pkg/security/manager.go:76.2,84.55 2 0
github.com/scttfrdmn/cloudworkstation/pkg/security/manager.go:84.55,86.3 1 0
github.com/scttfrdmn/cloudworkstation/pkg/security/manager.go:88.2,88.21 1 0
github.com/scttfrdmn/cloudworkstation/pkg/security/manager.go:92.41,96.18 3 0
github.com/scttfrdmn/cloudworkstation/pkg/security/manager.go:96.18,98.3 1 0
github.com/scttfrdmn/cloudworkstation/pkg/security/manager.go:100.2,100.17 1 0
github.com/scttfrdmn/cloudworkstation/pkg/security/manager.go:100.17,102.3 1 0
github.com/scttfrdmn/cloudworkstation/pkg/security/manager.go:105.2,110.26 3 0
github.com/scttfrdmn/cloudworkstation/pkg/security/manager.go:110.26,121.3 1 0
github.com/scttfrdmn/cloudworkstation/pkg/security/manager.go:123.2,123.12 1 0
github.com/scttfrdmn/cloudworkstation/pkg/security/manager.go:127.40,131.18 3 0
github.com/scttfrdmn/cloudworkstation/pkg/security/manager.go:131.18,133.3 1 0
github.com/scttfrdmn/cloudworkstation/pkg/security/manager.go:136.2,139.9 2 0
github.com/scttfrdmn/cloudworkstation/pkg/security/manager.go:140.23,140.23 0 0
github.com/scttfrdmn/cloudworkstation/pkg/security/manager.go:141.38,141.38 0 0
github.com/scttfrdmn/cloudworkstation/pkg/security/manager.go:146.2,146.32 1 0
github.com/scttfrdmn/cloudworkstation/pkg/security/manager.go:146.32,148.3 1 0
github.com/scttfrdmn/cloudworkstation/pkg/security/manager.go:150.2,150.26 1 0
github.com/scttfrdmn/cloudworkstation/pkg/security/manager.go:150.26,161.3 2 0
github.com/scttfrdmn/cloudworkstation/pkg/security/manager.go:163.2,164.12 2 0
github.com/scttfrdmn/cloudworkstation/pkg/security/manager.go:168.72,180.22 4 0
github.com/scttfrdmn/cloudworkstation/pkg/security/manager.go:180.22,182.17 2 0
github.com/scttfrdmn/cloudworkstation/pkg/security/manager.go:182.17,184.4 1 0
github.com/scttfrdmn/cloudworkstation/pkg/security/manager.go:188.2,188.32 1 0
github.com/scttfrdmn/cloudworkstation/pkg/security/manager.go:188.32,190.17 2 0
github.com/scttfrdmn/cloudworkstation/pkg/security/manager.go:190.17,192.4 1 0
github.com/scttfrdmn/cloudworkstation/pkg/security/manager.go:196.2,197.16 2 0
github.com/scttfrdmn/cloudworkstation/pkg/security/manager.go:197.16,199.3 1 0
github.com/scttfrdmn/cloudworkstation/pkg/security/manager.go:201.2,201.20 1 0
github.com/scttfrdmn/cloudworkstation/pkg/security/manager.go:205.125,206.26 1 0
github.com/scttfrdmn/cloudworkstation/pkg/security/manager.go:206.26,208.3 1 0
github.com/scttfrdmn/cloudworkstation/pkg/security/manager.go:210.2,215.4 1 0
github.com/scttfrdmn/cloudworkstation/pkg/security/manager.go:219.147,220.26 1 0
github.com/scttfrdmn/cloudworkstation/pkg/security/manager.go:220.26,222.3 1 0
github.com/scttfrdmn/cloudworkstation/pkg/security/manager.go:224.2,224.93 1 0
github.com/scttfrdmn/cloudworkstation/pkg/security/manager.go:228.122,229.26 1 0
github.com/scttfrdmn/cloudworkstation/pkg/security/manager.go:229.26,231.3 1 0
github.com/scttfrdmn/cloudworkstation/pkg/security/manager.go:233.2,233.68 1 0
github.com/scttfrdmn/cloudworkstation/pkg/security/manager.go:237.97,238.26 1 0
github.com/scttfrdmn/cloudworkstation/pkg/security/manager.go:238.26,240.3 1 0
github.com/scttfrdmn/cloudworkstation/pkg/security/manager.go:242.2,242.78 1 0
github.com/scttfrdmn/cloudworkstation/pkg/security/manager.go:246.116,249.16 2 0
github.com/scttfrdmn/cloudworkstation/pkg/security/manager.go:249.16,254.3 2 0
github.com/scttfrdmn/cloudworkstation/pkg/security/manager.go:257.2,258.16 2 0
github.com/scttfrdmn/cloudworkstation/pkg/security/manager.go:258.16,263.3 2 0
github.com/scttfrdmn/cloudworkstation/pkg/security/manager.go:264.2,264.14 1 0
github.com/scttfrdmn/cloudworkstation/pkg/security/manager.go:264.14,270.3 2 0
github.com/scttfrdmn/cloudworkstation/pkg/security/manager.go:272.2,276.12 2 0
github.com/scttfrdmn/cloudworkstation/pkg/security/manager.go:280.54,286.60 4 0
github.com/scttfrdmn/cloudworkstation/pkg/security/manager.go:286.60,292.3 2 0
github.com/scttfrdmn/cloudworkstation/pkg/security/manager.go:295.2,295.26 1 0
github.com/scttfrdmn/cloudworkstation/pkg/security/manager.go:295.26,301.3 1 0
github.com/scttfrdmn/cloudworkstation/pkg/security/manager.go:304.2,304.22 1 0
github.com/scttfrdmn/cloudworkstation/pkg/security/manager.go:304.22,306.17 2 0
github.com/scttfrdmn/cloudworkstation/pkg/security/manager.go:306.17,312.4 2 0
github.com/scttfrdmn/cloudworkstation/pkg/security/manager.go:315.2,320.12 2 0
github.com/scttfrdmn/cloudworkstation/pkg/security/manager.go:324.82,325.29 1 0
github.com/scttfrdmn/cloudworkstation/pkg/security/manager.go:325.29,327.3 1 0
github.com/scttfrdmn/cloudworkstation/pkg/security/manager.go:329.2,329.67 1 0
github.com/scttfrdmn/cloudworkstation/pkg/security/manager.go:334.56,338.30 2 0
github.com/scttfrdmn/cloudworkstation/pkg/security/manager.go:338.30,340.17 2 0
github.com/scttfrdmn/cloudworkstation/pkg/security/manager.go:340.17,342.4 1 0
github.com/scttfrdmn/cloudworkstation/pkg/security/manager.go:346.2,346.32 1 0
github.com/scttfrdmn/cloudworkstation/pkg/security/manager.go:346.32,348.17 2 0
github.com/scttfrdmn/cloudworkstation/pkg/security/manager.go:348.17,350.4 1 0
github.com/scttfrdmn/cloudworkstation/pkg/security/manager.go:354.2,354.33 1 0
github.com/scttfrdmn/cloudworkstation/pkg/security/manager.go:354.33,356.17 2 0
github.com/scttfrdmn/cloudworkstation/pkg/security/manager.go:356.17,358.4 1 0
github.com/scttfrdmn/cloudworkstation/pkg/security/manager.go:362.2,362.38 1 0
github.com/scttfrdmn/cloudworkstation/pkg/security/manager.go:362.38,370.17 3 0
github.com/scttfrdmn/cloudworkstation/pkg/security/manager.go:370.17,372.4 1 0
github.com/scttfrdmn/cloudworkstation/pkg/security/manager.go:375.2,375.12 1 0
github.com/scttfrdmn/cloudworkstation/pkg/security/manager.go:378.44,390.6 8 0
github.com/scttfrdmn/cloudworkstation/pkg/security/manager.go:390.6,391.10 1 0
github.com/scttfrdmn/cloudworkstation/pkg/security/manager.go:392.21,393.10 1 0
github.com/scttfrdmn/cloudworkstation/pkg/security/manager.go:395.26,396.24 1 0
github.com/scttfrdmn/cloudworkstation/pkg/security/manager.go:396.24,397.61 1 0
github.com/scttfrdmn/cloudworkstation/pkg/security/manager.go:397.61,401.6 1 0
github.com/scttfrdmn/cloudworkstation/pkg/security/manager.go:404.27,405.34 1 0
github.com/scttfrdmn/cloudworkstation/pkg/security/manager.go:405.34,406.74 1 0
github.com/scttfrdmn/cloudworkstation/pkg/security/manager.go:406.74,410.6 1 0
github.com/scttfrdmn/cloudworkstation/pkg/security/manager.go:413.25,414.35 1 0
github.com/scttfrdmn/cloudworkstation/pkg/security/manager.go:414.35,415.50 1 0
github.com/scttfrdmn/cloudworkstation/pkg/security/manager.go:415.50,419.6 1 0
github.com/scttfrdmn/cloudworkstation/pkg/security/manager.go:425.59,428.30 2 0
github.com/scttfrdmn/cloudworkstation/pkg/security/manager.go:428.30,430.3 1 0
github.com/scttfrdmn/cloudworkstation/pkg/security/manager.go:431.2,431.32 1 0
github.com/scttfrdmn/cloudworkstation/pkg/security/manager.go:431.32,433.3 1 0
github.com/scttfrdmn/cloudworkstation/pkg/security/manager.go:434.2,434.33 1 0
github.com/scttfrdmn/cloudworkstation/pkg/security/manager.go:434.33,436.3 1 0
github.com/scttfrdmn/cloudworkstation/pkg/security/manager.go:437.2,437.38 1 0
github.com/scttfrdmn/cloudworkstation/pkg/security/manager.go:437.38,439.3 1 0
github.com/scttfrdmn/cloudworkstation/pkg/security/manager.go:441.2,441.19 1 0
github.com/scttfrdmn/cloudworkstation/pkg/security/manager.go:446.58,447.33 1 0
github.com/scttfrdmn/cloudworkstation/pkg/security/manager.go:447.33,449.3 1 0
github.com/scttfrdmn/cloudworkstation/pkg/security/manager.go:451.2,451.34 1 0
github.com/scttfrdmn/cloudworkstation/pkg/security/manager.go:451.34,453.3 1 0
github.com/scttfrdmn/cloudworkstation/pkg/security/manager.go:455.2,455.37 1 0
github.com/scttfrdmn/cloudworkstation/pkg/security/manager.go:455.37,457.3 1 0
github.com/scttfrdmn/cloudworkstation/pkg/security/manager.go:459.2,459.34 1 0
github.com/scttfrdmn/cloudworkstation/pkg/security/manager.go:459.34,461.3 1 0
github.com/scttfrdmn/cloudworkstation/pkg/security/manager.go:463.2,467.76 2 0
github.com/scttfrdmn/cloudworkstation/pkg/security/manager.go:467.76,469.3 1 0
github.com/scttfrdmn/cloudworkstation/pkg/security/manager.go:471.2,471.12 1 0
github.com/scttfrdmn/cloudworkstation/pkg/security/manager.go:475.48,488.2 1 0
github.com/scttfrdmn/cloudworkstation/pkg/security/validator.go:65.81,69.2 1 0
github.com/scttfrdmn/cloudworkstation/pkg/security/validator.go:72.102,96.38 13 0
github.com/scttfrdmn/cloudworkstation/pkg/security/validator.go:96.38,97.35 1 0
github.com/scttfrdmn/cloudworkstation/pkg/security/validator.go:97.35,99.9 2 0
github.com/scttfrdmn/cloudworkstation/pkg/security/validator.go:103.2,103.20 1 0
github.com/scttfrdmn/cloudworkstation/pkg/security/validator.go:107.90,108.31 1 0
github.com/scttfrdmn/cloudworkstation/pkg/security/validator.go:108.31,117.3 2 0
github.com/scttfrdmn/cloudworkstation/pkg/security/validator.go:120.2,120.36 1 0
github.com/scttfrdmn/cloudworkstation/pkg/security/validator.go:120.36,126.3 1 0
github.com/scttfrdmn/cloudworkstation/pkg/security/validator.go:129.2,130.16 2 0
github.com/scttfrdmn/cloudworkstation/pkg/security/validator.go:130.16,132.49 2 0
github.com/scttfrdmn/cloudworkstation/pkg/security/validator.go:132.49,133.34 1 0
github.com/scttfrdmn/cloudworkstation/pkg/security/validator.go:133.34,141.5 1 0
github.com/scttfrdmn/cloudworkstation/pkg/security/validator.go:147.88,148.33 1 0
github.com/scttfrdmn/cloudworkstation/pkg/security/validator.go:148.33,157.3 2 0
github.com/scttfrdmn/cloudworkstation/pkg/security/validator.go:160.2,160.46 1 0
github.com/scttfrdmn/cloudworkstation/pkg/security/validator.go:160.46,166.3 1 0
github.com/scttfrdmn/cloudworkstation/pkg/security/validator.go:169.2,169.38 1 0
github.com/scttfrdmn/cloudworkstation/pkg/security/validator.go:169.38,175.3 1 0
github.com/scttfrdmn/cloudworkstation/pkg/security/validator.go:179.97,180.34 1 0
github.com/scttfrdmn/cloudworkstation/pkg/security/validator.go:180.34,188.3 2 0
github.com/scttfrdmn/cloudworkstation/pkg/security/validator.go:191.2,191.48 1 0
github.com/scttfrdmn/cloudworkstation/pkg/security/validator.go:191.48,197.3 1 0
github.com/scttfrdmn/cloudworkstation/pkg/security/validator.go:201.94,202.39 1 0
github.com/scttfrdmn/cloudworkstation/pkg/security/validator.go:202.39,211.3 2 0
github.com/scttfrdmn/cloudworkstation/pkg/security/validator.go:214.2,214.32 1 0
github.com/scttfrdmn/cloudworkstation/pkg/security/validator.go:214.32,220.3 1 0
github.com/scttfrdmn/cloudworkstation/pkg/security/validator.go:224.94,226.60 1 0
github.com/scttfrdmn/cloudworkstation/pkg/security/validator.go:226.60,235.3 2 0
github.com/scttfrdmn/cloudworkstation/pkg/security/validator.go:238.2,239.16 2 0
github.com/scttfrdmn/cloudworkstation/pkg/security/validator.go:239.16,240.27 1 0
github.com/scttfrdmn/cloudworkstation/pkg/security/validator.go:240.27,246.4 1 0
github.com/scttfrdmn/cloudworkstation/pkg/security/validator.go:249.3,249.80 1 0
github.com/scttfrdmn/cloudworkstation/pkg/security/validator.go:249.80,256.4 1 0
github.com/scttfrdmn/cloudworkstation/pkg/security/validator.go:261.90,262.34 1 0
github.com/scttfrdmn/cloudworkstation/pkg/security/validator.go:262.34,270.3 2 0
github.com/scttfrdmn/cloudworkstation/pkg/security/validator.go:273.2,273.51 1 0
github.com/scttfrdmn/cloudworkstation/pkg/security/validator.go:273.51,279.3 1 0
github.com/scttfrdmn/cloudworkstation/pkg/security/validator.go:283.95,287.35 2 0
github.com/scttfrdmn/cloudworkstation/pkg/security/validator.go:287.35,289.3 1 0
github.com/scttfrdmn/cloudworkstation/pkg/security/validator.go:290.2,290.36 1 0
github.com/scttfrdmn/cloudworkstation/pkg/security/validator.go:290.36,292.3 1 0
github.com/scttfrdmn/cloudworkstation/pkg/security/validator.go:293.2,293.39 1 0
github.com/scttfrdmn/cloudworkstation/pkg/security/validator.go:293.39,295.3 1 0
github.com/scttfrdmn/cloudworkstation/pkg/security/validator.go:297.2,297.27 1 0
github.com/scttfrdmn/cloudworkstation/pkg/security/validator.go:297.27,305.3 1 0
github.com/scttfrdmn/cloudworkstation/pkg/security/validator.go:309.97,322.45 2 0
github.com/scttfrdmn/cloudworkstation/pkg/security/validator.go:322.45,323.21 1 0
github.com/scttfrdmn/cloudworkstation/pkg/security/validator.go:323.21,331.4 1 0
github.com/scttfrdmn/cloudworkstation/pkg/security/validator.go:335.2,338.69 2 0
github.com/scttfrdmn/cloudworkstation/pkg/security/validator.go:338.69,345.3 1 0
github.com/scttfrdmn/cloudworkstation/pkg/security/validator.go:349.98,351.31 1 0
github.com/scttfrdmn/cloudworkstation/pkg/security/validator.go:351.31,359.3 1 0
github.com/scttfrdmn/cloudworkstation/pkg/security/validator.go:362.2,362.38 1 0
github.com/scttfrdmn/cloudworkstation/pkg/security/validator.go:362.38,368.3 1 0
github.com/scttfrdmn/cloudworkstation/pkg/security/validator.go:371.2,371.33 1 0
github.com/scttfrdmn/cloudworkstation/pkg/security/validator.go:371.33,379.3 1 0
github.com/scttfrdmn/cloudworkstation/pkg/security/validator.go:382.2,382.39 1 0
github.com/scttfrdmn/cloudworkstation/pkg/security/validator.go:382.39,390.3 1 0
github.com/scttfrdmn/cloudworkstation/pkg/security/validator.go:393.2,393.34 1 0
github.com/scttfrdmn/cloudworkstation/pkg/security/validator.go:393.34,401.3 1 0
github.com/scttfrdmn/cloudworkstation/pkg/security/validator.go:404.2,404.46 1 0
github.com/scttfrdmn/cloudworkstation/pkg/security/validator.go:404.46,410.3 1 0
github.com/scttfrdmn/cloudworkstation/pkg/security/validator.go:413.2,434.81 2 0
github.com/scttfrdmn/cloudworkstation/pkg/security/validator.go:438.96,442.38 2 0
github.com/scttfrdmn/cloudworkstation/pkg/security/validator.go:442.38,443.25 1 0
github.com/scttfrdmn/cloudworkstation/pkg/security/validator.go:444.19,445.15 1 0
github.com/scttfrdmn/cloudworkstation/pkg/security/validator.go:446.15,447.15 1 0
github.com/scttfrdmn/cloudworkstation/pkg/security/validator.go:448.17,449.15 1 0
github.com/scttfrdmn/cloudworkstation/pkg/security/validator.go:450.14,451.14 1 0
github.com/scttfrdmn/cloudworkstation/pkg/security/validator.go:456.2,460.30 3 0
github.com/scttfrdmn/cloudworkstation/pkg/security/validator.go:460.30,462.3 1 0
github.com/scttfrdmn/cloudworkstation/pkg/security/validator.go:463.2,463.32 1 0
github.com/scttfrdmn/cloudworkstation/pkg/security/validator.go:463.32,465.3 1 0
github.com/scttfrdmn/cloudworkstation/pkg/security/validator.go:466.2,466.33 1 0
github.com/scttfrdmn/cloudworkstation/pkg/security/validator.go:466.33,468.3 1 0
github.com/scttfrdmn/cloudworkstation/pkg/security/validator.go:469.2,469.38 1 0
github.com/scttfrdmn/cloudworkstation/pkg/security/validator.go:469.38,471.3 1 0
github.com/scttfrdmn/cloudworkstation/pkg/security/validator.go:472.2,472.33 1 0
github.com/scttfrdmn/cloudworkstation/pkg/security/validator.go:472.33,474.3 1 0
github.com/scttfrdmn/cloudworkstation/pkg/security/validator.go:477.2,480.15 2 0
github.com/scttfrdmn/cloudworkstation/pkg/security/validator.go:480.15,482.3 1 0
github.com/scttfrdmn/cloudworkstation/pkg/security/validator.go:483.2,483.17 1 0
github.com/scttfrdmn/cloudworkstation/pkg/security/validator.go:483.17,485.3 1 0
github.com/scttfrdmn/cloudworkstation/pkg/security/validator.go:487.2,487.14 1 0
github.com/scttfrdmn/cloudworkstation/pkg/security/validator.go:491.83,492.9 1 0
github.com/scttfrdmn/cloudworkstation/pkg/security/validator.go:493.19,494.33 1 0
github.com/scttfrdmn/cloudworkstation/pkg/security/validator.go:495.19,496.31 1 0
github.com/scttfrdmn/cloudworkstation/pkg/security/validator.go:497.19,498.31 1 0
github.com/scttfrdmn/cloudworkstation/pkg/security/validator.go:499.10,500.28 1 0
github.com/scttfrdmn/cloudworkstation/pkg/security/validator.go:505.92,509.38 3 0
github.com/scttfrdmn/cloudworkstation/pkg/security/validator.go:509.38,510.25 1 0
github.com/scttfrdmn/cloudworkstation/pkg/security/validator.go:511.19,512.20 1 0
github.com/scttfrdmn/cloudworkstation/pkg/security/validator.go:513.15,514.16 1 0
github.com/scttfrdmn/cloudworkstation/pkg/security/validator.go:518.2,518.24 1 0
github.com/scttfrdmn/cloudworkstation/pkg/security/validator.go:518.24,520.3 1 0
github.com/scttfrdmn/cloudworkstation/pkg/security/validator.go:522.2,522.20 1 0
github.com/scttfrdmn/cloudworkstation/pkg/security/validator.go:522.20,524.3 1 0
github.com/scttfrdmn/cloudworkstation/pkg/security/validator.go:526.2,526.30 1 0
github.com/scttfrdmn/cloudworkstation/pkg/security/validator.go:526.30,528.3 1 0
github.com/scttfrdmn/cloudworkstation/pkg/security/validator.go:530.2,530.60 1 0
github.com/scttfrdmn/cloudworkstation/pkg/security/validator.go:534.72,540.2 3 0
github.com/scttfrdmn/cloudworkstation/pkg/version/version.go:31.13,33.9 2 0
github.com/scttfrdmn/cloudworkstation/pkg/version/version.go:33.9,35.3 1 0
github.com/scttfrdmn/cloudworkstation/pkg/version/version.go:38.2,41.40 2 0
github.com/scttfrdmn/cloudworkstation/pkg/version/version.go:41.40,42.22 1 0
github.com/scttfrdmn/cloudworkstation/pkg/version/version.go:43.23,44.23 1 0
github.com/scttfrdmn/cloudworkstation/pkg/version/version.go:44.23,46.5 1 0
github.com/scttfrdmn/cloudworkstation/pkg/version/version.go:47.19,48.23 1 0
github.com/scttfrdmn/cloudworkstation/pkg/version/version.go:48.23,50.5 1 0
github.com/scttfrdmn/cloudworkstation/pkg/version/version.go:56.30,58.21 2 0
github.com/scttfrdmn/cloudworkstation/pkg/version/version.go:58.21,60.22 2 0
github.com/scttfrdmn/cloudworkstation/pkg/version/version.go:60.22,62.4 1 0
github.com/scttfrdmn/cloudworkstation/pkg/version/version.go:63.3,63.16 1 0
github.com/scttfrdmn/cloudworkstation/pkg/version/version.go:65.2,65.21 1 0
github.com/scttfrdmn/cloudworkstation/pkg/version/version.go:65.21,67.3 1 0
github.com/scttfrdmn/cloudworkstation/pkg/version/version.go:68.2,68.15 1 0
github.com/scttfrdmn/cloudworkstation/pkg/version/version.go:72.26,74.2 1 0
github.com/scttfrdmn/cloudworkstation/pkg/version/version.go:77.41,79.16 2 0
github.com/scttfrdmn/cloudworkstation/pkg/version/version.go:79.16,82.3 1 0
github.com/scttfrdmn/cloudworkstation/pkg/version/version.go:83.2,83.28 1 0
github.com/scttfrdmn/cloudworkstation/pkg/usermgmt/types.go:424.41,429.2 1 0
github.com/scttfrdmn/cloudworkstation/pkg/usermgmt/types.go:432.74,436.2 1 0
github.com/scttfrdmn/cloudworkstation/pkg/usermgmt/types.go:449.73,449.87 1 0
github.com/scttfrdmn/cloudworkstation/pkg/usermgmt/types.go:450.73,450.104 1 0
github.com/scttfrdmn/cloudworkstation/pkg/usermgmt/types.go:451.73,451.87 1 0
github.com/scttfrdmn/cloudworkstation/pkg/usermgmt/types.go:452.73,452.87 1 0
github.com/scttfrdmn/cloudworkstation/pkg/usermgmt/types.go:453.76,453.101 1 0
github.com/scttfrdmn/cloudworkstation/pkg/usermgmt/types.go:454.73,454.87 1 0
github.com/scttfrdmn/cloudworkstation/pkg/usermgmt/types.go:455.73,455.105 1 0
github.com/scttfrdmn/cloudworkstation/pkg/usermgmt/types.go:456.73,456.87 1 0
github.com/scttfrdmn/cloudworkstation/pkg/usermgmt/types.go:457.73,457.87 1 0
github.com/scttfrdmn/cloudworkstation/pkg/usermgmt/types.go:458.79,458.105 1 0
github.com/scttfrdmn/cloudworkstation/pkg/usermgmt/types.go:459.84,459.98 1 0
github.com/scttfrdmn/cloudworkstation/pkg/usermgmt/types.go:460.85,460.99 1 0
github.com/scttfrdmn/cloudworkstation/pkg/usermgmt/types.go:461.76,461.102 1 0
github.com/scttfrdmn/cloudworkstation/pkg/usermgmt/types.go:462.77,462.103 1 0
github.com/scttfrdmn/cloudworkstation/pkg/usermgmt/types.go:465.62,465.76 1 0
github.com/scttfrdmn/cloudworkstation/pkg/usermgmt/types.go:466.67,466.98 1 0
github.com/scttfrdmn/cloudworkstation/pkg/usermgmt/types.go:467.83,467.114 1 0
github.com/scttfrdmn/cloudworkstation/pkg/usermgmt/types.go:468.77,468.108 1 0
github.com/scttfrdmn/cloudworkstation/pkg/usermgmt/types.go:469.62,469.76 1 0
github.com/scttfrdmn/cloudworkstation/pkg/usermgmt/types.go:470.61,470.75 1 0
github.com/scttfrdmn/cloudworkstation/pkg/usermgmt/types.go:471.119,473.2 1 0
github.com/scttfrdmn/cloudworkstation/pkg/usermgmt/types.go:474.65,474.79 1 0
github.com/scttfrdmn/cloudworkstation/pkg/usermgmt/types.go:475.69,475.101 1 0
github.com/scttfrdmn/cloudworkstation/pkg/usermgmt/types.go:476.77,476.109 1 0
github.com/scttfrdmn/cloudworkstation/pkg/usermgmt/types.go:477.65,477.79 1 0
github.com/scttfrdmn/cloudworkstation/pkg/usermgmt/types.go:478.62,478.76 1 0
github.com/scttfrdmn/cloudworkstation/pkg/usermgmt/types.go:479.122,481.2 1 0
github.com/scttfrdmn/cloudworkstation/pkg/usermgmt/types.go:482.63,482.89 1 0
github.com/scttfrdmn/cloudworkstation/pkg/usermgmt/types.go:483.78,483.92 1 0
github.com/scttfrdmn/cloudworkstation/pkg/usermgmt/types.go:484.83,484.97 1 0
github.com/scttfrdmn/cloudworkstation/pkg/usermgmt/types.go:485.80,485.106 1 0
github.com/scttfrdmn/cloudworkstation/pkg/usermgmt/types.go:486.80,486.105 1 0
github.com/scttfrdmn/cloudworkstation/pkg/usermgmt/types.go:487.86,487.115 1 0
github.com/scttfrdmn/cloudworkstation/pkg/usermgmt/types.go:488.119,490.2 1 0
github.com/scttfrdmn/cloudworkstation/pkg/usermgmt/types.go:491.89,491.103 1 0
github.com/scttfrdmn/cloudworkstation/pkg/usermgmt/types.go:492.81,492.95 1 0
github.com/scttfrdmn/cloudworkstation/pkg/usermgmt/types.go:493.104,495.2 1 0
github.com/scttfrdmn/cloudworkstation/pkg/usermgmt/types.go:496.61,496.75 1 0
github.com/scttfrdmn/cloudworkstation/pkg/usermgmt/types.go:497.62,497.76 1 0
github.com/scttfrdmn/cloudworkstation/pkg/usermgmt/types.go:498.93,498.122 1 0
github.com/scttfrdmn/cloudworkstation/pkg/usermgmt/types.go:499.97,499.111 1 0
github.com/scttfrdmn/cloudworkstation/pkg/usermgmt/types.go:500.93,500.132 1 0
github.com/scttfrdmn/cloudworkstation/pkg/usermgmt/types.go:501.47,501.61 1 0
github.com/scttfrdmn/cloudworkstation/pkg/state/manager.go:23.37,25.16 2 5
github.com/scttfrdmn/cloudworkstation/pkg/state/manager.go:25.16,27.3 1 0
github.com/scttfrdmn/cloudworkstation/pkg/state/manager.go:29.2,30.52 2 5
github.com/scttfrdmn/cloudworkstation/pkg/state/manager.go:30.52,32.3 1 0
github.com/scttfrdmn/cloudworkstation/pkg/state/manager.go:34.2,40.8 3 5
github.com/scttfrdmn/cloudworkstation/pkg/state/manager.go:44.53,49.56 3 35
github.com/scttfrdmn/cloudworkstation/pkg/state/manager.go:49.56,59.3 1 14
github.com/scttfrdmn/cloudworkstation/pkg/state/manager.go:61.2,62.16 2 21
github.com/scttfrdmn/cloudworkstation/pkg/state/manager.go:62.16,64.3 1 0
github.com/scttfrdmn/cloudworkstation/pkg/state/manager.go:66.2,67.53 2 21
github.com/scttfrdmn/cloudworkstation/pkg/state/manager.go:67.53,69.3 1 0
github.com/scttfrdmn/cloudworkstation/pkg/state/manager.go:72.2,72.28 1 21
github.com/scttfrdmn/cloudworkstation/pkg/state/manager.go:72.28,74.3 1 0
github.com/scttfrdmn/cloudworkstation/pkg/state/manager.go:75.2,75.26 1 21
github.com/scttfrdmn/cloudworkstation/pkg/state/manager.go:75.26,77.3 1 0
github.com/scttfrdmn/cloudworkstation/pkg/state/manager.go:78.2,78.29 1 21
github.com/scttfrdmn/cloudworkstation/pkg/state/manager.go:78.29,80.3 1 0
github.com/scttfrdmn/cloudworkstation/pkg/state/manager.go:82.2,82.20 1 21
github.com/scttfrdmn/cloudworkstation/pkg/state/manager.go:86.55,91.16 4 16
github.com/scttfrdmn/cloudworkstation/pkg/state/manager.go:91.16,93.3 1 0
github.com/scttfrdmn/cloudworkstation/pkg/state/manager.go:96.2,97.59 2 16
github.com/scttfrdmn/cloudworkstation/pkg/state/manager.go:97.59,99.3 1 0
github.com/scttfrdmn/cloudworkstation/pkg/state/manager.go:101.2,101.57 1 16
github.com/scttfrdmn/cloudworkstation/pkg/state/manager.go:101.57,103.3 1 0
github.com/scttfrdmn/cloudworkstation/pkg/state/manager.go:105.2,105.12 1 16
github.com/scttfrdmn/cloudworkstation/pkg/state/manager.go:109.63,111.16 2 8
github.com/scttfrdmn/cloudworkstation/pkg/state/manager.go:111.16,113.3 1 0
github.com/scttfrdmn/cloudworkstation/pkg/state/manager.go:115.2,116.27 2 8
github.com/scttfrdmn/cloudworkstation/pkg/state/manager.go:120.53,122.16 2 1
github.com/scttfrdmn/cloudworkstation/pkg/state/manager.go:122.16,124.3 1 0
github.com/scttfrdmn/cloudworkstation/pkg/state/manager.go:126.2,127.27 2 1
github.com/scttfrdmn/cloudworkstation/pkg/state/manager.go:131.60,133.16 2 1
github.com/scttfrdmn/cloudworkstation/pkg/state/manager.go:133.16,135.3 1 0
github.com/scttfrdmn/cloudworkstation/pkg/state/manager.go:137.2,138.27 2 1
github.com/scttfrdmn/cloudworkstation/pkg/state/manager.go:142.51,144.16 2 1
github.com/scttfrdmn/cloudworkstation/pkg/state/manager.go:144.16,146.3 1 0
github.com/scttfrdmn/cloudworkstation/pkg/state/manager.go:148.2,149.27 2 1
github.com/scttfrdmn/cloudworkstation/pkg/state/manager.go:153.63,155.16 2 1
github.com/scttfrdmn/cloudworkstation/pkg/state/manager.go:155.16,157.3 1 0
github.com/scttfrdmn/cloudworkstation/pkg/state/manager.go:159.2,160.27 2 1
github.com/scttfrdmn/cloudworkstation/pkg/state/manager.go:164.54,166.16 2 1
github.com/scttfrdmn/cloudworkstation/pkg/state/manager.go:166.16,168.3 1 0
github.com/scttfrdmn/cloudworkstation/pkg/state/manager.go:170.2,171.27 2 1
github.com/scttfrdmn/cloudworkstation/pkg/state/manager.go:175.59,177.16 2 1
github.com/scttfrdmn/cloudworkstation/pkg/state/manager.go:177.16,179.3 1 0
github.com/scttfrdmn/cloudworkstation/pkg/state/manager.go:181.2,182.27 2 1
github.com/scttfrdmn/cloudworkstation/pkg/state/manager.go:186.51,188.16 2 0
github.com/scttfrdmn/cloudworkstation/pkg/state/manager.go:188.16,190.3 1 0
github.com/scttfrdmn/cloudworkstation/pkg/state/manager.go:192.2,194.27 3 0
github.com/scttfrdmn/cloudworkstation/pkg/state/manager.go:198.58,200.16 2 0
github.com/scttfrdmn/cloudworkstation/pkg/state/manager.go:200.16,202.3 1 0
github.com/scttfrdmn/cloudworkstation/pkg/state/manager.go:204.2,204.61 1 0
github.com/scttfrdmn/cloudworkstation/pkg/state/manager.go:208.39,210.16 2 0
github.com/scttfrdmn/cloudworkstation/pkg/state/manager.go:210.16,212.3 1 0
github.com/scttfrdmn/cloudworkstation/pkg/state/manager.go:214.2,216.27 3 0
github.com/scttfrdmn/cloudworkstation/pkg/state/profile_integration.go:15.61,17.16 2 1
github.com/scttfrdmn/cloudworkstation/pkg/state/profile_integration.go:17.16,19.3 1 0
github.com/scttfrdmn/cloudworkstation/pkg/state/profile_integration.go:21.2,23.8 1 1
github.com/scttfrdmn/cloudworkstation/pkg/state/profile_integration.go:27.69,29.16 2 0
github.com/scttfrdmn/cloudworkstation/pkg/state/profile_integration.go:29.16,31.21 1 0
github.com/scttfrdmn/cloudworkstation/pkg/state/profile_integration.go:32.36,33.51 1 0
github.com/scttfrdmn/cloudworkstation/pkg/state/profile_integration.go:34.11,35.18 1 0
github.com/scttfrdmn/cloudworkstation/pkg/state/profile_integration.go:39.2,39.32 1 0
github.com/scttfrdmn/cloudworkstation/pkg/state/profile_integration.go:43.67,45.2 1 0
github.com/scttfrdmn/cloudworkstation/pkg/state/profile_integration.go:48.67,50.16 2 1
github.com/scttfrdmn/cloudworkstation/pkg/state/profile_integration.go:50.16,52.3 1 0
github.com/scttfrdmn/cloudworkstation/pkg/state/profile_integration.go:54.2,54.48 1 1
github.com/scttfrdmn/cloudworkstation/pkg/state/profile_integration.go:58.56,60.2 1 1
github.com/scttfrdmn/cloudworkstation/pkg/state/unified.go:28.51,30.16 2 2
github.com/scttfrdmn/cloudworkstation/pkg/state/unified.go:30.16,32.3 1 0
github.com/scttfrdmn/cloudworkstation/pkg/state/unified.go:34.2,37.8 1 2
github.com/scttfrdmn/cloudworkstation/pkg/state/unified.go:41.87,43.16 2 2
github.com/scttfrdmn/cloudworkstation/pkg/state/unified.go:43.16,45.3 1 0
github.com/scttfrdmn/cloudworkstation/pkg/state/unified.go:47.2,50.8 1 2
github.com/scttfrdmn/cloudworkstation/pkg/state/unified.go:54.63,55.31 1 1
github.com/scttfrdmn/cloudworkstation/pkg/state/unified.go:55.31,57.3 1 0
github.com/scttfrdmn/cloudworkstation/pkg/state/unified.go:59.2,59.47 1 1
github.com/scttfrdmn/cloudworkstation/pkg/state/unified.go:63.71,65.31 1 6
github.com/scttfrdmn/cloudworkstation/pkg/state/unified.go:65.31,67.3 1 3
github.com/scttfrdmn/cloudworkstation/pkg/state/unified.go:71.2,71.31 1 3
github.com/scttfrdmn/cloudworkstation/pkg/state/unified.go:75.73,77.31 1 1
github.com/scttfrdmn/cloudworkstation/pkg/state/unified.go:77.31,79.3 1 0
github.com/scttfrdmn/cloudworkstation/pkg/state/unified.go:83.2,83.36 1 1
github.com/scttfrdmn/cloudworkstation/pkg/state/unified.go:89.61,91.2 1 4
github.com/scttfrdmn/cloudworkstation/pkg/state/unified.go:94.63,96.2 1 0
github.com/scttfrdmn/cloudworkstation/pkg/state/unified.go:108.70,110.2 1 3
github.com/scttfrdmn/cloudworkstation/pkg/state/unified.go:113.71,114.23 1 3
github.com/scttfrdmn/cloudworkstation/pkg/state/unified.go:114.23,116.3 1 1
github.com/scttfrdmn/cloudworkstation/pkg/state/unified.go:117.2,117.25 1 2
github.com/scttfrdmn/cloudworkstation/pkg/state/unified.go:124.51,126.2 1 1
github.com/scttfrdmn/cloudworkstation/pkg/state/unified.go:129.80,131.2 1 0
github.com/scttfrdmn/cloudworkstation/pkg/state/user_storage.go:35.55,40.55 3 40
github.com/scttfrdmn/cloudworkstation/pkg/state/user_storage.go:40.55,50.3 1 3
github.com/scttfrdmn/cloudworkstation/pkg/state/user_storage.go:52.2,53.16 2 37
github.com/scttfrdmn/cloudworkstation/pkg/state/user_storage.go:53.16,55.3 1 0
github.com/scttfrdmn/cloudworkstation/pkg/state/user_storage.go:57.2,58.53 2 37
github.com/scttfrdmn/cloudworkstation/pkg/state/user_storage.go:58.53,60.3 1 0
github.com/scttfrdmn/cloudworkstation/pkg/state/user_storage.go:63.2,63.24 1 37
github.com/scttfrdmn/cloudworkstation/pkg/state/user_storage.go:63.24,65.3 1 0
github.com/scttfrdmn/cloudworkstation/pkg/state/user_storage.go:66.2,66.25 1 37
github.com/scttfrdmn/cloudworkstation/pkg/state/user_storage.go:66.25,68.3 1 0
github.com/scttfrdmn/cloudworkstation/pkg/state/user_storage.go:69.2,69.29 1 37
github.com/scttfrdmn/cloudworkstation/pkg/state/user_storage.go:69.29,71.3 1 0
github.com/scttfrdmn/cloudworkstation/pkg/state/user_storage.go:72.2,72.34 1 37
github.com/scttfrdmn/cloudworkstation/pkg/state/user_storage.go:72.34,74.3 1 0
github.com/scttfrdmn/cloudworkstation/pkg/state/user_storage.go:75.2,75.31 1 37
github.com/scttfrdmn/cloudworkstation/pkg/state/user_storage.go:75.31,77.3 1 0
github.com/scttfrdmn/cloudworkstation/pkg/state/user_storage.go:78.2,78.31 1 37
github.com/scttfrdmn/cloudworkstation/pkg/state/user_storage.go:78.31,80.3 1 0
github.com/scttfrdmn/cloudworkstation/pkg/state/user_storage.go:82.2,82.20 1 37
github.com/scttfrdmn/cloudworkstation/pkg/state/user_storage.go:86.57,91.16 4 13
github.com/scttfrdmn/cloudworkstation/pkg/state/user_storage.go:91.16,93.3 1 0
github.com/scttfrdmn/cloudworkstation/pkg/state/user_storage.go:96.2,97.59 2 13
github.com/scttfrdmn/cloudworkstation/pkg/state/user_storage.go:97.59,99.3 1 0
github.com/scttfrdmn/cloudworkstation/pkg/state/user_storage.go:101.2,101.56 1 13
github.com/scttfrdmn/cloudworkstation/pkg/state/user_storage.go:101.56,103.3 1 0
github.com/scttfrdmn/cloudworkstation/pkg/state/user_storage.go:105.2,105.12 1 13
github.com/scttfrdmn/cloudworkstation/pkg/state/user_storage.go:111.83,113.16 2 4
github.com/scttfrdmn/cloudworkstation/pkg/state/user_storage.go:113.16,115.3 1 0
github.com/scttfrdmn/cloudworkstation/pkg/state/user_storage.go:117.2,118.13 2 4
github.com/scttfrdmn/cloudworkstation/pkg/state/user_storage.go:118.13,120.3 1 1
github.com/scttfrdmn/cloudworkstation/pkg/state/user_storage.go:122.2,122.28 1 3
github.com/scttfrdmn/cloudworkstation/pkg/state/user_storage.go:126.99,128.16 2 1
github.com/scttfrdmn/cloudworkstation/pkg/state/user_storage.go:128.16,130.3 1 0
github.com/scttfrdmn/cloudworkstation/pkg/state/user_storage.go:132.2,133.13 2 1
github.com/scttfrdmn/cloudworkstation/pkg/state/user_storage.go:133.13,135.3 1 0
github.com/scttfrdmn/cloudworkstation/pkg/state/user_storage.go:137.2,137.31 1 1
github.com/scttfrdmn/cloudworkstation/pkg/state/user_storage.go:141.93,143.16 2 1
github.com/scttfrdmn/cloudworkstation/pkg/state/user_storage.go:143.16,145.3 1 0
github.com/scttfrdmn/cloudworkstation/pkg/state/user_storage.go:147.2,148.13 2 1
github.com/scttfrdmn/cloudworkstation/pkg/state/user_storage.go:148.13,150.3 1 0
github.com/scttfrdmn/cloudworkstation/pkg/state/user_storage.go:152.2,152.31 1 1
github.com/scttfrdmn/cloudworkstation/pkg/state/user_storage.go:156.152,158.16 2 10
github.com/scttfrdmn/cloudworkstation/pkg/state/user_storage.go:158.16,160.3 1 0
github.com/scttfrdmn/cloudworkstation/pkg/state/user_storage.go:162.2,165.35 2 10
github.com/scttfrdmn/cloudworkstation/pkg/state/user_storage.go:165.35,166.48 1 28
github.com/scttfrdmn/cloudworkstation/pkg/state/user_storage.go:166.48,167.12 1 13
github.com/scttfrdmn/cloudworkstation/pkg/state/user_storage.go:170.3,170.56 1 15
github.com/scttfrdmn/cloudworkstation/pkg/state/user_storage.go:174.2,181.23 2 10
[...]
github.com/scttfrdmn/cloudworkstation/pkg/profile/security/registry.go:193.2,197.67 2 0
github.com/scttfrdmn/cloudworkstation/pkg/profile/security/registry.go:197.67,199.3 1 0
github.com/scttfrdmn/cloudworkstation/pkg/profile/security/registry.go:201.2,201.28 1 0
github.com/scttfrdmn/cloudworkstation/pkg/profile/security/registry.go:205.79,207.17 1 1
github.com/scttfrdmn/cloudworkstation/pkg/profile/security/registry.go:207.17,209.3 1 1
github.com/scttfrdmn/cloudworkstation/pkg/profile/security/registry.go:212.2,213.18 2 0
github.com/scttfrdmn/cloudworkstation/pkg/profile/security/registry.go:213.18,216.3 1 0
github.com/scttfrdmn/cloudworkstation/pkg/profile/security/registry.go:219.2,221.16 3 0
github.com/scttfrdmn/cloudworkstation/pkg/profile/security/registry.go:221.16,223.3 1 0
github.com/scttfrdmn/cloudworkstation/pkg/profile/security/registry.go:225.2,226.16 2 0
github.com/scttfrdmn/cloudworkstation/pkg/profile/security/registry.go:226.16,230.3 2 0
github.com/scttfrdmn/cloudworkstation/pkg/profile/security/registry.go:231.2,233.38 2 0
github.com/scttfrdmn/cloudworkstation/pkg/profile/security/registry.go:233.38,237.3 2 0
github.com/scttfrdmn/cloudworkstation/pkg/profile/security/registry.go:239.2,239.12 1 0
github.com/scttfrdmn/cloudworkstation/pkg/profile/security/registry.go:243.73,245.17 1 1
github.com/scttfrdmn/cloudworkstation/pkg/profile/security/registry.go:245.17,247.3 1 1
github.com/scttfrdmn/cloudworkstation/pkg/profile/security/registry.go:250.2,251.18 2 0
github.com/scttfrdmn/cloudworkstation/pkg/profile/security/registry.go:251.18,254.3 1 0
github.com/scttfrdmn/cloudworkstation/pkg/profile/security/registry.go:257.2,259.16 3 0
github.com/scttfrdmn/cloudworkstation/pkg/profile/security/registry.go:259.16,261.3 1 0
github.com/scttfrdmn/cloudworkstation/pkg/profile/security/registry.go:263.2,264.16 2 0
github.com/scttfrdmn/cloudworkstation/pkg/profile/security/registry.go:264.16,268.3 2 0
github.com/scttfrdmn/cloudworkstation/pkg/profile/security/registry.go:269.2,271.38 2 0
github.com/scttfrdmn/cloudworkstation/pkg/profile/security/registry.go:271.38,275.3 2 0
github.com/scttfrdmn/cloudworkstation/pkg/profile/security/registry.go:277.2,277.12 1 0
github.com/scttfrdmn/cloudworkstation/pkg/profile/security/registry.go:282.106,285.57 2 2
github.com/scttfrdmn/cloudworkstation/pkg/profile/security/registry.go:285.57,287.3 1 0
github.com/scttfrdmn/cloudworkstation/pkg/profile/security/registry.go:290.2,291.16 2 2
github.com/scttfrdmn/cloudworkstation/pkg/profile/security/registry.go:291.16,293.3 1 0
github.com/scttfrdmn/cloudworkstation/pkg/profile/security/registry.go:296.2,297.65 2 2
github.com/scttfrdmn/cloudworkstation/pkg/profile/security/registry.go:297.65,299.3 1 0
github.com/scttfrdmn/cloudworkstation/pkg/profile/security/registry.go:301.2,301.12 1 2
github.com/scttfrdmn/cloudworkstation/pkg/profile/security/registry.go:304.97,308.2 3 3
github.com/scttfrdmn/cloudworkstation/pkg/profile/security/registry.go:310.90,313.39 3 1
github.com/scttfrdmn/cloudworkstation/pkg/profile/security/registry.go:313.39,315.3 1 0
github.com/scttfrdmn/cloudworkstation/pkg/profile/security/registry.go:316.2,316.12 1 1
github.com/scttfrdmn/cloudworkstation/pkg/profile/security/registry.go:319.84,322.39 3 1
github.com/scttfrdmn/cloudworkstation/pkg/profile/security/registry.go:322.39,324.3 1 0
github.com/scttfrdmn/cloudworkstation/pkg/profile/security/registry.go:325.2,325.12 1 1
github.com/scttfrdmn/cloudworkstation/pkg/profile/security/registry.go:328.100,332.58 2 1
github.com/scttfrdmn/cloudworkstation/pkg/profile/security/registry.go:332.58,334.3 1 0
github.com/scttfrdmn/cloudworkstation/pkg/profile/security/registry.go:337.2,338.16 2 1
github.com/scttfrdmn/cloudworkstation/pkg/profile/security/registry.go:338.16,340.3 1 0
github.com/scttfrdmn/cloudworkstation/pkg/profile/security/registry.go:343.2,345.29 2 1
github.com/scttfrdmn/cloudworkstation/pkg/profile/security/registry.go:345.29,346.43 1 1
github.com/scttfrdmn/cloudworkstation/pkg/profile/security/registry.go:346.43,347.12 1 0
github.com/scttfrdmn/cloudworkstation/pkg/profile/security/registry.go:351.3,352.17 2 1
github.com/scttfrdmn/cloudworkstation/pkg/profile/security/registry.go:352.17,353.12 1 0
github.com/scttfrdmn/cloudworkstation/pkg/profile/security/registry.go:357.3,358.55 2 1
github.com/scttfrdmn/cloudworkstation/pkg/profile/security/registry.go:358.55,359.12 1 0
github.com/scttfrdmn/cloudworkstation/pkg/profile/security/registry.go:362.3,362.36 1 1
github.com/scttfrdmn/cloudworkstation/pkg/profile/security/registry.go:365.2,365.21 1 1
github.com/scttfrdmn/cloudworkstation/pkg/profile/security/registry.go:369.36,371.16 2 3
github.com/scttfrdmn/cloudworkstation/pkg/profile/security/registry.go:371.16,373.3 1 0
github.com/scttfrdmn/cloudworkstation/pkg/profile/security/registry.go:374.2,374.17 1 3
github.com/scttfrdmn/cloudworkstation/pkg/profile/security/registry.go:378.27,380.16 2 3
github.com/scttfrdmn/cloudworkstation/pkg/profile/security/registry.go:380.16,382.3 1 0
github.com/scttfrdmn/cloudworkstation/pkg/profile/security/registry.go:383.2,383.29 1 3
github.com/scttfrdmn/cloudworkstation/pkg/profile/security/registry_secure.go:49.86,51.29 1 4
github.com/scttfrdmn/cloudworkstation/pkg/profile/security/registry_secure.go:51.29,53.17 2 4
github.com/scttfrdmn/cloudworkstation/pkg/profile/security/registry_secure.go:53.17,55.4 1 0
github.com/scttfrdmn/cloudworkstation/pkg/profile/security/registry_secure.go:57.3,57.84 1 4
github.com/scttfrdmn/cloudworkstation/pkg/profile/security/registry_secure.go:60.2,60.61 1 4
github.com/scttfrdmn/cloudworkstation/pkg/profile/security/registry_secure.go:60.61,62.3 1 0
github.com/scttfrdmn/cloudworkstation/pkg/profile/security/registry_secure.go:65.2,66.16 2 4
github.com/scttfrdmn/cloudworkstation/pkg/profile/security/registry_secure.go:66.16,68.3 1 0
github.com/scttfrdmn/cloudworkstation/pkg/profile/security/registry_secure.go:71.2,72.16 2 4
github.com/scttfrdmn/cloudworkstation/pkg/profile/security/registry_secure.go:72.16,74.3 1 0
github.com/scttfrdmn/cloudworkstation/pkg/profile/security/registry_secure.go:77.2,78.16 2 4
github.com/scttfrdmn/cloudworkstation/pkg/profile/security/registry_secure.go:78.16,80.3 1 0
github.com/scttfrdmn/cloudworkstation/pkg/profile/security/registry_secure.go:83.2,84.16 2 4
github.com/scttfrdmn/cloudworkstation/pkg/profile/security/registry_secure.go:84.16,86.3 1 0
github.com/scttfrdmn/cloudworkstation/pkg/profile/security/registry_secure.go:89.2,109.20 3 4
github.com/scttfrdmn/cloudworkstation/pkg/profile/security/registry_secure.go:113.49,116.16 2 5
github.com/scttfrdmn/cloudworkstation/pkg/profile/security/registry_secure.go:116.16,118.3 1 0
github.com/scttfrdmn/cloudworkstation/pkg/profile/security/registry_secure.go:120.2,122.8 1 5
github.com/scttfrdmn/cloudworkstation/pkg/profile/security/registry_secure.go:126.73,130.2 1 5
github.com/scttfrdmn/cloudworkstation/pkg/profile/security/registry_secure.go:133.57,145.2 2 5
github.com/scttfrdmn/cloudworkstation/pkg/profile/security/registry_secure.go:148.87,160.17 2 2
github.com/scttfrdmn/cloudworkstation/pkg/profile/security/registry_secure.go:160.17,170.3 3 1
github.com/scttfrdmn/cloudworkstation/pkg/profile/security/registry_secure.go:173.2,181.16 3 1
github.com/scttfrdmn/cloudworkstation/pkg/profile/security/registry_secure.go:181.16,186.3 4 0
github.com/scttfrdmn/cloudworkstation/pkg/profile/security/registry_secure.go:189.2,190.18 2 1
github.com/scttfrdmn/cloudworkstation/pkg/profile/security/registry_secure.go:190.18,196.3 4 1
github.com/scttfrdmn/cloudworkstation/pkg/profile/security/registry_secure.go:198.2,199.16 2 0
github.com/scttfrdmn/cloudworkstation/pkg/profile/security/registry_secure.go:199.16,206.3 5 0
github.com/scttfrdmn/cloudworkstation/pkg/profile/security/registry_secure.go:207.2,210.59 2 0
github.com/scttfrdmn/cloudworkstation/pkg/profile/security/registry_secure.go:210.59,215.3 4 0
github.com/scttfrdmn/cloudworkstation/pkg/profile/security/registry_secure.go:217.2,219.12 3 0
github.com/scttfrdmn/cloudworkstation/pkg/profile/security/registry_secure.go:223.82,226.16 2 3
github.com/scttfrdmn/cloudworkstation/pkg/profile/security/registry_secure.go:226.16,228.3 1 0
github.com/scttfrdmn/cloudworkstation/pkg/profile/security/registry_secure.go:231.2,245.8 6 3
github.com/scttfrdmn/cloudworkstation/pkg/profile/security/registry_secure.go:249.73,252.21 2 2
github.com/scttfrdmn/cloudworkstation/pkg/profile/security/registry_secure.go:252.21,254.3 1 1
github.com/scttfrdmn/cloudworkstation/pkg/profile/security/registry_secure.go:257.2,258.24 2 1
github.com/scttfrdmn/cloudworkstation/pkg/profile/security/registry_secure.go:258.24,260.3 1 0
github.com/scttfrdmn/cloudworkstation/pkg/profile/security/registry_secure.go:263.2,264.16 2 1
github.com/scttfrdmn/cloudworkstation/pkg/profile/security/registry_secure.go:264.16,266.3 1 0
github.com/scttfrdmn/cloudworkstation/pkg/profile/security/registry_secure.go:268.2,268.43 1 1
github.com/scttfrdmn/cloudworkstation/pkg/profile/security/registry_secure.go:268.43,270.3 1 0
github.com/scttfrdmn/cloudworkstation/pkg/profile/security/registry_secure.go:273.2,274.51 2 1
github.com/scttfrdmn/cloudworkstation/pkg/profile/security/registry_secure.go:274.51,276.3 1 0
github.com/scttfrdmn/cloudworkstation/pkg/profile/security/registry_secure.go:279.2,284.63 5 1
github.com/scttfrdmn/cloudworkstation/pkg/profile/security/registry_secure.go:284.63,286.3 1 1
github.com/scttfrdmn/cloudworkstation/pkg/profile/security/registry_secure.go:288.2,288.12 1 0
github.com/scttfrdmn/cloudworkstation/pkg/profile/security/registry_secure.go:292.114,293.24 1 3
github.com/scttfrdmn/cloudworkstation/pkg/profile/security/registry_secure.go:293.24,295.3 1 1
github.com/scttfrdmn/cloudworkstation/pkg/profile/security/registry_secure.go:298.2,299.16 2 2
github.com/scttfrdmn/cloudworkstation/pkg/profile/security/registry_secure.go:299.16,301.3 1 0
github.com/scttfrdmn/cloudworkstation/pkg/profile/security/registry_secure.go:304.2,308.46 3 2
github.com/scttfrdmn/cloudworkstation/pkg/profile/security/registry_secure.go:308.46,309.48 1 5
github.com/scttfrdmn/cloudworkstation/pkg/profile/security/registry_secure.go:309.48,311.4 1 1
github.com/scttfrdmn/cloudworkstation/pkg/profile/security/registry_secure.go:315.2,315.65 1 1
github.com/scttfrdmn/cloudworkstation/pkg/profile/security/registry_secure.go:319.103,322.16 2 0
github.com/scttfrdmn/cloudworkstation/pkg/profile/security/registry_secure.go:322.16,324.3 1 0
github.com/scttfrdmn/cloudworkstation/pkg/profile/security/registry_secure.go:326.2,327.16 2 0
github.com/scttfrdmn/cloudworkstation/pkg/profile/security/registry_secure.go:327.16,329.3 1 0
github.com/scttfrdmn/cloudworkstation/pkg/profile/security/registry_secure.go:332.2,338.16 5 0
github.com/scttfrdmn/cloudworkstation/pkg/profile/security/registry_secure.go:338.16,340.3 1 0
github.com/scttfrdmn/cloudworkstation/pkg/profile/security/registry_secure.go:342.2,342.18 1 0
github.com/scttfrdmn/cloudworkstation/pkg/profile/security/registry_secure.go:361.46,364.16 2 5
github.com/scttfrdmn/cloudworkstation/pkg/profile/security/registry_secure.go:364.16,366.3 1 0
github.com/scttfrdmn/cloudworkstation/pkg/profile/security/registry_secure.go:368.2,372.16 3 5
github.com/scttfrdmn/cloudworkstation/pkg/profile/security/registry_secure.go:372.16,374.3 1 5
github.com/scttfrdmn/cloudworkstation/pkg/profile/security/registry_secure.go:377.2,378.42 2 0
github.com/scttfrdmn/cloudworkstation/pkg/profile/security/registry_secure.go:378.42,380.3 1 0
github.com/scttfrdmn/cloudworkstation/pkg/profile/security/registry_secure.go:383.2,383.53 1 0
github.com/scttfrdmn/cloudworkstation/pkg/profile/security/registry_secure.go:383.53,385.3 1 0
github.com/scttfrdmn/cloudworkstation/pkg/profile/security/registry_secure.go:387.2,387.17 1 0
github.com/scttfrdmn/cloudworkstation/pkg/profile/security/registry_secure.go:391.63,393.16 2 1
github.com/scttfrdmn/cloudworkstation/pkg/profile/security/registry_secure.go:393.16,395.3 1 0
github.com/scttfrdmn/cloudworkstation/pkg/profile/security/registry_secure.go:397.2,406.3 1 1
github.com/scttfrdmn/cloudworkstation/pkg/profile/security/registry_secure.go:410.33,414.2 3 2
github.com/scttfrdmn/cloudworkstation/pkg/profile/security/registry_secure.go:417.37,418.21 1 9
github.com/scttfrdmn/cloudworkstation/pkg/profile/security/registry_secure.go:418.21,420.3 1 3
github.com/scttfrdmn/cloudworkstation/pkg/profile/security/registry_secure.go:421.2,421.49 1 6
github.com/scttfrdmn/cloudworkstation/pkg/profile/security/registry_secure.go:425.112,428.57 2 2
github.com/scttfrdmn/cloudworkstation/pkg/profile/security/registry_secure.go:428.57,430.3 1 0
github.com/scttfrdmn/cloudworkstation/pkg/profile/security/registry_secure.go:433.2,434.16 2 2
github.com/scttfrdmn/cloudworkstation/pkg/profile/security/registry_secure.go:434.16,436.3 1 0
github.com/scttfrdmn/cloudworkstation/pkg/profile/security/registry_secure.go:439.2,440.65 2 2
github.com/scttfrdmn/cloudworkstation/pkg/profile/security/registry_secure.go:440.65,442.3 1 0
github.com/scttfrdmn/cloudworkstation/pkg/profile/security/registry_secure.go:444.2,444.12 1 2
github.com/scttfrdmn/cloudworkstation/pkg/profile/security/tamper.go:33.46,38.2 1 4
github.com/scttfrdmn/cloudworkstation/pkg/profile/security/tamper.go:41.63,47.16 4 3
github.com/scttfrdmn/cloudworkstation/pkg/profile/security/tamper.go:47.16,49.3 1 0
github.com/scttfrdmn/cloudworkstation/pkg/profile/security/tamper.go:52.2,53.16 2 3
github.com/scttfrdmn/cloudworkstation/pkg/profile/security/tamper.go:53.16,55.3 1 0
github.com/scttfrdmn/cloudworkstation/pkg/profile/security/tamper.go:58.2,62.48 3 3
github.com/scttfrdmn/cloudworkstation/pkg/profile/security/tamper.go:62.48,65.3 1 0
github.com/scttfrdmn/cloudworkstation/pkg/profile/security/tamper.go:67.2,67.12 1 3
github.com/scttfrdmn/cloudworkstation/pkg/profile/security/tamper.go:71.69,77.16 4 3
github.com/scttfrdmn/cloudworkstation/pkg/profile/security/tamper.go:77.16,79.3 1 0
github.com/scttfrdmn/cloudworkstation/pkg/profile/security/tamper.go:82.2,83.13 2 3
github.com/scttfrdmn/cloudworkstation/pkg/profile/security/tamper.go:83.13,85.3 1 0
github.com/scttfrdmn/cloudworkstation/pkg/profile/security/tamper.go:88.2,89.16 2 3
github.com/scttfrdmn/cloudworkstation/pkg/profile/security/tamper.go:89.16,95.3 1 0
github.com/scttfrdmn/cloudworkstation/pkg/profile/security/tamper.go:98.2,98.59 1 3
github.com/scttfrdmn/cloudworkstation/pkg/profile/security/tamper.go:98.59,106.3 1 1
github.com/scttfrdmn/cloudworkstation/pkg/profile/security/tamper.go:109.2,109.51 1 2
github.com/scttfrdmn/cloudworkstation/pkg/profile/security/tamper.go:109.51,115.3 1 0
github.com/scttfrdmn/cloudworkstation/pkg/profile/security/tamper.go:118.2,120.12 2 2
github.com/scttfrdmn/cloudworkstation/pkg/profile/security/tamper.go:124.55,127.31 3 1
github.com/scttfrdmn/cloudworkstation/pkg/profile/security/tamper.go:127.31,129.3 1 0
github.com/scttfrdmn/cloudworkstation/pkg/profile/security/tamper.go:130.2,133.33 3 1
github.com/scttfrdmn/cloudworkstation/pkg/profile/security/tamper.go:133.33,134.51 1 0
github.com/scttfrdmn/cloudworkstation/pkg/profile/security/tamper.go:134.51,136.4 1 0
github.com/scttfrdmn/cloudworkstation/pkg/profile/security/tamper.go:139.2,139.15 1 1
github.com/scttfrdmn/cloudworkstation/pkg/profile/security/tamper.go:143.68,149.16 4 0
github.com/scttfrdmn/cloudworkstation/pkg/profile/security/tamper.go:149.16,151.3 1 0
github.com/scttfrdmn/cloudworkstation/pkg/profile/security/tamper.go:154.2,157.12 3 0
github.com/scttfrdmn/cloudworkstation/pkg/profile/security/tamper.go:161.64,166.38 4 1
github.com/scttfrdmn/cloudworkstation/pkg/profile/security/tamper.go:166.38,170.3 2 0
github.com/scttfrdmn/cloudworkstation/pkg/profile/security/tamper.go:172.2,172.14 1 1
github.com/scttfrdmn/cloudworkstation/pkg/profile/security/tamper.go:176.68,182.16 4 0
github.com/scttfrdmn/cloudworkstation/pkg/profile/security/tamper.go:182.16,184.3 1 0
github.com/scttfrdmn/cloudworkstation/pkg/profile/security/tamper.go:187.2,187.47 1 0
github.com/scttfrdmn/cloudworkstation/pkg/profile/security/tamper.go:187.47,189.3 1 0
github.com/scttfrdmn/cloudworkstation/pkg/profile/security/tamper.go:192.2,193.16 2 0
github.com/scttfrdmn/cloudworkstation/pkg/profile/security/tamper.go:193.16,195.3 1 0
github.com/scttfrdmn/cloudworkstation/pkg/profile/security/tamper.go:198.2,201.12 3 0
github.com/scttfrdmn/cloudworkstation/pkg/profile/security/tamper.go:205.90,208.16 2 6
github.com/scttfrdmn/cloudworkstation/pkg/profile/security/tamper.go:208.16,210.3 1 0
github.com/scttfrdmn/cloudworkstation/pkg/profile/security/tamper.go:213.2,214.16 2 6
github.com/scttfrdmn/cloudworkstation/pkg/profile/security/tamper.go:214.16,216.3 1 0
github.com/scttfrdmn/cloudworkstation/pkg/profile/security/tamper.go:217.2,221.49 3 6
github.com/scttfrdmn/cloudworkstation/pkg/profile/security/tamper.go:221.49,223.3 1 0
github.com/scttfrdmn/cloudworkstation/pkg/profile/security/tamper.go:225.2,235.8 2 6
github.com/scttfrdmn/cloudworkstation/pkg/profile/security/tamper.go:247.47,248.56 1 0
github.com/scttfrdmn/cloudworkstation/pkg/profile/security/tamper.go:248.56,251.3 1 0
github.com/scttfrdmn/cloudworkstation/pkg/profile/security/tamper.go:252.2,252.93 1 0
github.com/scttfrdmn/cloudworkstation/pkg/profile/security/tamper.go:255.47,257.2 1 0
github.com/scttfrdmn/cloudworkstation/pkg/profile/security/tamper.go:266.56,271.16 3 1
github.com/scttfrdmn/cloudworkstation/pkg/profile/security/tamper.go:271.16,273.3 1 0
github.com/scttfrdmn/cloudworkstation/pkg/profile/security/tamper.go:275.2,278.86 2 1
github.com/scttfrdmn/cloudworkstation/pkg/profile/security/tamper.go:278.86,279.17 1 1
github.com/scttfrdmn/cloudworkstation/pkg/profile/security/tamper.go:279.17,281.4 1 1
github.com/scttfrdmn/cloudworkstation/pkg/profile/security/tamper.go:284.3,284.35 1 0
github.com/scttfrdmn/cloudworkstation/pkg/profile/security/tamper.go:284.35,285.55 1 0
github.com/scttfrdmn/cloudworkstation/pkg/profile/security/tamper.go:285.55,287.5 1 0
github.com/scttfrdmn/cloudworkstation/pkg/profile/security/tamper.go:290.3,290.13 1 0
github.com/scttfrdmn/cloudworkstation/pkg/profile/security/tamper.go:293.2,293.16 1 1
github.com/scttfrdmn/cloudworkstation/pkg/profile/security/tamper.go:293.16,295.3 1 0
github.com/scttfrdmn/cloudworkstation/pkg/profile/security/tamper.go:298.2,299.49 2 1
github.com/scttfrdmn/cloudworkstation/pkg/profile/security/tamper.go:299.49,300.62 1 0
github.com/scttfrdmn/cloudworkstation/pkg/profile/security/tamper.go:300.62,302.4 1 0
github.com/scttfrdmn/cloudworkstation/pkg/profile/security/tamper.go:305.2,305.24 1 1
github.com/scttfrdmn/cloudworkstation/pkg/profile/security/tamper.go:309.38,311.16 2 0
github.com/scttfrdmn/cloudworkstation/pkg/profile/security/tamper.go:311.16,313.3 1 0
github.com/scttfrdmn/cloudworkstation/pkg/profile/security/tamper.go:315.2,316.21 2 0
github.com/scttfrdmn/cloudworkstation/pkg/profile/security/tamper.go:316.21,319.3 1 0
github.com/scttfrdmn/cloudworkstation/pkg/profile/security/tamper.go:321.2,321.12 1 0
github.com/scttfrdmn/cloudworkstation/pkg/profile/security/tamper.go:325.60,328.16 2 0
github.com/scttfrdmn/cloudworkstation/pkg/profile/security/tamper.go:328.16,330.3 1 0
github.com/scttfrdmn/cloudworkstation/pkg/profile/security/tamper.go:333.2,333.50 1 0
github.com/scttfrdmn/cloudworkstation/pkg/profile/security/tamper.go:333.50,336.3 1 0
github.com/scttfrdmn/cloudworkstation/pkg/profile/security/tamper.go:338.2,338.24 1 0
github.com/scttfrdmn/cloudworkstation/pkg/profile/security/tamper.go:342.59,343.23 1 0
github.com/scttfrdmn/cloudworkstation/pkg/profile/security/tamper.go:343.23,345.3 1 0
github.com/scttfrdmn/cloudworkstation/pkg/profile/security/tamper.go:347.2,348.21 2 0
github.com/scttfrdmn/cloudworkstation/pkg/profile/security/tamper.go:348.21,350.30 2 0
github.com/scttfrdmn/cloudworkstation/pkg/profile/security/tamper.go:350.30,352.4 1 0
