mode: atomic
github.com/scttfrdmn/cloudworkstation/pkg/profile/core/compatibility.go:14.63,16.16 2 0
github.com/scttfrdmn/cloudworkstation/pkg/profile/core/compatibility.go:16.16,18.3 1 0
github.com/scttfrdmn/cloudworkstation/pkg/profile/core/compatibility.go:20.2,22.8 1 0
github.com/scttfrdmn/cloudworkstation/pkg/profile/core/compatibility.go:55.88,79.2 2 0
github.com/scttfrdmn/cloudworkstation/pkg/profile/core/compatibility.go:82.96,93.2 2 0
github.com/scttfrdmn/cloudworkstation/pkg/profile/core/compatibility.go:99.73,103.39 3 0
github.com/scttfrdmn/cloudworkstation/pkg/profile/core/compatibility.go:103.39,105.3 1 0
github.com/scttfrdmn/cloudworkstation/pkg/profile/core/compatibility.go:107.2,107.28 1 0
github.com/scttfrdmn/cloudworkstation/pkg/profile/core/compatibility.go:111.77,113.16 2 0
github.com/scttfrdmn/cloudworkstation/pkg/profile/core/compatibility.go:113.16,115.21 1 0
github.com/scttfrdmn/cloudworkstation/pkg/profile/core/compatibility.go:116.31,117.52 1 0
github.com/scttfrdmn/cloudworkstation/pkg/profile/core/compatibility.go:118.11,119.19 1 0
github.com/scttfrdmn/cloudworkstation/pkg/profile/core/compatibility.go:123.2,124.28 2 0
github.com/scttfrdmn/cloudworkstation/pkg/profile/core/compatibility.go:128.81,130.16 2 0
github.com/scttfrdmn/cloudworkstation/pkg/profile/core/compatibility.go:130.16,132.21 1 0
github.com/scttfrdmn/cloudworkstation/pkg/profile/core/compatibility.go:133.30,134.57 1 0
github.com/scttfrdmn/cloudworkstation/pkg/profile/core/compatibility.go:135.11,136.19 1 0
github.com/scttfrdmn/cloudworkstation/pkg/profile/core/compatibility.go:140.2,141.28 2 0
github.com/scttfrdmn/cloudworkstation/pkg/profile/core/compatibility.go:145.70,147.2 1 0
github.com/scttfrdmn/cloudworkstation/pkg/profile/core/compatibility.go:150.82,153.2 2 0
github.com/scttfrdmn/cloudworkstation/pkg/profile/core/compatibility.go:156.66,158.2 1 0
github.com/scttfrdmn/cloudworkstation/pkg/profile/core/compatibility.go:163.84,168.43 4 0
github.com/scttfrdmn/cloudworkstation/pkg/profile/core/compatibility.go:168.43,171.3 2 0
github.com/scttfrdmn/cloudworkstation/pkg/profile/core/compatibility.go:173.2,177.8 1 0
github.com/scttfrdmn/cloudworkstation/pkg/profile/core/compatibility.go:181.84,185.2 1 0
github.com/scttfrdmn/cloudworkstation/pkg/profile/core/compatibility.go:188.59,190.2 1 0
github.com/scttfrdmn/cloudworkstation/pkg/profile/core/compatibility.go:195.95,197.2 1 0
github.com/scttfrdmn/cloudworkstation/pkg/profile/core/compatibility.go:200.84,203.2 2 0
github.com/scttfrdmn/cloudworkstation/pkg/profile/core/manager.go:22.37,24.16 2 8
github.com/scttfrdmn/cloudworkstation/pkg/profile/core/manager.go:24.16,26.3 1 0
github.com/scttfrdmn/cloudworkstation/pkg/profile/core/manager.go:29.2,30.50 2 8
github.com/scttfrdmn/cloudworkstation/pkg/profile/core/manager.go:30.50,32.3 1 0
github.com/scttfrdmn/cloudworkstation/pkg/profile/core/manager.go:34.2,47.39 3 8
github.com/scttfrdmn/cloudworkstation/pkg/profile/core/manager.go:47.39,49.26 1 7
github.com/scttfrdmn/cloudworkstation/pkg/profile/core/manager.go:49.26,51.4 1 0
github.com/scttfrdmn/cloudworkstation/pkg/profile/core/manager.go:54.2,54.21 1 8
github.com/scttfrdmn/cloudworkstation/pkg/profile/core/manager.go:58.37,63.44 4 1
github.com/scttfrdmn/cloudworkstation/pkg/profile/core/manager.go:63.44,65.3 1 1
github.com/scttfrdmn/cloudworkstation/pkg/profile/core/manager.go:67.2,67.17 1 1
github.com/scttfrdmn/cloudworkstation/pkg/profile/core/manager.go:71.54,76.13 4 6
github.com/scttfrdmn/cloudworkstation/pkg/profile/core/manager.go:76.13,78.3 1 1
github.com/scttfrdmn/cloudworkstation/pkg/profile/core/manager.go:80.2,80.21 1 5
github.com/scttfrdmn/cloudworkstation/pkg/profile/core/manager.go:84.60,86.51 1 10
github.com/scttfrdmn/cloudworkstation/pkg/profile/core/manager.go:86.51,88.3 1 5
github.com/scttfrdmn/cloudworkstation/pkg/profile/core/manager.go:90.2,97.51 4 5
github.com/scttfrdmn/cloudworkstation/pkg/profile/core/manager.go:97.51,99.3 1 5
github.com/scttfrdmn/cloudworkstation/pkg/profile/core/manager.go:102.2,106.21 3 5
github.com/scttfrdmn/cloudworkstation/pkg/profile/core/manager.go:106.21,108.39 1 3
github.com/scttfrdmn/cloudworkstation/pkg/profile/core/manager.go:108.39,110.4 1 1
github.com/scttfrdmn/cloudworkstation/pkg/profile/core/manager.go:112.3,112.26 1 3
github.com/scttfrdmn/cloudworkstation/pkg/profile/core/manager.go:116.2,120.17 3 5
github.com/scttfrdmn/cloudworkstation/pkg/profile/core/manager.go:124.45,130.13 4 1
github.com/scttfrdmn/cloudworkstation/pkg/profile/core/manager.go:130.13,132.3 1 0
github.com/scttfrdmn/cloudworkstation/pkg/profile/core/manager.go:135.2,135.60 1 1
github.com/scttfrdmn/cloudworkstation/pkg/profile/core/manager.go:135.60,137.3 1 0
github.com/scttfrdmn/cloudworkstation/pkg/profile/core/manager.go:140.2,143.30 2 1
github.com/scttfrdmn/cloudworkstation/pkg/profile/core/manager.go:143.30,145.3 1 0
github.com/scttfrdmn/cloudworkstation/pkg/profile/core/manager.go:148.2,148.51 1 1
github.com/scttfrdmn/cloudworkstation/pkg/profile/core/manager.go:148.51,149.39 1 0
github.com/scttfrdmn/cloudworkstation/pkg/profile/core/manager.go:149.39,152.9 3 0
github.com/scttfrdmn/cloudworkstation/pkg/profile/core/manager.go:156.2,159.17 2 1
github.com/scttfrdmn/cloudworkstation/pkg/profile/core/manager.go:163.49,169.13 4 1
github.com/scttfrdmn/cloudworkstation/pkg/profile/core/manager.go:169.13,171.3 1 0
github.com/scttfrdmn/cloudworkstation/pkg/profile/core/manager.go:174.2,182.17 5 1
github.com/scttfrdmn/cloudworkstation/pkg/profile/core/manager.go:186.50,190.28 3 3
github.com/scttfrdmn/cloudworkstation/pkg/profile/core/manager.go:190.28,192.3 1 1
github.com/scttfrdmn/cloudworkstation/pkg/profile/core/manager.go:194.2,195.13 2 2
github.com/scttfrdmn/cloudworkstation/pkg/profile/core/manager.go:195.13,203.3 6 0
github.com/scttfrdmn/cloudworkstation/pkg/profile/core/manager.go:205.2,205.21 1 2
github.com/scttfrdmn/cloudworkstation/pkg/profile/core/manager.go:209.43,214.2 3 4
github.com/scttfrdmn/cloudworkstation/pkg/profile/core/manager.go:217.66,222.32 3 2
github.com/scttfrdmn/cloudworkstation/pkg/profile/core/manager.go:222.32,224.3 1 1
github.com/scttfrdmn/cloudworkstation/pkg/profile/core/manager.go:227.2,236.51 2 1
github.com/scttfrdmn/cloudworkstation/pkg/profile/core/manager.go:236.51,238.3 1 0
github.com/scttfrdmn/cloudworkstation/pkg/profile/core/manager.go:241.2,245.17 4 1
github.com/scttfrdmn/cloudworkstation/pkg/profile/core/manager.go:249.59,250.24 1 11
github.com/scttfrdmn/cloudworkstation/pkg/profile/core/manager.go:250.24,252.3 1 1
github.com/scttfrdmn/cloudworkstation/pkg/profile/core/manager.go:254.2,254.53 1 10
github.com/scttfrdmn/cloudworkstation/pkg/profile/core/manager.go:254.53,256.3 1 1
github.com/scttfrdmn/cloudworkstation/pkg/profile/core/manager.go:258.2,258.30 1 9
github.com/scttfrdmn/cloudworkstation/pkg/profile/core/manager.go:258.30,260.3 1 1
github.com/scttfrdmn/cloudworkstation/pkg/profile/core/manager.go:262.2,262.26 1 8
github.com/scttfrdmn/cloudworkstation/pkg/profile/core/manager.go:262.26,264.3 1 1
github.com/scttfrdmn/cloudworkstation/pkg/profile/core/manager.go:267.2,267.71 1 7
github.com/scttfrdmn/cloudworkstation/pkg/profile/core/manager.go:267.71,269.3 1 1
github.com/scttfrdmn/cloudworkstation/pkg/profile/core/manager.go:271.2,271.12 1 6
github.com/scttfrdmn/cloudworkstation/pkg/profile/core/manager.go:275.32,277.16 2 8
github.com/scttfrdmn/cloudworkstation/pkg/profile/core/manager.go:277.16,279.3 1 7
github.com/scttfrdmn/cloudworkstation/pkg/profile/core/manager.go:281.2,282.54 2 1
github.com/scttfrdmn/cloudworkstation/pkg/profile/core/manager.go:282.54,284.3 1 0
github.com/scttfrdmn/cloudworkstation/pkg/profile/core/manager.go:287.2,287.43 1 1
github.com/scttfrdmn/cloudworkstation/pkg/profile/core/manager.go:287.43,289.3 1 0
github.com/scttfrdmn/cloudworkstation/pkg/profile/core/manager.go:292.2,292.43 1 1
github.com/scttfrdmn/cloudworkstation/pkg/profile/core/manager.go:292.43,294.3 1 0
github.com/scttfrdmn/cloudworkstation/pkg/profile/core/manager.go:296.2,297.12 2 1
github.com/scttfrdmn/cloudworkstation/pkg/profile/core/manager.go:301.32,306.16 4 8
github.com/scttfrdmn/cloudworkstation/pkg/profile/core/manager.go:306.16,308.3 1 0
github.com/scttfrdmn/cloudworkstation/pkg/profile/core/manager.go:311.2,312.59 2 8
github.com/scttfrdmn/cloudworkstation/pkg/profile/core/manager.go:312.59,314.3 1 0
github.com/scttfrdmn/cloudworkstation/pkg/profile/core/manager.go:316.2,316.58 1 8
github.com/scttfrdmn/cloudworkstation/pkg/profile/core/manager.go:316.58,319.3 2 0
github.com/scttfrdmn/cloudworkstation/pkg/profile/core/manager.go:321.2,321.12 1 8
github.com/scttfrdmn/cloudworkstation/pkg/profile/core/manager.go:325.56,329.2 1 0
github.com/scttfrdmn/cloudworkstation/pkg/profile/core/manager.go:332.42,334.2 1 0
github.com/scttfrdmn/cloudworkstation/pkg/profile/core/manager.go:337.50,348.2 3 0
github.com/scttfrdmn/cloudworkstation/pkg/profile/core/types.go:57.42,59.2 1 0
github.com/scttfrdmn/cloudworkstation/pkg/profile/core/types.go:66.47,68.2 1 0
github.com/scttfrdmn/cloudworkstation/pkg/profile/core/types.go:73.42,75.2 1 0
github.com/scttfrdmn/cloudworkstation/pkg/profile/core/types.go:80.48,82.2 1 0
github.com/scttfrdmn/cloudworkstation/pkg/project/budget_tracker.go:52.49,54.16 2 20
github.com/scttfrdmn/cloudworkstation/pkg/project/budget_tracker.go:54.16,56.3 1 0
github.com/scttfrdmn/cloudworkstation/pkg/project/budget_tracker.go:58.2,70.49 5 20
github.com/scttfrdmn/cloudworkstation/pkg/project/budget_tracker.go:70.49,72.3 1 0
github.com/scttfrdmn/cloudworkstation/pkg/project/budget_tracker.go:74.2,74.21 1 20
github.com/scttfrdmn/cloudworkstation/pkg/project/budget_tracker.go:78.97,92.2 5 12
github.com/scttfrdmn/cloudworkstation/pkg/project/budget_tracker.go:95.64,101.2 4 2
github.com/scttfrdmn/cloudworkstation/pkg/project/budget_tracker.go:104.154,109.13 4 0
github.com/scttfrdmn/cloudworkstation/pkg/project/budget_tracker.go:109.13,111.3 1 0
github.com/scttfrdmn/cloudworkstation/pkg/project/budget_tracker.go:114.2,136.30 8 0
github.com/scttfrdmn/cloudworkstation/pkg/project/budget_tracker.go:136.30,139.3 2 0
github.com/scttfrdmn/cloudworkstation/pkg/project/budget_tracker.go:141.2,144.57 2 0
github.com/scttfrdmn/cloudworkstation/pkg/project/budget_tracker.go:144.57,146.3 1 0
github.com/scttfrdmn/cloudworkstation/pkg/project/budget_tracker.go:148.2,148.28 1 0
github.com/scttfrdmn/cloudworkstation/pkg/project/budget_tracker.go:152.128,157.13 4 1
github.com/scttfrdmn/cloudworkstation/pkg/project/budget_tracker.go:157.13,159.3 1 0
github.com/scttfrdmn/cloudworkstation/pkg/project/budget_tracker.go:162.2,163.47 2 1
github.com/scttfrdmn/cloudworkstation/pkg/project/budget_tracker.go:163.47,165.72 1 1
github.com/scttfrdmn/cloudworkstation/pkg/project/budget_tracker.go:165.72,167.4 1 1
github.com/scttfrdmn/cloudworkstation/pkg/project/budget_tracker.go:170.2,170.30 1 1
github.com/scttfrdmn/cloudworkstation/pkg/project/budget_tracker.go:170.30,180.3 1 0
github.com/scttfrdmn/cloudworkstation/pkg/project/budget_tracker.go:183.2,193.8 2 1
github.com/scttfrdmn/cloudworkstation/pkg/project/budget_tracker.go:197.120,202.13 4 1
github.com/scttfrdmn/cloudworkstation/pkg/project/budget_tracker.go:202.13,204.3 1 0
github.com/scttfrdmn/cloudworkstation/pkg/project/budget_tracker.go:207.2,217.56 8 1
github.com/scttfrdmn/cloudworkstation/pkg/project/budget_tracker.go:217.56,218.59 1 0
github.com/scttfrdmn/cloudworkstation/pkg/project/budget_tracker.go:218.59,220.9 2 0
github.com/scttfrdmn/cloudworkstation/pkg/project/budget_tracker.go:224.2,224.24 1 1
github.com/scttfrdmn/cloudworkstation/pkg/project/budget_tracker.go:224.24,225.58 1 0
github.com/scttfrdmn/cloudworkstation/pkg/project/budget_tracker.go:225.58,229.37 4 0
github.com/scttfrdmn/cloudworkstation/pkg/project/budget_tracker.go:229.37,231.5 1 0
github.com/scttfrdmn/cloudworkstation/pkg/project/budget_tracker.go:234.3,234.56 1 0
github.com/scttfrdmn/cloudworkstation/pkg/project/budget_tracker.go:234.56,236.4 1 0
github.com/scttfrdmn/cloudworkstation/pkg/project/budget_tracker.go:239.2,248.8 1 1
github.com/scttfrdmn/cloudworkstation/pkg/project/budget_tracker.go:252.142,257.13 4 8
github.com/scttfrdmn/cloudworkstation/pkg/project/budget_tracker.go:257.13,259.3 1 0
github.com/scttfrdmn/cloudworkstation/pkg/project/budget_tracker.go:262.2,264.45 2 8
github.com/scttfrdmn/cloudworkstation/pkg/project/budget_tracker.go:264.45,266.3 1 8
github.com/scttfrdmn/cloudworkstation/pkg/project/budget_tracker.go:268.2,268.43 1 8
github.com/scttfrdmn/cloudworkstation/pkg/project/budget_tracker.go:268.43,270.3 1 3
github.com/scttfrdmn/cloudworkstation/pkg/project/budget_tracker.go:272.2,295.30 8 8
github.com/scttfrdmn/cloudworkstation/pkg/project/budget_tracker.go:295.30,298.3 2 8
github.com/scttfrdmn/cloudworkstation/pkg/project/budget_tracker.go:300.2,303.57 2 8
github.com/scttfrdmn/cloudworkstation/pkg/project/budget_tracker.go:303.57,305.3 1 0
github.com/scttfrdmn/cloudworkstation/pkg/project/budget_tracker.go:307.2,307.28 1 8
github.com/scttfrdmn/cloudworkstation/pkg/project/budget_tracker.go:311.85,316.13 4 6
github.com/scttfrdmn/cloudworkstation/pkg/project/budget_tracker.go:316.13,318.3 1 1
github.com/scttfrdmn/cloudworkstation/pkg/project/budget_tracker.go:320.2,320.30 1 5
github.com/scttfrdmn/cloudworkstation/pkg/project/budget_tracker.go:320.30,325.3 1 0
github.com/scttfrdmn/cloudworkstation/pkg/project/budget_tracker.go:327.2,329.28 3 5
github.com/scttfrdmn/cloudworkstation/pkg/project/budget_tracker.go:329.28,331.3 1 5
github.com/scttfrdmn/cloudworkstation/pkg/project/budget_tracker.go:333.2,334.25 2 5
github.com/scttfrdmn/cloudworkstation/pkg/project/budget_tracker.go:334.25,336.3 1 0
github.com/scttfrdmn/cloudworkstation/pkg/project/budget_tracker.go:339.2,343.54 3 5
github.com/scttfrdmn/cloudworkstation/pkg/project/budget_tracker.go:343.54,347.3 3 0
github.com/scttfrdmn/cloudworkstation/pkg/project/budget_tracker.go:350.2,365.8 3 5
github.com/scttfrdmn/cloudworkstation/pkg/project/budget_tracker.go:370.103,371.27 1 0
github.com/scttfrdmn/cloudworkstation/pkg/project/budget_tracker.go:371.27,373.3 1 0
github.com/scttfrdmn/cloudworkstation/pkg/project/budget_tracker.go:376.2,378.45 3 0
github.com/scttfrdmn/cloudworkstation/pkg/project/budget_tracker.go:378.45,379.49 1 0
github.com/scttfrdmn/cloudworkstation/pkg/project/budget_tracker.go:379.49,381.9 2 0
github.com/scttfrdmn/cloudworkstation/pkg/project/budget_tracker.go:385.2,385.36 1 0
github.com/scttfrdmn/cloudworkstation/pkg/project/budget_tracker.go:388.94,389.26 1 5
github.com/scttfrdmn/cloudworkstation/pkg/project/budget_tracker.go:389.26,391.3 1 5
github.com/scttfrdmn/cloudworkstation/pkg/project/budget_tracker.go:394.2,397.36 3 0
github.com/scttfrdmn/cloudworkstation/pkg/project/budget_tracker.go:397.36,398.37 1 0
github.com/scttfrdmn/cloudworkstation/pkg/project/budget_tracker.go:398.37,400.4 1 0
github.com/scttfrdmn/cloudworkstation/pkg/project/budget_tracker.go:403.2,403.27 1 0
github.com/scttfrdmn/cloudworkstation/pkg/project/budget_tracker.go:403.27,405.3 1 0
github.com/scttfrdmn/cloudworkstation/pkg/project/budget_tracker.go:408.2,411.37 3 0
github.com/scttfrdmn/cloudworkstation/pkg/project/budget_tracker.go:411.37,412.26 1 0
github.com/scttfrdmn/cloudworkstation/pkg/project/budget_tracker.go:412.26,415.4 2 0
github.com/scttfrdmn/cloudworkstation/pkg/project/budget_tracker.go:418.2,418.22 1 0
github.com/scttfrdmn/cloudworkstation/pkg/project/budget_tracker.go:418.22,420.3 1 0
github.com/scttfrdmn/cloudworkstation/pkg/project/budget_tracker.go:422.2,423.26 2 0
github.com/scttfrdmn/cloudworkstation/pkg/project/budget_tracker.go:426.95,429.38 1 0
github.com/scttfrdmn/cloudworkstation/pkg/project/budget_tracker.go:429.38,431.21 2 0
github.com/scttfrdmn/cloudworkstation/pkg/project/budget_tracker.go:431.21,434.4 2 0
github.com/scttfrdmn/cloudworkstation/pkg/project/budget_tracker.go:436.2,436.12 1 0
github.com/scttfrdmn/cloudworkstation/pkg/project/budget_tracker.go:439.95,441.47 2 8
github.com/scttfrdmn/cloudworkstation/pkg/project/budget_tracker.go:441.47,442.40 1 11
github.com/scttfrdmn/cloudworkstation/pkg/project/budget_tracker.go:442.40,444.4 1 11
github.com/scttfrdmn/cloudworkstation/pkg/project/budget_tracker.go:446.2,446.41 1 8
github.com/scttfrdmn/cloudworkstation/pkg/project/budget_tracker.go:449.81,450.30 1 8
github.com/scttfrdmn/cloudworkstation/pkg/project/budget_tracker.go:450.30,452.3 1 0
github.com/scttfrdmn/cloudworkstation/pkg/project/budget_tracker.go:454.2,456.28 3 8
github.com/scttfrdmn/cloudworkstation/pkg/project/budget_tracker.go:456.28,458.3 1 8
github.com/scttfrdmn/cloudworkstation/pkg/project/budget_tracker.go:461.2,461.47 1 8
github.com/scttfrdmn/cloudworkstation/pkg/project/budget_tracker.go:461.47,462.41 1 11
github.com/scttfrdmn/cloudworkstation/pkg/project/budget_tracker.go:462.41,465.50 2 5
github.com/scttfrdmn/cloudworkstation/pkg/project/budget_tracker.go:465.50,466.76 1 2
github.com/scttfrdmn/cloudworkstation/pkg/project/budget_tracker.go:466.76,468.11 2 0
github.com/scttfrdmn/cloudworkstation/pkg/project/budget_tracker.go:472.4,472.25 1 5
github.com/scttfrdmn/cloudworkstation/pkg/project/budget_tracker.go:472.25,486.5 2 5
github.com/scttfrdmn/cloudworkstation/pkg/project/budget_tracker.go:491.2,491.44 1 8
github.com/scttfrdmn/cloudworkstation/pkg/project/budget_tracker.go:491.44,492.42 1 4
github.com/scttfrdmn/cloudworkstation/pkg/project/budget_tracker.go:492.42,496.50 3 1
github.com/scttfrdmn/cloudworkstation/pkg/project/budget_tracker.go:496.50,497.82 1 2
github.com/scttfrdmn/cloudworkstation/pkg/project/budget_tracker.go:497.82,499.11 2 0
github.com/scttfrdmn/cloudworkstation/pkg/project/budget_tracker.go:503.4,503.25 1 1
github.com/scttfrdmn/cloudworkstation/pkg/project/budget_tracker.go:503.25,517.5 2 1
github.com/scttfrdmn/cloudworkstation/pkg/project/budget_tracker.go:521.2,521.12 1 8
github.com/scttfrdmn/cloudworkstation/pkg/project/budget_tracker.go:524.97,528.48 2 0
github.com/scttfrdmn/cloudworkstation/pkg/project/budget_tracker.go:528.48,529.68 1 0
github.com/scttfrdmn/cloudworkstation/pkg/project/budget_tracker.go:529.68,531.4 1 0
github.com/scttfrdmn/cloudworkstation/pkg/project/budget_tracker.go:534.2,534.13 1 0
github.com/scttfrdmn/cloudworkstation/pkg/project/budget_tracker.go:537.101,541.48 2 0
github.com/scttfrdmn/cloudworkstation/pkg/project/budget_tracker.go:541.48,542.69 1 0
github.com/scttfrdmn/cloudworkstation/pkg/project/budget_tracker.go:542.69,544.4 1 0
github.com/scttfrdmn/cloudworkstation/pkg/project/budget_tracker.go:547.2,547.13 1 0
github.com/scttfrdmn/cloudworkstation/pkg/project/budget_tracker.go:550.82,556.48 3 5
github.com/scttfrdmn/cloudworkstation/pkg/project/budget_tracker.go:556.48,557.55 1 6
github.com/scttfrdmn/cloudworkstation/pkg/project/budget_tracker.go:557.55,559.141 1 6
github.com/scttfrdmn/cloudworkstation/pkg/project/budget_tracker.go:559.141,561.5 1 5
github.com/scttfrdmn/cloudworkstation/pkg/project/budget_tracker.go:565.2,565.21 1 5
github.com/scttfrdmn/cloudworkstation/pkg/project/budget_tracker.go:568.86,574.48 3 5
github.com/scttfrdmn/cloudworkstation/pkg/project/budget_tracker.go:574.48,575.55 1 6
github.com/scttfrdmn/cloudworkstation/pkg/project/budget_tracker.go:575.55,577.141 1 6
github.com/scttfrdmn/cloudworkstation/pkg/project/budget_tracker.go:577.141,579.5 1 1
github.com/scttfrdmn/cloudworkstation/pkg/project/budget_tracker.go:583.2,583.25 1 5
github.com/scttfrdmn/cloudworkstation/pkg/project/budget_tracker.go:586.49,588.58 1 20
github.com/scttfrdmn/cloudworkstation/pkg/project/budget_tracker.go:588.58,591.3 1 20
github.com/scttfrdmn/cloudworkstation/pkg/project/budget_tracker.go:593.2,594.16 2 0
github.com/scttfrdmn/cloudworkstation/pkg/project/budget_tracker.go:594.16,596.3 1 0
github.com/scttfrdmn/cloudworkstation/pkg/project/budget_tracker.go:598.2,599.58 2 0
github.com/scttfrdmn/cloudworkstation/pkg/project/budget_tracker.go:599.58,601.3 1 0
github.com/scttfrdmn/cloudworkstation/pkg/project/budget_tracker.go:603.2,604.12 2 0
github.com/scttfrdmn/cloudworkstation/pkg/project/budget_tracker.go:607.49,609.16 2 36
github.com/scttfrdmn/cloudworkstation/pkg/project/budget_tracker.go:609.16,611.3 1 0
github.com/scttfrdmn/cloudworkstation/pkg/project/budget_tracker.go:614.2,615.59 2 36
github.com/scttfrdmn/cloudworkstation/pkg/project/budget_tracker.go:615.59,617.3 1 0
github.com/scttfrdmn/cloudworkstation/pkg/project/budget_tracker.go:619.2,619.59 1 36
github.com/scttfrdmn/cloudworkstation/pkg/project/budget_tracker.go:619.59,621.3 1 0
github.com/scttfrdmn/cloudworkstation/pkg/project/budget_tracker.go:623.2,623.12 1 36
github.com/scttfrdmn/cloudworkstation/pkg/project/budget_tracker.go:627.40,633.2 3 14
github.com/scttfrdmn/cloudworkstation/pkg/project/cost_calculator.go:79.109,83.37 3 0
github.com/scttfrdmn/cloudworkstation/pkg/project/cost_calculator.go:83.37,87.3 3 0
github.com/scttfrdmn/cloudworkstation/pkg/project/cost_calculator.go:89.2,89.33 1 0
github.com/scttfrdmn/cloudworkstation/pkg/project/cost_calculator.go:93.139,98.36 3 0
github.com/scttfrdmn/cloudworkstation/pkg/project/cost_calculator.go:98.36,102.3 3 0
github.com/scttfrdmn/cloudworkstation/pkg/project/cost_calculator.go:105.2,105.36 1 0
github.com/scttfrdmn/cloudworkstation/pkg/project/cost_calculator.go:105.36,109.3 3 0
github.com/scttfrdmn/cloudworkstation/pkg/project/cost_calculator.go:111.2,111.32 1 0
github.com/scttfrdmn/cloudworkstation/pkg/project/cost_calculator.go:115.98,117.13 2 0
github.com/scttfrdmn/cloudworkstation/pkg/project/cost_calculator.go:117.13,120.3 1 0
github.com/scttfrdmn/cloudworkstation/pkg/project/cost_calculator.go:123.2,134.41 7 0
github.com/scttfrdmn/cloudworkstation/pkg/project/cost_calculator.go:135.17,138.34 2 0
github.com/scttfrdmn/cloudworkstation/pkg/project/cost_calculator.go:139.20,141.37 2 0
github.com/scttfrdmn/cloudworkstation/pkg/project/cost_calculator.go:145.2,161.3 4 0
github.com/scttfrdmn/cloudworkstation/pkg/project/cost_calculator.go:165.88,180.2 5 0
github.com/scttfrdmn/cloudworkstation/pkg/project/cost_calculator.go:183.85,202.2 6 0
github.com/scttfrdmn/cloudworkstation/pkg/project/cost_calculator.go:205.85,209.64 2 0
github.com/scttfrdmn/cloudworkstation/pkg/project/cost_calculator.go:209.64,211.3 1 0
github.com/scttfrdmn/cloudworkstation/pkg/project/cost_calculator.go:214.2,224.3 4 0
github.com/scttfrdmn/cloudworkstation/pkg/project/cost_calculator.go:228.76,231.21 2 0
github.com/scttfrdmn/cloudworkstation/pkg/project/cost_calculator.go:231.21,233.3 1 0
github.com/scttfrdmn/cloudworkstation/pkg/project/cost_calculator.go:235.2,254.13 5 0
github.com/scttfrdmn/cloudworkstation/pkg/project/cost_calculator.go:254.13,256.3 1 0
github.com/scttfrdmn/cloudworkstation/pkg/project/cost_calculator.go:259.2,280.13 3 0
github.com/scttfrdmn/cloudworkstation/pkg/project/cost_calculator.go:280.13,282.3 1 0
github.com/scttfrdmn/cloudworkstation/pkg/project/cost_calculator.go:284.2,284.30 1 0
github.com/scttfrdmn/cloudworkstation/pkg/project/cost_calculator.go:288.78,291.122 1 0
github.com/scttfrdmn/cloudworkstation/pkg/project/cost_calculator.go:291.122,293.3 1 0
github.com/scttfrdmn/cloudworkstation/pkg/project/cost_calculator.go:295.2,295.13 1 0
github.com/scttfrdmn/cloudworkstation/pkg/project/cost_calculator.go:299.77,300.59 1 0
github.com/scttfrdmn/cloudworkstation/pkg/project/cost_calculator.go:300.59,302.3 1 0
github.com/scttfrdmn/cloudworkstation/pkg/project/cost_calculator.go:303.2,303.45 1 0
github.com/scttfrdmn/cloudworkstation/pkg/project/cost_calculator.go:307.76,308.57 1 0
github.com/scttfrdmn/cloudworkstation/pkg/project/cost_calculator.go:308.57,310.3 1 0
github.com/scttfrdmn/cloudworkstation/pkg/project/cost_calculator.go:311.2,311.30 1 0
github.com/scttfrdmn/cloudworkstation/pkg/project/cost_calculator.go:315.90,324.2 5 0
github.com/scttfrdmn/cloudworkstation/pkg/project/cost_calculator.go:327.107,333.2 2 0
github.com/scttfrdmn/cloudworkstation/pkg/project/manager.go:30.37,32.16 2 8
github.com/scttfrdmn/cloudworkstation/pkg/project/manager.go:32.16,34.3 1 0
github.com/scttfrdmn/cloudworkstation/pkg/project/manager.go:36.2,37.52 2 8
github.com/scttfrdmn/cloudworkstation/pkg/project/manager.go:37.52,39.3 1 0
github.com/scttfrdmn/cloudworkstation/pkg/project/manager.go:41.2,44.16 3 8
github.com/scttfrdmn/cloudworkstation/pkg/project/manager.go:44.16,46.3 1 0
github.com/scttfrdmn/cloudworkstation/pkg/project/manager.go:48.2,55.47 2 8
github.com/scttfrdmn/cloudworkstation/pkg/project/manager.go:55.47,57.3 1 0
github.com/scttfrdmn/cloudworkstation/pkg/project/manager.go:59.2,59.21 1 8
github.com/scttfrdmn/cloudworkstation/pkg/project/manager.go:63.105,68.39 3 17
github.com/scttfrdmn/cloudworkstation/pkg/project/manager.go:68.39,70.3 1 4
github.com/scttfrdmn/cloudworkstation/pkg/project/manager.go:73.2,73.37 1 13
github.com/scttfrdmn/cloudworkstation/pkg/project/manager.go:73.37,74.31 1 7
github.com/scttfrdmn/cloudworkstation/pkg/project/manager.go:74.31,76.4 1 1
github.com/scttfrdmn/cloudworkstation/pkg/project/manager.go:80.2,93.21 2 12
github.com/scttfrdmn/cloudworkstation/pkg/project/manager.go:93.21,100.3 1 12
github.com/scttfrdmn/cloudworkstation/pkg/project/manager.go:103.2,103.23 1 12
github.com/scttfrdmn/cloudworkstation/pkg/project/manager.go:103.23,119.79 3 1
github.com/scttfrdmn/cloudworkstation/pkg/project/manager.go:119.79,121.4 1 0
github.com/scttfrdmn/cloudworkstation/pkg/project/manager.go:125.2,126.41 2 12
github.com/scttfrdmn/cloudworkstation/pkg/project/manager.go:126.41,129.3 2 0
github.com/scttfrdmn/cloudworkstation/pkg/project/manager.go:131.2,131.21 1 12
github.com/scttfrdmn/cloudworkstation/pkg/project/manager.go:135.93,140.13 4 6
github.com/scttfrdmn/cloudworkstation/pkg/project/manager.go:140.13,142.3 1 3
github.com/scttfrdmn/cloudworkstation/pkg/project/manager.go:145.2,146.26 2 3
github.com/scttfrdmn/cloudworkstation/pkg/project/manager.go:150.94,154.37 3 4
github.com/scttfrdmn/cloudworkstation/pkg/project/manager.go:154.37,155.27 1 7
github.com/scttfrdmn/cloudworkstation/pkg/project/manager.go:155.27,158.4 2 2
github.com/scttfrdmn/cloudworkstation/pkg/project/manager.go:161.2,161.64 1 2
github.com/scttfrdmn/cloudworkstation/pkg/project/manager.go:165.102,171.37 4 7
github.com/scttfrdmn/cloudworkstation/pkg/project/manager.go:171.37,172.48 1 21
github.com/scttfrdmn/cloudworkstation/pkg/project/manager.go:172.48,173.12 1 10
github.com/scttfrdmn/cloudworkstation/pkg/project/manager.go:176.3,177.42 2 11
github.com/scttfrdmn/cloudworkstation/pkg/project/manager.go:180.2,180.21 1 7
github.com/scttfrdmn/cloudworkstation/pkg/project/manager.go:184.123,189.13 4 6
github.com/scttfrdmn/cloudworkstation/pkg/project/manager.go:189.13,191.3 1 1
github.com/scttfrdmn/cloudworkstation/pkg/project/manager.go:194.2,194.21 1 5
github.com/scttfrdmn/cloudworkstation/pkg/project/manager.go:194.21,196.33 1 1
github.com/scttfrdmn/cloudworkstation/pkg/project/manager.go:196.33,197.46 1 1
github.com/scttfrdmn/cloudworkstation/pkg/project/manager.go:197.46,199.5 1 0
github.com/scttfrdmn/cloudworkstation/pkg/project/manager.go:201.3,201.27 1 1
github.com/scttfrdmn/cloudworkstation/pkg/project/manager.go:204.2,204.28 1 5
github.com/scttfrdmn/cloudworkstation/pkg/project/manager.go:204.28,206.3 1 1
github.com/scttfrdmn/cloudworkstation/pkg/project/manager.go:208.2,208.21 1 5
github.com/scttfrdmn/cloudworkstation/pkg/project/manager.go:208.21,210.3 1 1
github.com/scttfrdmn/cloudworkstation/pkg/project/manager.go:212.2,212.23 1 5
github.com/scttfrdmn/cloudworkstation/pkg/project/manager.go:212.23,214.3 1 2
github.com/scttfrdmn/cloudworkstation/pkg/project/manager.go:216.2,219.41 2 5
github.com/scttfrdmn/cloudworkstation/pkg/project/manager.go:219.41,221.3 1 0
github.com/scttfrdmn/cloudworkstation/pkg/project/manager.go:223.2,224.26 2 5
github.com/scttfrdmn/cloudworkstation/pkg/project/manager.go:228.78,233.13 4 2
github.com/scttfrdmn/cloudworkstation/pkg/project/manager.go:233.13,235.3 1 1
github.com/scttfrdmn/cloudworkstation/pkg/project/manager.go:241.2,241.65 1 1
github.com/scttfrdmn/cloudworkstation/pkg/project/manager.go:241.65,243.3 1 0
github.com/scttfrdmn/cloudworkstation/pkg/project/manager.go:246.2,247.41 2 1
github.com/scttfrdmn/cloudworkstation/pkg/project/manager.go:247.41,251.3 2 0
github.com/scttfrdmn/cloudworkstation/pkg/project/manager.go:253.2,253.12 1 1
github.com/scttfrdmn/cloudworkstation/pkg/project/manager.go:257.110,262.13 4 0
github.com/scttfrdmn/cloudworkstation/pkg/project/manager.go:262.13,264.3 1 0
github.com/scttfrdmn/cloudworkstation/pkg/project/manager.go:267.2,267.49 1 0
github.com/scttfrdmn/cloudworkstation/pkg/project/manager.go:267.49,268.45 1 0
github.com/scttfrdmn/cloudworkstation/pkg/project/manager.go:268.45,270.4 1 0
github.com/scttfrdmn/cloudworkstation/pkg/project/manager.go:274.2,278.25 4 0
github.com/scttfrdmn/cloudworkstation/pkg/project/manager.go:282.92,287.13 4 0
github.com/scttfrdmn/cloudworkstation/pkg/project/manager.go:287.13,289.3 1 0
github.com/scttfrdmn/cloudworkstation/pkg/project/manager.go:292.2,293.41 2 0
github.com/scttfrdmn/cloudworkstation/pkg/project/manager.go:293.41,294.30 1 0
github.com/scttfrdmn/cloudworkstation/pkg/project/manager.go:294.30,296.9 2 0
github.com/scttfrdmn/cloudworkstation/pkg/project/manager.go:300.2,300.23 1 0
github.com/scttfrdmn/cloudworkstation/pkg/project/manager.go:300.23,302.3 1 0
github.com/scttfrdmn/cloudworkstation/pkg/project/manager.go:305.2,305.65 1 0
github.com/scttfrdmn/cloudworkstation/pkg/project/manager.go:305.65,307.42 2 0
github.com/scttfrdmn/cloudworkstation/pkg/project/manager.go:307.42,308.45 1 0
github.com/scttfrdmn/cloudworkstation/pkg/project/manager.go:308.45,310.5 1 0
github.com/scttfrdmn/cloudworkstation/pkg/project/manager.go:312.3,312.22 1 0
github.com/scttfrdmn/cloudworkstation/pkg/project/manager.go:312.22,314.4 1 0
github.com/scttfrdmn/cloudworkstation/pkg/project/manager.go:318.2,321.25 3 0
github.com/scttfrdmn/cloudworkstation/pkg/project/manager.go:325.116,330.13 4 0
github.com/scttfrdmn/cloudworkstation/pkg/project/manager.go:330.13,332.3 1 0
github.com/scttfrdmn/cloudworkstation/pkg/project/manager.go:335.2,336.41 2 0
github.com/scttfrdmn/cloudworkstation/pkg/project/manager.go:336.41,337.30 1 0
github.com/scttfrdmn/cloudworkstation/pkg/project/manager.go:337.30,339.9 2 0
github.com/scttfrdmn/cloudworkstation/pkg/project/manager.go:343.2,343.23 1 0
github.com/scttfrdmn/cloudworkstation/pkg/project/manager.go:343.23,345.3 1 0
github.com/scttfrdmn/cloudworkstation/pkg/project/manager.go:348.2,348.99 1 0
github.com/scttfrdmn/cloudworkstation/pkg/project/manager.go:348.99,350.42 2 0
github.com/scttfrdmn/cloudworkstation/pkg/project/manager.go:350.42,351.45 1 0
github.com/scttfrdmn/cloudworkstation/pkg/project/manager.go:351.45,353.5 1 0
github.com/scttfrdmn/cloudworkstation/pkg/project/manager.go:355.3,355.22 1 0
github.com/scttfrdmn/cloudworkstation/pkg/project/manager.go:355.22,357.4 1 0
github.com/scttfrdmn/cloudworkstation/pkg/project/manager.go:361.2,364.25 3 0
github.com/scttfrdmn/cloudworkstation/pkg/project/manager.go:368.149,373.13 4 0
github.com/scttfrdmn/cloudworkstation/pkg/project/manager.go:373.13,375.3 1 0
github.com/scttfrdmn/cloudworkstation/pkg/project/manager.go:377.2,377.72 1 0
github.com/scttfrdmn/cloudworkstation/pkg/project/manager.go:381.141,386.13 4 0
github.com/scttfrdmn/cloudworkstation/pkg/project/manager.go:386.13,388.3 1 0
github.com/scttfrdmn/cloudworkstation/pkg/project/manager.go:390.2,390.60 1 0
github.com/scttfrdmn/cloudworkstation/pkg/project/manager.go:394.99,399.13 4 0
github.com/scttfrdmn/cloudworkstation/pkg/project/manager.go:399.13,401.3 1 0
github.com/scttfrdmn/cloudworkstation/pkg/project/manager.go:403.2,403.27 1 0
github.com/scttfrdmn/cloudworkstation/pkg/project/manager.go:403.27,408.3 1 0
github.com/scttfrdmn/cloudworkstation/pkg/project/manager.go:410.2,410.53 1 0
github.com/scttfrdmn/cloudworkstation/pkg/project/manager.go:414.40,416.59 1 8
github.com/scttfrdmn/cloudworkstation/pkg/project/manager.go:416.59,419.3 1 8
github.com/scttfrdmn/cloudworkstation/pkg/project/manager.go:421.2,422.16 2 0
github.com/scttfrdmn/cloudworkstation/pkg/project/manager.go:422.16,424.3 1 0
github.com/scttfrdmn/cloudworkstation/pkg/project/manager.go:426.2,427.56 2 0
github.com/scttfrdmn/cloudworkstation/pkg/project/manager.go:427.56,429.3 1 0
github.com/scttfrdmn/cloudworkstation/pkg/project/manager.go:431.2,432.12 2 0
github.com/scttfrdmn/cloudworkstation/pkg/project/manager.go:436.40,438.16 2 18
github.com/scttfrdmn/cloudworkstation/pkg/project/manager.go:438.16,440.3 1 0
github.com/scttfrdmn/cloudworkstation/pkg/project/manager.go:443.2,444.59 2 18
github.com/scttfrdmn/cloudworkstation/pkg/project/manager.go:444.59,446.3 1 0
github.com/scttfrdmn/cloudworkstation/pkg/project/manager.go:448.2,448.60 1 18
github.com/scttfrdmn/cloudworkstation/pkg/project/manager.go:448.60,450.3 1 0
github.com/scttfrdmn/cloudworkstation/pkg/project/manager.go:452.2,452.12 1 18
github.com/scttfrdmn/cloudworkstation/pkg/project/manager.go:456.33,460.28 3 7
github.com/scttfrdmn/cloudworkstation/pkg/project/manager.go:460.28,461.49 1 7
github.com/scttfrdmn/cloudworkstation/pkg/project/manager.go:461.49,463.4 1 0
github.com/scttfrdmn/cloudworkstation/pkg/project/manager.go:466.2,466.12 1 7
github.com/scttfrdmn/cloudworkstation/pkg/project/types.go:29.49,30.18 1 17
github.com/scttfrdmn/cloudworkstation/pkg/project/types.go:30.18,32.3 1 1
github.com/scttfrdmn/cloudworkstation/pkg/project/types.go:34.2,34.23 1 16
github.com/scttfrdmn/cloudworkstation/pkg/project/types.go:34.23,36.3 1 1
github.com/scttfrdmn/cloudworkstation/pkg/project/types.go:38.2,38.31 1 15
github.com/scttfrdmn/cloudworkstation/pkg/project/types.go:38.31,40.3 1 1
github.com/scttfrdmn/cloudworkstation/pkg/project/types.go:42.2,42.21 1 14
github.com/scttfrdmn/cloudworkstation/pkg/project/types.go:42.21,43.45 1 2
github.com/scttfrdmn/cloudworkstation/pkg/project/types.go:43.45,45.4 1 1
github.com/scttfrdmn/cloudworkstation/pkg/project/types.go:48.2,48.12 1 13
github.com/scttfrdmn/cloudworkstation/pkg/project/types.go:76.48,77.24 1 2
github.com/scttfrdmn/cloudworkstation/pkg/project/types.go:77.24,79.3 1 1
github.com/scttfrdmn/cloudworkstation/pkg/project/types.go:81.2,81.51 1 1
github.com/scttfrdmn/cloudworkstation/pkg/project/types.go:81.51,83.3 1 0
github.com/scttfrdmn/cloudworkstation/pkg/project/types.go:85.2,85.47 1 1
github.com/scttfrdmn/cloudworkstation/pkg/project/types.go:85.47,87.3 1 0
github.com/scttfrdmn/cloudworkstation/pkg/project/types.go:90.2,90.42 1 1
github.com/scttfrdmn/cloudworkstation/pkg/project/types.go:90.42,91.49 1 1
github.com/scttfrdmn/cloudworkstation/pkg/project/types.go:91.49,93.4 1 0
github.com/scttfrdmn/cloudworkstation/pkg/project/types.go:97.2,97.39 1 1
github.com/scttfrdmn/cloudworkstation/pkg/project/types.go:97.39,98.51 1 1
github.com/scttfrdmn/cloudworkstation/pkg/project/types.go:98.51,100.4 1 0
github.com/scttfrdmn/cloudworkstation/pkg/project/types.go:103.2,103.12 1 1
github.com/scttfrdmn/cloudworkstation/pkg/project/types.go:143.62,144.47 1 34
github.com/scttfrdmn/cloudworkstation/pkg/project/types.go:144.47,146.3 1 5
github.com/scttfrdmn/cloudworkstation/pkg/project/types.go:148.2,148.52 1 29
github.com/scttfrdmn/cloudworkstation/pkg/project/types.go:148.52,150.3 1 5
github.com/scttfrdmn/cloudworkstation/pkg/project/types.go:152.2,152.24 1 24
github.com/scttfrdmn/cloudworkstation/pkg/project/types.go:152.24,154.32 2 3
github.com/scttfrdmn/cloudworkstation/pkg/project/types.go:154.32,156.4 1 1
github.com/scttfrdmn/cloudworkstation/pkg/project/types.go:159.2,159.72 1 23
github.com/scttfrdmn/cloudworkstation/pkg/project/types.go:159.72,161.3 1 1
github.com/scttfrdmn/cloudworkstation/pkg/project/types.go:163.2,163.73 1 22
github.com/scttfrdmn/cloudworkstation/pkg/project/types.go:163.73,165.3 1 1
github.com/scttfrdmn/cloudworkstation/pkg/project/types.go:168.2,168.21 1 21
github.com/scttfrdmn/cloudworkstation/pkg/project/types.go:168.21,169.26 1 11
github.com/scttfrdmn/cloudworkstation/pkg/project/types.go:169.26,171.4 1 0
github.com/scttfrdmn/cloudworkstation/pkg/project/types.go:172.3,172.34 1 11
github.com/scttfrdmn/cloudworkstation/pkg/project/types.go:172.34,173.83 1 14
github.com/scttfrdmn/cloudworkstation/pkg/project/types.go:173.83,175.5 1 5
github.com/scttfrdmn/cloudworkstation/pkg/project/types.go:179.2,179.13 1 16
github.com/scttfrdmn/cloudworkstation/pkg/project/types.go:291.45,292.20 1 0
github.com/scttfrdmn/cloudworkstation/pkg/project/types.go:292.20,294.3 1 0
github.com/scttfrdmn/cloudworkstation/pkg/project/types.go:296.2,296.18 1 0
github.com/scttfrdmn/cloudworkstation/pkg/project/types.go:296.18,298.3 1 0
github.com/scttfrdmn/cloudworkstation/pkg/project/types.go:301.2,301.16 1 0
github.com/scttfrdmn/cloudworkstation/pkg/project/types.go:302.104,302.104 0 0
github.com/scttfrdmn/cloudworkstation/pkg/project/types.go:304.10,305.48 1 0
github.com/scttfrdmn/cloudworkstation/pkg/project/types.go:308.2,308.12 1 0
github.com/scttfrdmn/cloudworkstation/pkg/project/types.go:318.48,319.18 1 0
github.com/scttfrdmn/cloudworkstation/pkg/project/types.go:319.18,321.3 1 0
github.com/scttfrdmn/cloudworkstation/pkg/project/types.go:324.2,324.16 1 0
github.com/scttfrdmn/cloudworkstation/pkg/project/types.go:325.104,325.104 0 0
github.com/scttfrdmn/cloudworkstation/pkg/project/types.go:327.10,328.48 1 0
github.com/scttfrdmn/cloudworkstation/pkg/project/types.go:331.2,331.12 1 0
github.com/scttfrdmn/cloudworkstation/pkg/repository/dependency.go:8.89,15.59 2 0
github.com/scttfrdmn/cloudworkstation/pkg/repository/dependency.go:15.59,17.3 1 0
github.com/scttfrdmn/cloudworkstation/pkg/repository/dependency.go:20.2,20.56 1 0
github.com/scttfrdmn/cloudworkstation/pkg/repository/dependency.go:20.56,22.3 1 0
github.com/scttfrdmn/cloudworkstation/pkg/repository/dependency.go:24.2,24.28 1 0
github.com/scttfrdmn/cloudworkstation/pkg/repository/dependency.go:28.93,33.35 2 0
github.com/scttfrdmn/cloudworkstation/pkg/repository/dependency.go:33.35,35.3 1 0
github.com/scttfrdmn/cloudworkstation/pkg/repository/dependency.go:38.2,39.16 2 0
github.com/scttfrdmn/cloudworkstation/pkg/repository/dependency.go:39.16,41.3 1 0
github.com/scttfrdmn/cloudworkstation/pkg/repository/dependency.go:46.2,64.38 5 0
github.com/scttfrdmn/cloudworkstation/pkg/repository/dependency.go:64.38,65.63 1 0
github.com/scttfrdmn/cloudworkstation/pkg/repository/dependency.go:65.63,67.4 1 0
github.com/scttfrdmn/cloudworkstation/pkg/repository/dependency.go:70.2,70.12 1 0
github.com/scttfrdmn/cloudworkstation/pkg/repository/dependency.go:74.99,75.26 1 0
github.com/scttfrdmn/cloudworkstation/pkg/repository/dependency.go:75.26,77.3 1 0
github.com/scttfrdmn/cloudworkstation/pkg/repository/dependency.go:80.2,80.52 1 0
github.com/scttfrdmn/cloudworkstation/pkg/repository/dependency.go:80.52,82.3 1 0
github.com/scttfrdmn/cloudworkstation/pkg/repository/dependency.go:84.2,84.22 1 0
github.com/scttfrdmn/cloudworkstation/pkg/repository/dependency.go:88.72,90.35 1 0
github.com/scttfrdmn/cloudworkstation/pkg/repository/dependency.go:90.35,91.21 1 0
github.com/scttfrdmn/cloudworkstation/pkg/repository/dependency.go:91.21,92.53 1 0
github.com/scttfrdmn/cloudworkstation/pkg/repository/dependency.go:92.53,94.5 1 0
github.com/scttfrdmn/cloudworkstation/pkg/repository/dependency.go:98.2,98.12 1 0
github.com/scttfrdmn/cloudworkstation/pkg/repository/dependency.go:102.83,104.18 1 0
github.com/scttfrdmn/cloudworkstation/pkg/repository/dependency.go:104.18,106.3 1 0
github.com/scttfrdmn/cloudworkstation/pkg/repository/dependency.go:108.2,111.43 2 0
github.com/scttfrdmn/cloudworkstation/pkg/repository/dependency.go:111.43,114.10 3 0
github.com/scttfrdmn/cloudworkstation/pkg/repository/dependency.go:114.10,116.4 1 0
github.com/scttfrdmn/cloudworkstation/pkg/repository/dependency.go:118.3,118.24 1 0
github.com/scttfrdmn/cloudworkstation/pkg/repository/dependency.go:118.24,119.56 1 0
github.com/scttfrdmn/cloudworkstation/pkg/repository/dependency.go:119.56,121.5 1 0
github.com/scttfrdmn/cloudworkstation/pkg/repository/dependency.go:126.2,129.12 3 0
github.com/scttfrdmn/cloudworkstation/pkg/repository/dependency.go:133.45,135.16 2 0
github.com/scttfrdmn/cloudworkstation/pkg/repository/dependency.go:135.16,137.3 1 0
github.com/scttfrdmn/cloudworkstation/pkg/repository/dependency.go:139.2,140.19 2 0
github.com/scttfrdmn/cloudworkstation/pkg/repository/dependency.go:140.19,142.3 1 0
github.com/scttfrdmn/cloudworkstation/pkg/repository/dependency.go:144.2,144.61 1 0
github.com/scttfrdmn/cloudworkstation/pkg/repository/manager.go:61.37,63.16 2 0
github.com/scttfrdmn/cloudworkstation/pkg/repository/manager.go:63.16,65.3 1 0
github.com/scttfrdmn/cloudworkstation/pkg/repository/manager.go:67.2,68.45 2 0
github.com/scttfrdmn/cloudworkstation/pkg/repository/manager.go:68.45,70.3 1 0
github.com/scttfrdmn/cloudworkstation/pkg/repository/manager.go:72.2,73.45 2 0
github.com/scttfrdmn/cloudworkstation/pkg/repository/manager.go:73.45,75.3 1 0
github.com/scttfrdmn/cloudworkstation/pkg/repository/manager.go:77.2,89.45 4 0
github.com/scttfrdmn/cloudworkstation/pkg/repository/manager.go:89.45,91.3 1 0
github.com/scttfrdmn/cloudworkstation/pkg/repository/manager.go:94.2,94.58 1 0
github.com/scttfrdmn/cloudworkstation/pkg/repository/manager.go:94.58,96.3 1 0
github.com/scttfrdmn/cloudworkstation/pkg/repository/manager.go:99.2,99.44 1 0
github.com/scttfrdmn/cloudworkstation/pkg/repository/manager.go:99.44,101.3 1 0
github.com/scttfrdmn/cloudworkstation/pkg/repository/manager.go:103.2,103.21 1 0
github.com/scttfrdmn/cloudworkstation/pkg/repository/manager.go:107.38,109.57 1 0
github.com/scttfrdmn/cloudworkstation/pkg/repository/manager.go:109.57,115.3 2 0
github.com/scttfrdmn/cloudworkstation/pkg/repository/manager.go:118.2,119.16 2 0
github.com/scttfrdmn/cloudworkstation/pkg/repository/manager.go:119.16,121.3 1 0
github.com/scttfrdmn/cloudworkstation/pkg/repository/manager.go:124.2,124.55 1 0
github.com/scttfrdmn/cloudworkstation/pkg/repository/manager.go:124.55,126.3 1 0
github.com/scttfrdmn/cloudworkstation/pkg/repository/manager.go:128.2,128.12 1 0
github.com/scttfrdmn/cloudworkstation/pkg/repository/manager.go:132.38,135.16 2 0
github.com/scttfrdmn/cloudworkstation/pkg/repository/manager.go:135.16,137.3 1 0
github.com/scttfrdmn/cloudworkstation/pkg/repository/manager.go:140.2,140.67 1 0
github.com/scttfrdmn/cloudworkstation/pkg/repository/manager.go:140.67,142.3 1 0
github.com/scttfrdmn/cloudworkstation/pkg/repository/manager.go:144.2,144.12 1 0
github.com/scttfrdmn/cloudworkstation/pkg/repository/manager.go:148.37,150.60 1 0
github.com/scttfrdmn/cloudworkstation/pkg/repository/manager.go:150.60,157.3 2 0
github.com/scttfrdmn/cloudworkstation/pkg/repository/manager.go:160.2,161.16 2 0
github.com/scttfrdmn/cloudworkstation/pkg/repository/manager.go:161.16,163.3 1 0
github.com/scttfrdmn/cloudworkstation/pkg/repository/manager.go:166.2,166.54 1 0
github.com/scttfrdmn/cloudworkstation/pkg/repository/manager.go:166.54,168.3 1 0
github.com/scttfrdmn/cloudworkstation/pkg/repository/manager.go:170.2,170.12 1 0
github.com/scttfrdmn/cloudworkstation/pkg/repository/manager.go:174.37,177.16 2 0
github.com/scttfrdmn/cloudworkstation/pkg/repository/manager.go:177.16,179.3 1 0
github.com/scttfrdmn/cloudworkstation/pkg/repository/manager.go:182.2,182.70 1 0
github.com/scttfrdmn/cloudworkstation/pkg/repository/manager.go:182.70,184.3 1 0
github.com/scttfrdmn/cloudworkstation/pkg/repository/manager.go:186.2,186.12 1 0
github.com/scttfrdmn/cloudworkstation/pkg/repository/manager.go:190.51,192.45 1 0
github.com/scttfrdmn/cloudworkstation/pkg/repository/manager.go:192.45,193.29 1 0
github.com/scttfrdmn/cloudworkstation/pkg/repository/manager.go:193.29,195.4 1 0
github.com/scttfrdmn/cloudworkstation/pkg/repository/manager.go:199.2,208.23 3 0
github.com/scttfrdmn/cloudworkstation/pkg/repository/manager.go:212.50,217.40 3 0
github.com/scttfrdmn/cloudworkstation/pkg/repository/manager.go:217.40,219.3 1 0
github.com/scttfrdmn/cloudworkstation/pkg/repository/manager.go:221.2,221.14 1 0
github.com/scttfrdmn/cloudworkstation/pkg/repository/manager.go:225.67,226.45 1 0
github.com/scttfrdmn/cloudworkstation/pkg/repository/manager.go:226.45,227.24 1 0
github.com/scttfrdmn/cloudworkstation/pkg/repository/manager.go:227.24,229.4 1 0
github.com/scttfrdmn/cloudworkstation/pkg/repository/manager.go:232.2,232.57 1 0
github.com/scttfrdmn/cloudworkstation/pkg/repository/manager.go:236.56,238.42 1 0
github.com/scttfrdmn/cloudworkstation/pkg/repository/manager.go:238.42,239.26 1 0
github.com/scttfrdmn/cloudworkstation/pkg/repository/manager.go:239.26,241.4 1 0
github.com/scttfrdmn/cloudworkstation/pkg/repository/manager.go:245.2,246.23 2 0
github.com/scttfrdmn/cloudworkstation/pkg/repository/manager.go:250.55,252.23 1 0
github.com/scttfrdmn/cloudworkstation/pkg/repository/manager.go:252.23,254.3 1 0
github.com/scttfrdmn/cloudworkstation/pkg/repository/manager.go:257.2,258.45 2 0
github.com/scttfrdmn/cloudworkstation/pkg/repository/manager.go:258.45,259.24 1 0
github.com/scttfrdmn/cloudworkstation/pkg/repository/manager.go:259.24,261.9 2 0
github.com/scttfrdmn/cloudworkstation/pkg/repository/manager.go:265.2,265.17 1 0
github.com/scttfrdmn/cloudworkstation/pkg/repository/manager.go:265.17,267.3 1 0
github.com/scttfrdmn/cloudworkstation/pkg/repository/manager.go:270.2,276.39 3 0
github.com/scttfrdmn/cloudworkstation/pkg/repository/manager.go:276.39,278.3 1 0
github.com/scttfrdmn/cloudworkstation/pkg/repository/manager.go:280.2,280.22 1 0
github.com/scttfrdmn/cloudworkstation/pkg/repository/manager.go:284.59,287.42 2 0
github.com/scttfrdmn/cloudworkstation/pkg/repository/manager.go:287.42,288.26 1 0
github.com/scttfrdmn/cloudworkstation/pkg/repository/manager.go:288.26,290.9 2 0
github.com/scttfrdmn/cloudworkstation/pkg/repository/manager.go:294.2,294.17 1 0
github.com/scttfrdmn/cloudworkstation/pkg/repository/manager.go:294.17,296.3 1 0
github.com/scttfrdmn/cloudworkstation/pkg/repository/manager.go:299.2,300.23 2 0
github.com/scttfrdmn/cloudworkstation/pkg/repository/manager.go:305.81,309.58 2 0
github.com/scttfrdmn/cloudworkstation/pkg/repository/manager.go:309.58,312.3 2 0
github.com/scttfrdmn/cloudworkstation/pkg/repository/manager.go:315.2,315.58 1 0
github.com/scttfrdmn/cloudworkstation/pkg/repository/manager.go:315.58,318.3 2 0
github.com/scttfrdmn/cloudworkstation/pkg/repository/manager.go:318.8,320.3 1 0
github.com/scttfrdmn/cloudworkstation/pkg/repository/manager.go:323.2,323.27 1 0
github.com/scttfrdmn/cloudworkstation/pkg/repository/manager.go:323.27,325.3 1 0
github.com/scttfrdmn/cloudworkstation/pkg/repository/manager.go:327.2,327.20 1 0
github.com/scttfrdmn/cloudworkstation/pkg/repository/manager.go:331.95,333.26 1 0
github.com/scttfrdmn/cloudworkstation/pkg/repository/manager.go:333.26,335.17 2 0
github.com/scttfrdmn/cloudworkstation/pkg/repository/manager.go:335.17,337.4 1 0
github.com/scttfrdmn/cloudworkstation/pkg/repository/manager.go:340.3,340.55 1 0
github.com/scttfrdmn/cloudworkstation/pkg/repository/manager.go:340.55,342.4 1 0
github.com/scttfrdmn/cloudworkstation/pkg/repository/manager.go:345.3,346.17 2 0
github.com/scttfrdmn/cloudworkstation/pkg/repository/manager.go:346.17,348.4 1 0
github.com/scttfrdmn/cloudworkstation/pkg/repository/manager.go:351.3,351.40 1 0
github.com/scttfrdmn/cloudworkstation/pkg/repository/manager.go:351.40,352.30 1 0
github.com/scttfrdmn/cloudworkstation/pkg/repository/manager.go:352.30,354.5 1 0
github.com/scttfrdmn/cloudworkstation/pkg/repository/manager.go:357.3,357.102 1 0
github.com/scttfrdmn/cloudworkstation/pkg/repository/manager.go:361.2,362.29 2 0
github.com/scttfrdmn/cloudworkstation/pkg/repository/manager.go:362.29,364.56 1 0
github.com/scttfrdmn/cloudworkstation/pkg/repository/manager.go:364.56,367.12 2 0
github.com/scttfrdmn/cloudworkstation/pkg/repository/manager.go:371.3,372.17 2 0
github.com/scttfrdmn/cloudworkstation/pkg/repository/manager.go:372.17,375.12 2 0
github.com/scttfrdmn/cloudworkstation/pkg/repository/manager.go:379.3,379.40 1 0
github.com/scttfrdmn/cloudworkstation/pkg/repository/manager.go:379.40,380.30 1 0
github.com/scttfrdmn/cloudworkstation/pkg/repository/manager.go:380.30,382.5 1 0
github.com/scttfrdmn/cloudworkstation/pkg/repository/manager.go:386.2,386.86 1 0
github.com/scttfrdmn/cloudworkstation/pkg/repository/manager.go:390.83,392.9 2 0
github.com/scttfrdmn/cloudworkstation/pkg/repository/manager.go:392.9,394.3 1 0
github.com/scttfrdmn/cloudworkstation/pkg/repository/manager.go:396.2,396.27 1 0
github.com/scttfrdmn/cloudworkstation/pkg/repository/manager.go:396.27,398.3 1 0
github.com/scttfrdmn/cloudworkstation/pkg/repository/manager.go:400.2,400.28 1 0
github.com/scttfrdmn/cloudworkstation/pkg/repository/manager.go:404.65,407.8 2 0
github.com/scttfrdmn/cloudworkstation/pkg/repository/manager.go:407.8,409.55 1 0
github.com/scttfrdmn/cloudworkstation/pkg/repository/manager.go:409.55,411.4 1 0
github.com/scttfrdmn/cloudworkstation/pkg/repository/manager.go:415.2,415.19 1 0
github.com/scttfrdmn/cloudworkstation/pkg/repository/manager.go:416.16,417.35 1 0
github.com/scttfrdmn/cloudworkstation/pkg/repository/manager.go:418.15,419.34 1 0
github.com/scttfrdmn/cloudworkstation/pkg/repository/manager.go:420.12,421.31 1 0
github.com/scttfrdmn/cloudworkstation/pkg/repository/manager.go:422.10,423.66 1 0
github.com/scttfrdmn/cloudworkstation/pkg/repository/manager.go:429.61,433.45 2 0
github.com/scttfrdmn/cloudworkstation/pkg/repository/manager.go:433.45,435.3 1 0
github.com/scttfrdmn/cloudworkstation/pkg/repository/manager.go:437.2,453.22 3 0
github.com/scttfrdmn/cloudworkstation/pkg/repository/manager.go:457.60,459.21 1 0
github.com/scttfrdmn/cloudworkstation/pkg/repository/manager.go:459.21,461.3 1 0
github.com/scttfrdmn/cloudworkstation/pkg/repository/manager.go:463.2,463.54 1 0
github.com/scttfrdmn/cloudworkstation/pkg/repository/manager.go:463.54,465.3 1 0
github.com/scttfrdmn/cloudworkstation/pkg/repository/manager.go:468.2,469.57 2 0
github.com/scttfrdmn/cloudworkstation/pkg/repository/manager.go:469.57,471.3 1 0
github.com/scttfrdmn/cloudworkstation/pkg/repository/manager.go:473.2,474.16 2 0
github.com/scttfrdmn/cloudworkstation/pkg/repository/manager.go:474.16,476.3 1 0
github.com/scttfrdmn/cloudworkstation/pkg/repository/manager.go:479.2,480.55 2 0
github.com/scttfrdmn/cloudworkstation/pkg/repository/manager.go:480.55,482.3 1 0
github.com/scttfrdmn/cloudworkstation/pkg/repository/manager.go:485.2,486.45 2 0
github.com/scttfrdmn/cloudworkstation/pkg/repository/manager.go:486.45,488.3 1 0
github.com/scttfrdmn/cloudworkstation/pkg/repository/manager.go:491.2,497.22 2 0
github.com/scttfrdmn/cloudworkstation/pkg/repository/manager.go:502.57,505.2 1 0
github.com/scttfrdmn/cloudworkstation/pkg/repository/manager.go:508.35,509.49 1 0
github.com/scttfrdmn/cloudworkstation/pkg/repository/manager.go:509.49,511.3 1 0
github.com/scttfrdmn/cloudworkstation/pkg/repository/manager.go:512.2,512.12 1 0
github.com/scttfrdmn/cloudworkstation/pkg/aws/manager.go:50.59,52.19 2 0
github.com/scttfrdmn/cloudworkstation/pkg/aws/manager.go:52.19,54.3 1 0
github.com/scttfrdmn/cloudworkstation/pkg/aws/manager.go:57.2,60.23 2 0
github.com/scttfrdmn/cloudworkstation/pkg/aws/manager.go:60.23,62.3 1 0
github.com/scttfrdmn/cloudworkstation/pkg/aws/manager.go:65.2,65.22 1 0
github.com/scttfrdmn/cloudworkstation/pkg/aws/manager.go:65.22,67.3 1 0
github.com/scttfrdmn/cloudworkstation/pkg/aws/manager.go:69.2,70.16 2 0
github.com/scttfrdmn/cloudworkstation/pkg/aws/manager.go:70.16,72.3 1 0
github.com/scttfrdmn/cloudworkstation/pkg/aws/manager.go:75.2,76.16 2 0
github.com/scttfrdmn/cloudworkstation/pkg/aws/manager.go:76.16,78.3 1 0
github.com/scttfrdmn/cloudworkstation/pkg/aws/manager.go:81.2,88.18 6 0
github.com/scttfrdmn/cloudworkstation/pkg/aws/manager.go:88.18,90.3 1 0
github.com/scttfrdmn/cloudworkstation/pkg/aws/manager.go:92.2,106.21 2 0
github.com/scttfrdmn/cloudworkstation/pkg/aws/manager.go:110.45,112.2 1 1
github.com/scttfrdmn/cloudworkstation/pkg/aws/manager.go:115.61,117.2 1 1
github.com/scttfrdmn/cloudworkstation/pkg/aws/manager.go:120.70,122.13 2 3
github.com/scttfrdmn/cloudworkstation/pkg/aws/manager.go:122.13,124.3 1 2
github.com/scttfrdmn/cloudworkstation/pkg/aws/manager.go:125.2,125.23 1 1
github.com/scttfrdmn/cloudworkstation/pkg/aws/manager.go:129.86,135.2 2 0
github.com/scttfrdmn/cloudworkstation/pkg/aws/manager.go:138.116,142.26 2 0
github.com/scttfrdmn/cloudworkstation/pkg/aws/manager.go:142.26,144.3 1 0
github.com/scttfrdmn/cloudworkstation/pkg/aws/manager.go:146.2,147.16 2 0
github.com/scttfrdmn/cloudworkstation/pkg/aws/manager.go:147.16,149.3 1 0
github.com/scttfrdmn/cloudworkstation/pkg/aws/manager.go:152.2,153.13 2 0
github.com/scttfrdmn/cloudworkstation/pkg/aws/manager.go:153.13,155.3 1 0
github.com/scttfrdmn/cloudworkstation/pkg/aws/manager.go:157.2,158.13 2 0
github.com/scttfrdmn/cloudworkstation/pkg/aws/manager.go:158.13,160.3 1 0
github.com/scttfrdmn/cloudworkstation/pkg/aws/manager.go:163.2,172.26 4 0
github.com/scttfrdmn/cloudworkstation/pkg/aws/manager.go:172.26,173.42 1 0
github.com/scttfrdmn/cloudworkstation/pkg/aws/manager.go:173.42,175.4 1 0
github.com/scttfrdmn/cloudworkstation/pkg/aws/manager.go:179.2,185.21 3 0
github.com/scttfrdmn/cloudworkstation/pkg/aws/manager.go:185.21,188.3 1 0
github.com/scttfrdmn/cloudworkstation/pkg/aws/manager.go:188.8,191.17 2 0
github.com/scttfrdmn/cloudworkstation/pkg/aws/manager.go:191.17,193.4 1 0
github.com/scttfrdmn/cloudworkstation/pkg/aws/manager.go:194.3,194.24 1 0
github.com/scttfrdmn/cloudworkstation/pkg/aws/manager.go:197.2,197.24 1 0
github.com/scttfrdmn/cloudworkstation/pkg/aws/manager.go:197.24,200.3 1 0
github.com/scttfrdmn/cloudworkstation/pkg/aws/manager.go:200.8,203.17 2 0
github.com/scttfrdmn/cloudworkstation/pkg/aws/manager.go:203.17,205.4 1 0
github.com/scttfrdmn/cloudworkstation/pkg/aws/manager.go:206.3,206.30 1 0
github.com/scttfrdmn/cloudworkstation/pkg/aws/manager.go:210.2,211.16 2 0
github.com/scttfrdmn/cloudworkstation/pkg/aws/manager.go:211.16,213.3 1 0
github.com/scttfrdmn/cloudworkstation/pkg/aws/manager.go:214.2,245.26 5 0
github.com/scttfrdmn/cloudworkstation/pkg/aws/manager.go:245.26,247.3 1 0
github.com/scttfrdmn/cloudworkstation/pkg/aws/manager.go:250.2,250.33 1 0
github.com/scttfrdmn/cloudworkstation/pkg/aws/manager.go:250.33,252.3 1 0
github.com/scttfrdmn/cloudworkstation/pkg/aws/manager.go:255.2,255.21 1 0
github.com/scttfrdmn/cloudworkstation/pkg/aws/manager.go:255.21,257.43 1 0
github.com/scttfrdmn/cloudworkstation/pkg/aws/manager.go:257.43,259.4 1 0
github.com/scttfrdmn/cloudworkstation/pkg/aws/manager.go:261.3,268.105 3 0
github.com/scttfrdmn/cloudworkstation/pkg/aws/manager.go:268.105,270.4 1 0
github.com/scttfrdmn/cloudworkstation/pkg/aws/manager.go:272.3,282.4 1 0
github.com/scttfrdmn/cloudworkstation/pkg/aws/manager.go:286.2,286.14 1 0
github.com/scttfrdmn/cloudworkstation/pkg/aws/manager.go:286.14,293.3 1 0
github.com/scttfrdmn/cloudworkstation/pkg/aws/manager.go:296.2,296.16 1 0
github.com/scttfrdmn/cloudworkstation/pkg/aws/manager.go:296.16,303.3 1 0
github.com/scttfrdmn/cloudworkstation/pkg/aws/manager.go:306.2,307.16 2 0
github.com/scttfrdmn/cloudworkstation/pkg/aws/manager.go:307.16,309.3 1 0
github.com/scttfrdmn/cloudworkstation/pkg/aws/manager.go:311.2,321.8 2 0
github.com/scttfrdmn/cloudworkstation/pkg/aws/manager.go:325.53,328.16 2 0
github.com/scttfrdmn/cloudworkstation/pkg/aws/manager.go:328.16,330.3 1 0
github.com/scttfrdmn/cloudworkstation/pkg/aws/manager.go:333.2,336.16 2 0
github.com/scttfrdmn/cloudworkstation/pkg/aws/manager.go:336.16,338.3 1 0
github.com/scttfrdmn/cloudworkstation/pkg/aws/manager.go:340.2,340.12 1 0
github.com/scttfrdmn/cloudworkstation/pkg/aws/manager.go:344.52,347.16 2 0
github.com/scttfrdmn/cloudworkstation/pkg/aws/manager.go:347.16,349.3 1 0
github.com/scttfrdmn/cloudworkstation/pkg/aws/manager.go:352.2,355.16 2 0
github.com/scttfrdmn/cloudworkstation/pkg/aws/manager.go:355.16,357.3 1 0
github.com/scttfrdmn/cloudworkstation/pkg/aws/manager.go:359.2,359.12 1 0
github.com/scttfrdmn/cloudworkstation/pkg/aws/manager.go:363.51,366.16 2 0
github.com/scttfrdmn/cloudworkstation/pkg/aws/manager.go:366.16,368.3 1 0
github.com/scttfrdmn/cloudworkstation/pkg/aws/manager.go:371.2,374.16 2 0
github.com/scttfrdmn/cloudworkstation/pkg/aws/manager.go:374.16,376.3 1 0
github.com/scttfrdmn/cloudworkstation/pkg/aws/manager.go:378.2,378.12 1 0
github.com/scttfrdmn/cloudworkstation/pkg/aws/manager.go:383.56,386.16 2 0
github.com/scttfrdmn/cloudworkstation/pkg/aws/manager.go:386.16,388.3 1 0
github.com/scttfrdmn/cloudworkstation/pkg/aws/manager.go:391.2,394.16 2 0
github.com/scttfrdmn/cloudworkstation/pkg/aws/manager.go:394.16,396.3 1 0
github.com/scttfrdmn/cloudworkstation/pkg/aws/manager.go:398.2,398.81 1 0
github.com/scttfrdmn/cloudworkstation/pkg/aws/manager.go:398.81,400.3 1 0
github.com/scttfrdmn/cloudworkstation/pkg/aws/manager.go:402.2,405.40 2 0
github.com/scttfrdmn/cloudworkstation/pkg/aws/manager.go:405.40,409.3 3 0
github.com/scttfrdmn/cloudworkstation/pkg/aws/manager.go:411.2,411.46 1 0
github.com/scttfrdmn/cloudworkstation/pkg/aws/manager.go:411.46,415.3 3 0
github.com/scttfrdmn/cloudworkstation/pkg/aws/manager.go:418.2,418.27 1 0
github.com/scttfrdmn/cloudworkstation/pkg/aws/manager.go:418.27,420.3 1 0
github.com/scttfrdmn/cloudworkstation/pkg/aws/manager.go:422.2,423.32 2 0
github.com/scttfrdmn/cloudworkstation/pkg/aws/manager.go:423.32,425.3 1 0
github.com/scttfrdmn/cloudworkstation/pkg/aws/manager.go:429.2,429.32 1 0
github.com/scttfrdmn/cloudworkstation/pkg/aws/manager.go:429.32,433.37 3 0
github.com/scttfrdmn/cloudworkstation/pkg/aws/manager.go:433.37,439.4 2 0
github.com/scttfrdmn/cloudworkstation/pkg/aws/manager.go:443.2,447.16 2 0
github.com/scttfrdmn/cloudworkstation/pkg/aws/manager.go:447.16,449.3 1 0
github.com/scttfrdmn/cloudworkstation/pkg/aws/manager.go:451.2,451.12 1 0
github.com/scttfrdmn/cloudworkstation/pkg/aws/manager.go:455.53,458.2 1 0
github.com/scttfrdmn/cloudworkstation/pkg/aws/manager.go:461.81,464.16 2 0
github.com/scttfrdmn/cloudworkstation/pkg/aws/manager.go:464.16,466.3 1 0
github.com/scttfrdmn/cloudworkstation/pkg/aws/manager.go:469.2,472.16 2 0
github.com/scttfrdmn/cloudworkstation/pkg/aws/manager.go:472.16,474.3 1 0
github.com/scttfrdmn/cloudworkstation/pkg/aws/manager.go:476.2,476.81 1 0
github.com/scttfrdmn/cloudworkstation/pkg/aws/manager.go:476.81,478.3 1 0
github.com/scttfrdmn/cloudworkstation/pkg/aws/manager.go:480.2,487.95 4 0
github.com/scttfrdmn/cloudworkstation/pkg/aws/manager.go:487.95,491.3 1 0
github.com/scttfrdmn/cloudworkstation/pkg/aws/manager.go:493.2,493.48 1 0
github.com/scttfrdmn/cloudworkstation/pkg/aws/manager.go:497.66,500.16 2 0
github.com/scttfrdmn/cloudworkstation/pkg/aws/manager.go:500.16,502.3 1 0
github.com/scttfrdmn/cloudworkstation/pkg/aws/manager.go:505.2,508.16 2 0
github.com/scttfrdmn/cloudworkstation/pkg/aws/manager.go:508.16,510.3 1 0
github.com/scttfrdmn/cloudworkstation/pkg/aws/manager.go:512.2,512.81 1 0
github.com/scttfrdmn/cloudworkstation/pkg/aws/manager.go:512.81,514.3 1 0
github.com/scttfrdmn/cloudworkstation/pkg/aws/manager.go:516.2,518.37 2 0
github.com/scttfrdmn/cloudworkstation/pkg/aws/manager.go:518.37,520.3 1 0
github.com/scttfrdmn/cloudworkstation/pkg/aws/manager.go:523.2,524.29 2 0
github.com/scttfrdmn/cloudworkstation/pkg/aws/manager.go:524.29,526.17 2 0
github.com/scttfrdmn/cloudworkstation/pkg/aws/manager.go:526.17,528.4 1 0
github.com/scttfrdmn/cloudworkstation/pkg/aws/manager.go:531.2,531.83 1 0
github.com/scttfrdmn/cloudworkstation/pkg/aws/manager.go:535.91,538.31 2 0
github.com/scttfrdmn/cloudworkstation/pkg/aws/manager.go:538.31,540.3 1 0
github.com/scttfrdmn/cloudworkstation/pkg/aws/manager.go:542.2,543.30 2 0
github.com/scttfrdmn/cloudworkstation/pkg/aws/manager.go:543.30,545.3 1 0
github.com/scttfrdmn/cloudworkstation/pkg/aws/manager.go:548.2,564.16 3 0
github.com/scttfrdmn/cloudworkstation/pkg/aws/manager.go:564.16,566.3 1 0
github.com/scttfrdmn/cloudworkstation/pkg/aws/manager.go:568.2,580.20 2 0
github.com/scttfrdmn/cloudworkstation/pkg/aws/manager.go:584.51,587.16 2 6
github.com/scttfrdmn/cloudworkstation/pkg/aws/manager.go:587.16,589.3 1 1
github.com/scttfrdmn/cloudworkstation/pkg/aws/manager.go:591.2,592.13 2 5
github.com/scttfrdmn/cloudworkstation/pkg/aws/manager.go:592.13,594.3 1 1
github.com/scttfrdmn/cloudworkstation/pkg/aws/manager.go:597.2,598.16 2 4
github.com/scttfrdmn/cloudworkstation/pkg/aws/manager.go:598.16,600.3 1 0
github.com/scttfrdmn/cloudworkstation/pkg/aws/manager.go:602.2,609.16 3 4
github.com/scttfrdmn/cloudworkstation/pkg/aws/manager.go:609.16,611.3 1 1
github.com/scttfrdmn/cloudworkstation/pkg/aws/manager.go:614.2,614.41 1 3
github.com/scttfrdmn/cloudworkstation/pkg/aws/manager.go:614.41,621.17 4 3
github.com/scttfrdmn/cloudworkstation/pkg/aws/manager.go:621.17,623.4 1 1
github.com/scttfrdmn/cloudworkstation/pkg/aws/manager.go:628.2,628.34 1 2
github.com/scttfrdmn/cloudworkstation/pkg/aws/manager.go:628.34,632.27 2 1
github.com/scttfrdmn/cloudworkstation/pkg/aws/manager.go:632.27,637.18 2 1
github.com/scttfrdmn/cloudworkstation/pkg/aws/manager.go:637.18,639.60 1 0
github.com/scttfrdmn/cloudworkstation/pkg/aws/manager.go:639.60,640.11 1 0
github.com/scttfrdmn/cloudworkstation/pkg/aws/manager.go:642.5,642.63 1 0
github.com/scttfrdmn/cloudworkstation/pkg/aws/manager.go:646.4,646.38 1 1
github.com/scttfrdmn/cloudworkstation/pkg/aws/manager.go:646.38,647.10 1 1
github.com/scttfrdmn/cloudworkstation/pkg/aws/manager.go:651.4,651.32 1 0
github.com/scttfrdmn/cloudworkstation/pkg/aws/manager.go:656.2,660.16 3 2
github.com/scttfrdmn/cloudworkstation/pkg/aws/manager.go:660.16,662.3 1 1
github.com/scttfrdmn/cloudworkstation/pkg/aws/manager.go:665.2,665.42 1 1
github.com/scttfrdmn/cloudworkstation/pkg/aws/manager.go:669.82,672.16 2 0
github.com/scttfrdmn/cloudworkstation/pkg/aws/manager.go:672.16,674.3 1 0
github.com/scttfrdmn/cloudworkstation/pkg/aws/manager.go:676.2,677.13 2 0
github.com/scttfrdmn/cloudworkstation/pkg/aws/manager.go:677.13,679.3 1 0
github.com/scttfrdmn/cloudworkstation/pkg/aws/manager.go:682.2,683.13 2 0
github.com/scttfrdmn/cloudworkstation/pkg/aws/manager.go:683.13,685.3 1 0
github.com/scttfrdmn/cloudworkstation/pkg/aws/manager.go:688.2,688.33 1 0
github.com/scttfrdmn/cloudworkstation/pkg/aws/manager.go:688.33,690.3 1 0
github.com/scttfrdmn/cloudworkstation/pkg/aws/manager.go:692.2,693.16 2 0
github.com/scttfrdmn/cloudworkstation/pkg/aws/manager.go:693.16,695.3 1 0
github.com/scttfrdmn/cloudworkstation/pkg/aws/manager.go:697.2,766.16 4 0
github.com/scttfrdmn/cloudworkstation/pkg/aws/manager.go:766.16,768.3 1 0
github.com/scttfrdmn/cloudworkstation/pkg/aws/manager.go:770.2,771.12 2 0
github.com/scttfrdmn/cloudworkstation/pkg/aws/manager.go:775.72,778.16 2 0
github.com/scttfrdmn/cloudworkstation/pkg/aws/manager.go:778.16,780.3 1 0
github.com/scttfrdmn/cloudworkstation/pkg/aws/manager.go:782.2,783.13 2 0
github.com/scttfrdmn/cloudworkstation/pkg/aws/manager.go:783.13,785.3 1 0
github.com/scttfrdmn/cloudworkstation/pkg/aws/manager.go:787.2,788.13 2 0
github.com/scttfrdmn/cloudworkstation/pkg/aws/manager.go:788.13,790.3 1 0
github.com/scttfrdmn/cloudworkstation/pkg/aws/manager.go:792.2,793.16 2 0
github.com/scttfrdmn/cloudworkstation/pkg/aws/manager.go:793.16,795.3 1 0
github.com/scttfrdmn/cloudworkstation/pkg/aws/manager.go:797.2,827.16 4 0
github.com/scttfrdmn/cloudworkstation/pkg/aws/manager.go:827.16,829.3 1 0
github.com/scttfrdmn/cloudworkstation/pkg/aws/manager.go:831.2,832.12 2 0
github.com/scttfrdmn/cloudworkstation/pkg/aws/manager.go:836.76,846.16 2 0
github.com/scttfrdmn/cloudworkstation/pkg/aws/manager.go:846.16,848.3 1 0
github.com/scttfrdmn/cloudworkstation/pkg/aws/manager.go:850.2,855.53 4 0
github.com/scttfrdmn/cloudworkstation/pkg/aws/manager.go:855.53,861.17 2 0
github.com/scttfrdmn/cloudworkstation/pkg/aws/manager.go:861.17,863.12 2 0
github.com/scttfrdmn/cloudworkstation/pkg/aws/manager.go:866.3,867.17 2 0
github.com/scttfrdmn/cloudworkstation/pkg/aws/manager.go:868.18,870.47 2 0
github.com/scttfrdmn/cloudworkstation/pkg/aws/manager.go:870.47,872.5 1 0
github.com/scttfrdmn/cloudworkstation/pkg/aws/manager.go:873.4,873.14 1 0
github.com/scttfrdmn/cloudworkstation/pkg/aws/manager.go:874.17,876.46 2 0
github.com/scttfrdmn/cloudworkstation/pkg/aws/manager.go:876.46,878.5 1 0
github.com/scttfrdmn/cloudworkstation/pkg/aws/manager.go:879.4,879.57 1 0
github.com/scttfrdmn/cloudworkstation/pkg/aws/manager.go:880.32,881.62 1 0
github.com/scttfrdmn/cloudworkstation/pkg/aws/manager.go:882.43,885.12 2 0
github.com/scttfrdmn/cloudworkstation/pkg/aws/manager.go:886.11,889.12 3 0
github.com/scttfrdmn/cloudworkstation/pkg/aws/manager.go:893.2,893.82 1 0
github.com/scttfrdmn/cloudworkstation/pkg/aws/manager.go:897.93,900.16 2 0
github.com/scttfrdmn/cloudworkstation/pkg/aws/manager.go:900.16,902.3 1 0
github.com/scttfrdmn/cloudworkstation/pkg/aws/manager.go:905.2,906.26 2 0
github.com/scttfrdmn/cloudworkstation/pkg/aws/manager.go:906.26,908.3 1 0
github.com/scttfrdmn/cloudworkstation/pkg/aws/manager.go:911.2,936.48 3 0
github.com/scttfrdmn/cloudworkstation/pkg/aws/manager.go:936.48,938.3 1 0
github.com/scttfrdmn/cloudworkstation/pkg/aws/manager.go:941.2,941.25 1 0
github.com/scttfrdmn/cloudworkstation/pkg/aws/manager.go:941.25,943.3 1 0
github.com/scttfrdmn/cloudworkstation/pkg/aws/manager.go:945.2,946.16 2 0
github.com/scttfrdmn/cloudworkstation/pkg/aws/manager.go:946.16,948.3 1 0
github.com/scttfrdmn/cloudworkstation/pkg/aws/manager.go:951.2,967.20 3 0
github.com/scttfrdmn/cloudworkstation/pkg/aws/manager.go:971.52,974.16 2 0
github.com/scttfrdmn/cloudworkstation/pkg/aws/manager.go:974.16,976.3 1 0
github.com/scttfrdmn/cloudworkstation/pkg/aws/manager.go:979.2,982.16 2 0
github.com/scttfrdmn/cloudworkstation/pkg/aws/manager.go:982.16,984.3 1 0
github.com/scttfrdmn/cloudworkstation/pkg/aws/manager.go:986.2,986.12 1 0
github.com/scttfrdmn/cloudworkstation/pkg/aws/manager.go:990.72,993.16 2 0
github.com/scttfrdmn/cloudworkstation/pkg/aws/manager.go:993.16,995.3 1 0
github.com/scttfrdmn/cloudworkstation/pkg/aws/manager.go:998.2,999.16 2 0
github.com/scttfrdmn/cloudworkstation/pkg/aws/manager.go:999.16,1001.3 1 0
github.com/scttfrdmn/cloudworkstation/pkg/aws/manager.go:1004.2,1012.16 3 0
github.com/scttfrdmn/cloudworkstation/pkg/aws/manager.go:1012.16,1014.3 1 0
github.com/scttfrdmn/cloudworkstation/pkg/aws/manager.go:1016.2,1016.12 1 0
github.com/scttfrdmn/cloudworkstation/pkg/aws/manager.go:1020.58,1023.16 2 0
github.com/scttfrdmn/cloudworkstation/pkg/aws/manager.go:1023.16,1025.3 1 0
github.com/scttfrdmn/cloudworkstation/pkg/aws/manager.go:1028.2,1031.16 2 0
github.com/scttfrdmn/cloudworkstation/pkg/aws/manager.go:1031.16,1033.3 1 0
github.com/scttfrdmn/cloudworkstation/pkg/aws/manager.go:1035.2,1035.12 1 0
github.com/scttfrdmn/cloudworkstation/pkg/aws/manager.go:1041.49,1043.14 2 1
github.com/scttfrdmn/cloudworkstation/pkg/aws/manager.go:1044.15,1045.18 1 0
github.com/scttfrdmn/cloudworkstation/pkg/aws/manager.go:1046.15,1047.17 1 1
github.com/scttfrdmn/cloudworkstation/pkg/aws/manager.go:1048.10,1049.18 1 0
github.com/scttfrdmn/cloudworkstation/pkg/aws/manager.go:1054.126,1057.19 2 3
github.com/scttfrdmn/cloudworkstation/pkg/aws/manager.go:1057.19,1059.3 1 1
github.com/scttfrdmn/cloudworkstation/pkg/aws/manager.go:1062.2,1063.17 2 2
github.com/scttfrdmn/cloudworkstation/pkg/aws/manager.go:1063.17,1065.3 1 1
github.com/scttfrdmn/cloudworkstation/pkg/aws/manager.go:1068.2,1069.17 2 1
github.com/scttfrdmn/cloudworkstation/pkg/aws/manager.go:1069.17,1071.3 1 0
github.com/scttfrdmn/cloudworkstation/pkg/aws/manager.go:1074.2,1075.17 2 1
github.com/scttfrdmn/cloudworkstation/pkg/aws/manager.go:1075.17,1077.3 1 0
github.com/scttfrdmn/cloudworkstation/pkg/aws/manager.go:1079.2,1079.44 1 1
github.com/scttfrdmn/cloudworkstation/pkg/aws/manager.go:1083.104,1085.35 1 0
github.com/scttfrdmn/cloudworkstation/pkg/aws/manager.go:1085.35,1087.3 1 0
github.com/scttfrdmn/cloudworkstation/pkg/aws/manager.go:1090.2,1094.17 4 0
github.com/scttfrdmn/cloudworkstation/pkg/aws/manager.go:1098.93,1112.2 2 4
github.com/scttfrdmn/cloudworkstation/pkg/aws/manager.go:1115.67,1132.16 2 0
github.com/scttfrdmn/cloudworkstation/pkg/aws/manager.go:1132.16,1134.3 1 0
github.com/scttfrdmn/cloudworkstation/pkg/aws/manager.go:1136.2,1136.50 1 0
github.com/scttfrdmn/cloudworkstation/pkg/aws/manager.go:1136.50,1137.50 1 0
github.com/scttfrdmn/cloudworkstation/pkg/aws/manager.go:1137.50,1139.4 1 0
github.com/scttfrdmn/cloudworkstation/pkg/aws/manager.go:1142.2,1142.56 1 0
github.com/scttfrdmn/cloudworkstation/pkg/aws/manager.go:1146.62,1149.16 2 0
github.com/scttfrdmn/cloudworkstation/pkg/aws/manager.go:1149.16,1152.3 1 0
github.com/scttfrdmn/cloudworkstation/pkg/aws/manager.go:1154.2,1155.25 2 0
github.com/scttfrdmn/cloudworkstation/pkg/aws/manager.go:1155.25,1157.3 1 0
github.com/scttfrdmn/cloudworkstation/pkg/aws/manager.go:1158.2,1170.16 2 0
github.com/scttfrdmn/cloudworkstation/pkg/aws/manager.go:1170.16,1172.3 1 0
github.com/scttfrdmn/cloudworkstation/pkg/aws/manager.go:1174.2,1175.50 2 0
github.com/scttfrdmn/cloudworkstation/pkg/aws/manager.go:1175.50,1176.53 1 0
github.com/scttfrdmn/cloudworkstation/pkg/aws/manager.go:1176.53,1181.41 4 0
github.com/scttfrdmn/cloudworkstation/pkg/aws/manager.go:1181.41,1182.43 1 0
github.com/scttfrdmn/cloudworkstation/pkg/aws/manager.go:1182.43,1183.22 1 0
github.com/scttfrdmn/cloudworkstation/pkg/aws/manager.go:1184.18,1185.24 1 0
github.com/scttfrdmn/cloudworkstation/pkg/aws/manager.go:1186.22,1187.28 1 0
github.com/scttfrdmn/cloudworkstation/pkg/aws/manager.go:1188.21,1189.27 1 0
github.com/scttfrdmn/cloudworkstation/pkg/aws/manager.go:1195.4,1195.18 1 0
github.com/scttfrdmn/cloudworkstation/pkg/aws/manager.go:1195.18,1196.13 1 0
github.com/scttfrdmn/cloudworkstation/pkg/aws/manager.go:1200.4,1201.32 2 0
github.com/scttfrdmn/cloudworkstation/pkg/aws/manager.go:1201.32,1206.51 2 0
github.com/scttfrdmn/cloudworkstation/pkg/aws/manager.go:1206.51,1208.6 1 0
github.com/scttfrdmn/cloudworkstation/pkg/aws/manager.go:1208.11,1209.57 1 0
github.com/scttfrdmn/cloudworkstation/pkg/aws/manager.go:1209.57,1212.6 1 0
github.com/scttfrdmn/cloudworkstation/pkg/aws/manager.go:1216.4,1217.42 2 0
github.com/scttfrdmn/cloudworkstation/pkg/aws/manager.go:1217.42,1219.5 1 0
github.com/scttfrdmn/cloudworkstation/pkg/aws/manager.go:1222.4,1223.55 2 0
github.com/scttfrdmn/cloudworkstation/pkg/aws/manager.go:1223.55,1225.5 1 0
github.com/scttfrdmn/cloudworkstation/pkg/aws/manager.go:1228.4,1241.25 2 0
github.com/scttfrdmn/cloudworkstation/pkg/aws/manager.go:1241.25,1242.68 1 0
github.com/scttfrdmn/cloudworkstation/pkg/aws/manager.go:1242.68,1244.6 1 0
github.com/scttfrdmn/cloudworkstation/pkg/aws/manager.go:1247.4,1247.43 1 0
github.com/scttfrdmn/cloudworkstation/pkg/aws/manager.go:1251.2,1251.23 1 0
github.com/scttfrdmn/cloudworkstation/pkg/aws/manager.go:1255.59,1256.14 1 18
github.com/scttfrdmn/cloudworkstation/pkg/aws/manager.go:1257.18,1258.18 1 3
github.com/scttfrdmn/cloudworkstation/pkg/aws/manager.go:1259.16,1260.18 1 1
github.com/scttfrdmn/cloudworkstation/pkg/aws/manager.go:1261.16,1262.19 1 1
github.com/scttfrdmn/cloudworkstation/pkg/aws/manager.go:1263.16,1264.19 1 1
github.com/scttfrdmn/cloudworkstation/pkg/aws/manager.go:1265.18,1266.19 1 1
github.com/scttfrdmn/cloudworkstation/pkg/aws/manager.go:1267.10,1270.66 2 11
github.com/scttfrdmn/cloudworkstation/pkg/aws/manager.go:1270.66,1272.4 1 3
github.com/scttfrdmn/cloudworkstation/pkg/aws/manager.go:1273.3,1273.79 1 8
github.com/scttfrdmn/cloudworkstation/pkg/aws/manager.go:1278.88,1279.20 1 13
github.com/scttfrdmn/cloudworkstation/pkg/aws/manager.go:1280.13,1284.19 2 5
github.com/scttfrdmn/cloudworkstation/pkg/aws/manager.go:1284.19,1286.4 1 1
github.com/scttfrdmn/cloudworkstation/pkg/aws/manager.go:1287.3,1287.18 1 5
github.com/scttfrdmn/cloudworkstation/pkg/aws/manager.go:1287.18,1289.4 1 2
github.com/scttfrdmn/cloudworkstation/pkg/aws/manager.go:1291.3,1292.24 2 5
github.com/scttfrdmn/cloudworkstation/pkg/aws/manager.go:1292.24,1294.4 1 2
github.com/scttfrdmn/cloudworkstation/pkg/aws/manager.go:1295.3,1295.23 1 5
github.com/scttfrdmn/cloudworkstation/pkg/aws/manager.go:1295.23,1297.4 1 2
github.com/scttfrdmn/cloudworkstation/pkg/aws/manager.go:1299.3,1299.26 1 5
github.com/scttfrdmn/cloudworkstation/pkg/aws/manager.go:1301.13,1304.19 2 4
github.com/scttfrdmn/cloudworkstation/pkg/aws/manager.go:1304.19,1306.4 1 1
github.com/scttfrdmn/cloudworkstation/pkg/aws/manager.go:1307.3,1307.17 1 4
github.com/scttfrdmn/cloudworkstation/pkg/aws/manager.go:1307.17,1309.4 1 0
github.com/scttfrdmn/cloudworkstation/pkg/aws/manager.go:1310.3,1310.17 1 4
github.com/scttfrdmn/cloudworkstation/pkg/aws/manager.go:1312.10,1313.14 1 4
github.com/scttfrdmn/cloudworkstation/pkg/aws/manager.go:1318.62,1321.2 2 7
github.com/scttfrdmn/cloudworkstation/pkg/aws/manager.go:1324.66,1327.61 2 16
github.com/scttfrdmn/cloudworkstation/pkg/aws/manager.go:1327.61,1328.51 1 3
github.com/scttfrdmn/cloudworkstation/pkg/aws/manager.go:1328.51,1330.4 1 3
github.com/scttfrdmn/cloudworkstation/pkg/aws/manager.go:1334.2,1338.20 3 13
github.com/scttfrdmn/cloudworkstation/pkg/aws/manager.go:1339.13,1340.19 1 3
github.com/scttfrdmn/cloudworkstation/pkg/aws/manager.go:1341.13,1342.19 1 2
github.com/scttfrdmn/cloudworkstation/pkg/aws/manager.go:1343.13,1344.20 1 2
github.com/scttfrdmn/cloudworkstation/pkg/aws/manager.go:1345.13,1346.20 1 2
github.com/scttfrdmn/cloudworkstation/pkg/aws/manager.go:1347.13,1348.20 1 2
github.com/scttfrdmn/cloudworkstation/pkg/aws/manager.go:1349.10,1350.19 1 2
github.com/scttfrdmn/cloudworkstation/pkg/aws/manager.go:1353.2,1359.22 4 13
github.com/scttfrdmn/cloudworkstation/pkg/aws/manager.go:1363.56,1365.9 1 35
github.com/scttfrdmn/cloudworkstation/pkg/aws/manager.go:1366.48,1367.13 1 20
github.com/scttfrdmn/cloudworkstation/pkg/aws/manager.go:1368.48,1369.14 1 1
github.com/scttfrdmn/cloudworkstation/pkg/aws/manager.go:1370.47,1371.14 1 2
github.com/scttfrdmn/cloudworkstation/pkg/aws/manager.go:1372.48,1373.14 1 2
github.com/scttfrdmn/cloudworkstation/pkg/aws/manager.go:1374.48,1375.14 1 1
github.com/scttfrdmn/cloudworkstation/pkg/aws/manager.go:1376.48,1377.14 1 0
github.com/scttfrdmn/cloudworkstation/pkg/aws/manager.go:1378.51,1379.14 1 1
github.com/scttfrdmn/cloudworkstation/pkg/aws/manager.go:1380.53,1381.14 1 1
github.com/scttfrdmn/cloudworkstation/pkg/aws/manager.go:1382.53,1383.14 1 2
github.com/scttfrdmn/cloudworkstation/pkg/aws/manager.go:1384.53,1385.14 1 1
github.com/scttfrdmn/cloudworkstation/pkg/aws/manager.go:1386.53,1387.14 1 0
github.com/scttfrdmn/cloudworkstation/pkg/aws/manager.go:1388.49,1389.14 1 1
github.com/scttfrdmn/cloudworkstation/pkg/aws/manager.go:1390.51,1391.14 1 1
github.com/scttfrdmn/cloudworkstation/pkg/aws/manager.go:1392.48,1393.14 1 1
github.com/scttfrdmn/cloudworkstation/pkg/aws/manager.go:1394.10,1395.14 1 1
github.com/scttfrdmn/cloudworkstation/pkg/aws/manager.go:1400.68,1403.61 2 7
github.com/scttfrdmn/cloudworkstation/pkg/aws/manager.go:1403.61,1404.51 1 4
github.com/scttfrdmn/cloudworkstation/pkg/aws/manager.go:1404.51,1406.4 1 3
github.com/scttfrdmn/cloudworkstation/pkg/aws/manager.go:1410.2,1414.22 3 4
github.com/scttfrdmn/cloudworkstation/pkg/aws/manager.go:1416.18,1417.21 1 0
github.com/scttfrdmn/cloudworkstation/pkg/aws/manager.go:1418.18,1419.21 1 1
github.com/scttfrdmn/cloudworkstation/pkg/aws/manager.go:1420.19,1421.21 1 3
github.com/scttfrdmn/cloudworkstation/pkg/aws/manager.go:1422.18,1423.21 1 0
github.com/scttfrdmn/cloudworkstation/pkg/aws/manager.go:1424.19,1425.21 1 0
github.com/scttfrdmn/cloudworkstation/pkg/aws/manager.go:1426.20,1427.21 1 0
github.com/scttfrdmn/cloudworkstation/pkg/aws/manager.go:1430.18,1431.20 1 0
github.com/scttfrdmn/cloudworkstation/pkg/aws/manager.go:1432.19,1433.19 1 0
github.com/scttfrdmn/cloudworkstation/pkg/aws/manager.go:1434.20,1435.19 1 0
github.com/scttfrdmn/cloudworkstation/pkg/aws/manager.go:1436.20,1437.19 1 0
github.com/scttfrdmn/cloudworkstation/pkg/aws/manager.go:1440.18,1441.20 1 0
github.com/scttfrdmn/cloudworkstation/pkg/aws/manager.go:1442.19,1443.20 1 0
github.com/scttfrdmn/cloudworkstation/pkg/aws/manager.go:1444.20,1445.20 1 0
github.com/scttfrdmn/cloudworkstation/pkg/aws/manager.go:1446.20,1447.20 1 0
github.com/scttfrdmn/cloudworkstation/pkg/aws/manager.go:1450.21,1451.20 1 0
github.com/scttfrdmn/cloudworkstation/pkg/aws/manager.go:1452.22,1453.20 1 0
github.com/scttfrdmn/cloudworkstation/pkg/aws/manager.go:1454.22,1455.20 1 0
github.com/scttfrdmn/cloudworkstation/pkg/aws/manager.go:1457.10,1459.52 1 0
github.com/scttfrdmn/cloudworkstation/pkg/aws/manager.go:1462.2,1471.19 5 4
github.com/scttfrdmn/cloudworkstation/pkg/aws/manager.go:1475.70,1478.21 2 13
github.com/scttfrdmn/cloudworkstation/pkg/aws/manager.go:1478.21,1480.3 1 2
github.com/scttfrdmn/cloudworkstation/pkg/aws/manager.go:1482.2,1487.9 4 11
github.com/scttfrdmn/cloudworkstation/pkg/aws/manager.go:1488.39,1489.22 1 4
github.com/scttfrdmn/cloudworkstation/pkg/aws/manager.go:1490.40,1491.22 1 0
github.com/scttfrdmn/cloudworkstation/pkg/aws/manager.go:1492.39,1493.21 1 2
github.com/scttfrdmn/cloudworkstation/pkg/aws/manager.go:1494.39,1495.21 1 2
github.com/scttfrdmn/cloudworkstation/pkg/aws/manager.go:1496.39,1497.21 1 0
github.com/scttfrdmn/cloudworkstation/pkg/aws/manager.go:1498.10,1499.20 1 3
github.com/scttfrdmn/cloudworkstation/pkg/aws/manager.go:1503.2,1504.14 2 11
github.com/scttfrdmn/cloudworkstation/pkg/aws/manager.go:1505.14,1506.24 1 0
github.com/scttfrdmn/cloudworkstation/pkg/aws/manager.go:1507.15,1508.23 1 2
github.com/scttfrdmn/cloudworkstation/pkg/aws/manager.go:1509.15,1510.23 1 2
github.com/scttfrdmn/cloudworkstation/pkg/aws/manager.go:1511.16,1512.23 1 1
github.com/scttfrdmn/cloudworkstation/pkg/aws/manager.go:1513.15,1514.23 1 3
github.com/scttfrdmn/cloudworkstation/pkg/aws/manager.go:1515.16,1516.23 1 2
github.com/scttfrdmn/cloudworkstation/pkg/aws/manager.go:1517.17,1518.24 1 1
github.com/scttfrdmn/cloudworkstation/pkg/aws/manager.go:1519.17,1520.24 1 0
github.com/scttfrdmn/cloudworkstation/pkg/aws/manager.go:1521.17,1522.24 1 0
github.com/scttfrdmn/cloudworkstation/pkg/aws/manager.go:1523.18,1524.24 1 0
github.com/scttfrdmn/cloudworkstation/pkg/aws/manager.go:1525.18,1526.25 1 0
github.com/scttfrdmn/cloudworkstation/pkg/aws/manager.go:1527.18,1528.25 1 0
github.com/scttfrdmn/cloudworkstation/pkg/aws/manager.go:1529.10,1530.23 1 0
github.com/scttfrdmn/cloudworkstation/pkg/aws/manager.go:1533.2,1533.36 1 11
github.com/scttfrdmn/cloudworkstation/pkg/aws/manager.go:1537.49,1540.61 2 5
github.com/scttfrdmn/cloudworkstation/pkg/aws/manager.go:1540.61,1541.51 1 1
github.com/scttfrdmn/cloudworkstation/pkg/aws/manager.go:1541.51,1543.4 1 1
github.com/scttfrdmn/cloudworkstation/pkg/aws/manager.go:1547.2,1560.19 7 4
github.com/scttfrdmn/cloudworkstation/pkg/aws/manager.go:1564.65,1581.2 4 1
github.com/scttfrdmn/cloudworkstation/pkg/aws/manager.go:1584.64,1603.2 3 2
github.com/scttfrdmn/cloudworkstation/pkg/aws/manager.go:1606.67,1611.2 3 1
github.com/scttfrdmn/cloudworkstation/pkg/aws/manager.go:1614.61,1616.2 1 1
github.com/scttfrdmn/cloudworkstation/pkg/aws/manager.go:1619.64,1623.38 2 7
github.com/scttfrdmn/cloudworkstation/pkg/aws/manager.go:1623.38,1625.3 1 2
github.com/scttfrdmn/cloudworkstation/pkg/aws/manager.go:1627.2,1627.47 1 7
github.com/scttfrdmn/cloudworkstation/pkg/aws/manager.go:1627.47,1629.3 1 1
github.com/scttfrdmn/cloudworkstation/pkg/aws/manager.go:1631.2,1631.51 1 7
github.com/scttfrdmn/cloudworkstation/pkg/aws/manager.go:1631.51,1633.3 1 0
github.com/scttfrdmn/cloudworkstation/pkg/aws/manager.go:1635.2,1635.46 1 7
github.com/scttfrdmn/cloudworkstation/pkg/aws/manager.go:1635.46,1637.3 1 1
github.com/scttfrdmn/cloudworkstation/pkg/aws/manager.go:1639.2,1639.42 1 7
github.com/scttfrdmn/cloudworkstation/pkg/aws/manager.go:1639.42,1641.3 1 0
github.com/scttfrdmn/cloudworkstation/pkg/aws/manager.go:1643.2,1643.45 1 7
github.com/scttfrdmn/cloudworkstation/pkg/aws/manager.go:1643.45,1645.3 1 0
github.com/scttfrdmn/cloudworkstation/pkg/aws/manager.go:1647.2,1647.14 1 7
github.com/scttfrdmn/cloudworkstation/pkg/aws/manager.go:1651.64,1654.38 2 8
github.com/scttfrdmn/cloudworkstation/pkg/aws/manager.go:1654.38,1656.3 1 2
github.com/scttfrdmn/cloudworkstation/pkg/aws/manager.go:1658.2,1658.41 1 8
github.com/scttfrdmn/cloudworkstation/pkg/aws/manager.go:1658.41,1660.3 1 1
github.com/scttfrdmn/cloudworkstation/pkg/aws/manager.go:1662.2,1662.45 1 8
github.com/scttfrdmn/cloudworkstation/pkg/aws/manager.go:1662.45,1664.3 1 0
github.com/scttfrdmn/cloudworkstation/pkg/aws/manager.go:1666.2,1666.14 1 8
github.com/scttfrdmn/cloudworkstation/pkg/aws/manager.go:1670.64,1673.38 2 5
github.com/scttfrdmn/cloudworkstation/pkg/aws/manager.go:1673.38,1675.3 1 2
github.com/scttfrdmn/cloudworkstation/pkg/aws/manager.go:1677.2,1677.45 1 5
github.com/scttfrdmn/cloudworkstation/pkg/aws/manager.go:1677.45,1679.3 1 1
github.com/scttfrdmn/cloudworkstation/pkg/aws/manager.go:1681.2,1681.14 1 5
github.com/scttfrdmn/cloudworkstation/pkg/aws/manager.go:1685.65,1698.16 2 0
github.com/scttfrdmn/cloudworkstation/pkg/aws/manager.go:1698.16,1700.3 1 0
github.com/scttfrdmn/cloudworkstation/pkg/aws/manager.go:1702.2,1702.30 1 0
github.com/scttfrdmn/cloudworkstation/pkg/aws/manager.go:1702.30,1704.3 1 0
github.com/scttfrdmn/cloudworkstation/pkg/aws/manager.go:1706.2,1706.41 1 0
github.com/scttfrdmn/cloudworkstation/pkg/aws/manager.go:1710.79,1716.16 2 0
github.com/scttfrdmn/cloudworkstation/pkg/aws/manager.go:1716.16,1719.3 1 0
github.com/scttfrdmn/cloudworkstation/pkg/aws/manager.go:1722.2,1741.16 2 0
github.com/scttfrdmn/cloudworkstation/pkg/aws/manager.go:1741.16,1743.3 1 0
github.com/scttfrdmn/cloudworkstation/pkg/aws/manager.go:1745.2,1745.12 1 0
github.com/scttfrdmn/cloudworkstation/pkg/aws/manager.go:1749.55,1753.16 2 0
github.com/scttfrdmn/cloudworkstation/pkg/aws/manager.go:1753.16,1755.3 1 0
github.com/scttfrdmn/cloudworkstation/pkg/aws/manager.go:1757.2,1757.12 1 0
github.com/scttfrdmn/cloudworkstation/pkg/aws/manager.go:1761.68,1770.16 2 0
github.com/scttfrdmn/cloudworkstation/pkg/aws/manager.go:1770.16,1772.3 1 0
github.com/scttfrdmn/cloudworkstation/pkg/aws/manager.go:1774.2,1775.42 2 0
github.com/scttfrdmn/cloudworkstation/pkg/aws/manager.go:1775.42,1776.29 1 0
github.com/scttfrdmn/cloudworkstation/pkg/aws/manager.go:1776.29,1778.4 1 0
github.com/scttfrdmn/cloudworkstation/pkg/aws/manager.go:1781.2,1781.22 1 0
github.com/scttfrdmn/cloudworkstation/pkg/aws/manager.go:1785.76,1787.78 1 0
github.com/scttfrdmn/cloudworkstation/pkg/aws/manager.go:1787.78,1794.17 4 0
github.com/scttfrdmn/cloudworkstation/pkg/aws/manager.go:1794.17,1796.4 1 0
github.com/scttfrdmn/cloudworkstation/pkg/aws/manager.go:1799.3,1802.53 2 0
github.com/scttfrdmn/cloudworkstation/pkg/aws/manager.go:1802.53,1804.4 1 0
github.com/scttfrdmn/cloudworkstation/pkg/aws/manager.go:1806.3,1806.22 1 0
github.com/scttfrdmn/cloudworkstation/pkg/aws/manager.go:1810.2,1811.16 2 0
github.com/scttfrdmn/cloudworkstation/pkg/aws/manager.go:1811.16,1813.3 1 0
github.com/scttfrdmn/cloudworkstation/pkg/aws/manager.go:1816.2,1817.37 2 0
github.com/scttfrdmn/cloudworkstation/pkg/aws/manager.go:1817.37,1819.45 2 0
github.com/scttfrdmn/cloudworkstation/pkg/aws/manager.go:1819.45,1821.4 1 0
github.com/scttfrdmn/cloudworkstation/pkg/aws/manager.go:1824.2,1824.69 1 0
github.com/scttfrdmn/cloudworkstation/pkg/aws/manager.go:1830.56,1839.16 2 0
github.com/scttfrdmn/cloudworkstation/pkg/aws/manager.go:1839.16,1841.3 1 0
github.com/scttfrdmn/cloudworkstation/pkg/aws/manager.go:1843.2,1843.27 1 0
github.com/scttfrdmn/cloudworkstation/pkg/aws/manager.go:1843.27,1845.3 1 0
github.com/scttfrdmn/cloudworkstation/pkg/aws/manager.go:1847.2,1847.35 1 0
github.com/scttfrdmn/cloudworkstation/pkg/aws/manager.go:1851.70,1861.16 2 0
github.com/scttfrdmn/cloudworkstation/pkg/aws/manager.go:1861.16,1863.3 1 0
github.com/scttfrdmn/cloudworkstation/pkg/aws/manager.go:1865.2,1865.30 1 0
github.com/scttfrdmn/cloudworkstation/pkg/aws/manager.go:1865.30,1867.3 1 0
github.com/scttfrdmn/cloudworkstation/pkg/aws/manager.go:1870.2,1870.40 1 0
github.com/scttfrdmn/cloudworkstation/pkg/aws/manager.go:1870.40,1872.17 2 0
github.com/scttfrdmn/cloudworkstation/pkg/aws/manager.go:1872.17,1873.12 1 0
github.com/scttfrdmn/cloudworkstation/pkg/aws/manager.go:1875.3,1875.15 1 0
github.com/scttfrdmn/cloudworkstation/pkg/aws/manager.go:1875.15,1877.4 1 0
github.com/scttfrdmn/cloudworkstation/pkg/aws/manager.go:1882.2,1882.41 1 0
github.com/scttfrdmn/cloudworkstation/pkg/aws/manager.go:1886.65,1896.16 2 0
github.com/scttfrdmn/cloudworkstation/pkg/aws/manager.go:1896.16,1898.3 1 0
github.com/scttfrdmn/cloudworkstation/pkg/aws/manager.go:1901.2,1901.48 1 0
github.com/scttfrdmn/cloudworkstation/pkg/aws/manager.go:1901.48,1902.43 1 0
github.com/scttfrdmn/cloudworkstation/pkg/aws/manager.go:1902.43,1904.87 1 0
github.com/scttfrdmn/cloudworkstation/pkg/aws/manager.go:1904.87,1905.78 1 0
github.com/scttfrdmn/cloudworkstation/pkg/aws/manager.go:1905.78,1907.6 1 0
github.com/scttfrdmn/cloudworkstation/pkg/aws/manager.go:1912.2,1912.19 1 0
github.com/scttfrdmn/cloudworkstation/pkg/aws/manager.go:1916.90,1932.16 3 0
github.com/scttfrdmn/cloudworkstation/pkg/aws/manager.go:1932.16,1934.3 1 0
github.com/scttfrdmn/cloudworkstation/pkg/aws/manager.go:1937.2,1937.36 1 0
github.com/scttfrdmn/cloudworkstation/pkg/aws/manager.go:1937.36,1939.3 1 0
github.com/scttfrdmn/cloudworkstation/pkg/aws/manager.go:1942.2,1957.16 2 0
github.com/scttfrdmn/cloudworkstation/pkg/aws/manager.go:1957.16,1959.3 1 0
github.com/scttfrdmn/cloudworkstation/pkg/aws/manager.go:1961.2,1980.16 3 0
github.com/scttfrdmn/cloudworkstation/pkg/aws/manager.go:1980.16,1982.3 1 0
github.com/scttfrdmn/cloudworkstation/pkg/aws/manager.go:1985.2,2001.16 2 0
github.com/scttfrdmn/cloudworkstation/pkg/aws/manager.go:2001.16,2003.3 1 0
github.com/scttfrdmn/cloudworkstation/pkg/aws/manager.go:2006.2,2022.16 2 0
github.com/scttfrdmn/cloudworkstation/pkg/aws/manager.go:2022.16,2024.3 1 0
github.com/scttfrdmn/cloudworkstation/pkg/aws/manager.go:2027.2,2043.16 2 0
github.com/scttfrdmn/cloudworkstation/pkg/aws/manager.go:2043.16,2045.3 1 0
github.com/scttfrdmn/cloudworkstation/pkg/aws/manager.go:2048.2,2064.16 2 0
github.com/scttfrdmn/cloudworkstation/pkg/aws/manager.go:2064.16,2066.3 1 0
github.com/scttfrdmn/cloudworkstation/pkg/aws/manager.go:2069.2,2085.16 2 0
github.com/scttfrdmn/cloudworkstation/pkg/aws/manager.go:2085.16,2087.3 1 0
github.com/scttfrdmn/cloudworkstation/pkg/aws/manager.go:2089.2,2089.29 1 0
github.com/scttfrdmn/cloudworkstation/pkg/aws/manager.go:2093.65,2118.20 3 0
github.com/scttfrdmn/cloudworkstation/pkg/aws/manager.go:2118.20,2121.3 1 0
github.com/scttfrdmn/cloudworkstation/pkg/aws/manager.go:2123.2,2124.34 2 0
github.com/scttfrdmn/cloudworkstation/pkg/aws/templates.go:6.47,148.2 1 3
github.com/scttfrdmn/cloudworkstation/cmd/cws/main.go:40.13,49.18 4 0
github.com/scttfrdmn/cloudworkstation/cmd/cws/main.go:49.18,52.3 2 0
github.com/scttfrdmn/cloudworkstation/cmd/cws/main.go:54.2,54.15 1 0
github.com/scttfrdmn/cloudworkstation/cmd/cws/main.go:54.15,57.3 2 0
github.com/scttfrdmn/cloudworkstation/cmd/cws/main.go:62.2,66.16 3 0
github.com/scttfrdmn/cloudworkstation/cmd/cws/main.go:66.16,69.3 2 0
github.com/scttfrdmn/cloudworkstation/cmd/cws/main.go:72.19,197.2 123 0
